{
  "discussions": {
    "pageInfo": {
      "hasNextPage": true,
      "endCursor": "Y3Vyc29yOnYyOpK5MjAyNC0wNS0xNVQxOToxNToxMS0wNjowMM4AZdI2"
    },
    "edges": [
      {
        "node": {
          "title": "Coupling with gradients of Material property",
          "author": {
            "login": "Ttw0626"
          },
          "bodyText": "Hi, moose-developers, here is Q about the extension of #22910  and #24361\nas these previous anwsers, I would like to calculate the gradient of material property(scalar) locally which means the additional dofs canbe avoid.\nQ1\nin #24361, a new Material object (MaterialPropertyGradient) maybe implemented but I could not find it. How can I use this function to get this MaterialPropertyGradient like getMaterialPropertyGradient<RealVectorValue>() ??\nQ2 if the Q1 not\nI tried the suggestion by gary in his app https://github.com/hugary1995/eel/blob/main/src/materials/chemistry/ChemicalPotential.C#L56-L78, I just changed the derivatives of energys term to local scalar material property. Unfortunately, when I got the gradients of it within computeQpResidual or computeQpJacobian in kernels (not AD), the nodal result is not continuous. Could you give me\nsome helps about the gradient of material property in non-AD kernels ?\nThanks\ntianwen",
          "url": "https://github.com/idaholab/moose/discussions/27615",
          "updatedAt": "2024-05-17T02:49:17Z",
          "publishedAt": "2024-05-14T02:31:13Z",
          "category": {
            "name": "Q&A Modules: Solid mechanics"
          },
          "comments": {
            "edges": [
              {
                "node": {
                  "author": {
                    "login": "GiudGiud"
                  },
                  "bodyText": "@hugary1995",
                  "url": "https://github.com/idaholab/moose/discussions/27615#discussioncomment-9427991",
                  "updatedAt": "2024-05-14T03:01:01Z",
                  "publishedAt": "2024-05-14T03:01:00Z",
                  "isAnswer": false,
                  "replies": {
                    "edges": [
                      {
                        "node": {
                          "author": {
                            "login": "Ttw0626"
                          },
                          "bodyText": "Hi giud, I  wanna make sure I am not misunderstanding, it will help me to solve this problem maybe.\nQ1\nIf I wanna do some operations locally in one element, is it correct focus on computeProperties ?\nafter the Qps loop on computeQpProperty().\nso that, I can get material properties (scalar) on all of Qps in this element using oneMaterialProperty[_qp].\nQ2: Id of Qps in one element\nis it correct using just _qp ?\nQ3: current coordinates of one Qp in one element\nis it correct using just '_q_point[_qp] (x/y/z)' ?\nThanks.\ntianwen",
                          "url": "https://github.com/idaholab/moose/discussions/27615#discussioncomment-9454012",
                          "updatedAt": "2024-05-16T06:59:46Z",
                          "publishedAt": "2024-05-16T06:59:44Z",
                          "isAnswer": false
                        }
                      },
                      {
                        "node": {
                          "author": {
                            "login": "GiudGiud"
                          },
                          "bodyText": "Q1 for most applications you are meant to implement computeQpProperties not computeProperties\nIf you want to override the computeProperties, yes you will have access to the property at every Qp after a loop calling computeQpProperties",
                          "url": "https://github.com/idaholab/moose/discussions/27615#discussioncomment-9457877",
                          "updatedAt": "2024-05-16T13:05:56Z",
                          "publishedAt": "2024-05-16T13:04:32Z",
                          "isAnswer": true
                        }
                      },
                      {
                        "node": {
                          "author": {
                            "login": "GiudGiud"
                          },
                          "bodyText": "Q2\nYes the index in an element of the properties is _qp",
                          "url": "https://github.com/idaholab/moose/discussions/27615#discussioncomment-9457897",
                          "updatedAt": "2024-05-16T13:06:29Z",
                          "publishedAt": "2024-05-16T13:06:28Z",
                          "isAnswer": false
                        }
                      },
                      {
                        "node": {
                          "author": {
                            "login": "GiudGiud"
                          },
                          "bodyText": "Q3 that s correct though x should index 0, y index 1 etc",
                          "url": "https://github.com/idaholab/moose/discussions/27615#discussioncomment-9457900",
                          "updatedAt": "2024-05-16T13:07:06Z",
                          "publishedAt": "2024-05-16T13:07:05Z",
                          "isAnswer": false
                        }
                      },
                      {
                        "node": {
                          "author": {
                            "login": "Ttw0626"
                          },
                          "bodyText": "guid, Thanks for these, I understood. That's make sense to me.\ntianwen",
                          "url": "https://github.com/idaholab/moose/discussions/27615#discussioncomment-9464745",
                          "updatedAt": "2024-05-17T02:49:17Z",
                          "publishedAt": "2024-05-17T02:49:17Z",
                          "isAnswer": false
                        }
                      }
                    ]
                  }
                }
              }
            ]
          }
        }
      },
      {
        "node": {
          "title": "Material Property Problem",
          "author": {
            "login": "Emmanuel-324"
          },
          "bodyText": "I am trying to use the crystal plasticity model for an already-generated kks model. Below is a snippet of my material block\n  [elasticity_tensor_eta0]\n    type = ComputeElasticityTensorCP\n    C_ijkl = '1.684e5 1.214e5 1.214e5 1.684e5 1.214e5 1.684e5 0.754e5 0.754e5 0.754e5'\n    fill_method = symmetric9\n    base_name = eta0\n  []\n  [stress_eta0]\n    type = ComputeMultipleCrystalPlasticityStress\n    crystal_plasticity_models = 'trial_xtalpl_eta0'\n    tan_mod_type = exact\n    base_name = eta0\n  []\n  [trial_xtalpl_eta0]\n    type = CrystalPlasticityKalidindiUpdate\n    number_slip_systems = 12\n    slip_sys_file_name = input_slip_sys.txt\n    base_name = eta0\n  []\n\n  [elasticity_tensor_eta1]\n    type = ComputeElasticityTensorCP\n    C_ijkl = '1.684e5 1.214e5 1.214e5 1.684e5 1.214e5 1.684e5 0.754e5 0.754e5 0.754e5'\n    fill_method = symmetric9\n    euler_angle_1 = 0.0\n    euler_angle_2 = 45.0\n    euler_angle_3 = 0.0\n    base_name = eta1\n  []\n  [stress_eta1]\n    type = ComputeMultipleCrystalPlasticityStress\n    crystal_plasticity_models = 'trial_xtalpl_eta1'\n    tan_mod_type = exact\n    base_name = eta1\n  []\n  [trial_xtalpl_eta1]\n    type = CrystalPlasticityKalidindiUpdate\n    number_slip_systems = 48\n    slip_sys_file_name = input_slip_sys_bcc48.txt\n    base_name = eta1\n  []\n\n  [elasticity_tensor_eta2]\n    type = ComputeElasticityTensorCP\n    C_ijkl = '1.684e5 1.214e5 1.214e5 1.684e5 1.214e5 1.684e5 0.754e5 0.754e5 0.754e5'\n    fill_method = symmetric9\n    euler_angle_1 = 0.0\n    euler_angle_2 = 45.0\n    euler_angle_3 = 0.0\n    base_name = eta2\n  []\n  [stress_eta2]\n    type = ComputeMultipleCrystalPlasticityStress\n    crystal_plasticity_models = 'trial_xtalpl_eta2'\n    tan_mod_type = exact\n    base_name = eta2\n  []\n  [trial_xtalpl_eta2]\n    type = CrystalPlasticityKalidindiUpdate\n    number_slip_systems = 48\n    slip_sys_file_name = input_slip_sys_bcc48.txt\n    base_name = eta2\n  []\n\n  # Switching functions for each phase\n  [h0]\n    type = SwitchingFunctionMultiPhaseMaterial\n    phase_etas = eta0\n    all_etas = 'eta0 eta1 eta2'\n    h_name = h0\n  []\n  [h1]\n    type = SwitchingFunctionMultiPhaseMaterial\n    phase_etas = eta1\n    all_etas = 'eta0 eta1'\n    h_name = h1\n  []\n  [h2]\n    type = SwitchingFunctionMultiPhaseMaterial\n    phase_etas = eta2\n    all_etas = 'eta0 eta1 eta2'\n    h_name = h2\n  []\n\n  # Generate the global stress from the phase stresses\n  [global_stress]\n    type = MultiPhaseStressMaterial\n    phase_base = 'eta0 eta1 eta2'\n    h = 'h0     h1   h2'\n  []\n[]\n\nBelow is the error I am facing\nThe following error occurred in the Problem 'MOOSE Problem' of type FEProblem.check_inp(moose_srv)\nMaterial property 'eta0_mechanical_strain', requested by 'stress_eta0' is not defined on block 0check_inp(moose_srv)\nMaterial property 'eta0_strain_increment', requested by 'stress_eta0' is not defined on block 0check_inp(moose_srv)\nMaterial property 'eta0_rotation_increment', requested by 'stress_eta0' is not defined on block 0check_inp(moose_srv)\nMaterial property 'eta0_deformation_gradient', requested by 'stress_eta0' is not defined on block 0check_inp(moose_srv)\nMaterial property 'eta1_mechanical_strain', requested by 'stress_eta1' is not defined on block 0check_inp(moose_srv)\nMaterial property 'eta1_strain_increment', requested by 'stress_eta1' is not defined on block 0check_inp(moose_srv)\nMaterial property 'eta1_rotation_increment', requested by 'stress_eta1' is not defined on block 0check_inp(moose_srv)\nMaterial property 'eta1_deformation_gradient', requested by 'stress_eta1' is not defined on block 0check_inp(moose_srv)\nMaterial property 'eta2_mechanical_strain', requested by 'stress_eta2' is not defined on block 0check_inp(moose_srv)\nMaterial property 'eta2_strain_increment', requested by 'stress_eta2' is not defined on block 0check_inp(moose_srv)\nMaterial property 'eta2_rotation_increment', requested by 'stress_eta2' is not defined on block 0check_inp(moose_srv)\nMaterial property 'eta2_deformation_gradient', requested by 'stress_eta2' is not defined on block 0check_inp(moose_srv)\n\nI have tried to add _base_name to some of the material properties in the \" ComputeMultipleCrystalPlasticityStress.C\" but it still did not work. I am a beginner with MOOSE.",
          "url": "https://github.com/idaholab/moose/discussions/27652",
          "updatedAt": "2024-05-17T00:48:31Z",
          "publishedAt": "2024-05-16T23:22:13Z",
          "category": {
            "name": "Q&A Modules: Solid mechanics"
          },
          "comments": {
            "edges": [
              {
                "node": {
                  "author": {
                    "login": "GiudGiud"
                  },
                  "bodyText": "Use Debug/show_material_props to find out which material is declaring the property that is missing and with which name",
                  "url": "https://github.com/idaholab/moose/discussions/27652#discussioncomment-9463894",
                  "updatedAt": "2024-05-17T00:16:14Z",
                  "publishedAt": "2024-05-17T00:16:13Z",
                  "isAnswer": false,
                  "replies": {
                    "edges": [
                      {
                        "node": {
                          "author": {
                            "login": "Emmanuel-324"
                          },
                          "bodyText": "This is the output of debug\n    Subdomain:  (0)\n      Material Name:       elasticity_tensor_eta0\n      Property Names:      \"eta0_Euler_angles\" \"eta0_crysrot\" \"eta0_effective_stiffness\" \"eta0_elasticity_tensor\" \n                             \n      Material Name:       stress_eta0\n      Property Names:      \"eta0_Jacobian_mult\" \"eta0_elastic_strain\" \"eta0_plastic_deformation_gradient\" \n                             \"eta0_rotation_total\" \"eta0_stress\" \"eta0_updated_rotation\" \"second_piola_kirchhoff_stress\" \n                             \"total_lagrangian_strain\" \n      Material Name:       trial_xtalpl_eta0\n      Property Names:      \"eta0_applied_shear_stress\" \"eta0_flow_direction\" \"eta0_slip_increment\" \"eta0_slip_resistance\" \n                             \n      Material Name:       elasticity_tensor_eta1\n      Property Names:      \"eta1_Euler_angles\" \"eta1_crysrot\" \"eta1_effective_stiffness\" \"eta1_elasticity_tensor\" \n                             \n      Material Name:       stress_eta1\n      Property Names:      \"eta1_Jacobian_mult\" \"eta1_elastic_strain\" \"eta1_plastic_deformation_gradient\" \n                             \"eta1_rotation_total\" \"eta1_stress\" \"eta1_updated_rotation\" \"second_piola_kirchhoff_stress\" \n                             \"total_lagrangian_strain\" \n      Material Name:       trial_xtalpl_eta1\n      Property Names:      \"eta1_applied_shear_stress\" \"eta1_flow_direction\" \"eta1_slip_increment\" \"eta1_slip_resistance\" \n                             \n      Material Name:       elasticity_tensor_eta2\n      Property Names:      \"eta2_Euler_angles\" \"eta2_crysrot\" \"eta2_effective_stiffness\" \"eta2_elasticity_tensor\" \n                             \n      Material Name:       stress_eta2\n      Property Names:      \"eta2_Jacobian_mult\" \"eta2_elastic_strain\" \"eta2_plastic_deformation_gradient\" \n                             \"eta2_rotation_total\" \"eta2_stress\" \"eta2_updated_rotation\" \"second_piola_kirchhoff_stress\" \n                             \"total_lagrangian_strain\" \n      Material Name:       trial_xtalpl_eta2\n      Property Names:      \"eta2_applied_shear_stress\" \"eta2_flow_direction\" \"eta2_slip_increment\" \"eta2_slip_resistance\" \n                             \n      Material Name:       h0\n      Property Names:      \"d^2h0/deta0^2\" \"d^2h0/deta0deta1\" \"d^2h0/deta0deta2\" \"d^2h0/deta1^2\" \"d^2h0/deta1deta2\" \n                             \"d^2h0/deta2^2\" \"dh0/deta0\" \"dh0/deta1\" \"dh0/deta2\" \"h0\" \n      Material Name:       h1\n      Property Names:      \"d^2h1/deta0^2\" \"d^2h1/deta0deta1\" \"d^2h1/deta0deta2\" \"d^2h1/deta1^2\" \"d^2h1/deta1deta2\" \n                             \"d^2h1/deta2^2\" \"dh1/deta0\" \"dh1/deta1\" \"dh1/deta2\" \"h1\" \n      Material Name:       h2\n      Property Names:      \"d^2h2/deta0^2\" \"d^2h2/deta0deta1\" \"d^2h2/deta0deta2\" \"d^2h2/deta1^2\" \"d^2h2/deta1deta2\" \n                             \"d^2h2/deta2^2\" \"dh2/deta0\" \"dh2/deta1\" \"dh2/deta2\" \"h2\" \n      Material Name:       global_stress\n      Property Names:      \"Jacobian_mult\" \"stress\" \n\n    Active Face Materials:\n    Subdomain:  (0)\n      Material Name:       elasticity_tensor_eta0_face\n      Property Names:      \"eta0_Euler_angles\" \"eta0_crysrot\" \"eta0_effective_stiffness\" \"eta0_elasticity_tensor\" \n                             \n      Material Name:       stress_eta0_face\n      Property Names:      \"eta0_Jacobian_mult\" \"eta0_elastic_strain\" \"eta0_plastic_deformation_gradient\" \n                             \"eta0_rotation_total\" \"eta0_stress\" \"eta0_updated_rotation\" \"second_piola_kirchhoff_stress\" \n                             \"total_lagrangian_strain\" \n      Material Name:       trial_xtalpl_eta0_face\n      Property Names:      \"eta0_applied_shear_stress\" \"eta0_flow_direction\" \"eta0_slip_increment\" \"eta0_slip_resistance\" \n                             \n      Material Name:       elasticity_tensor_eta1_face\n      Property Names:      \"eta1_Euler_angles\" \"eta1_crysrot\" \"eta1_effective_stiffness\" \"eta1_elasticity_tensor\" \n                             \n      Material Name:       stress_eta1_face\n      Property Names:      \"eta1_Jacobian_mult\" \"eta1_elastic_strain\" \"eta1_plastic_deformation_gradient\" \n                             \"eta1_rotation_total\" \"eta1_stress\" \"eta1_updated_rotation\" \"second_piola_kirchhoff_stress\" \n                             \"total_lagrangian_strain\" \n      Material Name:       trial_xtalpl_eta1_face\n      Property Names:      \"eta1_applied_shear_stress\" \"eta1_flow_direction\" \"eta1_slip_increment\" \"eta1_slip_resistance\" \n                             \n      Material Name:       elasticity_tensor_eta2_face\n      Property Names:      \"eta2_Euler_angles\" \"eta2_crysrot\" \"eta2_effective_stiffness\" \"eta2_elasticity_tensor\" \n                             \n      Material Name:       stress_eta2_face\n      Property Names:      \"eta2_Jacobian_mult\" \"eta2_elastic_strain\" \"eta2_plastic_deformation_gradient\" \n                             \"eta2_rotation_total\" \"eta2_stress\" \"eta2_updated_rotation\" \"second_piola_kirchhoff_stress\" \n                             \"total_lagrangian_strain\" \n      Material Name:       trial_xtalpl_eta2_face\n      Property Names:      \"eta2_applied_shear_stress\" \"eta2_flow_direction\" \"eta2_slip_increment\" \"eta2_slip_resistance\" \n                             \n      Material Name:       h0_face\n      Property Names:      \"d^2h0/deta0^2\" \"d^2h0/deta0deta1\" \"d^2h0/deta0deta2\" \"d^2h0/deta1^2\" \"d^2h0/deta1deta2\" \n                             \"d^2h0/deta2^2\" \"dh0/deta0\" \"dh0/deta1\" \"dh0/deta2\" \"h0\" \n      Material Name:       h1_face\n      Property Names:      \"d^2h1/deta0^2\" \"d^2h1/deta0deta1\" \"d^2h1/deta0deta2\" \"d^2h1/deta1^2\" \"d^2h1/deta1deta2\" \n                             \"d^2h1/deta2^2\" \"dh1/deta0\" \"dh1/deta1\" \"dh1/deta2\" \"h1\" \n      Material Name:       h2_face\n      Property Names:      \"d^2h2/deta0^2\" \"d^2h2/deta0deta1\" \"d^2h2/deta0deta2\" \"d^2h2/deta1^2\" \"d^2h2/deta1deta2\" \n                             \"d^2h2/deta2^2\" \"dh2/deta0\" \"dh2/deta1\" \"dh2/deta2\" \"h2\" \n      Material Name:       global_stress_face\n      Property Names:      \"Jacobian_mult\" \"stress\" \n\nActive Neighboring Materials:\n    Subdomain:  (0)\n      Material Name:       elasticity_tensor_eta0_neighbor\n      Property Names:      \"eta0_Euler_angles\" \"eta0_crysrot\" \"eta0_effective_stiffness\" \"eta0_elasticity_tensor\" \n                             \n      Material Name:       stress_eta0_neighbor\n      Property Names:      \"eta0_Jacobian_mult\" \"eta0_elastic_strain\" \"eta0_plastic_deformation_gradient\" \n                             \"eta0_rotation_total\" \"eta0_stress\" \"eta0_updated_rotation\" \"second_piola_kirchhoff_stress\" \n                             \"total_lagrangian_strain\" \n      Material Name:       trial_xtalpl_eta0_neighbor\n      Property Names:      \"eta0_applied_shear_stress\" \"eta0_flow_direction\" \"eta0_slip_increment\" \"eta0_slip_resistance\" \n                             \n      Material Name:       elasticity_tensor_eta1_neighbor\n      Property Names:      \"eta1_Euler_angles\" \"eta1_crysrot\" \"eta1_effective_stiffness\" \"eta1_elasticity_tensor\" \n                             \n      Material Name:       stress_eta1_neighbor\n      Property Names:      \"eta1_Jacobian_mult\" \"eta1_elastic_strain\" \"eta1_plastic_deformation_gradient\" \n                             \"eta1_rotation_total\" \"eta1_stress\" \"eta1_updated_rotation\" \"second_piola_kirchhoff_stress\" \n                             \"total_lagrangian_strain\" \n      Material Name:       trial_xtalpl_eta1_neighbor\n      Property Names:      \"eta1_applied_shear_stress\" \"eta1_flow_direction\" \"eta1_slip_increment\" \"eta1_slip_resistance\" \n                             \n      Material Name:       elasticity_tensor_eta2_neighbor\n      Property Names:      \"eta2_Euler_angles\" \"eta2_crysrot\" \"eta2_effective_stiffness\" \"eta2_elasticity_tensor\" \n                             \n      Material Name:       stress_eta2_neighbor\n      Property Names:      \"eta2_Jacobian_mult\" \"eta2_elastic_strain\" \"eta2_plastic_deformation_gradient\" \n                             \"eta2_rotation_total\" \"eta2_stress\" \"eta2_updated_rotation\" \"second_piola_kirchhoff_stress\" \n                             \"total_lagrangian_strain\" \n      Material Name:       trial_xtalpl_eta2_neighbor\n      Property Names:      \"eta2_applied_shear_stress\" \"eta2_flow_direction\" \"eta2_slip_increment\" \"eta2_slip_resistance\" \n                             \n      Material Name:       h0_neighbor\n      Property Names:      \"d^2h0/deta0^2\" \"d^2h0/deta0deta1\" \"d^2h0/deta0deta2\" \"d^2h0/deta1^2\" \"d^2h0/deta1deta2\" \n                             \"d^2h0/deta2^2\" \"dh0/deta0\" \"dh0/deta1\" \"dh0/deta2\" \"h0\" \n      Material Name:       h1_neighbor\n      Property Names:      \"d^2h1/deta0^2\" \"d^2h1/deta0deta1\" \"d^2h1/deta0deta2\" \"d^2h1/deta1^2\" \"d^2h1/deta1deta2\" \n                             \"d^2h1/deta2^2\" \"dh1/deta0\" \"dh1/deta1\" \"dh1/deta2\" \"h1\" \n      Material Name:       h2_neighbor\n      Property Names:      \"d^2h2/deta0^2\" \"d^2h2/deta0deta1\" \"d^2h2/deta0deta2\" \"d^2h2/deta1^2\" \"d^2h2/deta1deta2\" \n                             \"d^2h2/deta2^2\" \"dh2/deta0\" \"dh2/deta1\" \"dh2/deta2\" \"h2\" \n      Material Name:       global_stress_neighbor\n      Property Names:      \"Jacobian_mult\" \"stress\"",
                          "url": "https://github.com/idaholab/moose/discussions/27652#discussioncomment-9463929",
                          "updatedAt": "2024-05-17T00:23:31Z",
                          "publishedAt": "2024-05-17T00:23:31Z",
                          "isAnswer": false
                        }
                      },
                      {
                        "node": {
                          "author": {
                            "login": "GiudGiud"
                          },
                          "bodyText": "You must be missing materials then, none of the requested properties are being created",
                          "url": "https://github.com/idaholab/moose/discussions/27652#discussioncomment-9464019",
                          "updatedAt": "2024-05-17T00:43:18Z",
                          "publishedAt": "2024-05-17T00:42:52Z",
                          "isAnswer": false
                        }
                      },
                      {
                        "node": {
                          "author": {
                            "login": "Emmanuel-324"
                          },
                          "bodyText": "What do you mean by I am missing some materials and how do I resolve that? @dschwen",
                          "url": "https://github.com/idaholab/moose/discussions/27652#discussioncomment-9464058",
                          "updatedAt": "2024-05-17T00:48:31Z",
                          "publishedAt": "2024-05-17T00:48:31Z",
                          "isAnswer": false
                        }
                      }
                    ]
                  }
                }
              }
            ]
          }
        }
      },
      {
        "node": {
          "title": "Compiling error",
          "author": {
            "login": "Emmanuel-324"
          },
          "bodyText": "Check these boxes if you have followed the posting rules.\n\n Q&A Getting Started is the most appropriate category for my question (trouble installing, beginner user, ...)\n I have consulted the posting Guidelines on the Discussions front page\n I have searched the Discussions forum and my question has not been asked before\n I have searched the MOOSE website and the documentation does not answer my question\n I have formatted my post following the posting guidelines (avoid screenshots if possible, triple back quotes before/after pasted text, etc)\n\nIssue or question about MOOSE\n'''\n(python-stack) [emmanuel324@tinkercliffs1 belson]$ make -j6\nCreating Unity /home/emmanuel324/projects/moose/modules/solid_mechanics/build/unity_src/materials_Unity.C\nCompiling C++ (in opt mode) /home/emmanuel324/projects/moose/modules/solid_mechanics/build/unity_src/materials_Unity.C...\nLinking Library /home/emmanuel324/projects/moose/modules/solid_mechanics/lib/libsolid_mechanics-opt.la...\nLinking Library /home/emmanuel324/projects/moose/modules/contact/lib/libcontact-opt.la...\nLinking Library /home/emmanuel324/projects/moose/modules/fsi/lib/libfsi-opt.la...\nLinking Library /home/emmanuel324/projects/moose/modules/peridynamics/lib/libperidynamics-opt.la...\nLinking Library /home/emmanuel324/projects/moose/modules/phase_field/lib/libphase_field-opt.la...\nLinking Library /home/emmanuel324/projects/moose/modules/porous_flow/lib/libporous_flow-opt.la...\nLinking Library /home/emmanuel324/projects/moose/modules/xfem/lib/libxfem-opt.la...\nLinking Library /home/emmanuel324/projects/moose/modules/combined/lib/libcombined-opt.la...\nLinking Library /home/emmanuel324/projects/moose/modules/module_loader/lib/libmodule_loader_with_cr_em_eps_fp_fet_gc_ls_ray_rdg_rct_rich_st_ht_sp_sm_ns_con_fsi_misc_opt_pd_pf_pflow_th_st_xfem_comb-opt.la...\nLinking Library /home/emmanuel324/projects/belson/lib/libbelson-opt.la...\nLinking Test Library /home/emmanuel324/projects/belson/test/lib/libbelson_test-opt.la...\nLinking Executable /home/emmanuel324/projects/belson/belson-opt...\n/apps/easybuild/software/tinkercliffs-rome/binutils/2.40-GCCcore-12.3.0/bin/ld: skipping incompatible /lib/libutil.so when searching for -lutil\n/apps/easybuild/software/tinkercliffs-rome/binutils/2.40-GCCcore-12.3.0/bin/ld: skipping incompatible /lib/libpthread.so when searching for -lpthread\n/apps/easybuild/software/tinkercliffs-rome/binutils/2.40-GCCcore-12.3.0/bin/ld: skipping incompatible /lib/librt.so when searching for -lrt\n/apps/easybuild/software/tinkercliffs-rome/binutils/2.40-GCCcore-12.3.0/bin/ld: skipping incompatible /lib/libdl.so when searching for -ldl\n/apps/easybuild/software/tinkercliffs-rome/binutils/2.40-GCCcore-12.3.0/bin/ld: skipping incompatible /lib/libm.so when searching for -lm\n/apps/easybuild/software/tinkercliffs-rome/binutils/2.40-GCCcore-12.3.0/bin/ld: skipping incompatible /lib/libpthread.so when searching for -lpthread\n/apps/easybuild/software/tinkercliffs-rome/binutils/2.40-GCCcore-12.3.0/bin/ld: skipping incompatible /lib/libc.so when searching for -lc\n/apps/easybuild/software/tinkercliffs-rome/binutils/2.40-GCCcore-12.3.0/bin/ld: /home/emmanuel324/projects/moose/framework/libmoose-opt.so: undefined reference to FVElementalKernel::computeResidualAndJacobian()' /apps/easybuild/software/tinkercliffs-rome/binutils/2.40-GCCcore-12.3.0/bin/ld: /home/emmanuel324/projects/moose/framework/libmoose-opt.so: undefined reference to FVFluxKernel::adjustRMGhostLayers(unsigned short) const'\n/apps/easybuild/software/tinkercliffs-rome/binutils/2.40-GCCcore-12.3.0/bin/ld: /home/emmanuel324/projects/moose/framework/libmoose-opt.so: undefined reference to FVElementalKernel::computeOffDiagJacobian()' /apps/easybuild/software/tinkercliffs-rome/binutils/2.40-GCCcore-12.3.0/bin/ld: /home/emmanuel324/projects/moose/framework/libmoose-opt.so: undefined reference to FVFluxKernel::computeResidual(FaceInfo const&)'\n/apps/easybuild/software/tinkercliffs-rome/binutils/2.40-GCCcore-12.3.0/bin/ld: /home/emmanuel324/projects/moose/modules/porous_flow/lib/libporous_flow-opt.so: undefined reference to FVTimeKernel::FVTimeKernel(InputParameters const&)' /apps/easybuild/software/tinkercliffs-rome/binutils/2.40-GCCcore-12.3.0/bin/ld: /home/emmanuel324/projects/moose/framework/libmoose-opt.so: undefined reference to FVElementalKernel::computeJacobian()'\n/apps/easybuild/software/tinkercliffs-rome/binutils/2.40-GCCcore-12.3.0/bin/ld: /home/emmanuel324/projects/moose/modules/navier_stokes/lib/libnavier_stokes-opt.so: undefined reference to typeinfo for FVFunctorTimeKernel' /apps/easybuild/software/tinkercliffs-rome/binutils/2.40-GCCcore-12.3.0/bin/ld: /home/emmanuel324/projects/moose/framework/libmoose-opt.so: undefined reference to typeinfo for FVScalarLagrangeMultiplierConstraint'\n/apps/easybuild/software/tinkercliffs-rome/binutils/2.40-GCCcore-12.3.0/bin/ld: /home/emmanuel324/projects/moose/framework/libmoose-opt.so: undefined reference to FVElementalKernel::computeOffDiagJacobian(unsigned int)' /apps/easybuild/software/tinkercliffs-rome/binutils/2.40-GCCcore-12.3.0/bin/ld: /home/emmanuel324/projects/moose/framework/libmoose-opt.so: undefined reference to FVElementalKernel::computeResidual()'\n/apps/easybuild/software/tinkercliffs-rome/binutils/2.40-GCCcore-12.3.0/bin/ld: /home/emmanuel324/projects/moose/framework/libmoose-opt.so: undefined reference to FVElementalKernel::FVElementalKernel(InputParameters const&)' /apps/easybuild/software/tinkercliffs-rome/binutils/2.40-GCCcore-12.3.0/bin/ld: /home/emmanuel324/projects/moose/framework/libmoose-opt.so: undefined reference to FVFluxKernel::elemArg(bool) const'\n/apps/easybuild/software/tinkercliffs-rome/binutils/2.40-GCCcore-12.3.0/bin/ld: /home/emmanuel324/projects/moose/framework/libmoose-opt.so: undefined reference to FVScalarLagrangeMultiplierConstraint::computeOffDiagJacobian()' /apps/easybuild/software/tinkercliffs-rome/binutils/2.40-GCCcore-12.3.0/bin/ld: /home/emmanuel324/projects/moose/framework/libmoose-opt.so: undefined reference to FVFluxKernel::computeJacobian(FaceInfo const&)'\n/apps/easybuild/software/tinkercliffs-rome/binutils/2.40-GCCcore-12.3.0/bin/ld: /home/emmanuel324/projects/moose/modules/navier_stokes/lib/libnavier_stokes-opt.so: undefined reference to FVFluxKernel::avoidBoundary(FaceInfo const&) const' /apps/easybuild/software/tinkercliffs-rome/binutils/2.40-GCCcore-12.3.0/bin/ld: /home/emmanuel324/projects/moose/modules/porous_flow/lib/libporous_flow-opt.so: undefined reference to typeinfo for FVTimeKernel'\n/apps/easybuild/software/tinkercliffs-rome/binutils/2.40-GCCcore-12.3.0/bin/ld: /home/emmanuel324/projects/moose/framework/libmoose-opt.so: undefined reference to non-virtual thunk to FVFluxKernel::computeResidual(FaceInfo const&)' /apps/easybuild/software/tinkercliffs-rome/binutils/2.40-GCCcore-12.3.0/bin/ld: /home/emmanuel324/projects/moose/framework/libmoose-opt.so: undefined reference to FVScalarLagrangeMultiplierConstraint::computeResidual()'\n/apps/easybuild/software/tinkercliffs-rome/binutils/2.40-GCCcore-12.3.0/bin/ld: /home/emmanuel324/projects/moose/framework/libmoose-opt.so: undefined reference to vtable for FVScalarLagrangeMultiplierConstraint' /apps/easybuild/software/tinkercliffs-rome/binutils/2.40-GCCcore-12.3.0/bin/ld: /home/emmanuel324/projects/moose/framework/libmoose-opt.so: undefined reference to FVScalarLagrangeMultiplierConstraint::computeResidualAndJacobian()'\n/apps/easybuild/software/tinkercliffs-rome/binutils/2.40-GCCcore-12.3.0/bin/ld: /home/emmanuel324/projects/moose/framework/libmoose-opt.so: undefined reference to FVFluxKernel::computeJacobian()' /apps/easybuild/software/tinkercliffs-rome/binutils/2.40-GCCcore-12.3.0/bin/ld: /home/emmanuel324/projects/moose/framework/libmoose-opt.so: undefined reference to FVFluxKernel::computeResidualAndJacobian()'\n/apps/easybuild/software/tinkercliffs-rome/binutils/2.40-GCCcore-12.3.0/bin/ld: /home/emmanuel324/projects/moose/modules/porous_flow/lib/libporous_flow-opt.so: undefined reference to FVFluxKernel::onBoundary(FaceInfo const&) const' /apps/easybuild/software/tinkercliffs-rome/binutils/2.40-GCCcore-12.3.0/bin/ld: /home/emmanuel324/projects/moose/framework/libmoose-opt.so: undefined reference to FVFluxKernel::singleSidedFaceArg(FaceInfo const*, Moose::FV::LimiterType, bool) const'\n/apps/easybuild/software/tinkercliffs-rome/binutils/2.40-GCCcore-12.3.0/bin/ld: /home/emmanuel324/projects/moose/modules/navier_stokes/lib/libnavier_stokes-opt.so: undefined reference to vtable for FVFunctorTimeKernel' /apps/easybuild/software/tinkercliffs-rome/binutils/2.40-GCCcore-12.3.0/bin/ld: /home/emmanuel324/projects/moose/framework/libmoose-opt.so: undefined reference to non-virtual thunk to FVFluxKernel::computeResidualAndJacobian(FaceInfo const&)'\n/apps/easybuild/software/tinkercliffs-rome/binutils/2.40-GCCcore-12.3.0/bin/ld: /home/emmanuel324/projects/moose/framework/libmoose-opt.so: undefined reference to FVFluxKernel::skipForBoundary(FaceInfo const&) const' /apps/easybuild/software/tinkercliffs-rome/binutils/2.40-GCCcore-12.3.0/bin/ld: /home/emmanuel324/projects/moose/framework/libmoose-opt.so: undefined reference to FVScalarLagrangeMultiplierConstraint::computeJacobian()'\n/apps/easybuild/software/tinkercliffs-rome/binutils/2.40-GCCcore-12.3.0/bin/ld: /home/emmanuel324/projects/moose/framework/libmoose-opt.so: undefined reference to FVFluxKernel::computeResidual()' /apps/easybuild/software/tinkercliffs-rome/binutils/2.40-GCCcore-12.3.0/bin/ld: /home/emmanuel324/projects/moose/framework/libmoose-opt.so: undefined reference to vtable for FVFluxKernel'\n/apps/easybuild/software/tinkercliffs-rome/binutils/2.40-GCCcore-12.3.0/bin/ld: /home/emmanuel324/projects/moose/modules/navier_stokes/lib/libnavier_stokes-opt.so: undefined reference to FVFunctorTimeKernel::validParams()' /apps/easybuild/software/tinkercliffs-rome/binutils/2.40-GCCcore-12.3.0/bin/ld: /home/emmanuel324/projects/moose/framework/libmoose-opt.so: undefined reference to FVElementalKernel::validParams()'\n/apps/easybuild/software/tinkercliffs-rome/binutils/2.40-GCCcore-12.3.0/bin/ld: /home/emmanuel324/projects/moose/modules/porous_flow/lib/libporous_flow-opt.so: undefined reference to vtable for FVTimeKernel' /apps/easybuild/software/tinkercliffs-rome/binutils/2.40-GCCcore-12.3.0/bin/ld: /home/emmanuel324/projects/moose/framework/libmoose-opt.so: undefined reference to non-virtual thunk to FVFluxKernel::computeJacobian(FaceInfo const&)'\n/apps/easybuild/software/tinkercliffs-rome/binutils/2.40-GCCcore-12.3.0/bin/ld: /home/emmanuel324/projects/moose/framework/libmoose-opt.so: undefined reference to FVFluxKernel::neighborArg(bool) const' /apps/easybuild/software/tinkercliffs-rome/binutils/2.40-GCCcore-12.3.0/bin/ld: /home/emmanuel324/projects/moose/framework/libmoose-opt.so: undefined reference to FVFluxKernel::gradUDotNormal(Moose::StateArg const&) const'\n/apps/easybuild/software/tinkercliffs-rome/binutils/2.40-GCCcore-12.3.0/bin/ld: /home/emmanuel324/projects/moose/framework/libmoose-opt.so: undefined reference to non-virtual thunk to FVFluxKernel::hasFaceSide(FaceInfo const&, bool) const' /apps/easybuild/software/tinkercliffs-rome/binutils/2.40-GCCcore-12.3.0/bin/ld: /home/emmanuel324/projects/moose/framework/libmoose-opt.so: undefined reference to FVScalarLagrangeMultiplierConstraint::FVScalarLagrangeMultiplierConstraint(InputParameters const&)'\n/apps/easybuild/software/tinkercliffs-rome/binutils/2.40-GCCcore-12.3.0/bin/ld: /home/emmanuel324/projects/moose/framework/libmoose-opt.so: undefined reference to typeinfo for FVElementalKernel' /apps/easybuild/software/tinkercliffs-rome/binutils/2.40-GCCcore-12.3.0/bin/ld: /home/emmanuel324/projects/moose/framework/libmoose-opt.so: undefined reference to typeinfo for FVFluxKernel'\n/apps/easybuild/software/tinkercliffs-rome/binutils/2.40-GCCcore-12.3.0/bin/ld: /home/emmanuel324/projects/moose/framework/libmoose-opt.so: undefined reference to vtable for FVElementalKernel' /apps/easybuild/software/tinkercliffs-rome/binutils/2.40-GCCcore-12.3.0/bin/ld: /home/emmanuel324/projects/moose/modules/navier_stokes/lib/libnavier_stokes-opt.so: undefined reference to FVTimeKernel::computeQpResidual()'\n/apps/easybuild/software/tinkercliffs-rome/binutils/2.40-GCCcore-12.3.0/bin/ld: /home/emmanuel324/projects/moose/framework/libmoose-opt.so: undefined reference to FVFluxKernel::hasFaceSide(FaceInfo const&, bool) const' /apps/easybuild/software/tinkercliffs-rome/binutils/2.40-GCCcore-12.3.0/bin/ld: /home/emmanuel324/projects/moose/modules/porous_flow/lib/libporous_flow-opt.so: undefined reference to FVTimeKernel::validParams()'\n/apps/easybuild/software/tinkercliffs-rome/binutils/2.40-GCCcore-12.3.0/bin/ld: /home/emmanuel324/projects/moose/framework/libmoose-opt.so: undefined reference to FVFluxKernel::computeResidualAndJacobian(FaceInfo const&)' /apps/easybuild/software/tinkercliffs-rome/binutils/2.40-GCCcore-12.3.0/bin/ld: /home/emmanuel324/projects/moose/framework/libmoose-opt.so: undefined reference to FVFluxKernel::FVFluxKernel(InputParameters const&)'\n/apps/easybuild/software/tinkercliffs-rome/binutils/2.40-GCCcore-12.3.0/bin/ld: /home/emmanuel324/projects/moose/framework/libmoose-opt.so: undefined reference to FVScalarLagrangeMultiplierConstraint::validParams()' /apps/easybuild/software/tinkercliffs-rome/binutils/2.40-GCCcore-12.3.0/bin/ld: /home/emmanuel324/projects/moose/modules/navier_stokes/lib/libnavier_stokes-opt.so: undefined reference to FVFunctorTimeKernel::FVFunctorTimeKernel(InputParameters const&)'\n/apps/easybuild/software/tinkercliffs-rome/binutils/2.40-GCCcore-12.3.0/bin/ld: /home/emmanuel324/projects/moose/framework/libmoose-opt.so: undefined reference to `FVFluxKernel::validParams()'\ncollect2: error: ld returned 1 exit status\nmake: *** [/home/emmanuel324/projects/belson/belson-opt] Error 1\n'''\nDiagnostics for MOOSE installation issues\n[Optional] Output of the diagnostics scripts. To run the script: cd ~/projects/moose/scripts; ./diagnostics.sh",
          "url": "https://github.com/idaholab/moose/discussions/27650",
          "updatedAt": "2024-06-13T04:21:09Z",
          "publishedAt": "2024-05-16T18:52:34Z",
          "category": {
            "name": "Q&A Getting Started"
          },
          "comments": {
            "edges": [
              {
                "node": {
                  "author": {
                    "login": "Emmanuel-324"
                  },
                  "bodyText": "Below is the output of diagnostics script:\n(python-stack) [emmanuel324@tinkercliffs1 belson]$ cd ~/projects/moose/scripts; ./diagnostics.sh\n##################################################################################################\nInfluential Environment Variables\nCC=mpicc\nCONDA_CHANNEL=https://conda.software.inl.gov/public\nCONDA_DEFAULT_ENV=python-stack\nCONDA_EXE=/home/emmanuel324/mambaforge3/bin/conda\nCONDA_PREFIX_1=/home/emmanuel324/mambaforge3\nCONDA_PREFIX=/home/emmanuel324/mambaforge3/envs/python-stack\nCONDA_PROMPT_MODIFIER=(python-stack) \nCONDA_PYTHON_EXE=/home/emmanuel324/mambaforge3/bin/python\nCONDA_SHLVL=2\nCURL_CA_BUNDLE=\nCXX=mpicxx\nF77=mpif77\nF90=mpif90\nFC=mpif90\nLD_LIBRARY_PATH=/apps/easybuild/software/tinkercliffs-rome/libarchive/3.6.2-GCCcore-12.3.0/lib:/apps/easybuild/software/tinkercliffs-rome/cURL/8.0.1-GCCcore-12.3.0/lib:/apps/easybuild/software/tinkercliffs-rome/bzip2/1.0.8-GCCcore-12.3.0/lib:/apps/easybuild/software/tinkercliffs-rome/nc\nurses/6.4-GCCcore-12.3.0/lib:/apps/easybuild/software/tinkercliffs-rome/OpenMPI/4.1.5-GCC-12.3.0/lib:/apps/easybuild/software/tinkercliffs-rome/UCC/1.2.0-GCCcore-12.3.0/lib:/apps/easybuild/software/tinkercliffs-rome/PMIx/4.2.4-GCCcore-12.3.0/lib:/apps/easybuild/software/tinkercliffs-rom\ne/libfabric/1.18.0-GCCcore-12.3.0/lib:/apps/easybuild/software/tinkercliffs-rome/UCX/1.14.1-GCCcore-12.3.0/lib:/apps/easybuild/software/tinkercliffs-rome/libevent/2.1.12-GCCcore-12.3.0/lib:/apps/easybuild/software/tinkercliffs-rome/OpenSSL/1.1/lib:/apps/easybuild/software/tinkercliffs-r\nome/hwloc/2.9.1-GCCcore-12.3.0/lib:/apps/easybuild/software/tinkercliffs-rome/libpciaccess/0.17-GCCcore-12.3.0/lib:/apps/easybuild/software/tinkercliffs-rome/libxml2/2.11.4-GCCcore-12.3.0/lib:/apps/easybuild/software/tinkercliffs-rome/XZ/5.4.2-GCCcore-12.3.0/lib:/apps/easybuild/software\n/tinkercliffs-rome/numactl/2.0.16-GCCcore-12.3.0/lib:/apps/easybuild/software/tinkercliffs-rome/binutils/2.40-GCCcore-12.3.0/lib:/apps/easybuild/software/tinkercliffs-rome/zlib/1.2.13-GCCcore-12.3.0/lib:/apps/easybuild/software/tinkercliffs-rome/GCCcore/12.3.0/lib64:/cm/shared/apps/slur\nm/current/lib64/slurm:/cm/shared/apps/slurm/current/lib64:/opt/cray/pe/lib64:/opt/cray/lib64\nMODULESHOME=/usr/share/lmod/lmod\nMOOSE_JOBS=6\nPATH=/apps/easybuild/software/tinkercliffs-rome/CMake/3.26.3-GCCcore-12.3.0/bin:/apps/easybuild/software/tinkercliffs-rome/libarchive/3.6.2-GCCcore-12.3.0/bin:/apps/easybuild/software/tinkercliffs-rome/cURL/8.0.1-GCCcore-12.3.0/bin:/apps/easybuild/software/tinkercliffs-rome/bzip2/1.0.8-\nGCCcore-12.3.0/bin:/apps/easybuild/software/tinkercliffs-rome/ncurses/6.4-GCCcore-12.3.0/bin:/apps/easybuild/software/tinkercliffs-rome/OpenMPI/4.1.5-GCC-12.3.0/bin:/apps/easybuild/software/tinkercliffs-rome/UCC/1.2.0-GCCcore-12.3.0/bin:/apps/easybuild/software/tinkercliffs-rome/PMIx/4.\n2.4-GCCcore-12.3.0/bin:/apps/easybuild/software/tinkercliffs-rome/libfabric/1.18.0-GCCcore-12.3.0/bin:/apps/easybuild/software/tinkercliffs-rome/UCX/1.14.1-GCCcore-12.3.0/bin:/apps/easybuild/software/tinkercliffs-rome/libevent/2.1.12-GCCcore-12.3.0/bin:/apps/easybuild/software/tinkercli\nffs-rome/OpenSSL/1.1/bin:/apps/easybuild/software/tinkercliffs-rome/hwloc/2.9.1-GCCcore-12.3.0/sbin:/apps/easybuild/software/tinkercliffs-rome/hwloc/2.9.1-GCCcore-12.3.0/bin:/apps/easybuild/software/tinkercliffs-rome/libxml2/2.11.4-GCCcore-12.3.0/bin:/apps/easybuild/software/tinkercliff\ns-rome/XZ/5.4.2-GCCcore-12.3.0/bin:/apps/easybuild/software/tinkercliffs-rome/numactl/2.0.16-GCCcore-12.3.0/bin:/apps/easybuild/software/tinkercliffs-rome/binutils/2.40-GCCcore-12.3.0/bin:/apps/easybuild/software/tinkercliffs-rome/GCCcore/12.3.0/bin:/apps/useful_scripts/bin:/cm/shared/a\npps/slurm/current/sbin:/cm/shared/apps/slurm/current/bin:/home/emmanuel324/mambaforge3/envs/python-stack/bin:/home/emmanuel324/mambaforge3/condabin:/usr/local/bin:/usr/bin:/usr/local/sbin:/usr/sbin:/usr/share/lmod/lmod/libexec\nREQUESTS_CA_BUNDLE=\nSLURM_CONF=/cm/shared/apps/slurm/var/etc/slurm/slurm.conf\nSSL_CERT_FILE=\n##################################################################################################\nCompiler(s) (CC CXX FC F77 F90):\nCC=/apps/easybuild/software/tinkercliffs-rome/OpenMPI/4.1.5-GCC-12.3.0/bin/mpicc\nCC -show:\ngcc -I/apps/easybuild/software/tinkercliffs-rome/OpenMPI/4.1.5-GCC-12.3.0/include -L/apps/easybuild/software/tinkercliffs-rome/OpenMPI/4.1.5-GCC-12.3.0/lib -L/apps/easybuild/software/tinkercliffs-rome/hwloc/2.9.1-GCCcore-12.3.0/lib -L/apps/easybuild/software/tinkercliffs-rome/libevent/2.1.12-GCCcore-12.3.0/lib -Wl,-rpath -Wl,/apps/easybuild/software/tinkercliffs-rome/OpenMPI/4.1.5-GCC-12.3.0/lib -Wl,-rpath -Wl,/apps/easybuild/software/tinkercliffs-rome/hwloc/2.9.1-GCCcore-12.3.0/lib -Wl,-rpath -Wl,/apps/easybuild/software/tinkercliffs-rome/libevent/2.1.12-GCCcore-12.3.0/lib -Wl,--enable-new-dtags -lmpi\nCC version:     gcc (GCC) 12.3.0\n\nCXX=/apps/easybuild/software/tinkercliffs-rome/OpenMPI/4.1.5-GCC-12.3.0/bin/mpicxx\nCXX -show:\ng++ -I/apps/easybuild/software/tinkercliffs-rome/OpenMPI/4.1.5-GCC-12.3.0/include -L/apps/easybuild/software/tinkercliffs-rome/OpenMPI/4.1.5-GCC-12.3.0/lib -L/apps/easybuild/software/tinkercliffs-rome/hwloc/2.9.1-GCCcore-12.3.0/lib -L/apps/easybuild/software/tinkercliffs-rome/libevent/2.1.12-GCCcore-12.3.0/lib -Wl,-rpath -Wl,/apps/easybuild/software/tinkercliffs-rome/OpenMPI/4.1.5-GCC-12.3.0/lib -Wl,-rpath -Wl,/apps/easybuild/software/tinkercliffs-rome/hwloc/2.9.1-GCCcore-12.3.0/lib -Wl,-rpath -Wl,/apps/easybuild/software/tinkercliffs-rome/libevent/2.1.12-GCCcore-12.3.0/lib -Wl,--enable-new-dtags -lmpi\nCXX version:    g++ (GCC) 12.3.0\n\nFC=/apps/easybuild/software/tinkercliffs-rome/OpenMPI/4.1.5-GCC-12.3.0/bin/mpif90\nFC -show:\ngfortran -I/apps/easybuild/software/tinkercliffs-rome/OpenMPI/4.1.5-GCC-12.3.0/include -I/apps/easybuild/software/tinkercliffs-rome/OpenMPI/4.1.5-GCC-12.3.0/lib -L/apps/easybuild/software/tinkercliffs-rome/OpenMPI/4.1.5-GCC-12.3.0/lib -L/apps/easybuild/software/tinkercliffs-rome/hwloc/2.9.1-GCCcore-12.3.0/lib -L/apps/easybuild/software/tinkercliffs-rome/libevent/2.1.12-GCCcore-12.3.0/lib -Wl,-rpath -Wl,/apps/easybuild/software/tinkercliffs-rome/OpenMPI/4.1.5-GCC-12.3.0/lib -Wl,-rpath -Wl,/apps/easybuild/software/tinkercliffs-rome/hwloc/2.9.1-GCCcore-12.3.0/lib -Wl,-rpath -Wl,/apps/easybuild/software/tinkercliffs-rome/libevent/2.1.12-GCCcore-12.3.0/lib -Wl,--enable-new-dtags -lmpi_usempif08 -lmpi_usempi_ignore_tkr -lmpi_mpifh -lmpi\nFC version:     GNU Fortran (GCC) 12.3.0\n\nF77=/apps/easybuild/software/tinkercliffs-rome/OpenMPI/4.1.5-GCC-12.3.0/bin/mpif77\nF77 -show:\ngfortran -I/apps/easybuild/software/tinkercliffs-rome/OpenMPI/4.1.5-GCC-12.3.0/include -I/apps/easybuild/software/tinkercliffs-rome/OpenMPI/4.1.5-GCC-12.3.0/lib -L/apps/easybuild/software/tinkercliffs-rome/OpenMPI/4.1.5-GCC-12.3.0/lib -L/apps/easybuild/software/tinkercliffs-rome/hwloc/2.9.1-GCCcore-12.3.0/lib -L/apps/easybuild/software/tinkercliffs-rome/libevent/2.1.12-GCCcore-12.3.0/lib -Wl,-rpath -Wl,/apps/easybuild/software/tinkercliffs-rome/OpenMPI/4.1.5-GCC-12.3.0/lib -Wl,-rpath -Wl,/apps/easybuild/software/tinkercliffs-rome/hwloc/2.9.1-GCCcore-12.3.0/lib -Wl,-rpath -Wl,/apps/easybuild/software/tinkercliffs-rome/libevent/2.1.12-GCCcore-12.3.0/lib -Wl,--enable-new-dtags -lmpi_usempif08 -lmpi_usempi_ignore_tkr -lmpi_mpifh -lmpi\nF77 version:    GNU Fortran (GCC) 12.3.0\n\nF90=/apps/easybuild/software/tinkercliffs-rome/OpenMPI/4.1.5-GCC-12.3.0/bin/mpif90\nF90 -show:\ngfortran -I/apps/easybuild/software/tinkercliffs-rome/OpenMPI/4.1.5-GCC-12.3.0/include -I/apps/easybuild/software/tinkercliffs-rome/OpenMPI/4.1.5-GCC-12.3.0/lib -L/apps/easybuild/software/tinkercliffs-rome/OpenMPI/4.1.5-GCC-12.3.0/lib -L/apps/easybuild/software/tinkercliffs-rome/hwloc/2.9.1-GCCcore-12.3.0/lib -L/apps/easybuild/software/tinkercliffs-rome/libevent/2.1.12-GCCcore-12.3.0/lib -Wl,-rpath -Wl,/apps/easybuild/software/tinkercliffs-rome/OpenMPI/4.1.5-GCC-12.3.0/lib -Wl,-rpath -Wl,/apps/easybuild/software/tinkercliffs-rome/hwloc/2.9.1-GCCcore-12.3.0/lib -Wl,-rpath -Wl,/apps/easybuild/software/tinkercliffs-rome/libevent/2.1.12-GCCcore-12.3.0/lib -Wl,--enable-new-dtags -lmpi_usempif08 -lmpi_usempi_ignore_tkr -lmpi_mpifh -lmpi\nF90 version:    GNU Fortran (GCC) 12.3.0\n\nOK\n\n##################################################################################################\nPython Sanity Checks\n\nVerify `/usr/bin/env python3 --version` (reporting as: Python 3.10.13),\nmatches versions for: `which python3 && which python`\n\nOK\n\n##################################################################################################\nPython Modules (TestHarness, run-ability)\n\nOK\n\n##################################################################################################\nCONDA MOOSE Packages\n\nWARNING: Not using Conda MOOSE packages, or `conda activate moose` not\nperformed",
                  "url": "https://github.com/idaholab/moose/discussions/27650#discussioncomment-9461830",
                  "updatedAt": "2024-05-16T19:36:53Z",
                  "publishedAt": "2024-05-16T18:55:13Z",
                  "isAnswer": false,
                  "replies": {
                    "edges": []
                  }
                }
              },
              {
                "node": {
                  "author": {
                    "login": "GiudGiud"
                  },
                  "bodyText": "Hello\nare you using the conda moose packages?\nYou have two compilers available in your environment already even without the moose packages\nYou ll need to get that down to 1 by unloading modules / cleaning your environment.\nIf you want to use our moose conda packages, then down to 0\nGuillaume",
                  "url": "https://github.com/idaholab/moose/discussions/27650#discussioncomment-9461843",
                  "updatedAt": "2024-05-16T18:57:02Z",
                  "publishedAt": "2024-05-16T18:57:00Z",
                  "isAnswer": false,
                  "replies": {
                    "edges": [
                      {
                        "node": {
                          "author": {
                            "login": "Emmanuel-324"
                          },
                          "bodyText": "I have my MOOSE installed through an HPC cluster.",
                          "url": "https://github.com/idaholab/moose/discussions/27650#discussioncomment-9461851",
                          "updatedAt": "2024-05-16T18:58:27Z",
                          "publishedAt": "2024-05-16T18:58:27Z",
                          "isAnswer": false
                        }
                      },
                      {
                        "node": {
                          "author": {
                            "login": "GiudGiud"
                          },
                          "bodyText": "this LD_LIBRARY_PATH seems to bring in more than one GCC 12.3 compiler.\nMaybe they are all the same, but it seems not to me.\nSo I would look at the modules and see if less modules should be loaded\n=/apps/easybuild/software/tinkercliffs-rome/libarchive/3.6.2-GCCcore-12.3.0/lib:/apps/easybuild/software/tinkercliffs-rome/cURL/8.0.1-GCCcore-12.3.0/lib:/apps/easybuild/software/tinkercliffs-rome/bzip2/1.0.8-GCCcore-12.3.0/lib:/apps/easybuild/software/tinkercliffs-rome/nc\nurses/6.4-GCCcore-12.3.0/lib:/apps/easybuild/software/tinkercliffs-rome/OpenMPI/4.1.5-GCC-12.3.0/lib:/apps/easybuild/software/tinkercliffs-rome/UCC/1.2.0-GCCcore-12.3.0/lib:/apps/easybuild/software/tinkercliffs-rome/PMIx/4.2.4-GCCcore-12.3.0/lib:/apps/easybuild/software/tinkercliffs-rom\ne/libfabric/1.18.0-GCCcore-12.3.0/lib:/apps/easybuild/software/tinkercliffs-rome/UCX/1.14.1-GCCcore-12.3.0/lib:/apps/easybuild/software/tinkercliffs-rome/libevent/2.1.12-GCCcore-12.3.0/lib:/apps/easybuild/software/tinkercliffs-rome/OpenSSL/1.1/lib:/apps/easybuild/software/tinkercliffs-r\nome/hwloc/2.9.1-GCCcore-12.3.0/lib:/apps/easybuild/software/tinkercliffs-rome/libpciaccess/0.17-GCCcore-12.3.0/lib:/apps/easybuild/software/tinkercliffs-rome/libxml2/2.11.4-GCCcore-12.3.0/lib:/apps/easybuild/software/tinkercliffs-rome/XZ/5.4.2-GCCcore-12.3.0/lib:/apps/easybuild/software\n/tinkercliffs-rome/numactl/2.0.16-GCCcore-12.3.0/lib:/apps/easybuild/software/tinkercliffs-rome/binutils/2.40-GCCcore-12.3.0/lib:/apps/easybuild/software/tinkercliffs-rome/zlib/1.2.13-GCCcore-12.3.0/lib:/apps/easybuild/software/tinkercliffs-rome/GCCcore/12.3.0/lib64:/cm/shared/apps/slur\nm/current/lib64/slurm:/cm/shared/apps/slurm/current/lib64:/opt/cray/pe/lib64:/opt/cray/lib64",
                          "url": "https://github.com/idaholab/moose/discussions/27650#discussioncomment-9461892",
                          "updatedAt": "2024-05-16T19:07:05Z",
                          "publishedAt": "2024-05-16T19:07:04Z",
                          "isAnswer": false
                        }
                      },
                      {
                        "node": {
                          "author": {
                            "login": "Emmanuel-324"
                          },
                          "bodyText": "How do I do that?",
                          "url": "https://github.com/idaholab/moose/discussions/27650#discussioncomment-9461939",
                          "updatedAt": "2024-05-16T19:13:08Z",
                          "publishedAt": "2024-05-16T19:13:07Z",
                          "isAnswer": false
                        }
                      },
                      {
                        "node": {
                          "author": {
                            "login": "GiudGiud"
                          },
                          "bodyText": "module list to see what modules are loaded, module unload to unload them",
                          "url": "https://github.com/idaholab/moose/discussions/27650#discussioncomment-9461973",
                          "updatedAt": "2024-05-16T19:16:35Z",
                          "publishedAt": "2024-05-16T19:16:34Z",
                          "isAnswer": false
                        }
                      },
                      {
                        "node": {
                          "author": {
                            "login": "GiudGiud"
                          },
                          "bodyText": "actually these packages might just be named that way because that's the compiler that was used to compile them.\nmodule list will still be interesting",
                          "url": "https://github.com/idaholab/moose/discussions/27650#discussioncomment-9461982",
                          "updatedAt": "2024-05-16T19:18:33Z",
                          "publishedAt": "2024-05-16T19:18:32Z",
                          "isAnswer": false
                        }
                      },
                      {
                        "node": {
                          "author": {
                            "login": "Emmanuel-324"
                          },
                          "bodyText": "These are my current module list:\n 1) shared                5) craype-network-infiniband   9) site/tinkercliffs/easybuild/setup       13) binutils/2.40-GCCcore-12.3.0   17) libxml2/2.11.4-GCCcore-12.3.0     21) libevent/2.1.12-GCCcore-12.3.0   25) UCC/1.2.0-GCCcore-12.3.0    29) cURL/8.0.1-GCCcore-12.3.0\n  2) slurm/slurm/23.02.7   6) DefaultModules             10) site/tinkercliffs-rome/easybuild/setup  14) GCC/12.3.0                     18) libpciaccess/0.17-GCCcore-12.3.0  22) UCX/1.14.1-GCCcore-12.3.0        26) OpenMPI/4.1.5-GCC-12.3.0    30) libarchive/3.6.2-GCCcore-12.3.0\n  3) cray                  7) apps                       11) GCCcore/12.3.0                          15) numactl/2.0.16-GCCcore-12.3.0  19) hwloc/2.9.1-GCCcore-12.3.0        23) libfabric/1.18.0-GCCcore-12.3.0  27) ncurses/6.4-GCCcore-12.3.0  31) CMake/3.26.3-GCCcore-12.3.0\n  4) craype-x86-rome       8) useful_scripts             12) zlib/1.2.13-GCCcore-12.3.0              16) XZ/5.4.2-GCCcore-12.3.0        20) OpenSSL/1.1                       24) PMIx/4.2.4-GCCcore-12.3.0        28) bzip2/1.0.8-GCCcore-12.3.0",
                          "url": "https://github.com/idaholab/moose/discussions/27650#discussioncomment-9461985",
                          "updatedAt": "2024-05-16T19:22:51Z",
                          "publishedAt": "2024-05-16T19:18:34Z",
                          "isAnswer": false
                        }
                      },
                      {
                        "node": {
                          "author": {
                            "login": "GiudGiud"
                          },
                          "bodyText": "good try for formatting but back quotes are the other quote (on the top left of the keyboard on a qwerty)",
                          "url": "https://github.com/idaholab/moose/discussions/27650#discussioncomment-9462022",
                          "updatedAt": "2024-05-16T19:23:14Z",
                          "publishedAt": "2024-05-16T19:23:13Z",
                          "isAnswer": false
                        }
                      },
                      {
                        "node": {
                          "author": {
                            "login": "GiudGiud"
                          },
                          "bodyText": "can you unload everything (module purge) and just load\n\nOpenMPI\nCMake\nfor now. Maybe add more modules as they are requested.",
                          "url": "https://github.com/idaholab/moose/discussions/27650#discussioncomment-9462038",
                          "updatedAt": "2024-05-16T19:25:07Z",
                          "publishedAt": "2024-05-16T19:25:07Z",
                          "isAnswer": false
                        }
                      },
                      {
                        "node": {
                          "author": {
                            "login": "Emmanuel-324"
                          },
                          "bodyText": "I still get the same error I think\npython-stack) [emmanuel324@tinkercliffs1 belson]$ module purge\n(python-stack) [emmanuel324@tinkercliffs1 belson]$ module load apps site/tinkercliffs/easybuild/setup\n(python-stack) [emmanuel324@tinkercliffs1 belson]$ module load apps site/tinkercliffs-rome/easybuild/setup\n(python-stack) [emmanuel324@tinkercliffs1 belson]$ module load OpenMPI CMake\n(python-stack) [emmanuel324@tinkercliffs1 belson]$ export CC=mpicc CXX=mpicxx FC=mpif90 F90=mpif90 F77=mpif77\n(python-stack) [emmanuel324@tinkercliffs1 belson]$ mamba activate python-stack\n(python-stack) [emmanuel324@tinkercliffs1 belson]$ make -j6\nLinking Executable /home/emmanuel324/projects/belson/belson-opt...\n/apps/easybuild/software/tinkercliffs-rome/binutils/2.40-GCCcore-12.3.0/bin/ld: skipping incompatible /lib/libutil.so when searching for -lutil\n/apps/easybuild/software/tinkercliffs-rome/binutils/2.40-GCCcore-12.3.0/bin/ld: skipping incompatible /lib/libpthread.so when searching for -lpthread\n/apps/easybuild/software/tinkercliffs-rome/binutils/2.40-GCCcore-12.3.0/bin/ld: skipping incompatible /lib/librt.so when searching for -lrt\n/apps/easybuild/software/tinkercliffs-rome/binutils/2.40-GCCcore-12.3.0/bin/ld: skipping incompatible /lib/libdl.so when searching for -ldl\n/apps/easybuild/software/tinkercliffs-rome/binutils/2.40-GCCcore-12.3.0/bin/ld: skipping incompatible /lib/libm.so when searching for -lm\n/apps/easybuild/software/tinkercliffs-rome/binutils/2.40-GCCcore-12.3.0/bin/ld: skipping incompatible /lib/libpthread.so when searching for -lpthread\n/apps/easybuild/software/tinkercliffs-rome/binutils/2.40-GCCcore-12.3.0/bin/ld: skipping incompatible /lib/libc.so when searching for -lc\n/apps/easybuild/software/tinkercliffs-rome/binutils/2.40-GCCcore-12.3.0/bin/ld: /home/emmanuel324/projects/moose/framework/libmoose-opt.so: undefined reference to `FVElementalKernel::computeResidualAndJacobian()'\n/apps/easybuild/software/tinkercliffs-rome/binutils/2.40-GCCcore-12.3.0/bin/ld: /home/emmanuel324/projects/moose/framework/libmoose-opt.so: undefined reference to `FVFluxKernel::adjustRMGhostLayers(unsigned short) const'\n/apps/easybuild/software/tinkercliffs-rome/binutils/2.40-GCCcore-12.3.0/bin/ld: /home/emmanuel324/projects/moose/framework/libmoose-opt.so: undefined reference to `FVElementalKernel::computeOffDiagJacobian()'\n/apps/easybuild/software/tinkercliffs-rome/binutils/2.40-GCCcore-12.3.0/bin/ld: /home/emmanuel324/projects/moose/framework/libmoose-opt.so: undefined reference to `FVFluxKernel::computeResidual(FaceInfo const&)'\n/apps/easybuild/software/tinkercliffs-rome/binutils/2.40-GCCcore-12.3.0/bin/ld: /home/emmanuel324/projects/moose/modules/porous_flow/lib/libporous_flow-opt.so: undefined reference to `FVTimeKernel::FVTimeKernel(InputParameters const&)'\n/apps/easybuild/software/tinkercliffs-rome/binutils/2.40-GCCcore-12.3.0/bin/ld: /home/emmanuel324/projects/moose/framework/libmoose-opt.so: undefined reference to `FVElementalKernel::computeJacobian()'\n/apps/easybuild/software/tinkercliffs-rome/binutils/2.40-GCCcore-12.3.0/bin/ld: /home/emmanuel324/projects/moose/modules/navier_stokes/lib/libnavier_stokes-opt.so: undefined reference to `typeinfo for FVFunctorTimeKernel'\n/apps/easybuild/software/tinkercliffs-rome/binutils/2.40-GCCcore-12.3.0/bin/ld: /home/emmanuel324/projects/moose/framework/libmoose-opt.so: undefined reference to `typeinfo for FVScalarLagrangeMultiplierConstraint'\n/apps/easybuild/software/tinkercliffs-rome/binutils/2.40-GCCcore-12.3.0/bin/ld: /home/emmanuel324/projects/moose/framework/libmoose-opt.so: undefined reference to `FVElementalKernel::computeOffDiagJacobian(unsigned int)'\n/apps/easybuild/software/tinkercliffs-rome/binutils/2.40-GCCcore-12.3.0/bin/ld: /home/emmanuel324/projects/moose/framework/libmoose-opt.so: undefined reference to `FVElementalKernel::computeResidual()'\n/apps/easybuild/software/tinkercliffs-rome/binutils/2.40-GCCcore-12.3.0/bin/ld: /home/emmanuel324/projects/moose/framework/libmoose-opt.so: undefined reference to `FVElementalKernel::FVElementalKernel(InputParameters const&)'\n/apps/easybuild/software/tinkercliffs-rome/binutils/2.40-GCCcore-12.3.0/bin/ld: /home/emmanuel324/projects/moose/framework/libmoose-opt.so: undefined reference to `FVFluxKernel::elemArg(bool) const'\n/apps/easybuild/software/tinkercliffs-rome/binutils/2.40-GCCcore-12.3.0/bin/ld: /home/emmanuel324/projects/moose/framework/libmoose-opt.so: undefined reference to `FVScalarLagrangeMultiplierConstraint::computeOffDiagJacobian()'\n/apps/easybuild/software/tinkercliffs-rome/binutils/2.40-GCCcore-12.3.0/bin/ld: /home/emmanuel324/projects/moose/framework/libmoose-opt.so: undefined reference to `FVFluxKernel::computeJacobian(FaceInfo const&)'\n/apps/easybuild/software/tinkercliffs-rome/binutils/2.40-GCCcore-12.3.0/bin/ld: /home/emmanuel324/projects/moose/modules/navier_stokes/lib/libnavier_stokes-opt.so: undefined reference to `FVFluxKernel::avoidBoundary(FaceInfo const&) const'\n/apps/easybuild/software/tinkercliffs-rome/binutils/2.40-GCCcore-12.3.0/bin/ld: /home/emmanuel324/projects/moose/modules/porous_flow/lib/libporous_flow-opt.so: undefined reference to `typeinfo for FVTimeKernel'\n/apps/easybuild/software/tinkercliffs-rome/binutils/2.40-GCCcore-12.3.0/bin/ld: /home/emmanuel324/projects/moose/framework/libmoose-opt.so: undefined reference to `non-virtual thunk to FVFluxKernel::computeResidual(FaceInfo const&)'\n/apps/easybuild/software/tinkercliffs-rome/binutils/2.40-GCCcore-12.3.0/bin/ld: /home/emmanuel324/projects/moose/framework/libmoose-opt.so: undefined reference to `FVScalarLagrangeMultiplierConstraint::computeResidual()'\n/apps/easybuild/software/tinkercliffs-rome/binutils/2.40-GCCcore-12.3.0/bin/ld: /home/emmanuel324/projects/moose/framework/libmoose-opt.so: undefined reference to `vtable for FVScalarLagrangeMultiplierConstraint'\n/apps/easybuild/software/tinkercliffs-rome/binutils/2.40-GCCcore-12.3.0/bin/ld: /home/emmanuel324/projects/moose/framework/libmoose-opt.so: undefined reference to `FVScalarLagrangeMultiplierConstraint::computeResidualAndJacobian()'\n/apps/easybuild/software/tinkercliffs-rome/binutils/2.40-GCCcore-12.3.0/bin/ld: /home/emmanuel324/projects/moose/framework/libmoose-opt.so: undefined reference to `FVFluxKernel::computeJacobian()'\n/apps/easybuild/software/tinkercliffs-rome/binutils/2.40-GCCcore-12.3.0/bin/ld: /home/emmanuel324/projects/moose/framework/libmoose-opt.so: undefined reference to `FVFluxKernel::computeResidualAndJacobian()'\n/apps/easybuild/software/tinkercliffs-rome/binutils/2.40-GCCcore-12.3.0/bin/ld: /home/emmanuel324/projects/moose/modules/porous_flow/lib/libporous_flow-opt.so: undefined reference to `FVFluxKernel::onBoundary(FaceInfo const&) const'\n/apps/easybuild/software/tinkercliffs-rome/binutils/2.40-GCCcore-12.3.0/bin/ld: /home/emmanuel324/projects/moose/framework/libmoose-opt.so: undefined reference to `FVFluxKernel::singleSidedFaceArg(FaceInfo const*, Moose::FV::LimiterType, bool) const'\n/apps/easybuild/software/tinkercliffs-rome/binutils/2.40-GCCcore-12.3.0/bin/ld: /home/emmanuel324/projects/moose/modules/navier_stokes/lib/libnavier_stokes-opt.so: undefined reference to `vtable for FVFunctorTimeKernel'\n/apps/easybuild/software/tinkercliffs-rome/binutils/2.40-GCCcore-12.3.0/bin/ld: /home/emmanuel324/projects/moose/framework/libmoose-opt.so: undefined reference to `non-virtual thunk to FVFluxKernel::computeResidualAndJacobian(FaceInfo const&)'\n/apps/easybuild/software/tinkercliffs-rome/binutils/2.40-GCCcore-12.3.0/bin/ld: /home/emmanuel324/projects/moose/framework/libmoose-opt.so: undefined reference to `FVFluxKernel::skipForBoundary(FaceInfo const&) const'\n/apps/easybuild/software/tinkercliffs-rome/binutils/2.40-GCCcore-12.3.0/bin/ld: /home/emmanuel324/projects/moose/framework/libmoose-opt.so: undefined reference to `FVScalarLagrangeMultiplierConstraint::computeJacobian()'\n/apps/easybuild/software/tinkercliffs-rome/binutils/2.40-GCCcore-12.3.0/bin/ld: /home/emmanuel324/projects/moose/framework/libmoose-opt.so: undefined reference to `FVFluxKernel::computeResidual()'\n/apps/easybuild/software/tinkercliffs-rome/binutils/2.40-GCCcore-12.3.0/bin/ld: /home/emmanuel324/projects/moose/framework/libmoose-opt.so: undefined reference to `vtable for FVFluxKernel'\n/apps/easybuild/software/tinkercliffs-rome/binutils/2.40-GCCcore-12.3.0/bin/ld: /home/emmanuel324/projects/moose/modules/navier_stokes/lib/libnavier_stokes-opt.so: undefined reference to `FVFunctorTimeKernel::validParams()'\n/apps/easybuild/software/tinkercliffs-rome/binutils/2.40-GCCcore-12.3.0/bin/ld: /home/emmanuel324/projects/moose/framework/libmoose-opt.so: undefined reference to `FVElementalKernel::validParams()'\n/apps/easybuild/software/tinkercliffs-rome/binutils/2.40-GCCcore-12.3.0/bin/ld: /home/emmanuel324/projects/moose/modules/porous_flow/lib/libporous_flow-opt.so: undefined reference to `vtable for FVTimeKernel'\n/apps/easybuild/software/tinkercliffs-rome/binutils/2.40-GCCcore-12.3.0/bin/ld: /home/emmanuel324/projects/moose/framework/libmoose-opt.so: undefined reference to `non-virtual thunk to FVFluxKernel::computeJacobian(FaceInfo const&)'\n/apps/easybuild/software/tinkercliffs-rome/binutils/2.40-GCCcore-12.3.0/bin/ld: /home/emmanuel324/projects/moose/framework/libmoose-opt.so: undefined reference to `FVFluxKernel::neighborArg(bool) const'\n/apps/easybuild/software/tinkercliffs-rome/binutils/2.40-GCCcore-12.3.0/bin/ld: /home/emmanuel324/projects/moose/framework/libmoose-opt.so: undefined reference to `FVFluxKernel::gradUDotNormal(Moose::StateArg const&) const'\n/apps/easybuild/software/tinkercliffs-rome/binutils/2.40-GCCcore-12.3.0/bin/ld: /home/emmanuel324/projects/moose/framework/libmoose-opt.so: undefined reference to `non-virtual thunk to FVFluxKernel::hasFaceSide(FaceInfo const&, bool) const'\n/apps/easybuild/software/tinkercliffs-rome/binutils/2.40-GCCcore-12.3.0/bin/ld: /home/emmanuel324/projects/moose/framework/libmoose-opt.so: undefined reference to `FVScalarLagrangeMultiplierConstraint::FVScalarLagrangeMultiplierConstraint(InputParameters const&)'\n/apps/easybuild/software/tinkercliffs-rome/binutils/2.40-GCCcore-12.3.0/bin/ld: /home/emmanuel324/projects/moose/framework/libmoose-opt.so: undefined reference to `typeinfo for FVElementalKernel'\n/apps/easybuild/software/tinkercliffs-rome/binutils/2.40-GCCcore-12.3.0/bin/ld: /home/emmanuel324/projects/moose/framework/libmoose-opt.so: undefined reference to `typeinfo for FVFluxKernel'\n/apps/easybuild/software/tinkercliffs-rome/binutils/2.40-GCCcore-12.3.0/bin/ld: /home/emmanuel324/projects/moose/framework/libmoose-opt.so: undefined reference to `vtable for FVElementalKernel'\n/apps/easybuild/software/tinkercliffs-rome/binutils/2.40-GCCcore-12.3.0/bin/ld: /home/emmanuel324/projects/moose/modules/navier_stokes/lib/libnavier_stokes-opt.so: undefined reference to `FVTimeKernel::computeQpResidual()'\n/apps/easybuild/software/tinkercliffs-rome/binutils/2.40-GCCcore-12.3.0/bin/ld: /home/emmanuel324/projects/moose/framework/libmoose-opt.so: undefined reference to `FVFluxKernel::hasFaceSide(FaceInfo const&, bool) const'\n/apps/easybuild/software/tinkercliffs-rome/binutils/2.40-GCCcore-12.3.0/bin/ld: /home/emmanuel324/projects/moose/modules/porous_flow/lib/libporous_flow-opt.so: undefined reference to `FVTimeKernel::validParams()'\n/apps/easybuild/software/tinkercliffs-rome/binutils/2.40-GCCcore-12.3.0/bin/ld: /home/emmanuel324/projects/moose/framework/libmoose-opt.so: undefined reference to `FVFluxKernel::computeResidualAndJacobian(FaceInfo const&)'\n/apps/easybuild/software/tinkercliffs-rome/binutils/2.40-GCCcore-12.3.0/bin/ld: /home/emmanuel324/projects/moose/framework/libmoose-opt.so: undefined reference to `FVFluxKernel::FVFluxKernel(InputParameters const&)'\n/apps/easybuild/software/tinkercliffs-rome/binutils/2.40-GCCcore-12.3.0/bin/ld: /home/emmanuel324/projects/moose/framework/libmoose-opt.so: undefined reference to `FVScalarLagrangeMultiplierConstraint::validParams()'\n/apps/easybuild/software/tinkercliffs-rome/binutils/2.40-GCCcore-12.3.0/bin/ld: /home/emmanuel324/projects/moose/modules/navier_stokes/lib/libnavier_stokes-opt.so: undefined reference to `FVFunctorTimeKernel::FVFunctorTimeKernel(InputParameters const&)'\n/apps/easybuild/software/tinkercliffs-rome/binutils/2.40-GCCcore-12.3.0/bin/ld: /home/emmanuel324/projects/moose/framework/libmoose-opt.so: undefined reference to `FVFluxKernel::validParams()'\ncollect2: error: ld returned 1 exit status\nmake: *** [/home/emmanuel324/projects/belson/belson-opt] Error 1",
                          "url": "https://github.com/idaholab/moose/discussions/27650#discussioncomment-9462064",
                          "updatedAt": "2024-05-16T19:28:52Z",
                          "publishedAt": "2024-05-16T19:28:52Z",
                          "isAnswer": false
                        }
                      },
                      {
                        "node": {
                          "author": {
                            "login": "Emmanuel-324"
                          },
                          "bodyText": "Everything was working a couple of hours ago until I tried to make some changes to one of the source files and now I am having this issue.",
                          "url": "https://github.com/idaholab/moose/discussions/27650#discussioncomment-9462083",
                          "updatedAt": "2024-05-16T19:30:50Z",
                          "publishedAt": "2024-05-16T19:30:50Z",
                          "isAnswer": false
                        }
                      }
                    ]
                  }
                }
              }
            ]
          }
        }
      },
      {
        "node": {
          "title": "Trouble creating geometry and diffusion (STEP 1) when following Workshop 2023 Video",
          "author": {
            "login": "ColinMG2"
          },
          "bodyText": "I am following the steps on the Summer 2023 Workshop video to learn on how to get started running things in moose and I ran into trouble when trying to compile in the \"step01_diffusion\" directory.\n(moose) cmg88@COLIN-DESKTOP:~/projects/moose/tutorials/darcy_thermo_mech/step01_diffusion$ make -j 10\nCreating Unity Directory /home/cmg88/projects/moose/tutorials/darcy_thermo_mech/../..//modules/ray_tracing/build/unity_src\nRebuilding symlinks in /home/cmg88/projects/moose/tutorials/darcy_thermo_mech/../..//modules/ray_tracing/build/header_symlinks\nCreating Unity Directory /home/cmg88/projects/moose/tutorials/darcy_thermo_mech/../..//modules/heat_transfer/build/unity_src\nRebuilding symlinks in /home/cmg88/projects/moose/tutorials/darcy_thermo_mech/../..//modules/heat_transfer/build/header_symlinks\nRebuilding symlinks in /home/cmg88/projects/moose/tutorials/darcy_thermo_mech/../..//modules/solid_mechanics/build/header_symlinks\nCreating Unity Directory /home/cmg88/projects/moose/tutorials/darcy_thermo_mech/../..//modules/solid_mechanics/build/unity_src\nCreating Unity Directory /home/cmg88/projects/moose/tutorials/darcy_thermo_mech/../..//modules/phase_field/build/unity_src\nRebuilding symlinks in /home/cmg88/projects/moose/tutorials/darcy_thermo_mech/../..//modules/phase_field/build/header_symlinks\nCreating Unity Directory /home/cmg88/projects/moose/tutorials/darcy_thermo_mech/step01_diffusion/build/unity_src\nRebuilding symlinks in /home/cmg88/projects/moose/tutorials/darcy_thermo_mech/step01_diffusion/build/header_symlinks\nCreating Resource file /home/cmg88/projects/moose/tutorials/darcy_thermo_mech/step01_diffusion/darcy_thermo_mech.yaml\nCreating Unity /home/cmg88/projects/moose/tutorials/darcy_thermo_mech/../..//modules/ray_tracing/build/unity_src/postprocessors_Unity.C\nCreating Unity /home/cmg88/projects/moose/tutorials/darcy_thermo_mech/../..//modules/ray_tracing/build/unity_src/utils_Unity.C\nCreating Unity /home/cmg88/projects/moose/tutorials/darcy_thermo_mech/../..//modules/ray_tracing/build/unity_src/userobjects_Unity.C\nCreating Unity /home/cmg88/projects/moose/tutorials/darcy_thermo_mech/../..//modules/ray_tracing/build/unity_src/actions_Unity.C\nCreating Unity /home/cmg88/projects/moose/tutorials/darcy_thermo_mech/../..//modules/ray_tracing/build/unity_src/base_Unity.C\nCreating Unity /home/cmg88/projects/moose/tutorials/darcy_thermo_mech/../..//modules/ray_tracing/build/unity_src/vectorpostprocessors_Unity.C\nCreating Unity /home/cmg88/projects/moose/tutorials/darcy_thermo_mech/../..//modules/ray_tracing/build/unity_src/raybcs_Unity.C\nCreating Unity /home/cmg88/projects/moose/tutorials/darcy_thermo_mech/../..//modules/ray_tracing/build/unity_src/raykernels_Unity.C\nCreating Unity /home/cmg88/projects/moose/tutorials/darcy_thermo_mech/../..//modules/ray_tracing/build/unity_src/raytracing_Unity.C\nCreating Unity /home/cmg88/projects/moose/tutorials/darcy_thermo_mech/../..//modules/ray_tracing/build/unity_src/outputs_Unity.C\nCreating Unity /home/cmg88/projects/moose/tutorials/darcy_thermo_mech/../..//modules/heat_transfer/build/unity_src/interfacekernels_Unity.C\nCreating Unity /home/cmg88/projects/moose/tutorials/darcy_thermo_mech/../..//modules/heat_transfer/build/unity_src/meshgenerators_Unity.C\nCreating Unity /home/cmg88/projects/moose/tutorials/darcy_thermo_mech/../..//modules/heat_transfer/build/unity_src/dirackernels_Unity.C\nCreating Unity /home/cmg88/projects/moose/tutorials/darcy_thermo_mech/../..//modules/heat_transfer/build/unity_src/fvbcs_Unity.C\nCreating Unity /home/cmg88/projects/moose/tutorials/darcy_thermo_mech/../..//modules/heat_transfer/build/unity_src/postprocessors_Unity.C\nCreating Unity /home/cmg88/projects/moose/tutorials/darcy_thermo_mech/../..//modules/heat_transfer/build/unity_src/userobjects_Unity.C\nCreating Unity /home/cmg88/projects/moose/tutorials/darcy_thermo_mech/../..//modules/heat_transfer/build/unity_src/actions_Unity.C\nCreating Unity /home/cmg88/projects/moose/tutorials/darcy_thermo_mech/../..//modules/heat_transfer/build/unity_src/physics_Unity.C\nCreating Unity /home/cmg88/projects/moose/tutorials/darcy_thermo_mech/../..//modules/heat_transfer/build/unity_src/base_Unity.C\nCreating Unity /home/cmg88/projects/moose/tutorials/darcy_thermo_mech/../..//modules/heat_transfer/build/unity_src/fvkernels_Unity.C\nCreating Unity /home/cmg88/projects/moose/tutorials/darcy_thermo_mech/../..//modules/heat_transfer/build/unity_src/vectorpostprocessors_Unity.C\nCreating Unity /home/cmg88/projects/moose/tutorials/darcy_thermo_mech/../..//modules/heat_transfer/build/unity_src/materials_Unity.C\nCreating Unity /home/cmg88/projects/moose/tutorials/darcy_thermo_mech/../..//modules/heat_transfer/build/unity_src/raybcs_Unity.C\nCreating Unity /home/cmg88/projects/moose/tutorials/darcy_thermo_mech/../..//modules/heat_transfer/build/unity_src/bcs_Unity.C\nCreating Unity /home/cmg88/projects/moose/tutorials/darcy_thermo_mech/../..//modules/heat_transfer/build/unity_src/functormaterials_Unity.C\nCreating Unity /home/cmg88/projects/moose/tutorials/darcy_thermo_mech/../..//modules/heat_transfer/build/unity_src/kernels_Unity.C\nCreating Unity /home/cmg88/projects/moose/tutorials/darcy_thermo_mech/../..//modules/heat_transfer/build/unity_src/constraints_Unity.C\nCreating Unity /home/cmg88/projects/moose/tutorials/darcy_thermo_mech/../..//modules/heat_transfer/build/unity_src/auxkernels_Unity.C\nCreating Unity /home/cmg88/projects/moose/tutorials/darcy_thermo_mech/../..//modules/solid_mechanics/build/unity_src/interfacekernels_Unity.C\nCreating Unity /home/cmg88/projects/moose/tutorials/darcy_thermo_mech/../..//modules/solid_mechanics/build/unity_src/postprocessors_Unity.C\nCreating Unity /home/cmg88/projects/moose/tutorials/darcy_thermo_mech/../..//modules/solid_mechanics/build/unity_src/utils_Unity.C\nCreating Unity /home/cmg88/projects/moose/tutorials/darcy_thermo_mech/../..//modules/solid_mechanics/build/unity_src/userobjects_Unity.C\nCreating Unity /home/cmg88/projects/moose/tutorials/darcy_thermo_mech/../..//modules/solid_mechanics/build/unity_src/actions_Unity.C\nCreating Unity /home/cmg88/projects/moose/tutorials/darcy_thermo_mech/../..//modules/solid_mechanics/build/unity_src/controls_Unity.C\nCreating Unity /home/cmg88/projects/moose/tutorials/darcy_thermo_mech/../..//modules/solid_mechanics/build/unity_src/loops_Unity.C\nCreating Unity /home/cmg88/projects/moose/tutorials/darcy_thermo_mech/../..//modules/solid_mechanics/build/unity_src/physics_Unity.C\nCreating Unity /home/cmg88/projects/moose/tutorials/darcy_thermo_mech/../..//modules/solid_mechanics/build/unity_src/neml2_Unity.C\nCreating Unity /home/cmg88/projects/moose/tutorials/darcy_thermo_mech/../..//modules/solid_mechanics/build/unity_src/base_Unity.C\nCreating Unity /home/cmg88/projects/moose/tutorials/darcy_thermo_mech/../..//modules/solid_mechanics/build/unity_src/vectorpostprocessors_Unity.C\nCreating Unity /home/cmg88/projects/moose/tutorials/darcy_thermo_mech/../..//modules/solid_mechanics/build/unity_src/dampers_Unity.C\nCreating Unity /home/cmg88/projects/moose/tutorials/darcy_thermo_mech/../..//modules/solid_mechanics/build/unity_src/materials_Unity.C\nCreating Unity /home/cmg88/projects/moose/tutorials/darcy_thermo_mech/../..//modules/solid_mechanics/build/unity_src/bcs_Unity.C\nCreating Unity /home/cmg88/projects/moose/tutorials/darcy_thermo_mech/../..//modules/solid_mechanics/build/unity_src/ics_Unity.C\nCreating Unity /home/cmg88/projects/moose/tutorials/darcy_thermo_mech/../..//modules/solid_mechanics/build/unity_src/nodalkernels_Unity.C\nCreating Unity /home/cmg88/projects/moose/tutorials/darcy_thermo_mech/../..//modules/solid_mechanics/build/unity_src/scalarkernels_Unity.C\nCreating Unity /home/cmg88/projects/moose/tutorials/darcy_thermo_mech/../..//modules/solid_mechanics/build/unity_src/kernels_Unity.C\nCreating Unity /home/cmg88/projects/moose/tutorials/darcy_thermo_mech/../..//modules/solid_mechanics/build/unity_src/constraints_Unity.C\nCreating Unity /home/cmg88/projects/moose/tutorials/darcy_thermo_mech/../..//modules/solid_mechanics/build/unity_src/auxkernels_Unity.C\nCreating Unity /home/cmg88/projects/moose/tutorials/darcy_thermo_mech/../..//modules/phase_field/build/unity_src/markers_Unity.C\nCreating Unity /home/cmg88/projects/moose/tutorials/darcy_thermo_mech/../..//modules/phase_field/build/unity_src/interfacekernels_Unity.C\nCreating Unity /home/cmg88/projects/moose/tutorials/darcy_thermo_mech/../..//modules/phase_field/build/unity_src/meshgenerators_Unity.C\nCreating Unity /home/cmg88/projects/moose/tutorials/darcy_thermo_mech/../..//modules/phase_field/build/unity_src/postprocessors_Unity.C\nCreating Unity /home/cmg88/projects/moose/tutorials/darcy_thermo_mech/../..//modules/phase_field/build/unity_src/utils_Unity.C\nCreating Unity /home/cmg88/projects/moose/tutorials/darcy_thermo_mech/../..//modules/phase_field/build/unity_src/userobjects_Unity.C\nCreating Unity /home/cmg88/projects/moose/tutorials/darcy_thermo_mech/../..//modules/phase_field/build/unity_src/actions_Unity.C\nCreating Unity /home/cmg88/projects/moose/tutorials/darcy_thermo_mech/../..//modules/phase_field/build/unity_src/functions_Unity.C\nCreating Unity /home/cmg88/projects/moose/tutorials/darcy_thermo_mech/../..//modules/phase_field/build/unity_src/base_Unity.C\nCreating Unity /home/cmg88/projects/moose/tutorials/darcy_thermo_mech/../..//modules/phase_field/build/unity_src/mesh_Unity.C\nCreating Unity /home/cmg88/projects/moose/tutorials/darcy_thermo_mech/../..//modules/phase_field/build/unity_src/vectorpostprocessors_Unity.C\nCreating Unity /home/cmg88/projects/moose/tutorials/darcy_thermo_mech/../..//modules/phase_field/build/unity_src/materials_Unity.C\nCreating Unity /home/cmg88/projects/moose/tutorials/darcy_thermo_mech/../..//modules/phase_field/build/unity_src/ics_Unity.C\nCreating Unity /home/cmg88/projects/moose/tutorials/darcy_thermo_mech/../..//modules/phase_field/build/unity_src/kernels_Unity.C\nCreating Unity /home/cmg88/projects/moose/tutorials/darcy_thermo_mech/../..//modules/phase_field/build/unity_src/auxkernels_Unity.C\nCompiling C++ with suffix (in opt mode) /home/cmg88/projects/moose/tutorials/darcy_thermo_mech/../..//modules/module_loader/src/ModulesApp.C...\nCreating Unity /home/cmg88/projects/moose/tutorials/darcy_thermo_mech/step01_diffusion/build/unity_src/base_Unity.C\nCompiling C++ (in opt mode) /home/cmg88/projects/moose/tutorials/darcy_thermo_mech/../..//modules/ray_tracing/build/unity_src/postprocessors_Unity.C...\nCompiling C++ (in opt mode) /home/cmg88/projects/moose/tutorials/darcy_thermo_mech/../..//modules/ray_tracing/build/unity_src/utils_Unity.C...\nCompiling C++ (in opt mode) /home/cmg88/projects/moose/tutorials/darcy_thermo_mech/../..//modules/ray_tracing/build/unity_src/userobjects_Unity.C...\nCompiling C++ (in opt mode) /home/cmg88/projects/moose/tutorials/darcy_thermo_mech/../..//modules/ray_tracing/build/unity_src/actions_Unity.C...\nCompiling C++ (in opt mode) /home/cmg88/projects/moose/tutorials/darcy_thermo_mech/../..//modules/ray_tracing/build/unity_src/base_Unity.C...\nCompiling C++ (in opt mode) /home/cmg88/projects/moose/tutorials/darcy_thermo_mech/../..//modules/ray_tracing/build/unity_src/vectorpostprocessors_Unity.C...\nCompiling C++ (in opt mode) /home/cmg88/projects/moose/tutorials/darcy_thermo_mech/../..//modules/ray_tracing/build/unity_src/raybcs_Unity.C...\nCompiling C++ (in opt mode) /home/cmg88/projects/moose/tutorials/darcy_thermo_mech/../..//modules/ray_tracing/build/unity_src/raykernels_Unity.C...\nCompiling C++ (in opt mode) /home/cmg88/projects/moose/tutorials/darcy_thermo_mech/../..//modules/ray_tracing/build/unity_src/raytracing_Unity.C...\nCompiling C++ (in opt mode) /home/cmg88/projects/moose/tutorials/darcy_thermo_mech/../..//modules/ray_tracing/build/unity_src/outputs_Unity.C...\nCompiling C++ (in opt mode) /home/cmg88/projects/moose/tutorials/darcy_thermo_mech/../..//modules/heat_transfer/build/unity_src/interfacekernels_Unity.C...\n{standard input}: Assembler messages:\n{standard input}:1509: Warning: end of file not at end of a line; newline inserted\n{standard input}:1510: Error: expecting operand after ','; got nothing\n{standard input}: Error: open CFI at the end of file; missing .cfi_endproc directive\nx86_64-conda-linux-gnu-c++: fatal error: Killed signal terminated program cc1plus\ncompilation terminated.\nmake: *** [/home/cmg88/projects/moose/tutorials/darcy_thermo_mech/../..//framework/build.mk:150: /home/cmg88/projects/moose/tutorials/darcy_thermo_mech/../..//modules/ray_tracing/build/unity_src/vectorpostprocessors_Unity.x86_64-conda-linux-gnu.opt.lo] Error 1\nmake: *** Waiting for unfinished jobs....\nThis is the output it gave me. In addition, I ran tests to see if it would work and it said that 2 tests failed since it says \"Application not Found.\" Most likely because something went wrong when trying to compile\n(moose) cmg88@COLIN-DESKTOP:~/projects/moose/tutorials/darcy_thermo_mech/step01_diffusion$ ./run_tests\nError in launching a new task []\nkernels/simple_diffusion.test: Working Directory: /home/cmg88/projects/moose/tutorials/darcy_thermo_mech/step01_diffusion/tests/kernels/simple_diffusion\nkernels/simple_diffusion.test: Running command:\nkernels/simple_diffusion.test: Python exception encountered:\nkernels/simple_diffusion.test:\nkernels/simple_diffusion.test: Traceback (most recent call last):\nkernels/simple_diffusion.test:   File \"/home/cmg88/projects/moose/python/TestHarness/schedulers/RunParallel.py\", line 54, in run\nkernels/simple_diffusion.test:     job.run()\nkernels/simple_diffusion.test:   File \"/home/cmg88/projects/moose/python/TestHarness/schedulers/Job.py\", line 231, in run\nkernels/simple_diffusion.test:     self.__tester.run(self.timer, self.options)\nkernels/simple_diffusion.test:   File \"/home/cmg88/projects/moose/python/TestHarness/testers/Tester.py\", line 483, in run\nkernels/simple_diffusion.test:     self.runCommand(timer, options)\nkernels/simple_diffusion.test:   File \"/home/cmg88/projects/moose/python/TestHarness/testers/Tester.py\", line 447, in runCommand\nkernels/simple_diffusion.test:     exit_code = self.spawnSubprocessFromOptions(timer, options)\nkernels/simple_diffusion.test:   File \"/home/cmg88/projects/moose/python/TestHarness/testers/Tester.py\", line 409, in spawnSubprocessFromOptions\nkernels/simple_diffusion.test:     process = subprocess.Popen(*popen_args, **popen_kwargs)\nkernels/simple_diffusion.test:   File \"/home/cmg88/miniforge/envs/moose/lib/python3.10/subprocess.py\", line 971, in init\nkernels/simple_diffusion.test:     self._execute_child(args, executable, preexec_fn, close_fds,\nkernels/simple_diffusion.test:   File \"/home/cmg88/miniforge/envs/moose/lib/python3.10/subprocess.py\", line 1717, in _execute_child\nkernels/simple_diffusion.test:     executable = args[0]\nkernels/simple_diffusion.test: IndexError: list index out of range\nkernels/simple_diffusion.test:\nkernels/simple_diffusion.test ................................................. FAILED (Application not found)\nError in launching a new task []\nproblems.step: Working Directory: /home/cmg88/projects/moose/tutorials/darcy_thermo_mech/step01_diffusion/problems\nproblems.step: Running command:\nproblems.step: Python exception encountered:\nproblems.step:\nproblems.step: Traceback (most recent call last):\nproblems.step:   File \"/home/cmg88/projects/moose/python/TestHarness/schedulers/RunParallel.py\", line 54, in run\nproblems.step:     job.run()\nproblems.step:   File \"/home/cmg88/projects/moose/python/TestHarness/schedulers/Job.py\", line 231, in run\nproblems.step:     self.__tester.run(self.timer, self.options)\nproblems.step:   File \"/home/cmg88/projects/moose/python/TestHarness/testers/Tester.py\", line 483, in run\nproblems.step:     self.runCommand(timer, options)\nproblems.step:   File \"/home/cmg88/projects/moose/python/TestHarness/testers/Tester.py\", line 447, in runCommand\nproblems.step:     exit_code = self.spawnSubprocessFromOptions(timer, options)\nproblems.step:   File \"/home/cmg88/projects/moose/python/TestHarness/testers/Tester.py\", line 409, in spawnSubprocessFromOptions\nproblems.step:     process = subprocess.Popen(*popen_args, **popen_kwargs)\nproblems.step:   File \"/home/cmg88/miniforge/envs/moose/lib/python3.10/subprocess.py\", line 971, in init\nproblems.step:     self._execute_child(args, executable, preexec_fn, close_fds,\nproblems.step:   File \"/home/cmg88/miniforge/envs/moose/lib/python3.10/subprocess.py\", line 1717, in _execute_child\nproblems.step:     executable = args[0]\nproblems.step: IndexError: list index out of range\nproblems.step:\nproblems.step ................................................................. FAILED (Application not found)\nFinal Test Results:\nkernels/simple_diffusion.test ................................................. FAILED (Application not found)\nproblems.step ................................................................. FAILED (Application not found)\nRan 2 tests in 0.3 seconds. Average test time 0.0 seconds, maximum test time 0.0 seconds.\n0 passed, 0 skipped, 0 pending, 2 FAILED\nAny suggestions on how I can get around this issue? Thanks!",
          "url": "https://github.com/idaholab/moose/discussions/27497",
          "updatedAt": "2024-05-16T19:55:00Z",
          "publishedAt": "2024-04-27T17:51:15Z",
          "category": {
            "name": "Q&A General"
          },
          "comments": {
            "edges": [
              {
                "node": {
                  "author": {
                    "login": "GiudGiud"
                  },
                  "bodyText": "Hello\nYou ran out of memory when building the executable\nUse a lower processor count to build\nFor example make -j2 for two processors\nGuillaume",
                  "url": "https://github.com/idaholab/moose/discussions/27497#discussioncomment-9247298",
                  "updatedAt": "2024-04-27T18:50:22Z",
                  "publishedAt": "2024-04-27T18:50:21Z",
                  "isAnswer": false,
                  "replies": {
                    "edges": [
                      {
                        "node": {
                          "author": {
                            "login": "ColinMG2"
                          },
                          "bodyText": "That worked! Thanks!\nCheers!\nColin",
                          "url": "https://github.com/idaholab/moose/discussions/27497#discussioncomment-9247638",
                          "updatedAt": "2024-04-27T19:52:53Z",
                          "publishedAt": "2024-04-27T19:52:52Z",
                          "isAnswer": false
                        }
                      },
                      {
                        "node": {
                          "author": {
                            "login": "ColinMG2"
                          },
                          "bodyText": "Hey so I am trying to now make sure that I was able to properly create a mesh and geometry for the darcy_thermo_mech tutorial and I have trouble finding the VS code file that I created:\n(moose) cmg88@COLIN-DESKTOP:~/projects/moose/tutorials/darcy_thermo_mech/step01_diffusion$ cd problems\n(moose) cmg88@COLIN-DESKTOP:~/projects/moose/tutorials/darcy_thermo_mech/step01_diffusion/problems$ ls -lah\ntotal 132K\ndrwxr-xr-x  2 cmg88 cmg88 4.0K Apr 27 15:31 .\ndrwxr-xr-x 12 cmg88 cmg88 4.0K Apr 27 16:14 ..\n-rw-r--r--  1 cmg88 cmg88 1.7K Apr 19 13:48 step1.i\n-rwxr-xr-x  1 cmg88 cmg88 1.2K Apr 19 13:48 step1.py\n-rw-r--r--  1 cmg88 cmg88 110K Apr 27 16:14 step1_out.e\n-rw-r--r--  1 cmg88 cmg88  243 Apr 19 13:48 tests\n\nIt should be listed as \"step1_colin.i\" but it is not there. When I tried to save the VS code file itself on my computer I cannot save it to the path that is in my command prompt. Therefore, when I tried to run ../darcy_thermo_mech-opt\n-i step1_colin.i --mesh-only , I got an error message as follows:\n\n*** ERROR ***\nUnable to open file \"/home/cmg88/projects/moose/tutorials/darcy_thermo_mech/step01_diffusion/problems/step1_colin.i\". Check to make sure that it exists and that you have read permission.\n\nStack frames: 11\n0: libMesh::print_trace(std::ostream&)\n1: moose::internal::mooseErrorRaw(std::__cxx11::basic_string<char, std::char_traits<char>, std::allocator<char> >, std::__cxx11::basic_string<char, std::char_traits<char>, std::allocator<char> >)\n2: void mooseError<char const*>(char const*&&)\n3: MooseUtils::checkFileReadable(std::__cxx11::basic_string<char, std::char_traits<char>, std::allocator<char> > const&, bool, bool, bool)\n4: Parser::parse()\n5: Moose::createMooseApp(std::__cxx11::basic_string<char, std::char_traits<char>, std::allocator<char> > const&, int, char**)\n6: ../darcy_thermo_mech-opt(+0x30d2) [0x55ac3c8460d2]\n7: main\n8: /lib/x86_64-linux-gnu/libc.so.6(+0x29d90) [0x7f08ff87dd90]\n9: __libc_start_main\n10: ../darcy_thermo_mech-opt(+0x3386) [0x55ac3c846386]\napplication called MPI_Abort(MPI_COMM_WORLD, 1) - process 0\n[unset]: write_line error; fd=-1 buf=:cmd=abort exitcode=1\n:\nsystem msg for write_line failure : Bad file descriptor",
                          "url": "https://github.com/idaholab/moose/discussions/27497#discussioncomment-9247914",
                          "updatedAt": "2024-04-28T00:20:10Z",
                          "publishedAt": "2024-04-27T20:38:59Z",
                          "isAnswer": false
                        }
                      },
                      {
                        "node": {
                          "author": {
                            "login": "GiudGiud"
                          },
                          "bodyText": "Hello\nI think you may have saved it somewhere else.\nIn VSCode you can look at the \"recently opened\" files.\nElse you can go in the terminal and use 'find' to look for the file\nGuillaume",
                          "url": "https://github.com/idaholab/moose/discussions/27497#discussioncomment-9248661",
                          "updatedAt": "2024-04-28T00:20:48Z",
                          "publishedAt": "2024-04-28T00:20:48Z",
                          "isAnswer": false
                        }
                      },
                      {
                        "node": {
                          "author": {
                            "login": "ColinMG2"
                          },
                          "bodyText": "I don't understand because I made the VSCode file in the diffusion problems directory by running the following command:\n(moose) cmg88@COLIN-DESKTOP:~/projects/moose/tutorials/darcy_thermo_mech/step01_diffusion/problems$ code step1_colin.i\n\nThis command automatically opens a VSCode file that has the name I prescribed. However, the file as it stands is unsaved in VSCode so I tried to save it in the \"step01_diffusion/problems\" directory but I can't because VSCode will not allow me to save it inside of Ubuntu. Therefore, I saved the file in my users file. However, I don't think I am able to access it. Also, I seem to be having trouble using auto-complete on VSCode for MOOSE.",
                          "url": "https://github.com/idaholab/moose/discussions/27497#discussioncomment-9253029",
                          "updatedAt": "2024-04-28T20:56:35Z",
                          "publishedAt": "2024-04-28T15:38:03Z",
                          "isAnswer": false
                        }
                      },
                      {
                        "node": {
                          "author": {
                            "login": "ColinMG2"
                          },
                          "bodyText": "In addition, I did look in recently opened files and found the right path, but when I clicked on it to try and open it, VSCode gave me an error:\nError - 11:40:58 AM] MOOSE Language Server client: couldn't create connection to server.\nLaunching server using command \\\\wsl.localhost\\Ubuntu\\home\\cmg88\\projects\\moose\\tutorials\\darcy_thermo_mech\\step01_diffusion\\darcy_thermo_mech-opt failed. Error: spawn \\\\wsl.localhost\\Ubuntu\\home\\cmg88\\projects\\moose\\tutorials\\darcy_thermo_mech\\step01_diffusion\\darcy_thermo_mech-opt ENOENT",
                          "url": "https://github.com/idaholab/moose/discussions/27497#discussioncomment-9253129",
                          "updatedAt": "2024-04-28T20:56:26Z",
                          "publishedAt": "2024-04-28T15:47:34Z",
                          "isAnswer": false
                        }
                      },
                      {
                        "node": {
                          "author": {
                            "login": "GiudGiud"
                          },
                          "bodyText": "are you using vscode in WSL or your windows VSCOde?\nVSCode should be installed in WSL and ran from WSL to get auto-complete to work",
                          "url": "https://github.com/idaholab/moose/discussions/27497#discussioncomment-9253143",
                          "updatedAt": "2024-04-28T15:50:46Z",
                          "publishedAt": "2024-04-28T15:50:45Z",
                          "isAnswer": false
                        }
                      },
                      {
                        "node": {
                          "author": {
                            "login": "ColinMG2"
                          },
                          "bodyText": "I think that could be the issue because it opened my windows VSCode on my desktop. However, I do not know how to change this setting.",
                          "url": "https://github.com/idaholab/moose/discussions/27497#discussioncomment-9253168",
                          "updatedAt": "2024-04-28T15:55:10Z",
                          "publishedAt": "2024-04-28T15:55:10Z",
                          "isAnswer": false
                        }
                      },
                      {
                        "node": {
                          "author": {
                            "login": "GiudGiud"
                          },
                          "bodyText": "You ll have to navigate to the vscode installation page from your WSL browser and install it from there",
                          "url": "https://github.com/idaholab/moose/discussions/27497#discussioncomment-9253248",
                          "updatedAt": "2024-04-28T16:03:51Z",
                          "publishedAt": "2024-04-28T16:03:50Z",
                          "isAnswer": false
                        }
                      },
                      {
                        "node": {
                          "author": {
                            "login": "ColinMG2"
                          },
                          "bodyText": "I was able to figure it out by simply clicking save instead of save as haha! However, I am still having trouble testing my mesh.\n(moose) cmg88@COLIN-DESKTOP:~/projects/moose/tutorials/darcy_thermo_mech/step01_diffusion/problems$ ls -lah\ntotal 136K\ndrwxr-xr-x  2 cmg88 cmg88 4.0K Apr 28 11:57 .\ndrwxr-xr-x 12 cmg88 cmg88 4.0K Apr 27 16:14 ..\n-rw-r--r--  1 cmg88 cmg88 1.7K Apr 19 13:48 step1.i\n-rwxr-xr-x  1 cmg88 cmg88 1.2K Apr 19 13:48 step1.py\n-rw-r--r--  1 cmg88 cmg88  561 Apr 28 11:57 step1_colin.i\n-rw-r--r--  1 cmg88 cmg88 110K Apr 27 16:14 step1_out.e\n-rw-r--r--  1 cmg88 cmg88  243 Apr 19 13:48 tests\n(moose) cmg88@COLIN-DESKTOP:~/projects/moose/tutorials/darcy_thermo_mech/step01_diffusion/problems$ ../darcy_thermo_mech-opt\n -i step1_colin.i --mesh-only\n\n\n*** ERROR ***\n/home/cmg88/projects/moose/tutorials/darcy_thermo_mech/step01_diffusion/problems/step1_colin.i contains Windows(DOS) line endings which are not supported.\n\nStack frames: 11\n0: libMesh::print_trace(std::ostream&)\n1: moose::internal::mooseErrorRaw(std::__cxx11::basic_string<char, std::char_traits<char>, std::allocator<char> >, std::__cxx11::basic_string<char, std::char_traits<char>, std::allocator<char> >)\n2: void mooseError<std::__cxx11::basic_string<char, std::char_traits<char>, std::allocator<char> > >(std::__cxx11::basic_string<char, std::char_traits<char>, std::allocator<char> >&&)\n3: MooseUtils::checkFileReadable(std::__cxx11::basic_string<char, std::char_traits<char>, std::allocator<char> > const&, bool, bool, bool)\n4: Parser::parse()\n5: Moose::createMooseApp(std::__cxx11::basic_string<char, std::char_traits<char>, std::allocator<char> > const&, int, char**)\n6: ../darcy_thermo_mech-opt(+0x30d2) [0x558b76bf00d2]\n7: main\n8: /lib/x86_64-linux-gnu/libc.so.6(+0x29d90) [0x7fae638d5d90]\n9: __libc_start_main\n10: ../darcy_thermo_mech-opt(+0x3386) [0x558b76bf0386]\napplication called MPI_Abort(MPI_COMM_WORLD, 1) - process 0\n[unset]: write_line error; fd=-1 buf=:cmd=abort exitcode=1\n:\nsystem msg for write_line failure : Bad file descriptor\n\nI am not sure what this error means.",
                          "url": "https://github.com/idaholab/moose/discussions/27497#discussioncomment-9253260",
                          "updatedAt": "2024-04-28T20:56:48Z",
                          "publishedAt": "2024-04-28T16:05:27Z",
                          "isAnswer": false
                        }
                      },
                      {
                        "node": {
                          "author": {
                            "login": "GiudGiud"
                          },
                          "bodyText": "there is an option in VSCode to remove DOS line endings",
                          "url": "https://github.com/idaholab/moose/discussions/27497#discussioncomment-9253284",
                          "updatedAt": "2024-04-28T16:07:53Z",
                          "publishedAt": "2024-04-28T16:07:52Z",
                          "isAnswer": false
                        }
                      }
                    ]
                  }
                }
              }
            ]
          }
        }
      },
      {
        "node": {
          "title": "How do I specify torch::nn::Upsample scale_factor?",
          "author": {
            "login": "rfryeSigma"
          },
          "bodyText": "Check these boxes if you have followed the posting rules.\n\n Q&A General is the most appropriate section for my question\n I have consulted the posting Guidelines on the Discussions front page\n I have searched the Discussions forum and my question has not been asked before\n I have searched the MOOSE website and the documentation does not answer my question\n I have formatted my post following the posting guidelines (screenshots as a last resort, triple back quotes around pasted text)\n\nQuestion\nI am tryting to specify an Upsample module in a torch::nn::Sequential argument list. The documentation in\nmoose/framework/contrib/libtorch/include/torch/csrc/api/include/torch/nn/options/upsampling.h\ngives the example\n/// model(UpsampleOptions().scale_factor({3}).mode(torch::kLinear).align_corners(false));\nbut I don't know how to apply that information.\nI have tried this line\n torch::nn::Upsample(),\nand it compiles but gets the runtime error \"either size or scale_factor should be defined\".\nI want to specify a scale_factor of 2. These are some of the ways that I have tried to implement this:\n      torch::nn::Upsample(nullptr, 2.0),\n      torch::nn::Upsample(void, 2.0),\n      torch::nn::Upsample(2.0),\n      torch::nn::Upsample(scale_factor{2.0}),\n      torch::nn::Upsample(scale_factor={2}),\n      torch::nn::Upsample(scale_factor({2})),\n      torch::nn::Upsample(torch::nn::UpsampleOptions().scale_factor({2})),\n      torch::nn::Upsample(torch::nn::UpsampleOptions(scale_factor({2}))),\n\n\nbut none of them compile.",
          "url": "https://github.com/idaholab/moose/discussions/27620",
          "updatedAt": "2024-05-16T18:50:39Z",
          "publishedAt": "2024-05-15T00:05:24Z",
          "category": {
            "name": "Q&A General"
          },
          "comments": {
            "edges": [
              {
                "node": {
                  "author": {
                    "login": "GiudGiud"
                  },
                  "bodyText": "Hello\nseems more of a torch question than a moose one.\n@grmnptr or @somu15  might know still\nGuillaume",
                  "url": "https://github.com/idaholab/moose/discussions/27620#discussioncomment-9439696",
                  "updatedAt": "2024-05-15T01:07:16Z",
                  "publishedAt": "2024-05-15T01:07:14Z",
                  "isAnswer": false,
                  "replies": {
                    "edges": [
                      {
                        "node": {
                          "author": {
                            "login": "rfryeSigma"
                          },
                          "bodyText": "I found the answer in pytorch cppdocs\ntorch::nn::Upsample(torch::nn::UpsampleOptions().scale_factor(std::vector<double>({2}))),",
                          "url": "https://github.com/idaholab/moose/discussions/27620#discussioncomment-9461731",
                          "updatedAt": "2024-05-16T18:44:05Z",
                          "publishedAt": "2024-05-16T18:44:05Z",
                          "isAnswer": true
                        }
                      }
                    ]
                  }
                }
              }
            ]
          }
        }
      },
      {
        "node": {
          "title": "Questions about built application make",
          "author": {
            "login": "xingwang01"
          },
          "bodyText": "There will be some framework problems in Factory.h.\nThe first is this problem of structural variables as follows.\n\nWhen I changed the case of the structure, the following new problems appeared again.\n\nI wonder if the case of this structure is irrelevant.",
          "url": "https://github.com/idaholab/moose/discussions/27466",
          "updatedAt": "2024-05-16T13:01:42Z",
          "publishedAt": "2024-04-25T02:21:34Z",
          "category": {
            "name": "Q&A General"
          },
          "comments": {
            "edges": [
              {
                "node": {
                  "author": {
                    "login": "milljm"
                  },
                  "bodyText": "If possible, please refrain from posting images of text.\nPosting guidelines",
                  "url": "https://github.com/idaholab/moose/discussions/27466#discussioncomment-9225195",
                  "updatedAt": "2024-04-25T13:08:02Z",
                  "publishedAt": "2024-04-25T13:08:02Z",
                  "isAnswer": false,
                  "replies": {
                    "edges": []
                  }
                }
              },
              {
                "node": {
                  "author": {
                    "login": "GiudGiud"
                  },
                  "bodyText": "Hello\nChanging the case of the object is not a good idea.\nThe code is correct, we just need to know why it is not compiling.\nRunning the diagnostics script in moose/scripts will tell us more\nGuillaume",
                  "url": "https://github.com/idaholab/moose/discussions/27466#discussioncomment-9230972",
                  "updatedAt": "2024-04-26T00:48:40Z",
                  "publishedAt": "2024-04-26T00:48:39Z",
                  "isAnswer": false,
                  "replies": {
                    "edges": [
                      {
                        "node": {
                          "author": {
                            "login": "xingwang01"
                          },
                          "bodyText": "I updated the moose and this issue seems to be solved by the new moose",
                          "url": "https://github.com/idaholab/moose/discussions/27466#discussioncomment-9244079",
                          "updatedAt": "2024-04-27T08:47:05Z",
                          "publishedAt": "2024-04-27T08:47:05Z",
                          "isAnswer": false
                        }
                      },
                      {
                        "node": {
                          "author": {
                            "login": "xingwang01"
                          },
                          "bodyText": "This question does not appear in the new moose",
                          "url": "https://github.com/idaholab/moose/discussions/27466#discussioncomment-9244084",
                          "updatedAt": "2024-04-27T08:47:52Z",
                          "publishedAt": "2024-04-27T08:47:52Z",
                          "isAnswer": false
                        }
                      }
                    ]
                  }
                }
              },
              {
                "node": {
                  "author": {
                    "login": "xingwang01"
                  },
                  "bodyText": "A new make problem appeared in my code.\nThis running diagnostic script is recorded as follows\uff1a\n(moose) ubuntu@ubuntu-XPS-8950:~/projects/hmch$ make\n/home/ubuntu/projects/moose/modules/modules.mk:86: The tensor mechanics module was renamed to the solid mechanics module. Please update your Makefile and replace TENSOR_MECHANICS with SOLID_MECHANICS\nfatal: \u6709\u6b67\u4e49\u7684\u53c2\u6570 'HEAD'\uff1a\u672a\u77e5\u7684\u7248\u672c\u6216\u8def\u5f84\u4e0d\u5b58\u5728\u4e8e\u5de5\u4f5c\u533a\u4e2d\u3002\n\u4f7f\u7528 '--' \u6765\u5206\u9694\u7248\u672c\u548c\u8def\u5f84\uff0c\u4f8b\u5982\uff1a\n'git <\u547d\u4ee4> [<\u7248\u672c>...] -- [<\u6587\u4ef6>...]'\nTraceback (most recent call last):\n  File \"/home/ubuntu/projects/moose/framework/../scripts/premake.py\", line 183, in <module>\n    PreMake().check()\n  File \"/home/ubuntu/projects/moose/framework/../scripts/premake.py\", line 18, in __init__\n    self.versioner_meta = Versioner().version_meta()\n  File \"/home/ubuntu/projects/moose/scripts/versioner.py\", line 302, in version_meta\n    app_name, _, app_hash = self.get_app()\n  File \"/home/ubuntu/projects/moose/scripts/versioner.py\", line 352, in get_app\n    git_hash = subprocess.check_output(hash_command, encoding='utf-8').rstrip()[0:7]\n  File \"/home/ubuntu/mambaforge3/envs/moose/lib/python3.10/subprocess.py\", line 421, in check_output\n    return run(*popenargs, stdout=PIPE, timeout=timeout, check=True,\n  File \"/home/ubuntu/mambaforge3/envs/moose/lib/python3.10/subprocess.py\", line 526, in run\n    raise CalledProcessError(retcode, process.args,\nsubprocess.CalledProcessError: Command '['git', 'rev-parse', 'HEAD']' returned non-zero exit status 128.\nmake: [/home/ubuntu/projects/moose/framework/moose.mk:388\uff1aprebuild] \u9519\u8bef 1 (\u5df2\u5ffd\u7565\uff09\nCompiling C++ (in opt mode) /home/ubuntu/projects/hmch/build/unity_src/kernels_Unity.C...\nIn file included from /home/ubuntu/projects/hmch/build/unity_src/kernels_Unity.C:2:\n/home/ubuntu/projects/hmch/src/kernels/hfConvection.C: In member function 'virtual libMesh::Real hfConvection::computeQpResidual()':\n/home/ubuntu/projects/hmch/src/kernels/hfConvection.C:37:61: error: expression cannot be used as a function\n   37 |   return _miu[_qp]* _grad_u[_qp] * _test[_i][_qp](_component);\n      |                                                             ^\n/home/ubuntu/projects/hmch/src/kernels/hfConvection.C: In member function 'virtual libMesh::Real hfConvection::computeQpJacobian()':\n/home/ubuntu/projects/hmch/src/kernels/hfConvection.C:44:68: error: expression cannot be used as a function\n   44 |   return _miu[_qp] * _grad_phi[_j][_qp] * _test[_i][_qp](_component);\n      |                                                                    ^\nIn file included from /home/ubuntu/projects/hmch/build/unity_src/kernels_Unity.C:3:\n/home/ubuntu/projects/hmch/src/kernels/hfCouplePressure.C: In member function 'virtual libMesh::Real hfCouplePressure::computeQpResidual()':\n/home/ubuntu/projects/hmch/src/kernels/hfCouplePressure.C:41:68: error: expression cannot be used as a function\n   41 |   return - _alpha[_qp] * _pressure[_qp] * _test[_i][_qp](_component);\n      |                                                                    ^\n/home/ubuntu/projects/hmch/src/kernels/hfCouplePressure.C: In member function 'virtual libMesh::Real hfCouplePressure::computeQpJacobian()':\n/home/ubuntu/projects/hmch/src/kernels/hfCouplePressure.C:48:67: error: expression cannot be used as a function\n   48 |   return - _alpha[_qp] * _phi[_j][_qp] * _test[_i][_qp](_component);\n      |                                                                   ^\nIn file included from /home/ubuntu/projects/hmch/build/unity_src/kernels_Unity.C:5:\n/home/ubuntu/projects/hmch/src/kernels/hfDiffusions.C: In member function 'virtual libMesh::Real hfDiffusions::computeQpResidual()':\n/home/ubuntu/projects/hmch/src/kernels/hfDiffusions.C:37:70: error: cannot convert 'libMesh::TypeVector<double>' to 'libMesh::Real' {aka 'double'} in return\n   37 |   return _lamda[_qp]* _grad_u[_qp] * _grad_test[_i][_qp](_component) + _miu[_qp] * _grad_u[_qp] * _grad_test[_i][_qp](_component);\nIn file included from /home/ubuntu/projects/hmch/build/unity_src/kernels_Unity.C:5:\n/home/ubuntu/projects/hmch/src/kernels/hfDiffusions.C: In member function 'virtual libMesh::Real hfDiffusions::computeQpJacobian()':\n/home/ubuntu/projects/hmch/src/kernels/hfDiffusions.C:44:77: error: cannot convert 'libMesh::TypeVector<double>' to 'libMesh::Real' {aka 'double'} in return\n   44 |   return _lamda[_qp] * _grad_phi[_j][_qp] * _grad_test[_i][_qp](_component) + _miu[_qp] * _grad_phi[_j][_qp] * _grad_test[_i][_qp](_component);\nIn file included from /home/ubuntu/projects/hmch/build/unity_src/kernels_Unity.C:6:\n/home/ubuntu/projects/hmch/src/kernels/hfporefluidDiffusion.C: In member function 'virtual libMesh::Real hfporefluidDiffusion::computeQpResidual()':\n/home/ubuntu/projects/hmch/src/kernels/hfporefluidDiffusion.C:31:64: error: cannot convert 'libMesh::boostcopy::enable_if_c<true, libMesh::TypeVector<double> >::type' {aka 'libMesh::TypeVector<double>'} to 'libMesh::Real' {aka 'double'} in return\n   31 |   return -(_permeability[_qp]/_viscosity[_qp] ) * _grad_u[_qp] * _test[_i][_qp];\n/home/ubuntu/projects/hmch/src/kernels/hfporefluidDiffusion.C: In member function 'virtual libMesh::Real hfporefluidDiffusion::computeQpJacobian()':\n/home/ubuntu/projects/hmch/src/kernels/hfporefluidDiffusion.C:38:70: error: cannot convert 'libMesh::boostcopy::enable_if_c<true, libMesh::TypeVector<double> >::type' {aka 'libMesh::TypeVector<double>'} to 'libMesh::Real' {aka 'double'} in return\n   38 |   return -(_permeability[_qp]/_viscosity[_qp] ) * _grad_phi[_j][_qp] * _test[_i][_qp];\nmake: *** [/home/ubuntu/projects/moose/framework/build.mk:151\uff1a/home/ubuntu/projects/hmch/build/unity_src/kernels_Unity.x86_64-conda-linux-gnu.opt.lo] \u9519\u8bef 1",
                  "url": "https://github.com/idaholab/moose/discussions/27466#discussioncomment-9440354",
                  "updatedAt": "2024-05-15T12:11:32Z",
                  "publishedAt": "2024-05-15T03:04:50Z",
                  "isAnswer": false,
                  "replies": {
                    "edges": [
                      {
                        "node": {
                          "author": {
                            "login": "xingwang01"
                          },
                          "bodyText": "And the source code of the hfConvection.C and hfConvection.h as follows:\nhfConvection.C\n{\n\n#pragma once\n\n#include \"hfConvection.h\"\n\n#include \"Material.h\"\n#include \"MooseMesh.h\"\n#include \"MooseVariable.h\"\n\nregisterMooseObject(\"hmch\",hfConvection);\n\nInputParameters\nhfConvection::validParams() \n  InputParameters params = Kernel::validParams();\n  //addClassDescription\n  params.addClassDescription(\"The convection term of the equation of momentum\");\n  params.addRequiredParam<unsigned int>(\"component\",\n      \"The component (0 for x, 1 for y and 2 for z) of P\");\n  return params;\n}\n\nhfConvection::hfConvection(const InputParameters & parameters)\n  : Kernel(parameters),\n   //_lamda(getMaterialProperty<Real>(\"lamda\")),\n   _miu(getMaterialProperty<Real>(\"miu\")),\n   _component(getParam<unsigned int>(\"component\"))\n{\n  if (_component >= _mesh.dimension())\n    paramError(\"component\", \"The component cannot be greater than the mesh dimension\");\n}\n\nReal\nhfConvection::computeQpResidual()\n{\n  // (lamda+miu) * _grad_u[_qp]*_test[_i][_qp](component),\u6563\u5ea6\n  return _miu[_qp]* _grad_u[_qp] * _test[_i][_qp](_component);\n}\n\nReal\nhfConvection::computeQpJacobian()\n{\n  // the partial derivative of _grad_u is just _grad_phi[_j](component)\n  return _miu[_qp] * _grad_phi[_j][_qp] * _test[_i][_qp](_component);\n}\n\n}\n\nhfConvection.h\n{\n\n#pragma once \n\n#include \"Kernel.h\" \n\nclass hfConvection : public Kernel\n{\npublic:\n  static InputParameters validParams();\n  hfConvection(const InputParameters & parameters);\n  \nprotected:\n  \n  virtual Real computeQpResidual() override;\n  virtual Real computeQpJacobian() override;\n  \nprivate:\n\n // const MaterialProperty<Real> & _lamda;\n  const MaterialProperty<Real> & _miu;\n  const unsigned int _component;/// The spatial component\n  \n};\n\n}",
                          "url": "https://github.com/idaholab/moose/discussions/27466#discussioncomment-9440391",
                          "updatedAt": "2024-05-15T12:11:46Z",
                          "publishedAt": "2024-05-15T03:09:54Z",
                          "isAnswer": false
                        }
                      },
                      {
                        "node": {
                          "author": {
                            "login": "GiudGiud"
                          },
                          "bodyText": "\u6709\u6b67\u4e49\u7684\u53c2\u6570 'HEAD'\uff1a\u672a\u77e5\u7684\u7248\u672c\u6216\u8def\u5f84\u4e0d\u5b58\u5728\u4e8e\u5de5\u4f5c\u533a\u4e2d\u3002\n\u4f7f\u7528 '--' \u6765\u5206\u9694\u7248\u672c\u548c\u8def\u5f84\uff0c\u4f8b\u5982\uff1a\n'git <\u547d\u4ee4> [<\u7248\u672c>...] -- [<\u6587\u4ef6>...]'\n\nthis I dont know about.\nI m guessing you need to make a commit to fix this\nsubprocess.CalledProcessError: Command '['git', 'rev-parse', 'HEAD']' returned non-zero exit status 128.\n\nas for this\n/home/ubuntu/projects/hmch/src/kernels/hfConvection.C: In member function 'virtual libMesh::Real hfConvection::computeQpResidual()':\n/home/ubuntu/projects/hmch/src/kernels/hfConvection.C:37:61: error: expression cannot be used as a function\n   37 |   return _miu[_qp]* _grad_u[_qp] * _test[_i][_qp](_component);\n\nIt should be _test[_i][_qp], no indexing by component. If you want vector test functions you need to use the VectorKernel base class not the Kernel like you have currently.",
                          "url": "https://github.com/idaholab/moose/discussions/27466#discussioncomment-9445062",
                          "updatedAt": "2024-05-15T12:14:05Z",
                          "publishedAt": "2024-05-15T12:14:04Z",
                          "isAnswer": false
                        }
                      },
                      {
                        "node": {
                          "author": {
                            "login": "xingwang01"
                          },
                          "bodyText": "what about this:\n/home/ubuntu/projects/hmch/src/kernels/hfDiffusions.C: In member function 'virtual libMesh::Real hfDiffusions::computeQpResidual()':\n/home/ubuntu/projects/hmch/src/kernels/hfDiffusions.C:37:70: error: cannot convert 'libMesh::TypeVector' to 'libMesh::Real' {aka 'double'} in return\n37 |   return _lamda[_qp]* _grad_u[_qp] * _grad_test[_i]_qp + _miu[_qp] * _grad_u[_qp] * _grad_test[_i]_qp;",
                          "url": "https://github.com/idaholab/moose/discussions/27466#discussioncomment-9454369",
                          "updatedAt": "2024-05-16T07:34:38Z",
                          "publishedAt": "2024-05-16T07:34:37Z",
                          "isAnswer": false
                        }
                      },
                      {
                        "node": {
                          "author": {
                            "login": "GiudGiud"
                          },
                          "bodyText": "This is because the expression you wrote is a vector and you are supposed to return a float\nSo you are missing either access into a compoent of a vector or a scalar product",
                          "url": "https://github.com/idaholab/moose/discussions/27466#discussioncomment-9457843",
                          "updatedAt": "2024-05-16T13:01:42Z",
                          "publishedAt": "2024-05-16T13:01:42Z",
                          "isAnswer": false
                        }
                      }
                    ]
                  }
                }
              }
            ]
          }
        }
      },
      {
        "node": {
          "title": "<MOOSE TEST FAILURE>",
          "author": {
            "login": "Emmanuel-324"
          },
          "bodyText": "Check these boxes if you have followed the posting rules.\n\n Q&A Getting Started is the most appropriate category for my question (trouble installing, beginner user, ...)\n I have consulted the posting Guidelines on the Discussions front page\n I have searched the Discussions forum and my question has not been asked before\n I have searched the MOOSE website and the documentation does not answer my question\n I have formatted my post following the posting guidelines (avoid screenshots if possible, triple back quotes before/after pasted text, etc)\n\nIssue or question about MOOSE\nBelow is a snippet of my test :\n\noutputs/oversample.group/adapt .............................................................. FAILED (EXODIFF)\nics/from_exodus_solution.elem_var_1 ......................................................... FAILED (EXODIFF)\nexecutioners/fixed_point.tagged_solution_vector/var ........................................... FAILED (CRASH)\ntransfers/general_field/shape_evaluation/duplicated_shape_evaluation_tests.transfer/tosub_source_displaced FAILED (CRASH)\ninterfaces/reporterinterface.other_type_requested_error ...................... FAILED (EXPECTED ERROR MISSING)\ntransfers/general_field/nearest_node/between_siblings.from_sub_to_sub/elem_nodal .............. FAILED (CRASH)\nkernels/2d_diffusion.testmatdiffusion ......................................................... FAILED (CRASH)\nbounds.constant_bounds_elem ................................................................... FAILED (CRASH)\nkernels/ode.test_parsed_sys_impl .............................................................. FAILED (CRASH)\nmeshgenerators/sideset_around_subdomain_generator.group/multi_subs ............................ FAILED (CRASH)\nmeshgenerators/fill_between_sidesets_generator.squares_bias ................................... FAILED (CRASH)\nfviks/one-var-diffusion.run_except3 .......................................... FAILED (EXPECTED ERROR MISSING)\nmisc/block_user_object_check.variable_interface_error_block_any .............. FAILED (EXPECTED ERROR MISSING)\nmeshgenerators/subdomain_bounding_box_generator.oriented_subdomain_bounding_box_generator_test  FAILED (CRASH)\nmaterials/generic_materials.ranktwotensor/constant ............................................ FAILED (CRASH)\ndirackernels/constant_point_source.dim/3D ..................................................... FAILED (CRASH)\nmisc/rename-parameters.renamed/coupled-scalar ................................................. FAILED (CRASH)\nmisc/multiple-nl-systems.coupled_system/monolithic ............................................ FAILED (CRASH)\nquadrature/order.per-block-order-error ....................................... FAILED (EXPECTED ERROR MISSING)\nuserobjects/layered_integral.group/cumulative ................................................. FAILED (CRASH)\nmesh/save_in_meshes.save_in_name_error/save_in_name_as_main .................. FAILED (EXPECTED ERROR MISSING)\ngeomsearch/patch_update_strategy.always ....................................................... FAILED (CRASH)\nmortar/ad_periodic_segmental_constraint.testperiodicsole ...................................... FAILED (CRASH)\ntime_integrators/actually_explicit_euler.group/lump_preconditioned ............................ FAILED (CRASH)\ntime_integrators/explicit-euler.group/1d-quadratic-neumann .................................... FAILED (CRASH)\ntransfers/multiapp_high_order_variable_transfer.L2_Lagrange_nearest_node ...................... FAILED (CRASH)\ntransfers/general_field/nearest_node/boundary.3d_boxes/projection_needed_receiving ............ FAILED (CRASH)\nkernels/ad_2d_diffusion.neumann/ad ............................................................ FAILED (CRASH)\ntransfers/general_field/user_object/nearest_position.multiple_subapps ......................... FAILED (CRASH)\ncontrols/error.no_param_found ................................................ FAILED (EXPECTED ERROR MISSING)\nkernels/jxw_grad_test_dep_on_displacements.jxw_jacobian_cylindrical ....... FAILED (EXPECTED OUTPUT NOT FOUND)\ncontrols/pid_control.pid/basic_postprocessor .................................................. FAILED (CRASH)\nrestart/restart_transient_from_steady.steady_with_sub ......................................... FAILED (CRASH)\nkernels/ad_mat_diffusion.1D/ad_1D_transient_jacobian ...................... FAILED (EXPECTED OUTPUT NOT FOUND)\nvectorpostprocessors/material_vector_postprocessor.all_elements_block_restricted .............. FAILED (CRASH)\nbcs/ad_bcs.2nd_order_jac .................................................. FAILED (EXPECTED OUTPUT NOT FOUND)\nbcs/nodal_normals.cylinder_hexes .............................................................. FAILED (CRASH)\nmeshgenerators/parsed_generate_sideset.limit_to_one_bid ....................................... FAILED (CRASH)\nmeshgenerators/sidesets_between_subdomains_generator.group/two_subs ........................... FAILED (CRASH)\nmeshgenerators/block_to_mesh_converter_generator.extract_block/three_dimensional_test ......... FAILED (CRASH)\nmeshgenerators/refine_block_generator.generate/multiple_block ................................. FAILED (CRASH)\nmeshgenerators/move_node_generator.generate/shift ............................................. FAILED (CRASH)\nmaterials/functor_conversion.vector ........................................................... FAILED (CRASH)\nmaterials/has_material.hasMaterialProperty ................................... FAILED (EXPECTED ERROR MISSING)\nmaterials/coupled_value_function.order_duplicate_error ....................... FAILED (EXPECTED ERROR MISSING)\ndirackernels/point_caching.point_caching/adaptive_refinement .................................. FAILED (CRASH)\nmultiapps/run_in_position.errors/output_and_run_in_position .................. FAILED (EXPECTED ERROR MISSING)\nmultiapps/application_block_multiapps.errors/wrong_main_application_type ..... FAILED (EXPECTED ERROR MISSING)\nmultiapps/sub_cycling.test_sub_cycle_output ................................................... FAILED (CRASH)\nmultiapps/relaxation.sub_relaxed .............................................................. FAILED (CRASH)\n--------------------------------------------------------------------------------------------------------------\nRan 1952 tests in 1038.9 seconds. Average test time 3.0 seconds, maximum test time 133.1 seconds.\n1902 passed, 227 skipped, 0 pending, 50 FAILED\nMAX FAILURES REACHED\n\nDiagnostics for MOOSE installation issues\n[Optional] Output of the diagnostics scripts. To run the script: cd ~/projects/moose/scripts; ./diagnostics.sh",
          "url": "https://github.com/idaholab/moose/discussions/27641",
          "updatedAt": "2024-05-16T12:09:26Z",
          "publishedAt": "2024-05-16T00:12:29Z",
          "category": {
            "name": "Q&A Getting Started"
          },
          "comments": {
            "edges": [
              {
                "node": {
                  "author": {
                    "login": "GiudGiud"
                  },
                  "bodyText": "we need the output of the actual tests, not just the summary.\nWhich you would know if you had:\n\nI have searched the Discussions forum and my question has not been asked before",
                  "url": "https://github.com/idaholab/moose/discussions/27641#discussioncomment-9451741",
                  "updatedAt": "2024-05-16T00:17:51Z",
                  "publishedAt": "2024-05-16T00:17:50Z",
                  "isAnswer": false,
                  "replies": {
                    "edges": [
                      {
                        "node": {
                          "author": {
                            "login": "Emmanuel-324"
                          },
                          "bodyText": "Is this not the outcome of the test? Because I was testing it and everything seemed okay until it failed at the later part.",
                          "url": "https://github.com/idaholab/moose/discussions/27641#discussioncomment-9451977",
                          "updatedAt": "2024-05-16T01:12:07Z",
                          "publishedAt": "2024-05-16T01:12:06Z",
                          "isAnswer": false
                        }
                      },
                      {
                        "node": {
                          "author": {
                            "login": "milljm"
                          },
                          "bodyText": "Specifically, we're asking that you first try the instructions set forth here: https://mooseframework.inl.gov/help/troubleshooting.html\n(Getting Started, Troubleshooting)",
                          "url": "https://github.com/idaholab/moose/discussions/27641#discussioncomment-9457183",
                          "updatedAt": "2024-05-16T12:01:15Z",
                          "publishedAt": "2024-05-16T12:01:14Z",
                          "isAnswer": false
                        }
                      },
                      {
                        "node": {
                          "author": {
                            "login": "milljm"
                          },
                          "bodyText": "We also really appreciate it when folks format their posts when it contains copy/pasted text of errors. To format your post correctly, surround your copy/pasted text with three tick marks:\n```\npaste your errors here\n```\nTo make it looks like this:\npaste your errors here\n\nTo give you an idea as to why we like asking folks to do this, this is what it looks like when we receive posts that do not:",
                          "url": "https://github.com/idaholab/moose/discussions/27641#discussioncomment-9457266",
                          "updatedAt": "2024-05-16T12:09:26Z",
                          "publishedAt": "2024-05-16T12:09:26Z",
                          "isAnswer": false
                        }
                      }
                    ]
                  }
                }
              }
            ]
          }
        }
      },
      {
        "node": {
          "title": "Steady-State Relative Differential Norm nan but solve converges well",
          "author": {
            "login": "xu7875"
          },
          "bodyText": "Check these boxes if you have followed the posting rules.\n\n Q&A General is the most appropriate section for my question\n I have consulted the posting Guidelines on the Discussions front page\n I have searched the Discussions forum and my question has not been asked before\n I have searched the MOOSE website and the documentation does not answer my question\n I have formatted my post following the posting guidelines (screenshots as a last resort, triple back quotes around pasted text)\n\nQuestion\nHello MOOSE community,\nI have a question on detecting steady state.\nI got a report \"Steady-State Relative Differential Norm: -nan\" from my solve. However, my solve converges well.\nAfter several time steps, my nonlinear residual already drops below my set tolerance, which means the my system does not evolve anymore. However, Steady-State Relative Differential Norm: -nan.\nMy question is how come such on one hand, it converges, on the other hand, Steady-State Relative Differential Norm: -nan?\nThank you,\nJiangang",
          "url": "https://github.com/idaholab/moose/discussions/27642",
          "updatedAt": "2024-05-16T12:21:36Z",
          "publishedAt": "2024-05-16T08:38:21Z",
          "category": {
            "name": "Q&A General"
          },
          "comments": {
            "edges": [
              {
                "node": {
                  "author": {
                    "login": "xu7875"
                  },
                  "bodyText": "I have figured it out.\nI  haved turned on check_aux = true however there is no auxvariable or auxkernel in my input file.\nThank you.",
                  "url": "https://github.com/idaholab/moose/discussions/27642#discussioncomment-9455329",
                  "updatedAt": "2024-05-16T09:03:24Z",
                  "publishedAt": "2024-05-16T09:03:23Z",
                  "isAnswer": true,
                  "replies": {
                    "edges": []
                  }
                }
              }
            ]
          }
        }
      },
      {
        "node": {
          "title": "Not a registered object",
          "author": {
            "login": "Emmanuel-324"
          },
          "bodyText": "I get the error below when I run my input script. This was not the case before I installed my MOOSE again on my HPC cluster.\nA 'RankTwoScalarAux' is not a registered object.check_inp(moose_srv)\nIf you are trying to find this object in a dynamically loaded library, make sure thatcheck_inp(moose_srv)\nthe library can be found either in your \"Problem/library_path\" parameter or in thecheck_inp(moose_srv)\nMOOSE_LIBRARY_PATH environment variable.",
          "url": "https://github.com/idaholab/moose/discussions/27623",
          "updatedAt": "2024-05-16T03:20:08Z",
          "publishedAt": "2024-05-15T06:18:35Z",
          "category": {
            "name": "Q&A Modules: General"
          },
          "comments": {
            "edges": [
              {
                "node": {
                  "author": {
                    "login": "Rahim-Habibi"
                  },
                  "bodyText": "it means that 'RankTwoScalarAux' does not exist in your moose directory.\nprobably you need to check the directory: moose/modules/tensor_mechanics/src/auxkernels\nif it is not there, you can get it from moose page and put it in right directory, then compile it.",
                  "url": "https://github.com/idaholab/moose/discussions/27623#discussioncomment-9442828",
                  "updatedAt": "2024-05-15T08:33:01Z",
                  "publishedAt": "2024-05-15T08:33:00Z",
                  "isAnswer": false,
                  "replies": {
                    "edges": [
                      {
                        "node": {
                          "author": {
                            "login": "GiudGiud"
                          },
                          "bodyText": "This auxkernel has been around since 2017 so I dont think that's the problem.\nI think the executable is not compiled with the solid mechanics module maybe? Can you check the Makefile for your app and make sure the SOLID_MECHANICS field is set to yes?\nOnce that's done, you ll need to clean and recompile\n\nif it is not there, you can get it from moose page and put it in right directory, then compile it.\n\nwe dont recommend doing that.\nInstead update MOOSE.",
                          "url": "https://github.com/idaholab/moose/discussions/27623#discussioncomment-9445018",
                          "updatedAt": "2024-05-15T12:11:08Z",
                          "publishedAt": "2024-05-15T12:11:07Z",
                          "isAnswer": false
                        }
                      },
                      {
                        "node": {
                          "author": {
                            "login": "GiudGiud"
                          },
                          "bodyText": "when you clean, use git clean -xfd and use it in the top folder of the app",
                          "url": "https://github.com/idaholab/moose/discussions/27623#discussioncomment-9449273",
                          "updatedAt": "2024-05-15T18:05:33Z",
                          "publishedAt": "2024-05-15T18:05:32Z",
                          "isAnswer": false
                        }
                      },
                      {
                        "node": {
                          "author": {
                            "login": "Emmanuel-324"
                          },
                          "bodyText": "I set all my modules to yes when I compiled my application. Nevertheless, I am going to do it again.",
                          "url": "https://github.com/idaholab/moose/discussions/27623#discussioncomment-9450828",
                          "updatedAt": "2024-05-15T21:31:48Z",
                          "publishedAt": "2024-05-15T21:31:47Z",
                          "isAnswer": false
                        }
                      },
                      {
                        "node": {
                          "author": {
                            "login": "GiudGiud"
                          },
                          "bodyText": "The cleaning before compiling part is important too unfortunately",
                          "url": "https://github.com/idaholab/moose/discussions/27623#discussioncomment-9450873",
                          "updatedAt": "2024-05-15T21:37:24Z",
                          "publishedAt": "2024-05-15T21:37:24Z",
                          "isAnswer": false
                        }
                      },
                      {
                        "node": {
                          "author": {
                            "login": "Emmanuel-324"
                          },
                          "bodyText": "Yes, I cleaned my app folder before compiling it. For the record, I used this in compiling:\ncd ~/projects/YourAppName\nmake clobberall\nmake -j 6\n./run_tests -j 6",
                          "url": "https://github.com/idaholab/moose/discussions/27623#discussioncomment-9450906",
                          "updatedAt": "2024-05-15T21:40:35Z",
                          "publishedAt": "2024-05-15T21:40:34Z",
                          "isAnswer": false
                        }
                      },
                      {
                        "node": {
                          "author": {
                            "login": "Emmanuel-324"
                          },
                          "bodyText": "I run into this problem after doing that:\nWASP does not seem to be available.\nMake sure to either run scripts/update_and_rebuild_wasp.sh in your MOOSE directory,\nor set WASP_DIR to a valid WASP install\nmake: *** [wasp_submodule_status] Error 1\nmake: *** Waiting for unfinished jobs....\nRebuilding symlinks in /home/emmanuel324/projects/moose/framework/build/header_symlinks\n(python-stack) [emmanuel324@tinkercliffs1 belson]$ ./run_tests -j 6",
                          "url": "https://github.com/idaholab/moose/discussions/27623#discussioncomment-9450924",
                          "updatedAt": "2024-05-15T21:46:51Z",
                          "publishedAt": "2024-05-15T21:43:29Z",
                          "isAnswer": false
                        }
                      },
                      {
                        "node": {
                          "author": {
                            "login": "GiudGiud"
                          },
                          "bodyText": "you forgot to activate the moose environment",
                          "url": "https://github.com/idaholab/moose/discussions/27623#discussioncomment-9450944",
                          "updatedAt": "2024-05-15T21:45:34Z",
                          "publishedAt": "2024-05-15T21:45:33Z",
                          "isAnswer": false
                        }
                      },
                      {
                        "node": {
                          "author": {
                            "login": "GiudGiud"
                          },
                          "bodyText": "note that make clobberall is not cleaning enough. You need to bring out the big deep clean guns with git clean -Xfd",
                          "url": "https://github.com/idaholab/moose/discussions/27623#discussioncomment-9450952",
                          "updatedAt": "2024-05-15T21:47:32Z",
                          "publishedAt": "2024-05-15T21:46:01Z",
                          "isAnswer": false
                        }
                      },
                      {
                        "node": {
                          "author": {
                            "login": "Emmanuel-324"
                          },
                          "bodyText": "I did git clean-xfd in my app folder\n(python-stack) [emmanuel324@tinkercliffs1 belson]$ git clean -xfd\nRemoving .libs/\nRemoving .previous_test_results.json\nRemoving belson-opt\nRemoving belson.yaml\nRemoving build/\nRemoving key\nRemoving key.pub\nRemoving lib/\nRemoving restartkks/input_slip_sys.txt\nRemoving restartkks/input_slip_sys_bcc48.txt\nRemoving restartkks/kks_multiphase_largescale_large_out.e-s183\nRemoving restartkks/restartkks_soriginal.out\nRemoving src/.libs/\nRemoving src/main.x86_64-pc-linux-gnu.opt.lo\nRemoving src/main.x86_64-pc-linux-gnu.opt.lo.d\nRemoving test/lib/\nRemoving test/src/base/.libs/\nRemoving test/src/base/belsonTestApp.x86_64-pc-linux-gnu.opt.lo\nRemoving test/src/base/belsonTestApp.x86_64-pc-linux-gnu.opt.lo.d\nRemoving test/tests/kernels/simple_diffusion/simple_diffusion_out.e",
                          "url": "https://github.com/idaholab/moose/discussions/27623#discussioncomment-9450967",
                          "updatedAt": "2024-05-15T21:48:21Z",
                          "publishedAt": "2024-05-15T21:48:21Z",
                          "isAnswer": false
                        }
                      },
                      {
                        "node": {
                          "author": {
                            "login": "GiudGiud"
                          },
                          "bodyText": "ok good. be careful with this btw, it removes absoltely everything that has not been committed",
                          "url": "https://github.com/idaholab/moose/discussions/27623#discussioncomment-9450981",
                          "updatedAt": "2024-05-15T21:50:52Z",
                          "publishedAt": "2024-05-15T21:50:38Z",
                          "isAnswer": false
                        }
                      }
                    ]
                  }
                }
              }
            ]
          }
        }
      },
      {
        "node": {
          "title": "Using FileMeshComponent of THM and TensorMechanics together in the same input file",
          "author": {
            "login": "SomnusYu"
          },
          "bodyText": "Check these boxes if you have followed the posting rules.\n\n Q&A General is the most appropriate section for my question\n I have consulted the posting Guidelines on the Discussions front page\n I have searched the Discussions forum and my question has not been asked before\n I have searched the MOOSE website and the documentation does not answer my question\n I have formatted my post following the posting guidelines (screenshots as a last resort, triple back quotes around pasted text)\n\nQuestion\nHi all,\nI would like to use FileMeshComponent of [THM], [TensorMechanics], and [heat conduction] together in the same input file to do the fully coupled simulation.\nIf the [TensorMechanics] is not included in this file, there is no problem. If I add the [TensorMechanics] part in the input file, the error shows:\n\nHere is the simple input file:\nfile_mesh_component.txt\nI checked the position of this error in QuasiStaticSolidMechanicsPhysics:\n\nI think each block and subdomain is defined. Why did this error occur?",
          "url": "https://github.com/idaholab/moose/discussions/27632",
          "updatedAt": "2024-05-16T01:15:11Z",
          "publishedAt": "2024-05-15T15:25:08Z",
          "category": {
            "name": "Q&A General"
          },
          "comments": {
            "edges": [
              {
                "node": {
                  "author": {
                    "login": "GiudGiud"
                  },
                  "bodyText": "Hello\nThis is not possible currently. Unless you create a SolidMechanicsComponent that does a lot of what the TensorMechanics action does. This is what was was done for the FlowComponentNS\nI am reworking components in this PR\n#27593\nOnce I m done there you ll be able to instantiate any of 'Physics' on this kind of component.\nGuillaume",
                  "url": "https://github.com/idaholab/moose/discussions/27632#discussioncomment-9447787",
                  "updatedAt": "2024-05-15T15:41:21Z",
                  "publishedAt": "2024-05-15T15:41:20Z",
                  "isAnswer": false,
                  "replies": {
                    "edges": [
                      {
                        "node": {
                          "author": {
                            "login": "SomnusYu"
                          },
                          "bodyText": "I got it, thanks!",
                          "url": "https://github.com/idaholab/moose/discussions/27632#discussioncomment-9451993",
                          "updatedAt": "2024-05-16T01:15:11Z",
                          "publishedAt": "2024-05-16T01:15:11Z",
                          "isAnswer": false
                        }
                      }
                    ]
                  }
                }
              }
            ]
          }
        }
      }
    ]
  }
}