{
  "discussions": {
    "pageInfo": {
      "hasNextPage": true,
      "endCursor": "Y3Vyc29yOnYyOpK5MjAyNC0wNS0wMVQxMzowNzozOS0wNjowMM4AZI7S"
    },
    "edges": [
      {
        "node": {
          "title": "MPI_Init error on HPC",
          "author": {
            "login": "lyyc199586"
          },
          "bodyText": "Hello, I am updating MOOSE on PSC, after install petsc, libmesh, and wasp, I build moose test and ./run_tests, get:\nmisc/check_error.function_conflict: Working Directory: /ocean/projects/mch230012p/yliup/projects/raccoon/moose/test/tests/misc/check_error\nmisc/check_error.function_conflict: Running command: /ocean/projects/mch230012p/yliup/projects/raccoon/moose/test/moose_test-opt -i function_conflict.i --error-override --no-gdb-backtrace\nmisc/check_error.function_conflict: [r001.ib.bridges2.psc.edu:04964] OPAL ERROR: Unreachable in file pmix3x_client.c at line 112\nmisc/check_error.function_conflict: --------------------------------------------------------------------------\nmisc/check_error.function_conflict: The application appears to have been direct launched using \"srun\",\nmisc/check_error.function_conflict: but OMPI was not built with SLURM's PMI support and therefore cannot\nmisc/check_error.function_conflict: execute. There are several options for building PMI support under\nmisc/check_error.function_conflict: SLURM, depending upon the SLURM version you are using:\nmisc/check_error.function_conflict: \nmisc/check_error.function_conflict:   version 16.05 or later: you can use SLURM's PMIx support. This\nmisc/check_error.function_conflict:   requires that you configure and build SLURM --with-pmix.\nmisc/check_error.function_conflict: \nmisc/check_error.function_conflict:   Versions earlier than 16.05: you must use either SLURM's PMI-1 or\nmisc/check_error.function_conflict:   PMI-2 support. SLURM builds PMI-1 by default, or you can manually\nmisc/check_error.function_conflict:   install PMI-2. You must then build Open MPI using --with-pmi pointing\nmisc/check_error.function_conflict:   to the SLURM PMI library location.\nmisc/check_error.function_conflict: \nmisc/check_error.function_conflict: Please configure as appropriate and try again.\nmisc/check_error.function_conflict: --------------------------------------------------------------------------\nmisc/check_error.function_conflict: *** An error occurred in MPI_Init_thread\nmisc/check_error.function_conflict: *** on a NULL communicator\nmisc/check_error.function_conflict: *** MPI_ERRORS_ARE_FATAL (processes in this communicator will now abort,\nmisc/check_error.function_conflict: ***    and potentially your MPI job)\nmisc/check_error.function_conflict: [r001.ib.bridges2.psc.edu:04964] Local abort before MPI_INIT completed completed successfully, but am not able to aggregate error messages, and not able to guarantee that all other processes were killed!\nmisc/check_error.function_conflict: ################################################################################\nmisc/check_error.function_conflict: \nmisc/check_error.function_conflict: Unable to match the following pattern against the program's output:\nmisc/check_error.function_conflict: \nmisc/check_error.function_conflict: Function name 'x' could evaluate as a ParsedFunction\nmisc/check_error.function_conflict: \nmisc/check_error.function_conflict: ################################################################################\nmisc/check_error.function_conflict: Tester failed, reason: EXPECTED OUTPUT MISSING\nmisc/check_error.function_conflict: \nmisc/check_error.function_conflict .......................................... FAILED (EXPECTED OUTPUT MISSING)\nfinal test results:\nFinal Test Results:\n--------------------------------------------------------------------------------------------------------------\nmisc/check_error.node_value_off_block ..................................................... [METHOD!=DBG] SKIP\nmisc/check_error.bad_second_order_test .................................................... [METHOD!=DBG] SKIP\noutputs/format.tecplot_bin_test_override ............................................... [TECPLOT!=FALSE] SKIP\nsamplers/base.errors/setNumberOfRows ............................................... [METHOD!=DBG, DEVEL] SKIP\nsamplers/base.errors/setNumberOfCols ............................................... [METHOD!=DBG, DEVEL] SKIP\nauxkernels/solution_aux.aux_nonlinear_solution/from_xdr ........................ [--with-dof-id-bytes!=4] SKIP\nproblems/eigen_problem/eigensolvers.no_slepc ............................................. [SLEPC!=FALSE] SKIP\nfunctions/image_function.3d_subset .......................................................... [VTK!=TRUE] SKIP\nfunctions/image_function.image_mesh_3d ...................................................... [VTK!=TRUE] SKIP\nfunctions/image_function.flip ............................................................... [VTK!=TRUE] SKIP\nfunctions/image_function.component .......................................................... [VTK!=TRUE] SKIP\nfunctions/image_function.threshold_adapt .................................................... [VTK!=TRUE] SKIP\nfunctions/image_function.3d ................................................................. [VTK!=TRUE] SKIP\nfunctions/image_function.crop ............................................................... [VTK!=TRUE] SKIP\nfunctions/image_function.moose_logo ......................................................... [VTK!=TRUE] SKIP\nfunctions/image_function.subset ............................................................. [VTK!=TRUE] SKIP\nfunctions/image_function.threshold_adapt_parallel_check_files ............................... [VTK!=TRUE] SKIP\nfunctions/image_function.threshold .......................................................... [VTK!=TRUE] SKIP\nfunctions/image_function.2d_elemental ....................................................... [VTK!=TRUE] SKIP\nfunctions/image_function.flip_quad .......................................................... [VTK!=TRUE] SKIP\nfunctions/image_function.image_mesh_2d ...................................................... [VTK!=TRUE] SKIP\nfunctions/image_function.2d ................................................................. [VTK!=TRUE] SKIP\nfunctions/image_function.flip_dual .......................................................... [VTK!=TRUE] SKIP\nfunctions/image_function.shift_and_scale .................................................... [VTK!=TRUE] SKIP\nfunctions/image_function.threshold_adapt_parallel ........................................... [VTK!=TRUE] SKIP\nmeshgenerators/rename_block_generator.deprecated/name ..................................... [no deepdiff] SKIP\nmeshgenerators/rename_block_generator.rename/all_ids ...................................... [no deepdiff] SKIP\nmeshgenerators/rename_block_generator.merge ............................................... [no deepdiff] SKIP\nmeshgenerators/rename_block_generator.rename/old_names_new_ids ............................ [no deepdiff] SKIP\nmeshgenerators/rename_block_generator.deprecated/id ....................................... [no deepdiff] SKIP\nmeshgenerators/rename_block_generator.rename/mixed ........................................ [no deepdiff] SKIP\nmeshgenerators/rename_block_generator.rename/old_ids_new_names ............................ [no deepdiff] SKIP\nmeshgenerators/rename_block_generator.rename/all_names .................................... [no deepdiff] SKIP\nmeshgenerators/file_mesh_generator.exodus_iga_test [VTK version not detected. REQ: >=9.1, VTK!=TRUE, ...] SKIP\nmeshgenerators/file_mesh_generator.exodus_iga_nosplines_test [VTK version not detected. REQ: >=9.1, V...] SKIP\nmeshgenerators/file_mesh_generator.exodus_pseudoiga_test [VTK version not detected. REQ: >=9.1, VTK!=...] SKIP\nmortar/continuity-3d-non-conforming.continuity_sphere_hex20 [Minimum AD size 200 needed, but MOOSE is...] SKIP\nmortar/continuity-3d-non-conforming.continuity_tet14 [Minimum AD size 100 needed, but MOOSE is config...] SKIP\nmortar/continuity-3d-non-conforming.continuity_sphere_hex27-debug-mesh [Minimum AD size 200 needed, b...] SKIP\nmortar/continuity-3d-non-conforming.continuity_tet10 [Minimum AD size 100 needed, but MOOSE is config...] SKIP\nmortar/continuity-3d-non-conforming.continuity_sphere_hex27 [Minimum AD size 200 needed, but MOOSE is...] SKIP\nsystem_interfaces.partitioner/party ....................................................... [PARTY!=TRUE] SKIP\nsystem_interfaces.thread/pthread .................................................. [THREADING!=PTHREADS] SKIP\nsystem_interfaces.libraries/vtk ............................................................. [VTK!=TRUE] SKIP\nsystem_interfaces.partitioner/chaco ....................................................... [CHACO!=TRUE] SKIP\nsystem_interfaces.compiler/clang ...................................................... [COMPILER!=CLANG] SKIP\nuserobjects/element_subdomain_modifier.error-distributed ....................... [MESH_MODE!=DISTRIBUTED] SKIP\nfvkernels/mms/advective-outflow.QUICKLimiter .................................................... [HEAVY] SKIP\nutils/libtorch_nn/ann.libtorch-nn-errors/wrong-activation-number ....................... [LIBTORCH!=TRUE] SKIP\nutils/libtorch_nn/ann.libtorch-nn-optimizer/rmsprop .................................... [LIBTORCH!=TRUE] SKIP\nutils/libtorch_nn/ann.libtorch-nn-activation/linear .................................... [LIBTORCH!=TRUE] SKIP\nutils/libtorch_nn/ann.libtorch-nn-activation/sigmoid ................................... [LIBTORCH!=TRUE] SKIP\nutils/libtorch_nn/ann.libtorch-nn-errors/wrong-activation .............................. [LIBTORCH!=TRUE] SKIP\nutils/libtorch_nn/ann.libtorch-nn-optimizer/adam ....................................... [LIBTORCH!=TRUE] SKIP\nutils/libtorch_nn/ann.libtorch-nn-activation/elu ....................................... [LIBTORCH!=TRUE] SKIP\nutils/libtorch_nn/ann.libtorch-nn-activation/relu ...................................... [LIBTORCH!=TRUE] SKIP\nutils/libtorch_nn/ann.libtorch-nn-errors/wrong-optimizer ............................... [LIBTORCH!=TRUE] SKIP\nutils/libtorch_nn/ann.libtorch-nn-optimizer/sgd ........................................ [LIBTORCH!=TRUE] SKIP\nutils/libtorch_nn/ann.libtorch-nn-optimizer/adagrad .................................... [LIBTORCH!=TRUE] SKIP\nutils/libtorch_nn/ann.libtorch-nn-activation/gelu ...................................... [LIBTORCH!=TRUE] SKIP\ndgkernels/2d_diffusion_dg.no_additional_rms_distributed ........................ [MESH_MODE!=DISTRIBUTED] SKIP\ndgkernels/2d_diffusion_dg.proper_ghosting_with_action_parallel_distributed ..... [MESH_MODE!=DISTRIBUTED] SKIP\ndgkernels/2d_diffusion_dg.proper_ghosting_with_action_serial_distributed ....... [MESH_MODE!=DISTRIBUTED] SKIP\nmesh/splitting.split_with_distributed_error .................................... [MESH_MODE!=DISTRIBUTED] SKIP\nmesh/splitting.meshgenerators_acting_on_split .................................. [MESH_MODE!=DISTRIBUTED] SKIP\npartitioners/petsc_partitioner.chaco ............ [PLATFORM!=DARWIN, CHACO!=TRUE, --with-dof-id-bytes!=4] SKIP\npartitioners/petsc_partitioner.party ...................................................... [PARTY!=TRUE] SKIP\ntransfers/multiapp_reporter_transfer.clone_type/type_specified ............................ [no deepdiff] SKIP\ntransfers/multiapp_reporter_transfer.reporter ............................................. [no deepdiff] SKIP\ntransfers/multiapp_reporter_transfer.clone/parallel ....................................... [no deepdiff] SKIP\ntransfers/multiapp_reporter_transfer.clone/serial ......................................... [no deepdiff] SKIP\nmortar/periodic_segmental_constraint.periodic_aux2d [Minimum AD size 100 needed, but MOOSE is configu...] SKIP\nmortar/periodic_segmental_constraint.penalty_periodic_simple3d [Minimum AD size 100 needed, but MOOSE...] SKIP\nmortar/periodic_segmental_constraint.penalty_periodic_split [Minimum AD size 100 needed, but MOOSE is...] SKIP\nmortar/periodic_segmental_constraint.periodic_simple2d [Minimum AD size 100 needed, but MOOSE is conf...] SKIP\nmortar/periodic_segmental_constraint.periodic_simple3d [Minimum AD size 100 needed, but MOOSE is conf...] SKIP\npositions.test/multiapps .................................................................. [no deepdiff] SKIP\npositions.test/blocks_and_extra_ids ....................................................... [no deepdiff] SKIP\npositions.test/input ...................................................................... [no deepdiff] SKIP\npositions.operations/distribution ......................................................... [no deepdiff] SKIP\npositions.test/functors ................................................................... [no deepdiff] SKIP\npositions.test/mesh_elements .............................................................. [no deepdiff] SKIP\npositions.operations/transform ............................................................ [no deepdiff] SKIP\npositions.test/multiapps_centroids ........................................................ [no deepdiff] SKIP\npositions.test/reporter ................................................................... [no deepdiff] SKIP\npositions.test/file ....................................................................... [no deepdiff] SKIP\ntimes.test/functors ....................................................................... [no deepdiff] SKIP\ntimes.test/time_interval_with_end ......................................................... [no deepdiff] SKIP\ntimes.test/reporter ....................................................................... [no deepdiff] SKIP\ntimes.test/exodus ......................................................................... [no deepdiff] SKIP\ntimes.test/time_interval_custom ........................................................... [no deepdiff] SKIP\ntimes.test/input .......................................................................... [no deepdiff] SKIP\ntimes.test/csv ............................................................................ [no deepdiff] SKIP\ntimes.test/time_interval_without_end ...................................................... [no deepdiff] SKIP\ntimes.test/simulation ..................................................................... [no deepdiff] SKIP\noutputs/iterative.vtk ............................................ [VTK!=TRUE, no deepdiff, no xmltodict] SKIP\nmisc/jacobian.inf_nan ................................................. [using PETSc 3.20.3 REQ: <3.19.3] SKIP\nmeshgenerators/rename_boundary_generator.rename/mixed ..................................... [no deepdiff] SKIP\nmeshgenerators/rename_boundary_generator.rename/old_ids_new_names ......................... [no deepdiff] SKIP\nmeshgenerators/rename_boundary_generator.merge ............................................ [no deepdiff] SKIP\nmeshgenerators/rename_boundary_generator.rename/all_names ................................. [no deepdiff] SKIP\nmeshgenerators/rename_boundary_generator.rename/all_ids ................................... [no deepdiff] SKIP\nmeshgenerators/rename_boundary_generator.rename/identical_name_and_id ..................... [no deepdiff] SKIP\nmeshgenerators/rename_boundary_generator.rename/old_names_new_ids ......................... [no deepdiff] SKIP\nmisc/signal_handler.test_signal_debug ..................................................... [METHOD!=DBG] SKIP\nmisc/signal_handler.test_signal_recover_exodiff_debug .................. [METHOD!=DBG,skipped dependency] SKIP\nmisc/signal_handler.test_signal_recover_debug .......................... [METHOD!=DBG,skipped dependency] SKIP\nmisc/solution_invalid.test/solution_valid_recover ...................... [no deepdiff,skipped dependency] SKIP\nmisc/solution_invalid.solution_invalid_parallel ........................................... [no deepdiff] SKIP\nmisc/solution_invalid.test/solution_valid_checkpoint ...................................... [no deepdiff] SKIP\nmisc/solution_invalid.solution_invalid_transient .......................................... [no deepdiff] SKIP\nmisc/solution_invalid.solution_invalid_json ............................................... [no deepdiff] SKIP\npreconditioners/fsp.group/fsp_image ......................................................... [VTK!=TRUE] SKIP\nmeshgenerators/sideset_around_subdomain_generator.group/adjacent_to_boundary ... [MESH_MODE!=DISTRIBUTED] SKIP\nreporters/restartable_data_reporter.map ................................................... [no deepdiff] SKIP\nreporters/restartable_data_reporter.allow_unimplemented ................................... [no deepdiff] SKIP\nreporters/restartable_data_reporter.detailed .............................................. [no deepdiff] SKIP\nreporters/restartable_data_reporter.exclude ............................................... [no deepdiff] SKIP\nreporters/restartable_data_reporter.test .................................................. [no deepdiff] SKIP\nmeshgenerators/block_to_mesh_converter_generator.errors/distributed ............ [MESH_MODE!=DISTRIBUTED] SKIP\ncontrols/error.tid_warehouse_error ........................................................ [METHOD!=DBG] SKIP\nmortar/ad_periodic_segmental_constraint.periodic_simple2d [Minimum AD size 100 needed, but MOOSE is c...] SKIP\nmortar/ad_periodic_segmental_constraint.periodic_simple3d [Minimum AD size 100 needed, but MOOSE is c...] SKIP\nmortar/ad_periodic_segmental_constraint.penalty_periodic_simple3d [Minimum AD size 100 needed, but MO...] SKIP\nmortar/convergence-studies/continuity-3d.p2p0 [Minimum AD size 100 needed, but MOOSE is configured wi...] SKIP\nmortar/convergence-studies/continuity-3d.p1p0 ................................................... [HEAVY] SKIP\nmortar/convergence-studies/continuity-3d.p2p2 [Minimum AD size 100 needed, but MOOSE is configured wi...] SKIP\nmortar/convergence-studies/continuity-3d.p1p1dual ............................................... [HEAVY] SKIP\nmortar/convergence-studies/continuity-3d.p2p1 [Minimum AD size 100 needed, but MOOSE is configured wi...] SKIP\nmortar/convergence-studies/continuity-3d.p1p1 ................................................... [HEAVY] SKIP\nperformance.os/macOS ................................................................. [PLATFORM!=DARWIN] SKIP\nperformance.os/linux ................................................................. [PLATFORM!=DARWIN] SKIP\noutputs/vtk.solution/diff_serial_mesh ............................ [VTK!=TRUE, no deepdiff, no xmltodict] SKIP\noutputs/vtk.solution/diff_parallel_mesh [#6149, MESH_MODE!=DISTRIBUTED, VTK!=TRUE, no deepdiff, no xm...] SKIP\noutputs/vtk.files/parallel .................................................................. [VTK!=TRUE] SKIP\noutputs/vtk.files/serial .................................................................... [VTK!=TRUE] SKIP\noutputs/vtk.solution/diff_serial_mesh_parallel ................... [VTK!=TRUE, no deepdiff, no xmltodict] SKIP\noutputs/nemesis.nemesis_elemental_distributed .................................. [MESH_MODE!=DISTRIBUTED] SKIP\noutputs/nemesis.nemesis_scalar_distributed ..................................... [MESH_MODE!=DISTRIBUTED] SKIP\nmortar/convergence-studies/gap-conductance.p1p0 ................................................. [HEAVY] SKIP\nmortar/convergence-studies/gap-conductance.p2p1 ................................................. [HEAVY] SKIP\nmortar/convergence-studies/gap-conductance.p2p2 ................................................. [HEAVY] SKIP\nmortar/convergence-studies/gap-conductance.p1p1 ................................................. [HEAVY] SKIP\nmortar/convergence-studies/gap-conductance.p2p0 ................................................. [HEAVY] SKIP\nmortar/convergence-studies/solution-continuity.p2p0 ............................................. [HEAVY] SKIP\nmortar/convergence-studies/solution-continuity.p1p0 ............................................. [HEAVY] SKIP\nmortar/convergence-studies/solution-continuity.p2p1 ............................................. [HEAVY] SKIP\nmortar/convergence-studies/solution-continuity.p2p2 ............................................. [HEAVY] SKIP\nmortar/convergence-studies/solution-continuity.p1p1 ............................................. [HEAVY] SKIP\nfvkernels/fv_adapt.steady-mms ................................................................... [HEAVY] SKIP\nparser/param_substitution.debug_units ..................................................... [METHOD!=DBG] SKIP\npartitioners/block_weighted_partitioner.tests/distributed_mesh ................. [MESH_MODE!=DISTRIBUTED] SKIP\nreporters/constant_reporter.constant_reporter ............................................. [no deepdiff] SKIP\nfunctions/image_function/error.errors/invalid_file .......................................... [VTK!=TRUE] SKIP\nfunctions/image_function/error.errors/component ............................................. [VTK!=TRUE] SKIP\nfunctions/image_function/error.errors/file_suffix ........................................... [VTK!=TRUE] SKIP\npositions/creating_multiapps.test ......................................................... [no deepdiff] SKIP\npositions/creating_multiapps.initial_positions ............................................ [no deepdiff] SKIP\ncontrols/libtorch_nn_control.run-without-nn ............................................ [LIBTORCH!=TRUE] SKIP\ncontrols/libtorch_nn_control.run-with-torch-parameters .................... [LIBTORCH!=TRUE, no deepdiff] SKIP\ncontrols/libtorch_nn_control.invalid-torchscript-error ................................. [LIBTORCH!=TRUE] SKIP\ncontrols/libtorch_nn_control.run-torch-script .......................................... [LIBTORCH!=TRUE] SKIP\nutils/shuffle.resample .................................................................... [no deepdiff] SKIP\nutils/shuffle.serial ...................................................................... [no deepdiff] SKIP\nutils/shuffle.swap ........................................................................ [no deepdiff] SKIP\ntransfers/multiapp_interpolation_transfer.fromsub_restricted ......................... [PLATFORM!=DARWIN] SKIP\nreporters/iteration_info.info/limit ....................................................... [no deepdiff] SKIP\nreporters/iteration_info.info/default ..................................................... [no deepdiff] SKIP\nreporters/iteration_info.info/steady ...................................................... [no deepdiff] SKIP\nreporters/extra_id_integral.test/default .................................................. [no deepdiff] SKIP\nreporters/extra_id_integral.test/multi_ids_multi_vars ..................................... [no deepdiff] SKIP\nreporters/extra_id_integral.test/multi_ids ................................................ [no deepdiff] SKIP\nreporters/declare_initial_setup.declareInitialSetup/initialSetup_only ..................... [no deepdiff] SKIP\nreporters/declare_initial_setup.declareInitialSetup/initialSetup_with_info ................ [no deepdiff] SKIP\nreporters/declare_initial_setup.decalareInitialSetup_with_get ............................. [no deepdiff] SKIP\nmeshgenerators/mesh_repair_generator.node_overlap ......................................... [no deepdiff] SKIP\nmeshgenerators/mesh_repair_generator.separate_element_types ............................... [no deepdiff] SKIP\nmeshgenerators/image_mesh_generator.image/3d ................................................ [VTK!=TRUE] SKIP\nmeshgenerators/image_mesh_generator.image/2d ................................................ [VTK!=TRUE] SKIP\noutputs/xml.parallel/replicated ............................................. [no deepdiff, no xmltodict] SKIP\noutputs/xml.parallel/distributed ............................................ [no deepdiff, no xmltodict] SKIP\noutputs/png.image_tests/wedge ............................................................ [LIBPNG!=TRUE] SKIP\noutputs/png.image_tests/square_domain .................................................... [LIBPNG!=TRUE] SKIP\noutputs/png.image_tests/adv_diff_reaction ................................................ [LIBPNG!=TRUE] SKIP\nvectorpostprocessors/work_balance.work_balance/distributed ..................... [MESH_MODE!=DISTRIBUTED] SKIP\nfvkernels/mms/non-orthogonal.compact ............................................................ [HEAVY] SKIP\nfvkernels/mms/non-orthogonal.extended ................................................... [#20953, HEAVY] SKIP\nreporters/mesh_info.info/default .......................................................... [no deepdiff] SKIP\nreporters/mesh_info.info/limit ............................................................ [no deepdiff] SKIP\nmeshgenerators/boundary_deletion_generator.boundary_deletion_test ......................... [no deepdiff] SKIP\nmeshgenerators/parsed_element_deletion_generator.centroid_position ........................ [no deepdiff] SKIP\nmeshgenerators/parsed_element_deletion_generator.volume_too_small ......................... [no deepdiff] SKIP\nrelationship_managers/two_rm.evaluable_neighbors/distributed ................... [MESH_MODE!=DISTRIBUTED] SKIP\nrelationship_managers/two_rm.evaluable_neighbors/replicated .................... [--with-dof-id-bytes!=4] SKIP\nutils/libtorch_nn/torch_script.libtorch-torch-script ................................... [LIBTORCH!=TRUE] SKIP\nminimal_app.minimal ........................................................................ [NO DISPLAY] SKIP\nreporters/element_reporter.elem_stats ..................................................... [no deepdiff] SKIP\nreporters/accumulated_reporter.accumulate_reporter ........................................ [no deepdiff] SKIP\nreporters/nodal_reporter.nodal_stats ...................................................... [no deepdiff] SKIP\nreporters/mesh_meta_data_reporter.test .................................................... [no deepdiff] SKIP\nmeshgenerators/map_extra_element_ids.map_ids_test ......................................... [no deepdiff] SKIP\noutputs/vpp_as_reporter.test .............................................................. [no deepdiff] SKIP\noutputs/pp_as_reporter.test ............................................................... [no deepdiff] SKIP\noutputs/hide_via_reporters_block.test ..................................................... [no deepdiff] SKIP\noutputs/json/one_file_per_timestep.basic .................................................. [no deepdiff] SKIP\nmisc/execute_on.test ...................................................................... [no deepdiff] SKIP\nmisc/check_error.function_conflict .......................................... FAILED (EXPECTED OUTPUT MISSING)\nmisc/check_error.function_file_test11 ........................................ FAILED (EXPECTED ERROR MISSING)\nmisc/check_error.missing_active_section_test ................................. FAILED (EXPECTED ERROR MISSING)\nmisc/check_error.missing_req_par_moose_obj_test .............................. FAILED (EXPECTED ERROR MISSING)\nmisc/check_error.coupled_constant_yet_needs_name ............................. FAILED (EXPECTED ERROR MISSING)\nmisc/check_error.function_file_test12 ........................................ FAILED (EXPECTED ERROR MISSING)\nmisc/check_error.missing_coupled_mat_prop_test ............................... FAILED (EXPECTED ERROR MISSING)\nmisc/check_error.missing_required_param_in_kernel_test ....................... FAILED (EXPECTED ERROR MISSING)\nmisc/check_error.missing_executioner ......................................... FAILED (EXPECTED ERROR MISSING)\nmisc/check_error.function_file_test13 ........................................ FAILED (EXPECTED ERROR MISSING)\nmisc/check_error.coupled_grad_without_declare ................................ FAILED (EXPECTED ERROR MISSING)\nmisc/check_error.missing_var_parameter_test .................................. FAILED (EXPECTED ERROR MISSING)\nmisc/check_error.nodal_bc_on_elemental_var ................................... FAILED (EXPECTED ERROR MISSING)\nmisc/check_error.scalar_kernel_with_var ...................................... FAILED (EXPECTED ERROR MISSING)\nmisc/check_error.steady_no_converge ......................................... FAILED (EXPECTED OUTPUT MISSING)\nmisc/check_error.function_file_test14 ........................................ FAILED (EXPECTED ERROR MISSING)\nmisc/check_error.missing_function_file_test .................................. FAILED (EXPECTED ERROR MISSING)\nmisc/check_error.missing_required_coupled_test ............................... FAILED (EXPECTED ERROR MISSING)\nmisc/check_error.check_git_lfs_pointer ....................................... FAILED (EXPECTED ERROR MISSING)\nmisc/check_error.multi_precond_test .......................................... FAILED (EXPECTED ERROR MISSING)\nmisc/check_error.range_check_param ........................................... FAILED (EXPECTED ERROR MISSING)\nmisc/check_error.function_file_test15 ........................................ FAILED (EXPECTED ERROR MISSING)\nmisc/check_error.missing_function_test ....................................... FAILED (EXPECTED ERROR MISSING)\nmisc/check_error.check_git_lfs_pointer_fmg ................................... FAILED (EXPECTED ERROR MISSING)\nmisc/check_error.coupled_nodal_for_non_nodal_variable_older .................. FAILED (EXPECTED ERROR MISSING)\nmisc/check_error.nan_no_trap_fpe_test ....................................... FAILED (EXPECTED OUTPUT MISSING)\nmisc/check_error.function_file_test16 ........................................ FAILED (EXPECTED ERROR MISSING)\nmisc/check_error.checked_pointer_param_test .................................. FAILED (EXPECTED ERROR MISSING)\nmisc/check_error.missing_material_prop_test .................................. FAILED (EXPECTED ERROR MISSING)\nmisc/check_error.nan_no_trap_fpe_test_trans .................................. FAILED (EXPECTED ERROR MISSING)\nmisc/check_error.add_aux_variable_multiple_test .............................. FAILED (EXPECTED ERROR MISSING)\nmisc/check_error.function_file_test17 ........................................ FAILED (EXPECTED ERROR MISSING)\nmisc/check_error.missing_material_prop_test2 ................................. FAILED (EXPECTED ERROR MISSING)\nmisc/check_error.add_aux_scalar_variable_multiple_test ....................... FAILED (EXPECTED ERROR MISSING)\nmisc/check_error.incomplete_kernel_block_coverage_test ....................... FAILED (EXPECTED ERROR MISSING)\nmisc/check_error.bad_stateful_material_only_old .............................. FAILED (EXPECTED ERROR MISSING)\nmisc/check_error.nodal_material_test ......................................... FAILED (EXPECTED ERROR MISSING)\nmisc/check_error.bad_bc_test ................................................. FAILED (EXPECTED ERROR MISSING)\nmisc/check_error.incomplete_kernel_variable_coverage_test .................... FAILED (EXPECTED ERROR MISSING)\nmisc/check_error.bad_stateful_material_only_older ............................ FAILED (EXPECTED ERROR MISSING)\nmisc/check_error.override_name_variable_test ................................. FAILED (EXPECTED ERROR MISSING)\nmisc/check_error.rz_3d_error_check_test ...................................... FAILED (EXPECTED ERROR MISSING)\nmisc/check_error.bad_bc_var_test ............................................. FAILED (EXPECTED ERROR MISSING)\nmisc/check_error.incomplete_fvkernel_block_coverage_test ..................... FAILED (EXPECTED ERROR MISSING)\nmisc/check_error.missing_mesh_test ........................................... FAILED (EXPECTED ERROR MISSING)\nmisc/check_error.missing_req_par_action_obj_test ............................. FAILED (EXPECTED ERROR MISSING)\nmisc/check_error.same_name_variable_test ..................................... FAILED (EXPECTED ERROR MISSING)\nmisc/check_error.bad_enum_test ............................................... FAILED (EXPECTED ERROR MISSING)\nmisc/check_error.incomplete_fvkernel_variable_coverage_test .................. FAILED (EXPECTED ERROR MISSING)\nmisc/check_error.function_file_test10 ........................................ FAILED (EXPECTED ERROR MISSING)\n--------------------------------------------------------------------------------------------------------------\nRan 50 tests in 40.0 seconds. Average test time 0.3 seconds, maximum test time 10.1 seconds.\n0 passed, 206 skipped, 0 pending, 50 FAILED\nMAX FAILURES REACHED\nrunWorker Exception: Traceback (most recent call last):\n  File \"/ocean/projects/mch230012p/yliup/projects/raccoon/moose/python/TestHarness/schedulers/Scheduler.py\", line 456, in runJob\n    self.queueJobs(jobs, j_lock)\n  File \"/ocean/projects/mch230012p/yliup/projects/raccoon/moose/python/TestHarness/schedulers/Scheduler.py\", line 257, in queueJobs\n    self.status_pool.apply_async(self.jobStatus, (job, jobs, j_lock))\n  File \"/opt/packages/anaconda3-2022.10/lib/python3.9/multiprocessing/pool.py\", line 455, in apply_async\n    self._check_running()\n  File \"/opt/packages/anaconda3-2022.10/lib/python3.9/multiprocessing/pool.py\", line 350, in _check_running\n    raise ValueError(\"Pool not running\")\nValueError: Pool not running\nAny idea on how to fix it?",
          "url": "https://github.com/idaholab/moose/discussions/27543",
          "updatedAt": "2024-05-11T14:44:55Z",
          "publishedAt": "2024-05-03T12:15:02Z",
          "category": {
            "name": "Q&A General"
          },
          "comments": {
            "edges": [
              {
                "node": {
                  "author": {
                    "login": "GiudGiud"
                  },
                  "bodyText": "Hello\nAre you running this on the head node?\nWe expect the test suite will not run well with slurm because we have a Python scheduler built into the test suite and it's not compatible with slurm\nGuillaume",
                  "url": "https://github.com/idaholab/moose/discussions/27543#discussioncomment-9305558",
                  "updatedAt": "2024-05-03T13:02:34Z",
                  "publishedAt": "2024-05-03T13:02:33Z",
                  "isAnswer": false,
                  "replies": {
                    "edges": []
                  }
                }
              },
              {
                "node": {
                  "author": {
                    "login": "lyyc199586"
                  },
                  "bodyText": "I tried again on a login node, still got the error:\nmisc/check_error.bad_bc_var_test: Working Directory: /ocean/projects/mch230012p/yliup/projects/raccoon/moose/test/tests/misc/check_error\nmisc/check_error.bad_bc_var_test: Running command: /ocean/projects/mch230012p/yliup/projects/raccoon/moose/test/moose_test-opt -i bad_bc_var_test.i --error --error-override --no-gdb-backtrace\nmisc/check_error.bad_bc_var_test: [br014:1938507:0:1938507] Caught signal 11 (Segmentation fault: address not mapped to object at address 0x440000f8)\nmisc/check_error.bad_bc_var_test: ==== backtrace (tid:1938507) ====\nmisc/check_error.bad_bc_var_test:  0 0x0000000000012cf0 __funlockfile()  :0\nmisc/check_error.bad_bc_var_test:  1 0x0000000000068360 PMPI_Comm_set_name()  ???:0\nmisc/check_error.bad_bc_var_test:  2 0x0000000000068360 PMPI_Comm_size()  /opt/packages/src/openmpi/4.1.1-gcc8.3.1-cpu/ompi/mpi/c/profile/pcomm_size.c:63\nmisc/check_error.bad_bc_var_test:  3 0x0000000000004bcb TIMPI::Communicator::assign()  ???:0\nmisc/check_error.bad_bc_var_test:  4 0x0000000000005219 TIMPI::Communicator::Communicator()  ???:0\nmisc/check_error.bad_bc_var_test:  5 0x000000000000944b TIMPI::TIMPIInit::TIMPIInit()  ???:0\nmisc/check_error.bad_bc_var_test:  6 0x000000000058ff88 libMesh::LibMeshInit::LibMeshInit()  ???:0\nmisc/check_error.bad_bc_var_test:  7 0x0000000001b4fb24 MooseInit::MooseInit()  ???:0\nmisc/check_error.bad_bc_var_test:  8 0x00000000004024b9 Moose::main<MooseTestApp>()  ???:0\nmisc/check_error.bad_bc_var_test:  9 0x00000000004025e9 main()  ???:0\nmisc/check_error.bad_bc_var_test: 10 0x000000000003ad85 __libc_start_main()  ???:0\nmisc/check_error.bad_bc_var_test: 11 0x00000000004027be _start()  ???:0\nmisc/check_error.bad_bc_var_test: =================================\nmisc/check_error.bad_bc_var_test: [br014:1938507] *** Process received signal ***\nmisc/check_error.bad_bc_var_test: [br014:1938507] Signal: Segmentation fault (11)\nmisc/check_error.bad_bc_var_test: [br014:1938507] Signal code:  (-6)\nmisc/check_error.bad_bc_var_test: [br014:1938507] Failing at address: 0x14681001d944b\nmisc/check_error.bad_bc_var_test: [br014:1938507] [ 0] /lib64/libpthread.so.0(+0x12cf0)[0x7f0908bb0cf0]\nmisc/check_error.bad_bc_var_test: [br014:1938507] [ 1] /opt/packages/openmpi/gcc/4.1.1-gcc8.3.1-cpu/lib/libmpi.so.40(MPI_Comm_size+0x0)[0x7f0915c04360]\nmisc/check_error.bad_bc_var_test: [br014:1938507] [ 2] /ocean/projects/mch230012p/yliup/projects/raccoon/moose/scripts/../libmesh/installed/lib/libtimpi_opt.so.11(_ZN5TIMPI12Communicator6assignERKi+0x4b)[0x7f0910ababcb]\nmisc/check_error.bad_bc_var_test: [br014:1938507] [ 3] /ocean/projects/mch230012p/yliup/projects/raccoon/moose/scripts/../libmesh/installed/lib/libtimpi_opt.so.11(_ZN5TIMPI12CommunicatorC2ERKi+0x59)[0x7f0910abb219]\nmisc/check_error.bad_bc_var_test: [br014:1938507] [ 4] /ocean/projects/mch230012p/yliup/projects/raccoon/moose/scripts/../libmesh/installed/lib/libtimpi_opt.so.11(_ZN5TIMPI9TIMPIInitC2EiPKPKcbbi+0x8b)[0x7f0910abf44b]\nmisc/check_error.bad_bc_var_test: [br014:1938507] [ 5] /ocean/projects/mch230012p/yliup/projects/raccoon/moose/scripts/../libmesh/installed/lib/libmesh_opt.so.0(_ZN7libMesh11LibMeshInitC2EiPKPKcii+0xb88)[0x7f0911762f88]\nmisc/check_error.bad_bc_var_test: [br014:1938507] [ 6] /ocean/projects/mch230012p/yliup/projects/raccoon/moose/framework/libmoose-opt.so.0(_ZN9MooseInitC2EiPPci+0x14)[0x7f09184d6b24]\nmisc/check_error.bad_bc_var_test: [br014:1938507] [ 7] /ocean/projects/mch230012p/yliup/projects/raccoon/moose/test/moose_test-opt[0x4024b9]\nmisc/check_error.bad_bc_var_test: [br014:1938507] [ 8] /ocean/projects/mch230012p/yliup/projects/raccoon/moose/test/moose_test-opt(main+0x9)[0x4025e9]\nmisc/check_error.bad_bc_var_test: [br014:1938507] [ 9] /lib64/libc.so.6(__libc_start_main+0xe5)[0x7f0908025d85]\nmisc/check_error.bad_bc_var_test: [br014:1938507] [10] /ocean/projects/mch230012p/yliup/projects/raccoon/moose/test/moose_test-opt[0x4027be]\nmisc/check_error.bad_bc_var_test: [br014:1938507] *** End of error message ***\nmisc/check_error.bad_bc_var_test: ################################################################################\nmisc/check_error.bad_bc_var_test: \nmisc/check_error.bad_bc_var_test: Unable to match the following pattern against the program's output:\nmisc/check_error.bad_bc_var_test: \nmisc/check_error.bad_bc_var_test: Unknown variable 'foo'. It does not exist in the solver system\\(s\\) or auxiliary system\nmisc/check_error.bad_bc_var_test: \nmisc/check_error.bad_bc_var_test: ################################################################################\nmisc/check_error.bad_bc_var_test: Tester failed, reason: EXPECTED ERROR MISSING\nmisc/check_error.bad_bc_var_test: \nmisc/check_error.bad_bc_var_test .................................. [FINISHED] FAILED (EXPECTED ERROR MISSING)\nsummary:\nFinal Test Results:\n--------------------------------------------------------------------------------------------------------------\nmisc/check_error.bad_second_order_test .................................................... [METHOD!=DBG] SKIP\nmisc/check_error.node_value_off_block ..................................................... [METHOD!=DBG] SKIP\noutputs/format.tecplot_bin_test_override ............................................... [TECPLOT!=FALSE] SKIP\nsamplers/base.errors/setNumberOfRows ............................................... [METHOD!=DEVEL, DBG] SKIP\nsamplers/base.errors/setNumberOfCols ............................................... [METHOD!=DEVEL, DBG] SKIP\nauxkernels/solution_aux.aux_nonlinear_solution/from_xdr ........................ [--with-dof-id-bytes!=4] SKIP\nproblems/eigen_problem/eigensolvers.no_slepc ............................................. [SLEPC!=FALSE] SKIP\nfunctions/image_function.image_mesh_3d ...................................................... [VTK!=TRUE] SKIP\nfunctions/image_function.component .......................................................... [VTK!=TRUE] SKIP\nfunctions/image_function.threshold_adapt .................................................... [VTK!=TRUE] SKIP\nfunctions/image_function.3d ................................................................. [VTK!=TRUE] SKIP\nfunctions/image_function.flip ............................................................... [VTK!=TRUE] SKIP\nfunctions/image_function.crop ............................................................... [VTK!=TRUE] SKIP\nfunctions/image_function.moose_logo ......................................................... [VTK!=TRUE] SKIP\nfunctions/image_function.threshold_adapt_parallel_check_files ............................... [VTK!=TRUE] SKIP\nfunctions/image_function.threshold .......................................................... [VTK!=TRUE] SKIP\nfunctions/image_function.2d_elemental ....................................................... [VTK!=TRUE] SKIP\nfunctions/image_function.subset ............................................................. [VTK!=TRUE] SKIP\nfunctions/image_function.flip_quad .......................................................... [VTK!=TRUE] SKIP\nfunctions/image_function.image_mesh_2d ...................................................... [VTK!=TRUE] SKIP\nfunctions/image_function.shift_and_scale .................................................... [VTK!=TRUE] SKIP\nfunctions/image_function.2d ................................................................. [VTK!=TRUE] SKIP\nfunctions/image_function.threshold_adapt_parallel ........................................... [VTK!=TRUE] SKIP\nfunctions/image_function.3d_subset .......................................................... [VTK!=TRUE] SKIP\nfunctions/image_function.flip_dual .......................................................... [VTK!=TRUE] SKIP\nmeshgenerators/rename_block_generator.rename/old_names_new_ids ............................ [no deepdiff] SKIP\nmeshgenerators/rename_block_generator.deprecated/id ....................................... [no deepdiff] SKIP\nmeshgenerators/rename_block_generator.merge ............................................... [no deepdiff] SKIP\nmeshgenerators/rename_block_generator.rename/old_ids_new_names ............................ [no deepdiff] SKIP\nmeshgenerators/rename_block_generator.rename/mixed ........................................ [no deepdiff] SKIP\nmeshgenerators/rename_block_generator.rename/all_names .................................... [no deepdiff] SKIP\nmeshgenerators/rename_block_generator.deprecated/name ..................................... [no deepdiff] SKIP\nmeshgenerators/rename_block_generator.rename/all_ids ...................................... [no deepdiff] SKIP\nmeshgenerators/file_mesh_generator.exodus_iga_test [VTK version not detected. REQ: >=9.1, VTK!=TRUE, ...] SKIP\nmeshgenerators/file_mesh_generator.exodus_iga_nosplines_test [VTK version not detected. REQ: >=9.1, V...] SKIP\nmeshgenerators/file_mesh_generator.exodus_pseudoiga_test [VTK version not detected. REQ: >=9.1, VTK!=...] SKIP\nmortar/continuity-3d-non-conforming.continuity_tet14 [Minimum AD size 100 needed, but MOOSE is config...] SKIP\nmortar/continuity-3d-non-conforming.continuity_sphere_hex27-debug-mesh [Minimum AD size 200 needed, b...] SKIP\nmortar/continuity-3d-non-conforming.continuity_tet10 [Minimum AD size 100 needed, but MOOSE is config...] SKIP\nmortar/continuity-3d-non-conforming.continuity_sphere_hex27 [Minimum AD size 200 needed, but MOOSE is...] SKIP\nmortar/continuity-3d-non-conforming.continuity_sphere_hex20 [Minimum AD size 200 needed, but MOOSE is...] SKIP\nsystem_interfaces.partitioner/party ....................................................... [PARTY!=TRUE] SKIP\nsystem_interfaces.thread/pthread .................................................. [THREADING!=PTHREADS] SKIP\nsystem_interfaces.libraries/vtk ............................................................. [VTK!=TRUE] SKIP\nsystem_interfaces.partitioner/chaco ....................................................... [CHACO!=TRUE] SKIP\nsystem_interfaces.compiler/clang ...................................................... [COMPILER!=CLANG] SKIP\nuserobjects/element_subdomain_modifier.error-distributed ....................... [MESH_MODE!=DISTRIBUTED] SKIP\nfvkernels/mms/advective-outflow.QUICKLimiter .................................................... [HEAVY] SKIP\nutils/libtorch_nn/ann.libtorch-nn-activation/linear .................................... [LIBTORCH!=TRUE] SKIP\nutils/libtorch_nn/ann.libtorch-nn-activation/sigmoid ................................... [LIBTORCH!=TRUE] SKIP\nutils/libtorch_nn/ann.libtorch-nn-errors/wrong-activation-number ....................... [LIBTORCH!=TRUE] SKIP\nutils/libtorch_nn/ann.libtorch-nn-errors/wrong-activation .............................. [LIBTORCH!=TRUE] SKIP\nutils/libtorch_nn/ann.libtorch-nn-optimizer/adam ....................................... [LIBTORCH!=TRUE] SKIP\nutils/libtorch_nn/ann.libtorch-nn-activation/elu ....................................... [LIBTORCH!=TRUE] SKIP\nutils/libtorch_nn/ann.libtorch-nn-activation/relu ...................................... [LIBTORCH!=TRUE] SKIP\nutils/libtorch_nn/ann.libtorch-nn-optimizer/sgd ........................................ [LIBTORCH!=TRUE] SKIP\nutils/libtorch_nn/ann.libtorch-nn-optimizer/adagrad .................................... [LIBTORCH!=TRUE] SKIP\nutils/libtorch_nn/ann.libtorch-nn-activation/gelu ...................................... [LIBTORCH!=TRUE] SKIP\nutils/libtorch_nn/ann.libtorch-nn-errors/wrong-optimizer ............................... [LIBTORCH!=TRUE] SKIP\nutils/libtorch_nn/ann.libtorch-nn-optimizer/rmsprop .................................... [LIBTORCH!=TRUE] SKIP\ndgkernels/2d_diffusion_dg.proper_ghosting_with_action_serial_distributed ....... [MESH_MODE!=DISTRIBUTED] SKIP\ndgkernels/2d_diffusion_dg.no_additional_rms_distributed ........................ [MESH_MODE!=DISTRIBUTED] SKIP\ndgkernels/2d_diffusion_dg.proper_ghosting_with_action_parallel_distributed ..... [MESH_MODE!=DISTRIBUTED] SKIP\nmesh/splitting.split_with_distributed_error .................................... [MESH_MODE!=DISTRIBUTED] SKIP\nmesh/splitting.meshgenerators_acting_on_split .................................. [MESH_MODE!=DISTRIBUTED] SKIP\npartitioners/petsc_partitioner.party ...................................................... [PARTY!=TRUE] SKIP\npartitioners/petsc_partitioner.chaco ............ [PLATFORM!=DARWIN, CHACO!=TRUE, --with-dof-id-bytes!=4] SKIP\ntransfers/multiapp_reporter_transfer.clone/parallel ....................................... [no deepdiff] SKIP\ntransfers/multiapp_reporter_transfer.clone/serial ......................................... [no deepdiff] SKIP\ntransfers/multiapp_reporter_transfer.clone_type/type_specified ............................ [no deepdiff] SKIP\ntransfers/multiapp_reporter_transfer.reporter ............................................. [no deepdiff] SKIP\nmortar/periodic_segmental_constraint.penalty_periodic_simple3d [Minimum AD size 100 needed, but MOOSE...] SKIP\nmortar/periodic_segmental_constraint.penalty_periodic_split [Minimum AD size 100 needed, but MOOSE is...] SKIP\nmortar/periodic_segmental_constraint.periodic_simple2d [Minimum AD size 100 needed, but MOOSE is conf...] SKIP\nmortar/periodic_segmental_constraint.periodic_simple3d [Minimum AD size 100 needed, but MOOSE is conf...] SKIP\nmortar/periodic_segmental_constraint.periodic_aux2d [Minimum AD size 100 needed, but MOOSE is configu...] SKIP\npositions.test/input ...................................................................... [no deepdiff] SKIP\npositions.operations/distribution ......................................................... [no deepdiff] SKIP\npositions.test/multiapps .................................................................. [no deepdiff] SKIP\npositions.test/mesh_elements .............................................................. [no deepdiff] SKIP\npositions.operations/transform ............................................................ [no deepdiff] SKIP\npositions.test/functors ................................................................... [no deepdiff] SKIP\npositions.test/reporter ................................................................... [no deepdiff] SKIP\npositions.test/file ....................................................................... [no deepdiff] SKIP\npositions.test/multiapps_centroids ........................................................ [no deepdiff] SKIP\npositions.test/blocks_and_extra_ids ....................................................... [no deepdiff] SKIP\ntimes.test/time_interval_custom ........................................................... [no deepdiff] SKIP\ntimes.test/exodus ......................................................................... [no deepdiff] SKIP\ntimes.test/input .......................................................................... [no deepdiff] SKIP\ntimes.test/time_interval_without_end ...................................................... [no deepdiff] SKIP\ntimes.test/simulation ..................................................................... [no deepdiff] SKIP\ntimes.test/csv ............................................................................ [no deepdiff] SKIP\ntimes.test/functors ....................................................................... [no deepdiff] SKIP\ntimes.test/time_interval_with_end ......................................................... [no deepdiff] SKIP\ntimes.test/reporter ....................................................................... [no deepdiff] SKIP\noutputs/iterative.vtk ............................................ [VTK!=TRUE, no deepdiff, no xmltodict] SKIP\nmisc/jacobian.inf_nan ................................................. [using PETSc 3.20.3 REQ: <3.19.3] SKIP\nmeshgenerators/rename_boundary_generator.merge ............................................ [no deepdiff] SKIP\nmeshgenerators/rename_boundary_generator.rename/all_names ................................. [no deepdiff] SKIP\nmeshgenerators/rename_boundary_generator.rename/all_ids ................................... [no deepdiff] SKIP\nmeshgenerators/rename_boundary_generator.rename/identical_name_and_id ..................... [no deepdiff] SKIP\nmeshgenerators/rename_boundary_generator.rename/old_names_new_ids ......................... [no deepdiff] SKIP\nmeshgenerators/rename_boundary_generator.rename/mixed ..................................... [no deepdiff] SKIP\nmeshgenerators/rename_boundary_generator.rename/old_ids_new_names ......................... [no deepdiff] SKIP\nmisc/signal_handler.test_signal_recover_exodiff_debug .................. [skipped dependency,METHOD!=DBG] SKIP\nmisc/signal_handler.test_signal_recover_debug .......................... [skipped dependency,METHOD!=DBG] SKIP\nmisc/signal_handler.test_signal_debug ..................................................... [METHOD!=DBG] SKIP\nmisc/solution_invalid.solution_invalid_transient .......................................... [no deepdiff] SKIP\nmisc/solution_invalid.test/solution_valid_checkpoint ...................................... [no deepdiff] SKIP\nmisc/solution_invalid.solution_invalid_json ............................................... [no deepdiff] SKIP\nmisc/solution_invalid.solution_invalid_parallel ........................................... [no deepdiff] SKIP\nmisc/solution_invalid.test/solution_valid_recover ...................... [skipped dependency,no deepdiff] SKIP\npreconditioners/fsp.group/fsp_image ......................................................... [VTK!=TRUE] SKIP\nmeshgenerators/sideset_around_subdomain_generator.group/adjacent_to_boundary ... [MESH_MODE!=DISTRIBUTED] SKIP\nreporters/restartable_data_reporter.detailed .............................................. [no deepdiff] SKIP\nreporters/restartable_data_reporter.exclude ............................................... [no deepdiff] SKIP\nreporters/restartable_data_reporter.test .................................................. [no deepdiff] SKIP\nreporters/restartable_data_reporter.map ................................................... [no deepdiff] SKIP\nreporters/restartable_data_reporter.allow_unimplemented ................................... [no deepdiff] SKIP\nmeshgenerators/block_to_mesh_converter_generator.errors/distributed ............ [MESH_MODE!=DISTRIBUTED] SKIP\ncontrols/error.tid_warehouse_error ........................................................ [METHOD!=DBG] SKIP\nmortar/ad_periodic_segmental_constraint.periodic_simple2d [Minimum AD size 100 needed, but MOOSE is c...] SKIP\nmortar/ad_periodic_segmental_constraint.periodic_simple3d [Minimum AD size 100 needed, but MOOSE is c...] SKIP\nmortar/ad_periodic_segmental_constraint.penalty_periodic_simple3d [Minimum AD size 100 needed, but MO...] SKIP\nmortar/convergence-studies/continuity-3d.p2p0 [Minimum AD size 100 needed, but MOOSE is configured wi...] SKIP\nmortar/convergence-studies/continuity-3d.p1p1dual ............................................... [HEAVY] SKIP\nmortar/convergence-studies/continuity-3d.p1p0 ................................................... [HEAVY] SKIP\nmortar/convergence-studies/continuity-3d.p2p2 [Minimum AD size 100 needed, but MOOSE is configured wi...] SKIP\nmortar/convergence-studies/continuity-3d.p2p1 [Minimum AD size 100 needed, but MOOSE is configured wi...] SKIP\nmortar/convergence-studies/continuity-3d.p1p1 ................................................... [HEAVY] SKIP\nperformance.os/macOS ................................................................. [PLATFORM!=DARWIN] SKIP\nperformance.os/linux ................................................................. [PLATFORM!=DARWIN] SKIP\noutputs/vtk.solution/diff_parallel_mesh [#6149, MESH_MODE!=DISTRIBUTED, VTK!=TRUE, no deepdiff, no xm...] SKIP\noutputs/vtk.files/parallel .................................................................. [VTK!=TRUE] SKIP\noutputs/vtk.files/serial .................................................................... [VTK!=TRUE] SKIP\noutputs/vtk.solution/diff_serial_mesh_parallel ................... [VTK!=TRUE, no deepdiff, no xmltodict] SKIP\noutputs/vtk.solution/diff_serial_mesh ............................ [VTK!=TRUE, no deepdiff, no xmltodict] SKIP\noutputs/nemesis.nemesis_elemental_distributed .................................. [MESH_MODE!=DISTRIBUTED] SKIP\noutputs/nemesis.nemesis_scalar_distributed ..................................... [MESH_MODE!=DISTRIBUTED] SKIP\nmortar/convergence-studies/gap-conductance.p2p2 ................................................. [HEAVY] SKIP\nmortar/convergence-studies/gap-conductance.p1p1 ................................................. [HEAVY] SKIP\nmortar/convergence-studies/gap-conductance.p2p0 ................................................. [HEAVY] SKIP\nmortar/convergence-studies/gap-conductance.p1p0 ................................................. [HEAVY] SKIP\nmortar/convergence-studies/gap-conductance.p2p1 ................................................. [HEAVY] SKIP\nmortar/convergence-studies/solution-continuity.p2p1 ............................................. [HEAVY] SKIP\nmortar/convergence-studies/solution-continuity.p1p0 ............................................. [HEAVY] SKIP\nmortar/convergence-studies/solution-continuity.p2p2 ............................................. [HEAVY] SKIP\nmortar/convergence-studies/solution-continuity.p1p1 ............................................. [HEAVY] SKIP\nmortar/convergence-studies/solution-continuity.p2p0 ............................................. [HEAVY] SKIP\nfvkernels/fv_adapt.steady-mms ................................................................... [HEAVY] SKIP\nparser/param_substitution.debug_units ..................................................... [METHOD!=DBG] SKIP\npartitioners/block_weighted_partitioner.tests/distributed_mesh ................. [MESH_MODE!=DISTRIBUTED] SKIP\nreporters/constant_reporter.constant_reporter ............................................. [no deepdiff] SKIP\nfunctions/image_function/error.errors/invalid_file .......................................... [VTK!=TRUE] SKIP\nfunctions/image_function/error.errors/file_suffix ........................................... [VTK!=TRUE] SKIP\nfunctions/image_function/error.errors/component ............................................. [VTK!=TRUE] SKIP\npositions/creating_multiapps.initial_positions ............................................ [no deepdiff] SKIP\npositions/creating_multiapps.test ......................................................... [no deepdiff] SKIP\ncontrols/libtorch_nn_control.run-without-nn ............................................ [LIBTORCH!=TRUE] SKIP\ncontrols/libtorch_nn_control.run-with-torch-parameters .................... [LIBTORCH!=TRUE, no deepdiff] SKIP\ncontrols/libtorch_nn_control.invalid-torchscript-error ................................. [LIBTORCH!=TRUE] SKIP\ncontrols/libtorch_nn_control.run-torch-script .......................................... [LIBTORCH!=TRUE] SKIP\nutils/shuffle.resample .................................................................... [no deepdiff] SKIP\nutils/shuffle.serial ...................................................................... [no deepdiff] SKIP\nutils/shuffle.swap ........................................................................ [no deepdiff] SKIP\ntransfers/multiapp_interpolation_transfer.fromsub_restricted ......................... [PLATFORM!=DARWIN] SKIP\nreporters/iteration_info.info/steady ...................................................... [no deepdiff] SKIP\nreporters/iteration_info.info/default ..................................................... [no deepdiff] SKIP\nreporters/iteration_info.info/limit ....................................................... [no deepdiff] SKIP\nreporters/extra_id_integral.test/default .................................................. [no deepdiff] SKIP\nreporters/extra_id_integral.test/multi_ids_multi_vars ..................................... [no deepdiff] SKIP\nreporters/extra_id_integral.test/multi_ids ................................................ [no deepdiff] SKIP\nreporters/declare_initial_setup.decalareInitialSetup_with_get ............................. [no deepdiff] SKIP\nreporters/declare_initial_setup.declareInitialSetup/initialSetup_only ..................... [no deepdiff] SKIP\nreporters/declare_initial_setup.declareInitialSetup/initialSetup_with_info ................ [no deepdiff] SKIP\nmeshgenerators/mesh_repair_generator.node_overlap ......................................... [no deepdiff] SKIP\nmeshgenerators/mesh_repair_generator.separate_element_types ............................... [no deepdiff] SKIP\nmeshgenerators/image_mesh_generator.image/3d ................................................ [VTK!=TRUE] SKIP\nmeshgenerators/image_mesh_generator.image/2d ................................................ [VTK!=TRUE] SKIP\noutputs/xml.parallel/distributed ............................................ [no deepdiff, no xmltodict] SKIP\noutputs/xml.parallel/replicated ............................................. [no deepdiff, no xmltodict] SKIP\noutputs/png.image_tests/wedge ............................................................ [LIBPNG!=TRUE] SKIP\noutputs/png.image_tests/square_domain .................................................... [LIBPNG!=TRUE] SKIP\noutputs/png.image_tests/adv_diff_reaction ................................................ [LIBPNG!=TRUE] SKIP\nvectorpostprocessors/work_balance.work_balance/distributed ..................... [MESH_MODE!=DISTRIBUTED] SKIP\nfvkernels/mms/non-orthogonal.compact ............................................................ [HEAVY] SKIP\nfvkernels/mms/non-orthogonal.extended ................................................... [#20953, HEAVY] SKIP\nreporters/mesh_info.info/limit ............................................................ [no deepdiff] SKIP\nreporters/mesh_info.info/default .......................................................... [no deepdiff] SKIP\nmeshgenerators/boundary_deletion_generator.boundary_deletion_test ......................... [no deepdiff] SKIP\nmeshgenerators/parsed_element_deletion_generator.volume_too_small ......................... [no deepdiff] SKIP\nmeshgenerators/parsed_element_deletion_generator.centroid_position ........................ [no deepdiff] SKIP\nrelationship_managers/two_rm.evaluable_neighbors/distributed ................... [MESH_MODE!=DISTRIBUTED] SKIP\nrelationship_managers/two_rm.evaluable_neighbors/replicated .................... [--with-dof-id-bytes!=4] SKIP\nutils/libtorch_nn/torch_script.libtorch-torch-script ................................... [LIBTORCH!=TRUE] SKIP\nminimal_app.minimal ........................................................................ [NO DISPLAY] SKIP\nreporters/element_reporter.elem_stats ..................................................... [no deepdiff] SKIP\nreporters/accumulated_reporter.accumulate_reporter ........................................ [no deepdiff] SKIP\nreporters/nodal_reporter.nodal_stats ...................................................... [no deepdiff] SKIP\nreporters/mesh_meta_data_reporter.test .................................................... [no deepdiff] SKIP\nmeshgenerators/map_extra_element_ids.map_ids_test ......................................... [no deepdiff] SKIP\noutputs/vpp_as_reporter.test .............................................................. [no deepdiff] SKIP\noutputs/pp_as_reporter.test ............................................................... [no deepdiff] SKIP\noutputs/hide_via_reporters_block.test ..................................................... [no deepdiff] SKIP\noutputs/json/one_file_per_timestep.basic .................................................. [no deepdiff] SKIP\nmisc/execute_on.test ...................................................................... [no deepdiff] SKIP\nmisc/check_error.bad_bc_var_test .................................. [FINISHED] FAILED (EXPECTED ERROR MISSING)\nmisc/check_error.dynamic_check_name_block_mismatch_test ...................... FAILED (EXPECTED ERROR MISSING)\nmisc/check_error.function_file_test8 ......................................... FAILED (EXPECTED ERROR MISSING)\nmisc/check_error.calling_wrong_feproblem_method .............................. FAILED (EXPECTED ERROR MISSING)\nmisc/check_error.bc_with_aux_var ............................................. FAILED (EXPECTED ERROR MISSING)\nmisc/check_error.bad_enum_test ............................................... FAILED (EXPECTED ERROR MISSING)\nmisc/check_error.dynamic_check_name_block_test ............................... FAILED (EXPECTED ERROR MISSING)\nmisc/check_error.function_file_test9 ......................................... FAILED (EXPECTED ERROR MISSING)\nmisc/check_error.wrong_displacement_order .................................... FAILED (EXPECTED ERROR MISSING)\nmisc/check_error.aux_kernel_with_var ......................................... FAILED (EXPECTED ERROR MISSING)\nmisc/check_error.bad_executioner_test ........................................ FAILED (EXPECTED ERROR MISSING)\nmisc/check_error.dynamic_check_name_boundary_mismatch_test ................... FAILED (EXPECTED ERROR MISSING)\nmisc/check_error.function_file_test10 ............................. [FINISHED] FAILED (EXPECTED ERROR MISSING)\nmisc/check_error.function_conflict .......................................... FAILED (EXPECTED OUTPUT MISSING)\nmisc/check_error.scalar_kernel_with_var ...................................... FAILED (EXPECTED ERROR MISSING)\nmisc/check_error.bad_kernel_test ............................................. FAILED (EXPECTED ERROR MISSING)\nmisc/check_error.dynamic_check_name_boundary_test ............................ FAILED (EXPECTED ERROR MISSING)\nmisc/check_error.function_file_test11 ........................................ FAILED (EXPECTED ERROR MISSING)\nmisc/check_error.bad_number .................................................. FAILED (EXPECTED ERROR MISSING)\nmisc/check_error.nodal_kernel_with_aux_var ................................... FAILED (EXPECTED ERROR MISSING)\nmisc/check_error.bad_kernel_var_test ......................................... FAILED (EXPECTED ERROR MISSING)\nmisc/check_error.linear_interp_material_check ................................ FAILED (EXPECTED ERROR MISSING)\nmisc/check_error.function_file_test12 ........................................ FAILED (EXPECTED ERROR MISSING)\nmisc/check_error.coupling_field_into_scalar .................................. FAILED (EXPECTED ERROR MISSING)\nmisc/check_error.constraint_with_aux_var ..................................... FAILED (EXPECTED ERROR MISSING)\nmisc/check_error.bad_material_test ........................................... FAILED (EXPECTED ERROR MISSING)\nmisc/check_error.function_file_test1 ......................................... FAILED (EXPECTED ERROR MISSING)\nmisc/check_error.function_file_test13 ........................................ FAILED (EXPECTED ERROR MISSING)\nmisc/check_error.coupling_scalar_into_field .................................. FAILED (EXPECTED ERROR MISSING)\nmisc/check_error.scalar_aux_kernel_with_var .................................. FAILED (EXPECTED ERROR MISSING)\nmisc/check_error.steady_no_converge ......................................... FAILED (EXPECTED OUTPUT MISSING)\nmisc/check_error.bad_parsed_function_vars_test ............................... FAILED (EXPECTED ERROR MISSING)\nmisc/check_error.function_file_test2 ......................................... FAILED (EXPECTED ERROR MISSING)\nmisc/check_error.function_file_test14 ........................................ FAILED (EXPECTED ERROR MISSING)\nmisc/check_error.coupling_nonexistent_field .................................. FAILED (EXPECTED ERROR MISSING)\nmisc/check_error.dirac_kernel_with_aux_var ................................... FAILED (EXPECTED ERROR MISSING)\nmisc/check_error.range_check_param ........................................... FAILED (EXPECTED ERROR MISSING)\nmisc/check_error.function_file_test3 ......................................... FAILED (EXPECTED ERROR MISSING)\nmisc/check_error.function_file_test15 ........................................ FAILED (EXPECTED ERROR MISSING)\nmisc/check_error.coupling_nonexistent_scalar ................................. FAILED (EXPECTED ERROR MISSING)\nmisc/check_error.dg_kernel_with_aux_var ...................................... FAILED (EXPECTED ERROR MISSING)\nmisc/check_error.checked_pointer_param_test .................................. FAILED (EXPECTED ERROR MISSING)\nmisc/check_error.deprecated_block_test ....................................... FAILED (EXPECTED ERROR MISSING)\nmisc/check_error.function_file_test4 ......................................... FAILED (EXPECTED ERROR MISSING)\nmisc/check_error.function_file_test16 ........................................ FAILED (EXPECTED ERROR MISSING)\nmisc/check_error.coupling_itself ............................................. FAILED (EXPECTED ERROR MISSING)\nmisc/check_error.interface_kernel_with_aux_var ............................... FAILED (EXPECTED ERROR MISSING)\nmisc/check_error.add_aux_variable_multiple_test .............................. FAILED (EXPECTED ERROR MISSING)\nmisc/check_error.deprecated_param_default ................................... FAILED (EXPECTED OUTPUT MISSING)\nmisc/check_error.function_file_test5 ......................................... FAILED (EXPECTED ERROR MISSING)\n--------------------------------------------------------------------------------------------------------------\nRan 50 tests in 182.9 seconds. Average test time 2.5 seconds, maximum test time 14.5 seconds.\n0 passed, 206 skipped, 0 pending, 50 FAILED\nMAX FAILURES REACHED",
                  "url": "https://github.com/idaholab/moose/discussions/27543#discussioncomment-9305640",
                  "updatedAt": "2024-05-03T13:10:04Z",
                  "publishedAt": "2024-05-03T13:10:04Z",
                  "isAnswer": false,
                  "replies": {
                    "edges": [
                      {
                        "node": {
                          "author": {
                            "login": "lyyc199586"
                          },
                          "bodyText": "weird, that's seems to be an openmpi error, but I am not using openmpi:\nmisc/check_error.bad_bc_var_test:  2 0x0000000000068360 PMPI_Comm_size()  /opt/packages/src/openmpi/4.1.1-gcc8.3.1-cpu/ompi/mpi/c/profile/pcomm_size.c:63\n\nMy loaded modulus:\nCurrently Loaded Modules:\n  1) allocations/1.0   2) psc.allocations.user/1.0   3) anaconda3/2022.10   4) mvapich2/2.3.5-gcc8.3.1",
                          "url": "https://github.com/idaholab/moose/discussions/27543#discussioncomment-9305661",
                          "updatedAt": "2024-05-03T13:11:52Z",
                          "publishedAt": "2024-05-03T13:11:51Z",
                          "isAnswer": false
                        }
                      },
                      {
                        "node": {
                          "author": {
                            "login": "GiudGiud"
                          },
                          "bodyText": "on slurm issues (most likely why you cant run tests on the compute nodes): #27461 (reply in thread)\nThe openmpi must be coming from your environment still.\nIf you run the diagnostics script (in moose/scripts) you can see what is being found in your environment",
                          "url": "https://github.com/idaholab/moose/discussions/27543#discussioncomment-9306236",
                          "updatedAt": "2024-05-03T14:11:17Z",
                          "publishedAt": "2024-05-03T14:11:16Z",
                          "isAnswer": false
                        }
                      },
                      {
                        "node": {
                          "author": {
                            "login": "lyyc199586"
                          },
                          "bodyText": "running diagnostics.sh:\n[yliup@bridges2-login012 scripts]$ ./diagnostics.sh\n\n##################################################################################################\nInfluential Environment Variables\n\nCC=mpicc\nCONDA_CHANNEL=https://conda.software.inl.gov/public\nCONDA_EXE=/opt/packages/anaconda3-2022.10/bin/conda\nCONDA_PKGS_DIRS=$HOME/.conda/pkgs/\nCONDA_PYTHON_EXE=/opt/packages/anaconda3-2022.10/bin/python\nCONDA_SHLVL=0\nCURL_CA_BUNDLE=\nCXX=mpicxx\nF77=mpif77\nF90=mpif90\nFC=mpif90\nLD_LIBRARY_PATH=/opt/packages/mvapich2-2.3.5/gcc-8.3.1/lib\nMODULESHOME=/usr/share/lmod/lmod\nMOOSE_DIR=/ocean/projects/mch230012p/yliup/projects/raccoon/moose\nMOOSE_JOBS=6\nPATH=/opt/packages/anaconda3-2022.10/condabin:/opt/packages/mvapich2-2.3.5/gcc-8.3.1/bin:/opt/packages/anaconda3-2022.10/bin:/opt/packages/anaconda3-2022.10/condabin:/jet/home/yliup/.local/bin:/jet/home/yliup/bin:/opt/packages/psc.allocations.user/bin:/opt/packages/allocations/bin:/jet/home/yliup/.vscode-server/cli/servers/Stable-b58957e67ee1e712cebf466b995adf4c5307b2bd/server/bin/remote-cli:/usr/local/bin:/usr/bin:/usr/local/sbin:/usr/sbin:/opt/packages/interact/bin:/opt/puppetlabs/bin\nREQUESTS_CA_BUNDLE=\nSLURM_EXPORT_ENV=ALL\nSSL_CERT_FILE=/etc/pki/ca-trust/extracted/pem/tls-ca-bundle.pem\n\n##################################################################################################\nCompiler(s) (CC CXX FC F77 F90):\n\nCC=/opt/packages/mvapich2-2.3.5/gcc-8.3.1/bin/mpicc\nCC -show:\ngcc -I/opt/packages/mvapich2-2.3.5/gcc-8.3.1/include -L/opt/packages/mvapich2-2.3.5/gcc-8.3.1/lib -Wl,-rpath -Wl,/opt/packages/mvapich2-2.3.5/gcc-8.3.1/lib -Wl,--enable-new-dtags -lmpi\nCC version:     gcc (GCC) 8.5.0 20210514 (Red Hat 8.5.0-18)\n\nCXX=/opt/packages/mvapich2-2.3.5/gcc-8.3.1/bin/mpicxx\nCXX -show:\ng++ -I/opt/packages/mvapich2-2.3.5/gcc-8.3.1/include -L/opt/packages/mvapich2-2.3.5/gcc-8.3.1/lib -lmpicxx -Wl,-rpath -Wl,/opt/packages/mvapich2-2.3.5/gcc-8.3.1/lib -Wl,--enable-new-dtags -lmpi\nCXX version:    g++ (GCC) 8.5.0 20210514 (Red Hat 8.5.0-18)\n\nFC=/opt/packages/mvapich2-2.3.5/gcc-8.3.1/bin/mpif90\nFC -show:\ngfortran -I/opt/packages/mvapich2-2.3.5/gcc-8.3.1/include -I/opt/packages/mvapich2-2.3.5/gcc-8.3.1/include -L/opt/packages/mvapich2-2.3.5/gcc-8.3.1/lib -lmpifort -Wl,-rpath -Wl,/opt/packages/mvapich2-2.3.5/gcc-8.3.1/lib -Wl,--enable-new-dtags -lmpi\nFC version:     GNU Fortran (GCC) 8.5.0 20210514 (Red Hat 8.5.0-18)\n\nF77=/opt/packages/mvapich2-2.3.5/gcc-8.3.1/bin/mpif77\nF77 -show:\ngfortran -I/opt/packages/mvapich2-2.3.5/gcc-8.3.1/include -I/opt/packages/mvapich2-2.3.5/gcc-8.3.1/include -L/opt/packages/mvapich2-2.3.5/gcc-8.3.1/lib -lmpifort -Wl,-rpath -Wl,/opt/packages/mvapich2-2.3.5/gcc-8.3.1/lib -Wl,--enable-new-dtags -lmpi\nF77 version:    GNU Fortran (GCC) 8.5.0 20210514 (Red Hat 8.5.0-18)\n\nF90=/opt/packages/mvapich2-2.3.5/gcc-8.3.1/bin/mpif90\nF90 -show:\ngfortran -I/opt/packages/mvapich2-2.3.5/gcc-8.3.1/include -I/opt/packages/mvapich2-2.3.5/gcc-8.3.1/include -L/opt/packages/mvapich2-2.3.5/gcc-8.3.1/lib -lmpifort -Wl,-rpath -Wl,/opt/packages/mvapich2-2.3.5/gcc-8.3.1/lib -Wl,--enable-new-dtags -lmpi\nF90 version:    GNU Fortran (GCC) 8.5.0 20210514 (Red Hat 8.5.0-18)\n\nOK\n\n##################################################################################################\nPython Sanity Checks\n\nVerify `/usr/bin/env python3 --version` (reporting as: Python 3.9.13),\nmatches versions for: `which python3 && which python`\n\nOK\n\n##################################################################################################\nPython Modules (TestHarness, run-ability)\n\nOK",
                          "url": "https://github.com/idaholab/moose/discussions/27543#discussioncomment-9308339",
                          "updatedAt": "2024-05-03T17:48:13Z",
                          "publishedAt": "2024-05-03T17:48:12Z",
                          "isAnswer": false
                        }
                      },
                      {
                        "node": {
                          "author": {
                            "login": "GiudGiud"
                          },
                          "bodyText": "ok no openmpi detected there.\nI would just start using moose. Debugging how to make the test suite work with slurm may have been done elsewhere on this forum, feel free to look",
                          "url": "https://github.com/idaholab/moose/discussions/27543#discussioncomment-9308446",
                          "updatedAt": "2024-05-03T18:04:38Z",
                          "publishedAt": "2024-05-03T18:04:37Z",
                          "isAnswer": false
                        }
                      },
                      {
                        "node": {
                          "author": {
                            "login": "lyyc199586"
                          },
                          "bodyText": "as always, reinstalling MOOSE and RACCOON solved this... Thank u",
                          "url": "https://github.com/idaholab/moose/discussions/27543#discussioncomment-9330825",
                          "updatedAt": "2024-05-06T15:30:52Z",
                          "publishedAt": "2024-05-06T15:30:52Z",
                          "isAnswer": true
                        }
                      }
                    ]
                  }
                }
              }
            ]
          }
        }
      },
      {
        "node": {
          "title": "Problem of using MatchedValueBC",
          "author": {
            "login": "SomnusYu"
          },
          "bodyText": "Hi all,\nI would like to know if each variable must have one kernel at least. Can I just use the MatchedValueBC of this variable, but do not use kernel of this variable (that's to say the value of this variable equal to v  in MatchedValueBC in each linear and nonlinear iteration)?\nThanks!",
          "url": "https://github.com/idaholab/moose/discussions/27552",
          "updatedAt": "2024-05-06T15:28:40Z",
          "publishedAt": "2024-05-06T14:20:15Z",
          "category": {
            "name": "Q&A General"
          },
          "comments": {
            "edges": [
              {
                "node": {
                  "author": {
                    "login": "GiudGiud"
                  },
                  "bodyText": "Hello\nYes that's pretty much an obligation because having no kernels means huge rows of 0s in the Jacobian.\nJust add a time derivative kernel on that variable, that does not change much\nGuillaume",
                  "url": "https://github.com/idaholab/moose/discussions/27552#discussioncomment-9330089",
                  "updatedAt": "2024-05-06T14:26:45Z",
                  "publishedAt": "2024-05-06T14:26:44Z",
                  "isAnswer": false,
                  "replies": {
                    "edges": [
                      {
                        "node": {
                          "author": {
                            "login": "SomnusYu"
                          },
                          "bodyText": "I have tried to add a ADTimeDerivative kernel, but the value equals to initial value and doesn't change. Is there any other kernel I can use?",
                          "url": "https://github.com/idaholab/moose/discussions/27552#discussioncomment-9330146",
                          "updatedAt": "2024-05-06T14:31:55Z",
                          "publishedAt": "2024-05-06T14:31:55Z",
                          "isAnswer": false
                        }
                      },
                      {
                        "node": {
                          "author": {
                            "login": "GiudGiud"
                          },
                          "bodyText": "why would it change? From the BC? The volume would stay constant for sure with just this kernel",
                          "url": "https://github.com/idaholab/moose/discussions/27552#discussioncomment-9330215",
                          "updatedAt": "2024-05-06T14:37:26Z",
                          "publishedAt": "2024-05-06T14:37:25Z",
                          "isAnswer": false
                        }
                      },
                      {
                        "node": {
                          "author": {
                            "login": "SomnusYu"
                          },
                          "bodyText": "Yes, the v in MatchedValueBC will change over the time.",
                          "url": "https://github.com/idaholab/moose/discussions/27552#discussioncomment-9330243",
                          "updatedAt": "2024-05-06T14:40:03Z",
                          "publishedAt": "2024-05-06T14:40:03Z",
                          "isAnswer": false
                        }
                      },
                      {
                        "node": {
                          "author": {
                            "login": "GiudGiud"
                          },
                          "bodyText": "and you want u to be equal to v everywhere in the domain?\nor just on the boundary?",
                          "url": "https://github.com/idaholab/moose/discussions/27552#discussioncomment-9330620",
                          "updatedAt": "2024-05-06T15:13:18Z",
                          "publishedAt": "2024-05-06T15:13:17Z",
                          "isAnswer": false
                        }
                      },
                      {
                        "node": {
                          "author": {
                            "login": "SomnusYu"
                          },
                          "bodyText": "Just on the boundary.",
                          "url": "https://github.com/idaholab/moose/discussions/27552#discussioncomment-9330640",
                          "updatedAt": "2024-05-06T15:15:43Z",
                          "publishedAt": "2024-05-06T15:15:42Z",
                          "isAnswer": false
                        }
                      },
                      {
                        "node": {
                          "author": {
                            "login": "GiudGiud"
                          },
                          "bodyText": "and you are not seeing that happen? as if the BC is not being applied?\nyou could try this boundary condition too. v is a Functor (since it s a variable)\nhttps://mooseframework.inl.gov/source/bcs/FunctorDirichletBC.html",
                          "url": "https://github.com/idaholab/moose/discussions/27552#discussioncomment-9330686",
                          "updatedAt": "2024-05-06T15:19:21Z",
                          "publishedAt": "2024-05-06T15:19:20Z",
                          "isAnswer": false
                        }
                      },
                      {
                        "node": {
                          "author": {
                            "login": "SomnusYu"
                          },
                          "bodyText": "OK, thanks a lot!",
                          "url": "https://github.com/idaholab/moose/discussions/27552#discussioncomment-9330794",
                          "updatedAt": "2024-05-06T15:28:41Z",
                          "publishedAt": "2024-05-06T15:28:40Z",
                          "isAnswer": false
                        }
                      }
                    ]
                  }
                }
              }
            ]
          }
        }
      },
      {
        "node": {
          "title": "Auxkernels and AD",
          "author": {
            "login": "joe61vette"
          },
          "bodyText": "I have a compound auxvariable (mdot) that is the product of density, velocity and area. I use an aux instead of a material property due to a \"product of averages is not equal to the average of the products\" type of problem when variables are interpolated to QPs. I would like to use the AD system but it seems like auxkernels only return Real values. Is it possible for an auxvariable to be of type ADReal? I haven't found an example yet, so I am guessing not.\nThanks,\nJoe Kelly",
          "url": "https://github.com/idaholab/moose/discussions/27544",
          "updatedAt": "2024-05-06T04:33:59Z",
          "publishedAt": "2024-05-03T17:49:36Z",
          "category": {
            "name": "Q&A General"
          },
          "comments": {
            "edges": [
              {
                "node": {
                  "author": {
                    "login": "GiudGiud"
                  },
                  "bodyText": "Hi Joe\nNo it's not possible for aux variables to be AD.\nSo you want to avoid evaluating the material property on the face by evaluating each component? You want to make sure face values are computed from the average of the values of that material property on the elements?\nWith Functor material properties we can define how the property gets evaluated for each argument (element, face, point, etc)\nGuillaume",
                  "url": "https://github.com/idaholab/moose/discussions/27544#discussioncomment-9308429",
                  "updatedAt": "2024-05-03T18:02:24Z",
                  "publishedAt": "2024-05-03T18:02:23Z",
                  "isAnswer": false,
                  "replies": {
                    "edges": [
                      {
                        "node": {
                          "author": {
                            "login": "joe61vette"
                          },
                          "bodyText": "Thanks Guillaume. I'll take a look at functor properties.  I have only used them in an FVM context and this is FEM (1D).  After I read up on it, I'll either mark this as answered or have a better defined question. Below is an excerpt that explains the problem a bit better.\n\"To simplify the discussion, we\u2019ll first consider a constant density case. It is essential to note that in this implementation the values of the flow area and the velocity variables only exist for the nodal points. Within a kernel, the values for the quadrature points are interpolated from the actual nodal values according to the type of quadrature being used. Again, to keep this simple, we\u2019ll consider the most elementary type of quadrature: first-order Gauss. Thus, there is only one quadrature point located at the midpoint of the element and linear interpolation is used. Therefore,\nA[0] = (1/2)(A0 + A1)\nU[0] = (1/2) (U0 + U1)\nLet\u2019s consider the case where the flow area of an element doubles over its length and the velocity and area at the bottom of the element both have a value of unity. The corresponding volumetric flux would then have a value of 1 \ufffdm3/s\ufffd. For a constant density case, the volumetric flux at the top of the element would also have the same value. However, using the quadrature point values we would have\nA[0] = (1/2)* (1+2) = 1.5\nU[0]= (1/2)* (1+0.5)=0.75\nso that the product U \u00b7 A is equal to 1.125 rather than unity. Consequently, using the product of the quadrature values for velocity and flow area within the convective term can result in large mass errors rendering the calculation meaningless.\"",
                          "url": "https://github.com/idaholab/moose/discussions/27544#discussioncomment-9308595",
                          "updatedAt": "2024-05-03T18:25:09Z",
                          "publishedAt": "2024-05-03T18:25:08Z",
                          "isAnswer": false
                        }
                      },
                      {
                        "node": {
                          "author": {
                            "login": "joe61vette"
                          },
                          "bodyText": "After looking at the functor material description, I don't believe that it solves the problem described above. Namely, for a 1D problem, only the velocity calculated at the nodal points is guaranteed to conserve the mass flow rate. If you interpolate each quantity (rho, velocity and area) to the QPs in forming a residual, that product does not equal the mass flow rate.",
                          "url": "https://github.com/idaholab/moose/discussions/27544#discussioncomment-9308724",
                          "updatedAt": "2024-05-03T18:37:31Z",
                          "publishedAt": "2024-05-03T18:37:31Z",
                          "isAnswer": false
                        }
                      },
                      {
                        "node": {
                          "author": {
                            "login": "GiudGiud"
                          },
                          "bodyText": "Well you're right that functor material properties were initially meant for facilitating on-the-fly evaluations and therefore meant it would be easy to combine functors / call them anywhere. So if mdot = rho v A then they allow to compute mdot(anywhere = x) as rho(x) * v(x) * A(x)\nbut it does not have to be that way. If I define a functor mdot that is equal to rho v A only on the nodes (definition of the functor for the NodalArg spatial argument), and equal to an interpolation of mdot between nodes elsewhere (definition of the functor for other spatial arguments, for example ElemQpArg, a Qp inside an element), then it does what you want.\nYou can look at ConstantFunctor in MooseFunctor.h for one of the simplest functor definitions.\nThen PiecewiseByBlockLambdaFunctor in its own header for a more complex one.\nMy idea would be to create the one you need.\n@lindsayad is the most knowledgeable on functors\nThen for the user to create them, that will have to be done through a FunctorMaterial, which will create the functor as a functor material property.",
                          "url": "https://github.com/idaholab/moose/discussions/27544#discussioncomment-9308786",
                          "updatedAt": "2024-05-03T18:46:06Z",
                          "publishedAt": "2024-05-03T18:46:06Z",
                          "isAnswer": true
                        }
                      },
                      {
                        "node": {
                          "author": {
                            "login": "joe61vette"
                          },
                          "bodyText": "Thanks Guillaume.  I think I understand and will give it a try.",
                          "url": "https://github.com/idaholab/moose/discussions/27544#discussioncomment-9308856",
                          "updatedAt": "2024-05-03T18:57:40Z",
                          "publishedAt": "2024-05-03T18:57:40Z",
                          "isAnswer": false
                        }
                      },
                      {
                        "node": {
                          "author": {
                            "login": "GiudGiud"
                          },
                          "bodyText": "sounds good. There is also a functor that leverages a map by faces. that can be an inspiration too. It's in Navier Stokes module\nsrc/utils/FaceCenteredMapFunctor.C",
                          "url": "https://github.com/idaholab/moose/discussions/27544#discussioncomment-9309021",
                          "updatedAt": "2024-05-03T19:22:05Z",
                          "publishedAt": "2024-05-03T19:22:04Z",
                          "isAnswer": false
                        }
                      },
                      {
                        "node": {
                          "author": {
                            "login": "lindsayad"
                          },
                          "bodyText": "There's a flaw in the thought process here. There is no interpolation in finite elements, just evaluation of the approximate solution. There is nothing special about the solution evaluation at the nodes vs. the interior of the elements. The evaluation of U at an interior element quadrature point is just as correct or incorrect as its evaluation at a node. Same with A. So you should not regard the product of U and A and rho at nodes as something special upon which you should base all other evaluations. If you have an issue with evaluation of mdot because of its composite nature, the fix would be to cast it as a degree of freedom in your system of equations, not try to project an auxiliary mdot into a finite element space",
                          "url": "https://github.com/idaholab/moose/discussions/27544#discussioncomment-9324110",
                          "updatedAt": "2024-05-06T04:33:59Z",
                          "publishedAt": "2024-05-06T04:33:59Z",
                          "isAnswer": false
                        }
                      }
                    ]
                  }
                }
              }
            ]
          }
        }
      },
      {
        "node": {
          "title": "In Porous flow, can we use kernels instead of action to 'save_component_rate_in'?",
          "author": {
            "login": "robo-boluo"
          },
          "bodyText": "Dear Moose community,\nI followed the coupled flow example under the folder of '(modules/combined/examples/geochem-porous_flow/geotes_weber_tensleep/porous_flow.i). The example uses '[PorousFlowFullySaturated]' action to save the mass fraction rate.\n\nConsidering the extension of multiple phases and unsaturated flow, my question is that can we use kernels such as, [PorousFlowMassTimeDerivative] to save the mass fraction rate?\nThanks for your time and help.\nRobo",
          "url": "https://github.com/idaholab/moose/discussions/27550",
          "updatedAt": "2024-05-06T00:42:45Z",
          "publishedAt": "2024-05-05T18:25:42Z",
          "category": {
            "name": "Q&A Modules: Porous Flow"
          },
          "comments": {
            "edges": [
              {
                "node": {
                  "author": {
                    "login": "GiudGiud"
                  },
                  "bodyText": "Hello\nYou can look at PorousFlowFullySaturated.C to see what this parameter is doing.\n      kernel_name = \"PorousFlowFullySaturated_MassTimeDerivative\" + Moose::stringify(i);\n      params.set<unsigned int>(\"fluid_component\") = i;\n      params.set<NonlinearVariableName>(\"variable\") = _mass_fraction_vars[i];\n      if (_save_component_rate_in.size() != 0)\n        params.set<std::vector<AuxVariableName>>(\"save_in\") = {_save_component_rate_in[i]};\n      _problem->addKernel(kernel_type, kernel_name, params);\n\nit is just using the \"save_in\" parameter on the kernels. You can do that too with an input file that uses the kernels instead of the action\nGuillaume",
                  "url": "https://github.com/idaholab/moose/discussions/27550#discussioncomment-9322333",
                  "updatedAt": "2024-05-05T21:30:50Z",
                  "publishedAt": "2024-05-05T21:30:47Z",
                  "isAnswer": true,
                  "replies": {
                    "edges": []
                  }
                }
              },
              {
                "node": {
                  "author": {
                    "login": "robo-boluo"
                  },
                  "bodyText": "many thanks for the prompt reply.",
                  "url": "https://github.com/idaholab/moose/discussions/27550#discussioncomment-9323025",
                  "updatedAt": "2024-05-06T00:42:17Z",
                  "publishedAt": "2024-05-06T00:42:16Z",
                  "isAnswer": false,
                  "replies": {
                    "edges": []
                  }
                }
              }
            ]
          }
        }
      },
      {
        "node": {
          "title": "Unexpected Negative Temperatures in Cement Heat Transfer Simulation",
          "author": {
            "login": "DanielChou0916"
          },
          "bodyText": "Hello MOOSE Community,\nI'm conducting a heat transfer simulation in cement and encountering an issue where the middle nodes of my domain exhibit negative temperatures. Below are the details of my setup:\nThermal Properties:\nThermal Conductivity: 2.6 W/m\u00b0C\nSpecific Heat: 790 J/kg\u00b0C\nDensity: 2500 kg/m\u00b3\nSimulation Domain:\nThe domain consists of eight 2D triangular elements in a square configuration.\nBoundary and Initial Conditions:\nInitial Temperature: 0\u00b0C throughout the domain.\nBottom Boundary: Constant at 0\u00b0C.\nTop Boundary: Linear increase from 0\u00b0C to 25\u00b0C over 10 seconds (0.25*t).\nDespite these settings, I observed that the temperature at node 3 (located at x,y = (1,1)) drops to -8.92\u00b0C, which is unexpected. This issue does not occur when I run a similar simulation in ABAQUS.\nAdditionally, I attempted to use parameters from an official example, modifying them for my cement material:\nThermal Conductivity: Changed from 45.0 to 2.6 W/m\u00b0C\nSpecific Heat: Unsure if the original 0.5 is in kJ/kg\u00b0C.\nI would appreciate any insights or suggestions on why these negative temperatures might be occurring and how to resolve this issue. Attached are the mesh file (I_mesh_example_square.e) and the input file (II_2_heat_conduction.i) for reference.\nThank you for your assistance!\nMy simple simulation:\nheattests.zip\nThe MOOSE official example:\nhttps://mooseframework.inl.gov/modules/combined/tutorials/introduction/thermomech_step01.html",
          "url": "https://github.com/idaholab/moose/discussions/27509",
          "updatedAt": "2024-05-03T20:19:09Z",
          "publishedAt": "2024-04-30T12:14:22Z",
          "category": {
            "name": "Q&A Getting Started"
          },
          "comments": {
            "edges": [
              {
                "node": {
                  "author": {
                    "login": "GiudGiud"
                  },
                  "bodyText": "Hello\nYou are very far from a steady state (the linear slope between the two boundaries one will expect) at this point.\nThe CFEM discretization in use can present oscillation in the presence of large perturbations, which imposing a dirichlet next to a volume far from that temperature is.\nDo you know what discretization Abaqus uses?\nGuillaume",
                  "url": "https://github.com/idaholab/moose/discussions/27509#discussioncomment-9285027",
                  "updatedAt": "2024-05-01T13:05:26Z",
                  "publishedAt": "2024-05-01T13:05:25Z",
                  "isAnswer": true,
                  "replies": {
                    "edges": [
                      {
                        "node": {
                          "author": {
                            "login": "DanielChou0916"
                          },
                          "bodyText": "Thank you very much for pointing me out!\nI try to add temp from 0~25, and retain 25C to continue the simulation for an extra period\nFurthermore, I use finer mesh than my example.\nThe results make sense to me now!!\nAnd I do not really know what discretization Abaqus uses...\nWill pay more attention on these aspects when doing the formal simulation by MOOSE.\nBut thanks again :)",
                          "url": "https://github.com/idaholab/moose/discussions/27509#discussioncomment-9309415",
                          "updatedAt": "2024-05-03T20:19:08Z",
                          "publishedAt": "2024-05-03T20:19:06Z",
                          "isAnswer": false
                        }
                      }
                    ]
                  }
                }
              }
            ]
          }
        }
      },
      {
        "node": {
          "title": "Recommended Ubuntu version",
          "author": {
            "login": "Khaksarkn"
          },
          "bodyText": "Hi,\nIs there any version of Ubuntu Desktop (20.04, 22.04, or the latest 24.04), that you recommend using for MOOSE applications?\nThanks.",
          "url": "https://github.com/idaholab/moose/discussions/27534",
          "updatedAt": "2024-05-02T18:36:28Z",
          "publishedAt": "2024-05-02T18:00:19Z",
          "category": {
            "name": "Q&A Getting Started"
          },
          "comments": {
            "edges": [
              {
                "node": {
                  "author": {
                    "login": "KamalnathOSU"
                  },
                  "bodyText": "I have used MOOSE with Ubuntu 20.04 in WSL (Windows Subsystem for Linux). So far, there is no issue.",
                  "url": "https://github.com/idaholab/moose/discussions/27534#discussioncomment-9298625",
                  "updatedAt": "2024-05-02T18:04:54Z",
                  "publishedAt": "2024-05-02T18:04:54Z",
                  "isAnswer": false,
                  "replies": {
                    "edges": [
                      {
                        "node": {
                          "author": {
                            "login": "Khaksarkn"
                          },
                          "bodyText": "Thanks for the info. I have used that as well.\nI meant for desktop versions of Ubuntu. There has been a new 24.04 release. I was wondering what people recommend for desktop versions.",
                          "url": "https://github.com/idaholab/moose/discussions/27534#discussioncomment-9298642",
                          "updatedAt": "2024-05-02T18:06:46Z",
                          "publishedAt": "2024-05-02T18:06:46Z",
                          "isAnswer": false
                        }
                      },
                      {
                        "node": {
                          "author": {
                            "login": "milljm"
                          },
                          "bodyText": "I imagine building MOOSE and running MOOSE based applications will work just fine.\nThe complication we run into usually involves the graphical front end; Peacock.",
                          "url": "https://github.com/idaholab/moose/discussions/27534#discussioncomment-9298904",
                          "updatedAt": "2024-05-02T18:36:28Z",
                          "publishedAt": "2024-05-02T18:36:28Z",
                          "isAnswer": false
                        }
                      }
                    ]
                  }
                }
              }
            ]
          }
        }
      },
      {
        "node": {
          "title": "April 2024 Newsletter",
          "author": {
            "login": "cticenhour"
          },
          "bodyText": "The April 2024 MOOSE Newsletter has been released! A summary of the content is below:\n\nMOOSE Improvements\n\nAdded convection functor material\nWebServerControl added\nNew time stepper based on target number of fixed point iterations\nNew initial residual evaluation behavior\n\n\nlibMesh-level Changes\n\n2024.04.23 Update\n\n\nBug Fixes and Minor Enhancements",
          "url": "https://github.com/idaholab/moose/discussions/27531",
          "updatedAt": "2024-05-02T14:45:42Z",
          "publishedAt": "2024-05-02T14:45:41Z",
          "category": {
            "name": "News"
          },
          "comments": {
            "edges": []
          }
        }
      },
      {
        "node": {
          "title": "Error in Finite Volume Incompressible Porous media Navier Stokes Test",
          "author": {
            "login": "m1russell"
          },
          "bodyText": "I am trying to implement a NS analysis of the flow of an incompressible fluid through a body composed of two domains with differing porosities. I tried following the example given in 2d-rc-epsjump.i @ (modules/navier_stokes/test/tests/finite_volume/pins/channel-flow/porosity_jump/2d-rc-epsjump.i) and @( https://mooseframework.inl.gov/modules/navier_stokes/pinsfv.html) but run into the following error.\n*** ERROR ***\nThe following error occurred in the object \"MOOSE Problem\", of type \"FEProblem\".\n\nAttempted to get a functor with the name 'porosity' but multiple functors match. Make sure that you do not have functor material properties, functions, postprocessors or variables with the same names\n\nThe error seems to originate from the use of the name \"porosity\" as both an AuxVariable and FunctorMaterials. I am just learning how to use the NS module so any help would be much appreciated.\nI have added the full input deck below:\nmu=1.1\nrho=1.1\nadvected_interp_method='upwind'\nvelocity_interp_method='rc'\n\n[Mesh]\n  [mesh]\n    type = CartesianMeshGenerator\n    dim = 2\n    dx = '1 1'\n    dy = '0.5'\n    ix = '30 30'\n    iy = '20'\n    subdomain_id = '1 2'\n  []\n[]\n\n[GlobalParams]\n  rhie_chow_user_object = 'rc'\n  porosity = porosity\n[]\n\n[UserObjects]\n  [rc]\n    type = PINSFVRhieChowInterpolator\n    u = u\n    v = v\n    porosity = porosity\n    pressure = pressure\n  []\n[]\n\n[Variables]\n  [u]\n    type = PINSFVSuperficialVelocityVariable\n    initial_condition = 1\n  []\n  [v]\n    type = PINSFVSuperficialVelocityVariable\n    initial_condition = 1e-6\n  []\n  [pressure]\n    type = INSFVPressureVariable\n  []\n[]\n\n[AuxVariables]\n  [porosity]\n    type = MooseVariableFVReal\n  []\n[]\n\n[ICs]\n  inactive = 'porosity_continuous'\n  [porosity_1]\n    type = ConstantIC\n    variable = porosity\n    block = 1\n    value = 1\n  []\n  [porosity_2]\n    type = ConstantIC\n    variable = porosity\n    block = 2\n    value = 0.5\n  []\n  [porosity_continuous]\n    type = FunctionIC\n    variable = porosity\n    block = '1 2'\n    function = smooth_jump\n  []\n[]\n\n[Functions]\n  [smooth_jump]\n    type = ParsedFunction\n    expression = '1 - 0.5 * 1 / (1 + exp(-30*(x-1)))'\n  []\n[]\n\n[FVKernels]\n  [mass]\n    type = PINSFVMassAdvection\n    variable = pressure\n    advected_interp_method = ${advected_interp_method}\n    velocity_interp_method = ${velocity_interp_method}\n    rho = ${rho}\n  []\n\n  [u_advection]\n    type = PINSFVMomentumAdvection\n    variable = u\n    advected_interp_method = ${advected_interp_method}\n    velocity_interp_method = ${velocity_interp_method}\n    rho = ${rho}\n    momentum_component = 'x'\n  []\n  [u_viscosity]\n    type = PINSFVMomentumDiffusion\n    variable = u\n    mu = ${mu}\n    momentum_component = 'x'\n  []\n  [u_pressure]\n    type = PINSFVMomentumPressure\n    variable = u\n    pressure = pressure\n    momentum_component = 'x'\n  []\n\n  [v_advection]\n    type = PINSFVMomentumAdvection\n    variable = v\n    advected_interp_method = ${advected_interp_method}\n    velocity_interp_method = ${velocity_interp_method}\n    rho = ${rho}\n    momentum_component = 'y'\n  []\n  [v_viscosity]\n    type = PINSFVMomentumDiffusion\n    variable = v\n    mu = ${mu}\n    momentum_component = 'y'\n  []\n  [v_pressure]\n    type = PINSFVMomentumPressure\n    variable = v\n    pressure = pressure\n    momentum_component = 'y'\n  []\n[]\n\n[FVBCs]\n  [inlet-u]\n    type = INSFVInletVelocityBC\n    boundary = 'left'\n    variable = u\n    function = '1'\n  []\n  [inlet-v]\n    type = INSFVInletVelocityBC\n    boundary = 'left'\n    variable = v\n    function = 0\n  []\n\n  [walls-u]\n    type = INSFVNaturalFreeSlipBC\n    boundary = 'top bottom'\n    variable = u\n    momentum_component = 'x'\n  []\n  [walls-v]\n    type = INSFVNaturalFreeSlipBC\n    boundary = 'top bottom'\n    variable = v\n    momentum_component = 'y'\n  []\n\n  [outlet_p]\n    type = INSFVOutletPressureBC\n    boundary = 'right'\n    variable = pressure\n    function = 0.4\n  []\n[]\n\n[FunctorMaterials]\n  inactive = 'smooth'\n  [jump]\n    type = ADPiecewiseByBlockFunctorMaterial\n    prop_name = 'porosity'\n    subdomain_to_prop_value = '1 1\n                               2 0.5'\n  []\n  [smooth]\n    type = ADGenericFunctionFunctorMaterial\n    prop_names = 'porosity'\n    prop_values = 'smooth_jump'\n  []\n[]\n\n[Executioner]\n  type = Steady\n  solve_type = 'NEWTON'\n  petsc_options_iname = '-pc_type -pc_factor_shift_type'\n  petsc_options_value = 'lu       NONZERO'\n  line_search = 'none'\n  nl_rel_tol = 1e-10\n[]\n\n[Postprocessors]\n  [inlet_p]\n    type = SideAverageValue\n    variable = 'pressure'\n    boundary = 'left'\n  []\n  [outlet-u]\n    type = SideIntegralVariablePostprocessor\n    variable = u\n    boundary = 'right'\n  []\n[]\n\n[Outputs]\n  exodus = true\n  csv = false\n[]",
          "url": "https://github.com/idaholab/moose/discussions/27530",
          "updatedAt": "2024-05-07T22:03:12Z",
          "publishedAt": "2024-05-01T22:55:44Z",
          "category": {
            "name": "Q&A Modules: Navier-Stokes"
          },
          "comments": {
            "edges": [
              {
                "node": {
                  "author": {
                    "login": "GiudGiud"
                  },
                  "bodyText": "Hello\nYou have too many objects called porosity. Rename one of them?\nMaybe the auxiliary variable first?\nNote that we have 3 different treatments implemented for porosity jump. Please try them and let us know your thoughts\nGuillaume",
                  "url": "https://github.com/idaholab/moose/discussions/27530#discussioncomment-9289759",
                  "updatedAt": "2024-05-01T23:34:36Z",
                  "publishedAt": "2024-05-01T23:34:36Z",
                  "isAnswer": false,
                  "replies": {
                    "edges": []
                  }
                }
              },
              {
                "node": {
                  "author": {
                    "login": "m1russell"
                  },
                  "bodyText": "Sounds good, is the issue that the example test was meant to show you can declare porosity either as an auxillary variable whose value is set by the IC or as a functor material? I am not sure why it had both to begin with.",
                  "url": "https://github.com/idaholab/moose/discussions/27530#discussioncomment-9289900",
                  "updatedAt": "2024-05-02T00:08:18Z",
                  "publishedAt": "2024-05-02T00:08:17Z",
                  "isAnswer": false,
                  "replies": {
                    "edges": [
                      {
                        "node": {
                          "author": {
                            "login": "GiudGiud"
                          },
                          "bodyText": "Oh yeah sometimes tests are just doing whatever to get some lines of code tested",
                          "url": "https://github.com/idaholab/moose/discussions/27530#discussioncomment-9290026",
                          "updatedAt": "2024-05-02T00:36:40Z",
                          "publishedAt": "2024-05-02T00:36:40Z",
                          "isAnswer": true
                        }
                      }
                    ]
                  }
                }
              }
            ]
          }
        }
      },
      {
        "node": {
          "title": "Error in adding DerivativeMaterialInterface kernel",
          "author": {
            "login": "tqcthai"
          },
          "bodyText": "",
          "url": "https://github.com/idaholab/moose/discussions/27528",
          "updatedAt": "2024-05-01T23:41:23Z",
          "publishedAt": "2024-05-01T22:43:13Z",
          "category": {
            "name": "Q&A General"
          },
          "comments": {
            "edges": []
          }
        }
      },
      {
        "node": {
          "title": "Time_scale in HPC Vs. Local system",
          "author": {
            "login": "ashishdhole"
          },
          "bodyText": "Hello,\nIf I am running same input script on my local PC the 1st time step converges well at 1 sec, but if I am running the same script on HPC, my 1st time step converges at 6.25e-05. is there anything I need to add in the script that will show same time steps on HPC as on my local system?\nThank you",
          "url": "https://github.com/idaholab/moose/discussions/27519",
          "updatedAt": "2024-05-01T19:07:39Z",
          "publishedAt": "2024-05-01T06:54:30Z",
          "category": {
            "name": "Q&A Modules: Phase field"
          },
          "comments": {
            "edges": [
              {
                "node": {
                  "author": {
                    "login": "GiudGiud"
                  },
                  "bodyText": "hello\nAre you using the same number of cores on both systems?\nGuillaume",
                  "url": "https://github.com/idaholab/moose/discussions/27519#discussioncomment-9284684",
                  "updatedAt": "2024-05-01T12:19:15Z",
                  "publishedAt": "2024-05-01T12:19:14Z",
                  "isAnswer": false,
                  "replies": {
                    "edges": [
                      {
                        "node": {
                          "author": {
                            "login": "ashishdhole"
                          },
                          "bodyText": "no. On my local system I am using 4 cores on HPC I am using 400.",
                          "url": "https://github.com/idaholab/moose/discussions/27519#discussioncomment-9287789",
                          "updatedAt": "2024-05-01T18:20:43Z",
                          "publishedAt": "2024-05-01T18:20:43Z",
                          "isAnswer": false
                        }
                      },
                      {
                        "node": {
                          "author": {
                            "login": "GiudGiud"
                          },
                          "bodyText": "the preconditioning depends on the number of cores used.\nWe recommend 20k dofs per core as a guideline. 400 processes for an input that runs with 4 is likely overkill and detrimental to the runtime",
                          "url": "https://github.com/idaholab/moose/discussions/27519#discussioncomment-9287947",
                          "updatedAt": "2024-05-01T18:42:29Z",
                          "publishedAt": "2024-05-01T18:42:27Z",
                          "isAnswer": false
                        }
                      },
                      {
                        "node": {
                          "author": {
                            "login": "ashishdhole"
                          },
                          "bodyText": "In case of adaptivity how will we know the exact dof?",
                          "url": "https://github.com/idaholab/moose/discussions/27519#discussioncomment-9287968",
                          "updatedAt": "2024-05-01T18:44:28Z",
                          "publishedAt": "2024-05-01T18:44:28Z",
                          "isAnswer": false
                        }
                      },
                      {
                        "node": {
                          "author": {
                            "login": "GiudGiud"
                          },
                          "bodyText": "you can use a postprocessor to count the number of dofs\nhttps://mooseframework.inl.gov/source/postprocessors/NumDOFs.html\nuniform refinement generates 4x (in 2D) and 8x (in 3D) as many cells for the refined cells",
                          "url": "https://github.com/idaholab/moose/discussions/27519#discussioncomment-9288155",
                          "updatedAt": "2024-05-01T19:07:56Z",
                          "publishedAt": "2024-05-01T19:07:39Z",
                          "isAnswer": false
                        }
                      }
                    ]
                  }
                }
              }
            ]
          }
        }
      }
    ]
  }
}