{
  "discussions": {
    "pageInfo": {
      "hasNextPage": true,
      "endCursor": "Y3Vyc29yOnYyOpK5MjAyNC0wOC0xM1QwODowNTo0NS0wNjowMM4Aa4y1"
    },
    "edges": [
      {
        "node": {
          "title": "Do TIMESTEP_BEGIN and TIMESTEP_END make sense for t=0?",
          "author": {
            "login": "felixcrazzolara"
          },
          "bodyText": "Check these boxes if you have followed the posting rules.\n\n Q&A General is the most appropriate section for my question\n I have consulted the posting Guidelines on the Discussions front page\n I have searched the Discussions forum and my question has not been asked before\n I have searched the MOOSE website and the documentation does not answer my question\n I have formatted my post following the posting guidelines (screenshots as a last resort, triple back quotes around pasted text)\n\nQuestion\nI want to do a transient simulation of a set of beams. In order to verify that I set up the simulation correctly, I wanted to recover the expected resonance frequencies known from analytical solutions. To this end, I initialized 'disp_y' as given by the respective mode. For example, the initial position of the end of the beam, i.e. at 'x=10', has the initial value '-1'. This seems to work fine so far.\nI also had to modify 'computeProperties' in ComputeIncrementalBeamStrain.C, since it wouldn't compute an incremental strain otherwise, but that shouldn't matter for my question.\nConsider the four ways to log information about the displacement of the end of the beam:\n [disp_y_1]\n   type = PointValue\n   point = '10 0.0 0.0'\n   variable = disp_y\n   execute_on = \"TIMESTEP_BEGIN\"\n []\n [disp_y_2]\n   type = PointValue\n   point = '10 0.0 0.0'\n   variable = disp_y\n   execute_on = \"TIMESTEP_END\"\n []\n [disp_y_3]\n   type = PointValue\n   point = '10 0.0 0.0'\n   variable = disp_y\n   execute_on = \"INITIAL TIMESTEP_BEGIN\"\n []\n[disp_y_4]\n   type = PointValue\n   point = '10 0.0 0.0'\n   variable = disp_y\n   execute_on = \"INITIAL TIMESTEP_END\"\n []\n\nThey only differ in how 'execute_on' is set. Below you can see the results for the first several timesteps:\nt: [0.   0.01 0.02 0.03]\ndisp_y_1: [ 0.         -0.99999923 -0.81280427 -0.2029271 ]\ndisp_y_2: [ 0.         -0.81280427 -0.2029271   0.53472652]\ndisp_y_3: [-0.99999923 -0.99999923 -0.81280427 -0.2029271 ]\ndisp_y_4: [-0.99999923 -0.81280427 -0.2029271   0.53472652]\n\nWhen I don't use 'INITIAL' in 'execute_on', the logged values are just zero. So my question is: What does it even mean TIMESTEP_BEGIN and TIMESTEP_END for t=0? How does it work under the hood?\nMany thanks and best regards,\nFelix",
          "url": "https://github.com/idaholab/moose/discussions/28347",
          "updatedAt": "2024-08-17T21:10:14Z",
          "publishedAt": "2024-08-11T09:18:01Z",
          "category": {
            "name": "Q&A General"
          },
          "comments": {
            "edges": [
              {
                "node": {
                  "author": {
                    "login": "GiudGiud"
                  },
                  "bodyText": "Hello\nINITIAL is an execution step that is right after the initialization of variables, and the solver has not run yet.\nTIMESTEP_BEGIN is before the solver runs, and TIMESTEP_END after, as the solution is not the end-of-timestep solution\nBoth options makes sense, though timestep_end will not be at t=0 in your case, it will be at t=0.01\nYou can use the Debug/show_execution_order=ALWAYS to see the progression of the execution steps",
                  "url": "https://github.com/idaholab/moose/discussions/28347#discussioncomment-10305554",
                  "updatedAt": "2024-08-11T14:24:53Z",
                  "publishedAt": "2024-08-11T14:24:52Z",
                  "isAnswer": false,
                  "replies": {
                    "edges": []
                  }
                }
              },
              {
                "node": {
                  "author": {
                    "login": "felixcrazzolara"
                  },
                  "bodyText": "@GiudGiud thank you for your response! I think I didn't fully understand it yet. Let me ask you instead: In what case does it make sense to use TIMESTEP_END or TIMESTEP_BEGIN for t==0?",
                  "url": "https://github.com/idaholab/moose/discussions/28347#discussioncomment-10367131",
                  "updatedAt": "2024-08-17T15:02:16Z",
                  "publishedAt": "2024-08-17T15:02:15Z",
                  "isAnswer": false,
                  "replies": {
                    "edges": [
                      {
                        "node": {
                          "author": {
                            "login": "GiudGiud"
                          },
                          "bodyText": "It makes sense to use timestep begin if you are starting from t = 0 and want to output the initial solution. And same for the next time steps, you want the solution at the time which is at the beginning of the time step\nIf you want the solution after the nonlinear solve, at the end of the time step (the beginning of the next one in a way, but objects may execute in between), then timestep_end is more appropriate",
                          "url": "https://github.com/idaholab/moose/discussions/28347#discussioncomment-10367352",
                          "updatedAt": "2024-08-17T15:51:05Z",
                          "publishedAt": "2024-08-17T15:51:04Z",
                          "isAnswer": false
                        }
                      },
                      {
                        "node": {
                          "author": {
                            "login": "felixcrazzolara"
                          },
                          "bodyText": "Thank you very much again. I understand the second part you wrote, I think. The first part I don't.\nThe code snippet below shows how I set the initial conditions for the displacement in y-direction. From my initial post, it can be seen that the logged value of disp_y at x==10 is zero at t==0 when using 'execute_on=TIMESTEP_BEGIN' or 'execute_on=TIMESTEP_END'. For the lack of a better explanation, I'd say the logged output is \"wrong\" and hence useless. What am I missing?\n[Functions]\n  [disp_y_ic_fun]\n    type = ParsedFunction\n    expression = '-0.050923532949828924*(sin(0.4694*x)-sinh(0.4694*x)) + 0.05000000020016891*(cos(0.4694*x)-cosh(0.4694*x))'\n  []\n[]\n\n[ICs]\n  [disp_y_ic]\n    type = FunctionIC\n    variable = disp_y\n    function = disp_y_ic_fun\n    block = 0\n  []\n[]",
                          "url": "https://github.com/idaholab/moose/discussions/28347#discussioncomment-10367822",
                          "updatedAt": "2024-08-17T17:32:24Z",
                          "publishedAt": "2024-08-17T17:32:23Z",
                          "isAnswer": false
                        }
                      },
                      {
                        "node": {
                          "author": {
                            "login": "GiudGiud"
                          },
                          "bodyText": "Yoou are probably missing that you need both the postprocessors and the output to execute on INITIAL (or timestep_begin if you prefer) to see an updated result.\nKeep in mind, INITIAL is before time step begin. So many people use \"INITIAL TIMESTEP_END\" for the execute_on of any postprocessing (both the PPs and the outputs)",
                          "url": "https://github.com/idaholab/moose/discussions/28347#discussioncomment-10368583",
                          "updatedAt": "2024-08-17T21:10:15Z",
                          "publishedAt": "2024-08-17T21:10:14Z",
                          "isAnswer": false
                        }
                      }
                    ]
                  }
                }
              }
            ]
          }
        }
      },
      {
        "node": {
          "title": "MAX Failures reached",
          "author": {
            "login": "julianseb"
          },
          "bodyText": "Check these boxes if you have followed the posting rules.\n\n I have consulted the Posting Guidelines.\n I have searched the Discussions Forum and MOOSE Framework Troubleshooting and have not found what I was looking for\n Q&A Getting Started is the most appropriate category for my question (trouble installing, beginner user, ...)\n\nIssue or question about MOOSE\nHi,\nI'm new to Moose and tried installing it on my Virtual Machine. I've followed the instructions of the getting started page and everything ran smooth. The build went trough but when i wanted to run the test it stopped after a few skipped and 50 failed with the Message MAX FAILURES REACHED. I checked the build with the hello world example and that worked. I also got no output for the echo command for the environment variables. I also tried uninstalling and installing it again but came to the same conclusions.\nI'm running Ubuntu 24.04 LTS (64-bit) on 3 cores with 7 gb of RAM.\nNow i'm out of ideas. Does anyone have a suggestion?\n(Optional) code in question / simulation log / errors\n(moose) julian@julian:~/projects/moose/test$ ./run_tests -j3\nmisc/check_error.bad_second_order_test .................................................... [METHOD!=DBG] SKIP\nmisc/check_error.node_value_off_block ..................................................... [METHOD!=DBG] SKIP\noutputs/format.tecplot_bin_test ......................................................... [TECPLOT!=TRUE] SKIP\nsamplers/base.errors/setNumberOfRows ............................................... [METHOD!=DBG, DEVEL] SKIP\nsamplers/base.errors/setNumberOfCols ............................................... [METHOD!=DBG, DEVEL] SKIP\nauxkernels/solution_aux.aux_nonlinear_solution/from_xdr ........................ [--with-dof-id-bytes!=4] SKIP\nproblems/eigen_problem/eigensolvers.no_slepc ............................................. [SLEPC!=FALSE] SKIP\nuserobjects/element_subdomain_modifier.error-distributed ....................... [MESH_MODE!=DISTRIBUTED] SKIP\nmortar/continuity-3d-non-conforming.continuity_tet10 [Minimum AD size 100 needed, but MOOSE is config...] SKIP\nmortar/continuity-3d-non-conforming.continuity_sphere_hex27 [Minimum AD size 200 needed, but MOOSE is...] SKIP\nmortar/continuity-3d-non-conforming.continuity_tet14 [Minimum AD size 100 needed, but MOOSE is config...] SKIP\nmortar/continuity-3d-non-conforming.continuity_sphere_hex27-debug-mesh [Minimum AD size 200 needed, b...] SKIP\nmortar/continuity-3d-non-conforming.continuity_sphere_hex20 [Minimum AD size 200 needed, but MOOSE is...] SKIP\nsystem_interfaces.thread/pthread .................................................. [THREADING!=PTHREADS] SKIP\nsystem_interfaces.libraries/boost ......................................................... [BOOST!=TRUE] SKIP\nsystem_interfaces.partitioner/chaco ....................................................... [CHACO!=TRUE] SKIP\nsystem_interfaces.partitioner/party ....................................................... [PARTY!=TRUE] SKIP\nsystem_interfaces.compiler/clang ...................................................... [COMPILER!=CLANG] SKIP\nfvkernels/mms/advective-outflow.QUICKLimiter .................................................... [HEAVY] SKIP\nutils/libtorch_nn/ann.libtorch-nn-errors/wrong-optimizer ............................... [LIBTORCH!=TRUE] SKIP\nutils/libtorch_nn/ann.libtorch-nn-optimizer/rmsprop .................................... [LIBTORCH!=TRUE] SKIP\nutils/libtorch_nn/ann.libtorch-nn-errors/wrong-activation .............................. [LIBTORCH!=TRUE] SKIP\nutils/libtorch_nn/ann.libtorch-nn-activation/linear .................................... [LIBTORCH!=TRUE] SKIP\nutils/libtorch_nn/ann.libtorch-nn-activation/sigmoid ................................... [LIBTORCH!=TRUE] SKIP\nutils/libtorch_nn/ann.libtorch-nn-activation/elu ....................................... [LIBTORCH!=TRUE] SKIP\nutils/libtorch_nn/ann.libtorch-nn-optimizer/adam ....................................... [LIBTORCH!=TRUE] SKIP\nutils/libtorch_nn/ann.libtorch-nn-errors/wrong-activation-number ....................... [LIBTORCH!=TRUE] SKIP\nutils/libtorch_nn/ann.libtorch-nn-activation/relu ...................................... [LIBTORCH!=TRUE] SKIP\nutils/libtorch_nn/ann.libtorch-nn-optimizer/sgd ........................................ [LIBTORCH!=TRUE] SKIP\nutils/libtorch_nn/ann.libtorch-nn-optimizer/adagrad .................................... [LIBTORCH!=TRUE] SKIP\nutils/libtorch_nn/ann.libtorch-nn-activation/gelu ...................................... [LIBTORCH!=TRUE] SKIP\nmesh/splitting.meshgenerators_acting_on_split .................................. [MESH_MODE!=DISTRIBUTED] SKIP\nmesh/splitting.split_with_distributed_error .................................... [MESH_MODE!=DISTRIBUTED] SKIP\ndgkernels/2d_diffusion_dg.no_additional_rms_distributed ........................ [MESH_MODE!=DISTRIBUTED] SKIP\ndgkernels/2d_diffusion_dg.proper_ghosting_with_action_parallel_distributed ..... [MESH_MODE!=DISTRIBUTED] SKIP\ndgkernels/2d_diffusion_dg.proper_ghosting_with_action_serial_distributed ....... [MESH_MODE!=DISTRIBUTED] SKIP\npartitioners/petsc_partitioner.party ...................................................... [PARTY!=TRUE] SKIP\npartitioners/petsc_partitioner.chaco ............ [PLATFORM!=DARWIN, CHACO!=TRUE, --with-dof-id-bytes!=4] SKIP\nmortar/periodic_segmental_constraint.penalty_periodic_simple3d [Minimum AD size 100 needed, but MOOSE...] SKIP\nmortar/periodic_segmental_constraint.periodic_aux2d [Minimum AD size 100 needed, but MOOSE is configu...] SKIP\nmortar/periodic_segmental_constraint.penalty_periodic_split [Minimum AD size 100 needed, but MOOSE is...] SKIP\nmortar/periodic_segmental_constraint.periodic_simple2d [Minimum AD size 100 needed, but MOOSE is conf...] SKIP\nmortar/periodic_segmental_constraint.periodic_simple3d [Minimum AD size 100 needed, but MOOSE is conf...] SKIP\nmisc/jacobian.inf_nan ................................................. [using PETSc 3.20.3 REQ: <3.19.3] SKIP\nmisc/signal_handler.test_signal_recover_exodiff_debug .................. [METHOD!=DBG,skipped dependency] SKIP\nmisc/signal_handler.test_signal_recover_debug .......................... [METHOD!=DBG,skipped dependency] SKIP\nmisc/signal_handler.test_signal_debug ..................................................... [METHOD!=DBG] SKIP\nmeshgenerators/sideset_around_subdomain_generator.group/adjacent_to_boundary ... [MESH_MODE!=DISTRIBUTED] SKIP\ncontrols/error.tid_warehouse_error ........................................................ [METHOD!=DBG] SKIP\nmeshgenerators/block_to_mesh_converter_generator.errors/distributed ............ [MESH_MODE!=DISTRIBUTED] SKIP\nmortar/convergence-studies/continuity-3d.p2p1 [Minimum AD size 100 needed, but MOOSE is configured wi...] SKIP\nmortar/convergence-studies/continuity-3d.p1p1 ................................................... [HEAVY] SKIP\nmortar/convergence-studies/continuity-3d.p2p0 [Minimum AD size 100 needed, but MOOSE is configured wi...] SKIP\nmortar/convergence-studies/continuity-3d.p2p2 [Minimum AD size 100 needed, but MOOSE is configured wi...] SKIP\nmortar/convergence-studies/continuity-3d.p1p1dual ............................................... [HEAVY] SKIP\nmortar/convergence-studies/continuity-3d.p1p0 ................................................... [HEAVY] SKIP\nmortar/ad_periodic_segmental_constraint.periodic_simple2d [Minimum AD size 100 needed, but MOOSE is c...] SKIP\nmortar/ad_periodic_segmental_constraint.penalty_periodic_simple3d [Minimum AD size 100 needed, but MO...] SKIP\nmortar/ad_periodic_segmental_constraint.periodic_simple3d [Minimum AD size 100 needed, but MOOSE is c...] SKIP\noutputs/vtk.solution/diff_parallel_mesh ................................. [#6149, MESH_MODE!=DISTRIBUTED] SKIP\noutputs/nemesis.nemesis_scalar_distributed ..................................... [MESH_MODE!=DISTRIBUTED] SKIP\noutputs/nemesis.nemesis_elemental_distributed .................................. [MESH_MODE!=DISTRIBUTED] SKIP\nperformance.os/macOS ................................................................. [PLATFORM!=DARWIN] SKIP\nperformance.os/linux ................................................................. [PLATFORM!=DARWIN] SKIP\nmortar/convergence-studies/gap-conductance.p2p2 ................................................. [HEAVY] SKIP\nmortar/convergence-studies/gap-conductance.p1p0 ................................................. [HEAVY] SKIP\nmortar/convergence-studies/gap-conductance.p2p1 ................................................. [HEAVY] SKIP\nmortar/convergence-studies/gap-conductance.p1p1 ................................................. [HEAVY] SKIP\nmortar/convergence-studies/gap-conductance.p2p0 ................................................. [HEAVY] SKIP\nmortar/convergence-studies/solution-continuity.p2p2 ............................................. [HEAVY] SKIP\nmortar/convergence-studies/solution-continuity.p2p0 ............................................. [HEAVY] SKIP\nmortar/convergence-studies/solution-continuity.p2p1 ............................................. [HEAVY] SKIP\nmortar/convergence-studies/solution-continuity.p1p0 ............................................. [HEAVY] SKIP\nmortar/convergence-studies/solution-continuity.p1p1 ............................................. [HEAVY] SKIP\nfvkernels/fv_adapt.steady-mms ................................................................... [HEAVY] SKIP\nparser/param_substitution.debug_units ..................................................... [METHOD!=DBG] SKIP\npartitioners/block_weighted_partitioner.tests/distributed_mesh ................. [MESH_MODE!=DISTRIBUTED] SKIP\nmisc/check_error.unused_param_test: Working Directory: /home/julian/projects/moose/test/tests/misc/check_error\nmisc/check_error.unused_param_test: Running command: /home/julian/projects/moose/test/moose_test-opt -i unused_param_test.i --error --error-override --libtorch-device cpu\nmisc/check_error.unused_param_test: ################################################################################\nmisc/check_error.unused_param_test: \nmisc/check_error.unused_param_test: Unable to match the following pattern against the program's output:\nmisc/check_error.unused_param_test: \nmisc/check_error.unused_param_test: unused parameter 'Mesh/unused_param'\nmisc/check_error.unused_param_test: \nmisc/check_error.unused_param_test: ################################################################################\nmisc/check_error.unused_param_test: Tester failed, reason: EXPECTED ERROR MISSING\nmisc/check_error.unused_param_test: \nmisc/check_error.unused_param_test ........................................... FAILED (EXPECTED ERROR MISSING)\ncontrols/libtorch_nn_control.run-torch-script .......................................... [LIBTORCH!=TRUE] SKIP\ncontrols/libtorch_nn_control.run-with-torch-parameters ................................. [LIBTORCH!=TRUE] SKIP\ncontrols/libtorch_nn_control.run-without-nn ............................................ [LIBTORCH!=TRUE] SKIP\ncontrols/libtorch_nn_control.invalid-torchscript-error ................................. [LIBTORCH!=TRUE] SKIP\nfunctions/image_function/error.errors/no_vtk ............................................... [VTK!=FALSE] SKIP\ntransfers/multiapp_interpolation_transfer.fromsub_restricted ......................... [PLATFORM!=DARWIN] SKIP\noutputs/png.image_tests/wedge ............................................................ [LIBPNG!=TRUE] SKIP\noutputs/png.image_tests/adv_diff_reaction ................................................ [LIBPNG!=TRUE] SKIP\noutputs/png.image_tests/square_domain .................................................... [LIBPNG!=TRUE] SKIP\noutputs/tecplot.test_binary ............................................................. [TECPLOT!=TRUE] SKIP\nfvkernels/mms/non-orthogonal.compact ............................................................ [HEAVY] SKIP\nfvkernels/mms/non-orthogonal.extended ................................................... [#20953, HEAVY] SKIP\nvectorpostprocessors/work_balance.work_balance/distributed ..................... [MESH_MODE!=DISTRIBUTED] SKIP\nrelationship_managers/two_rm.evaluable_neighbors/distributed ................... [MESH_MODE!=DISTRIBUTED] SKIP\nrelationship_managers/two_rm.evaluable_neighbors/replicated .................... [--with-dof-id-bytes!=4] SKIP\nutils/libtorch_nn/torch_script.libtorch-torch-script ................................... [LIBTORCH!=TRUE] SKIP\nmisc/check_error.kernel_with_aux_var: Working Directory: /home/julian/projects/moose/test/tests/misc/check_error\nmisc/check_error.kernel_with_aux_var: Running command: /home/julian/projects/moose/test/moose_test-opt -i kernel_with_aux_var.i --error --error-override --libtorch-device cpu\nmisc/check_error.kernel_with_aux_var: ################################################################################\nmisc/check_error.kernel_with_aux_var: \nmisc/check_error.kernel_with_aux_var: Unable to match the following pattern against the program's output:\nmisc/check_error.kernel_with_aux_var: \nmisc/check_error.kernel_with_aux_var: No solver variable named v found. Did you specify an auxiliary variable when you meant to specify a solver variable\nmisc/check_error.kernel_with_aux_var: \nmisc/check_error.kernel_with_aux_var: ################################################################################\nmisc/check_error.kernel_with_aux_var: Tester failed, reason: EXPECTED ERROR MISSING\nmisc/check_error.kernel_with_aux_var: \nmisc/check_error.kernel_with_aux_var ......................................... FAILED (EXPECTED ERROR MISSING)\nmisc/check_error.dynamic_check_name_boundary_test: Working Directory: /home/julian/projects/moose/test/tests/misc/check_error\nmisc/check_error.dynamic_check_name_boundary_test: Running command: /home/julian/projects/moose/test/moose_test-opt -i check_dynamic_name_boundary.i --error --error-override --libtorch-device cpu\nmisc/check_error.dynamic_check_name_boundary_test: ################################################################################\nmisc/check_error.dynamic_check_name_boundary_test: \nmisc/check_error.dynamic_check_name_boundary_test: Unable to match the following pattern against the program's output:\nmisc/check_error.dynamic_check_name_boundary_test: \nmisc/check_error.dynamic_check_name_boundary_test: The following dynamic boundary name is not unique: \\w+\nmisc/check_error.dynamic_check_name_boundary_test: \nmisc/check_error.dynamic_check_name_boundary_test: ################################################################################\nmisc/check_error.dynamic_check_name_boundary_test: Tester failed, reason: EXPECTED ERROR MISSING\nmisc/check_error.dynamic_check_name_boundary_test: \nmisc/check_error.dynamic_check_name_boundary_test ............................ FAILED (EXPECTED ERROR MISSING)\nmisc/check_error.function_file_test9: Working Directory: /home/julian/projects/moose/test/tests/misc/check_error\nmisc/check_error.function_file_test9: Running command: /home/julian/projects/moose/test/moose_test-opt -i function_file_test9.i --error --error-override --libtorch-device cpu\nmisc/check_error.function_file_test9: ################################################################################\nmisc/check_error.function_file_test9: \nmisc/check_error.function_file_test9: Unable to match the following pattern against the program's output:\nmisc/check_error.function_file_test9: \nmisc/check_error.function_file_test9: Unknown X-Y data source. Are you missing a parameter\\? Did you misspell one\\?\nmisc/check_error.function_file_test9: \nmisc/check_error.function_file_test9: ################################################################################\nmisc/check_error.function_file_test9: Tester failed, reason: EXPECTED ERROR MISSING\nmisc/check_error.function_file_test9: \nmisc/check_error.function_file_test9 ......................................... FAILED (EXPECTED ERROR MISSING)\nmisc/check_error.ic_bnd_for_non_nodal: Working Directory: /home/julian/projects/moose/test/tests/misc/check_error\nmisc/check_error.ic_bnd_for_non_nodal: Running command: /home/julian/projects/moose/test/moose_test-opt -i ic_bnd_for_non_nodal.i --error --error-override --libtorch-device cpu\nmisc/check_error.ic_bnd_for_non_nodal: ################################################################################\nmisc/check_error.ic_bnd_for_non_nodal: \nmisc/check_error.ic_bnd_for_non_nodal: Unable to match the following pattern against the program's output:\nmisc/check_error.ic_bnd_for_non_nodal: \nmisc/check_error.ic_bnd_for_non_nodal: You are trying to set a boundary restricted variable on non-nodal variable. That is not allowed.\nmisc/check_error.ic_bnd_for_non_nodal: \nmisc/check_error.ic_bnd_for_non_nodal: ################################################################################\nmisc/check_error.ic_bnd_for_non_nodal: Tester failed, reason: EXPECTED ERROR MISSING\nmisc/check_error.ic_bnd_for_non_nodal: \nmisc/check_error.ic_bnd_for_non_nodal ........................................ FAILED (EXPECTED ERROR MISSING)\nmisc/check_error.incomplete_kernel_variable_coverage_test: Working Directory: /home/julian/projects/moose/test/tests/misc/check_error\nmisc/check_error.incomplete_kernel_variable_coverage_test: Running command: /home/julian/projects/moose/test/moose_test-opt -i incomplete_kernel_variable_coverage_test.i --error --error-override --libtorch-device cpu\nmisc/check_error.incomplete_kernel_variable_coverage_test: ################################################################################\nmisc/check_error.incomplete_kernel_variable_coverage_test: \nmisc/check_error.incomplete_kernel_variable_coverage_test: Unable to match the following pattern against the program's output:\nmisc/check_error.incomplete_kernel_variable_coverage_test: \nmisc/check_error.incomplete_kernel_variable_coverage_test: The following variable\\(s\\) lack an active kernel:\nmisc/check_error.incomplete_kernel_variable_coverage_test: \nmisc/check_error.incomplete_kernel_variable_coverage_test: ################################################################################\nmisc/check_error.incomplete_kernel_variable_coverage_test: Tester failed, reason: EXPECTED ERROR MISSING\nmisc/check_error.incomplete_kernel_variable_coverage_test: \nmisc/check_error.incomplete_kernel_variable_coverage_test .................... FAILED (EXPECTED ERROR MISSING)\nmisc/check_error.vector_kernel_with_standard_var: Working Directory: /home/julian/projects/moose/test/tests/misc/check_error\nmisc/check_error.vector_kernel_with_standard_var: Running command: /home/julian/projects/moose/test/moose_test-opt -i vector_kernel_with_standard_var.i --error --error-override --libtorch-device cpu\nmisc/check_error.vector_kernel_with_standard_var: ################################################################################\nmisc/check_error.vector_kernel_with_standard_var: \nmisc/check_error.vector_kernel_with_standard_var: Unable to match the following pattern against the program's output:\nmisc/check_error.vector_kernel_with_standard_var: \nmisc/check_error.vector_kernel_with_standard_var: No vector variable named \\w+ found. Did you specify a standard variable when you meant to specify a vector variable\nmisc/check_error.vector_kernel_with_standard_var: \nmisc/check_error.vector_kernel_with_standard_var: ################################################################################\nmisc/check_error.vector_kernel_with_standard_var: Tester failed, reason: EXPECTED ERROR MISSING\nmisc/check_error.vector_kernel_with_standard_var: \nmisc/check_error.vector_kernel_with_standard_var ............................. FAILED (EXPECTED ERROR MISSING)\nmisc/check_error.missing_material_prop_test2: Working Directory: /home/julian/projects/moose/test/tests/misc/check_error\nmisc/check_error.missing_material_prop_test2: Running command: /home/julian/projects/moose/test/moose_test-opt -i missing_material_prop_test2.i --error --error-override --libtorch-device cpu\nmisc/check_error.missing_material_prop_test2: ################################################################################\nmisc/check_error.missing_material_prop_test2: \nmisc/check_error.missing_material_prop_test2: Unable to match the following pattern against the program's output:\nmisc/check_error.missing_material_prop_test2: \nmisc/check_error.missing_material_prop_test2: Material property '\\w+', requested by '\\w+' is not defined on block \\d+\nmisc/check_error.missing_material_prop_test2: \nmisc/check_error.missing_material_prop_test2: ################################################################################\nmisc/check_error.missing_material_prop_test2: Tester failed, reason: EXPECTED ERROR MISSING\nmisc/check_error.missing_material_prop_test2: \nmisc/check_error.missing_material_prop_test2 ................................. FAILED (EXPECTED ERROR MISSING)\nmisc/check_error.wrong_displacement_order: Working Directory: /home/julian/projects/moose/test/tests/misc/check_error\nmisc/check_error.wrong_displacement_order: Running command: /home/julian/projects/moose/test/moose_test-opt -i wrong_displacement_order.i --error --error-override --libtorch-device cpu\nmisc/check_error.wrong_displacement_order: ################################################################################\nmisc/check_error.wrong_displacement_order: \nmisc/check_error.wrong_displacement_order: Unable to match the following pattern against the program's output:\nmisc/check_error.wrong_displacement_order: \nmisc/check_error.wrong_displacement_order: Error: mesh has SECOND order elements, so all displacement variables must be SECOND order.\nmisc/check_error.wrong_displacement_order: \nmisc/check_error.wrong_displacement_order: ################################################################################\nmisc/check_error.wrong_displacement_order: Tester failed, reason: EXPECTED ERROR MISSING\nmisc/check_error.wrong_displacement_order: \nmisc/check_error.wrong_displacement_order .................................... FAILED (EXPECTED ERROR MISSING)\nmisc/check_error.checked_pointer_param_test: Working Directory: /home/julian/projects/moose/test/tests/misc/check_error\nmisc/check_error.checked_pointer_param_test: Running command: /home/julian/projects/moose/test/moose_test-opt -i checked_pointer_param_test.i --error --error-override --libtorch-device cpu\nmisc/check_error.checked_pointer_param_test: ################################################################################\nmisc/check_error.checked_pointer_param_test: \nmisc/check_error.checked_pointer_param_test: Unable to match the following pattern against the program's output:\nmisc/check_error.checked_pointer_param_test: \nmisc/check_error.checked_pointer_param_test: checked_pointer_param_test.i:3.2: syntax error, unexpected invalid token, expecting =\nmisc/check_error.checked_pointer_param_test: \nmisc/check_error.checked_pointer_param_test: ################################################################################\nmisc/check_error.checked_pointer_param_test: Tester failed, reason: EXPECTED ERROR MISSING\nmisc/check_error.checked_pointer_param_test: \nmisc/check_error.checked_pointer_param_test .................................. FAILED (EXPECTED ERROR MISSING)\nmisc/check_error.multi_precond_test: Working Directory: /home/julian/projects/moose/test/tests/misc/check_error\nmisc/check_error.multi_precond_test: Running command: /home/julian/projects/moose/test/moose_test-opt -i multi_precond_test.i --error --error-override --libtorch-device cpu\nmisc/check_error.multi_precond_test: ################################################################################\nmisc/check_error.multi_precond_test: \nmisc/check_error.multi_precond_test: Unable to match the following pattern against the program's output:\nmisc/check_error.multi_precond_test: \nmisc/check_error.multi_precond_test: More than one active Preconditioner detected\nmisc/check_error.multi_precond_test: \nmisc/check_error.multi_precond_test: ################################################################################\nmisc/check_error.multi_precond_test: Tester failed, reason: EXPECTED ERROR MISSING\nmisc/check_error.multi_precond_test: \nmisc/check_error.multi_precond_test .......................................... FAILED (EXPECTED ERROR MISSING)\nmisc/check_error.bad_parsed_function_vars_test: Working Directory: /home/julian/projects/moose/test/tests/misc/check_error\nmisc/check_error.bad_parsed_function_vars_test: Running command: /home/julian/projects/moose/test/moose_test-opt -i bad_parsed_function_vars.i --error --error-override --libtorch-device cpu\nmisc/check_error.bad_parsed_function_vars_test: ################################################################################\nmisc/check_error.bad_parsed_function_vars_test: \nmisc/check_error.bad_parsed_function_vars_test: Unable to match the following pattern against the program's output:\nmisc/check_error.bad_parsed_function_vars_test: \nmisc/check_error.bad_parsed_function_vars_test: The variables \\\"x, y, z, and t\\\" in the ParsedFunction are pre-declared for use and must not be declared in \\\"vars\\\"\nmisc/check_error.bad_parsed_function_vars_test: \nmisc/check_error.bad_parsed_function_vars_test: ################################################################################\nmisc/check_error.bad_parsed_function_vars_test: Tester failed, reason: EXPECTED ERROR MISSING\nmisc/check_error.bad_parsed_function_vars_test: \nmisc/check_error.bad_parsed_function_vars_test ............................... FAILED (EXPECTED ERROR MISSING)\nmisc/check_error.bc_with_aux_var: Working Directory: /home/julian/projects/moose/test/tests/misc/check_error\nmisc/check_error.bc_with_aux_var: Running command: /home/julian/projects/moose/test/moose_test-opt -i bc_with_aux_var.i --error --error-override --libtorch-device cpu\nmisc/check_error.bc_with_aux_var: ################################################################################\nmisc/check_error.bc_with_aux_var: \nmisc/check_error.bc_with_aux_var: Unable to match the following pattern against the program's output:\nmisc/check_error.bc_with_aux_var: \nmisc/check_error.bc_with_aux_var: No solver variable named v found. Did you specify an auxiliary variable when you meant to specify a solver variable\nmisc/check_error.bc_with_aux_var: \nmisc/check_error.bc_with_aux_var: ################################################################################\nmisc/check_error.bc_with_aux_var: Tester failed, reason: EXPECTED ERROR MISSING\nmisc/check_error.bc_with_aux_var: \nmisc/check_error.bc_with_aux_var ............................................. FAILED (EXPECTED ERROR MISSING)\nmisc/check_error.linear_interp_material_check: Working Directory: /home/julian/projects/moose/test/tests/misc/check_error\nmisc/check_error.linear_interp_material_check: Running command: /home/julian/projects/moose/test/moose_test-opt -i linear_interp_not_increasing.i --error --error-override --libtorch-device cpu\nmisc/check_error.linear_interp_material_check: ################################################################################\nmisc/check_error.linear_interp_material_check: \nmisc/check_error.linear_interp_material_check: Unable to match the following pattern against the program's output:\nmisc/check_error.linear_interp_material_check: \nmisc/check_error.linear_interp_material_check: In LinearInterpolationMaterial \\S+: x-values are not strictly increasing\nmisc/check_error.linear_interp_material_check: \nmisc/check_error.linear_interp_material_check: ################################################################################\nmisc/check_error.linear_interp_material_check: Tester failed, reason: EXPECTED ERROR MISSING\nmisc/check_error.linear_interp_material_check: \nmisc/check_error.linear_interp_material_check ................................ FAILED (EXPECTED ERROR MISSING)\nmisc/check_error.unused_param_test_cli: Working Directory: /home/julian/projects/moose/test/tests/misc/check_error\nmisc/check_error.unused_param_test_cli: Running command: /home/julian/projects/moose/test/moose_test-opt -i unused_param_test.i Executioner/unused_param=true --error --error-override --libtorch-device cpu\nmisc/check_error.unused_param_test_cli: ################################################################################\nmisc/check_error.unused_param_test_cli: \nmisc/check_error.unused_param_test_cli: Unable to match the following pattern against the program's output:\nmisc/check_error.unused_param_test_cli: \nmisc/check_error.unused_param_test_cli: unused parameter 'Executioner/unused_param'\nmisc/check_error.unused_param_test_cli: \nmisc/check_error.unused_param_test_cli: ################################################################################\nmisc/check_error.unused_param_test_cli: Tester failed, reason: EXPECTED ERROR MISSING\nmisc/check_error.unused_param_test_cli: \nmisc/check_error.unused_param_test_cli ....................................... FAILED (EXPECTED ERROR MISSING)\nmisc/check_error.old_integrity_check: Working Directory: /home/julian/projects/moose/test/tests/misc/check_error\nmisc/check_error.old_integrity_check: Running command: /home/julian/projects/moose/test/moose_test-opt -i old_integrity_check.i --error --error-override --libtorch-device cpu\nmisc/check_error.old_integrity_check: ################################################################################\nmisc/check_error.old_integrity_check: \nmisc/check_error.old_integrity_check: Unable to match the following pattern against the program's output:\nmisc/check_error.old_integrity_check: \nmisc/check_error.old_integrity_check: Calling \"coupled\\[Vector\\]\\[Gradient/Dot\\]Old\\[er\\]\" on variable \"\\S+\" when using a \\\"Steady\\\" executioner is not allowed. This value is available only in transient simulations.\nmisc/check_error.old_integrity_check: \nmisc/check_error.old_integrity_check: ################################################################################\nmisc/check_error.old_integrity_check: Tester failed, reason: EXPECTED ERROR MISSING\nmisc/check_error.old_integrity_check: \nmisc/check_error.old_integrity_check ......................................... FAILED (EXPECTED ERROR MISSING)\nmisc/check_error.function_file_test10: Working Directory: /home/julian/projects/moose/test/tests/misc/check_error\nmisc/check_error.function_file_test10: Running command: /home/julian/projects/moose/test/moose_test-opt -i function_file_test10.i --error --error-override --libtorch-device cpu\nmisc/check_error.function_file_test10: ################################################################################\nmisc/check_error.function_file_test10: \nmisc/check_error.function_file_test10: Unable to match the following pattern against the program's output:\nmisc/check_error.function_file_test10: \nmisc/check_error.function_file_test10: Invalid option \"3\" in MooseEnum.\\s+Valid options \\(not case-sensitive\\) are \"x y z\nmisc/check_error.function_file_test10: \nmisc/check_error.function_file_test10: ################################################################################\nmisc/check_error.function_file_test10: Tester failed, reason: EXPECTED ERROR MISSING\nmisc/check_error.function_file_test10: \nmisc/check_error.function_file_test10 ........................................ FAILED (EXPECTED ERROR MISSING)\nmisc/check_error.kernel_with_vector_var: Working Directory: /home/julian/projects/moose/test/tests/misc/check_error\nmisc/check_error.kernel_with_vector_var: Running command: /home/julian/projects/moose/test/moose_test-opt -i kernel_with_vector_var.i --error --error-override --libtorch-device cpu\nmisc/check_error.kernel_with_vector_var: ################################################################################\nmisc/check_error.kernel_with_vector_var: \nmisc/check_error.kernel_with_vector_var: Unable to match the following pattern against the program's output:\nmisc/check_error.kernel_with_vector_var: \nmisc/check_error.kernel_with_vector_var: No standard variable named u found. Did you specify a vector variable when you meant to specify a standard variable\nmisc/check_error.kernel_with_vector_var: \nmisc/check_error.kernel_with_vector_var: ################################################################################\nmisc/check_error.kernel_with_vector_var: Tester failed, reason: EXPECTED ERROR MISSING\nmisc/check_error.kernel_with_vector_var: \nmisc/check_error.kernel_with_vector_var ...................................... FAILED (EXPECTED ERROR MISSING)\nmisc/check_error.incomplete_fvkernel_block_coverage_test: Working Directory: /home/julian/projects/moose/test/tests/misc/check_error\nmisc/check_error.incomplete_fvkernel_block_coverage_test: Running command: /home/julian/projects/moose/test/moose_test-opt -i incomplete_fvkernel_block_coverage_test.i --error --error-override --libtorch-device cpu\nmisc/check_error.incomplete_fvkernel_block_coverage_test: ################################################################################\nmisc/check_error.incomplete_fvkernel_block_coverage_test: \nmisc/check_error.incomplete_fvkernel_block_coverage_test: Unable to match the following pattern against the program's output:\nmisc/check_error.incomplete_fvkernel_block_coverage_test: \nmisc/check_error.incomplete_fvkernel_block_coverage_test: The following block\\(s\\) lack an active kernel:\nmisc/check_error.incomplete_fvkernel_block_coverage_test: \nmisc/check_error.incomplete_fvkernel_block_coverage_test: ################################################################################\nmisc/check_error.incomplete_fvkernel_block_coverage_test: Tester failed, reason: EXPECTED ERROR MISSING\nmisc/check_error.incomplete_fvkernel_block_coverage_test: \nmisc/check_error.incomplete_fvkernel_block_coverage_test ..................... FAILED (EXPECTED ERROR MISSING)\nmisc/check_error.function_conflict: Working Directory: /home/julian/projects/moose/test/tests/misc/check_error\nmisc/check_error.function_conflict: Running command: /home/julian/projects/moose/test/moose_test-opt -i function_conflict.i --error-override --libtorch-device cpu\nmisc/check_error.function_conflict: ################################################################################\nmisc/check_error.function_conflict: \nmisc/check_error.function_conflict: Unable to match the following pattern against the program's output:\nmisc/check_error.function_conflict: \nmisc/check_error.function_conflict: Function name 'x' could evaluate as a ParsedFunction\nmisc/check_error.function_conflict: \nmisc/check_error.function_conflict: ################################################################################\nmisc/check_error.function_conflict: Tester failed, reason: EXPECTED OUTPUT MISSING\nmisc/check_error.function_conflict: \nmisc/check_error.function_conflict .......................................... FAILED (EXPECTED OUTPUT MISSING)\nmisc/check_error.bad_stateful_material_only_old: Working Directory: /home/julian/projects/moose/test/tests/misc/check_error\nmisc/check_error.bad_stateful_material_only_old: Running command: /home/julian/projects/moose/test/moose_test-opt -i bad_stateful_material.i --error --error-override --libtorch-device cpu\nmisc/check_error.bad_stateful_material_only_old: ################################################################################\nmisc/check_error.bad_stateful_material_only_old: \nmisc/check_error.bad_stateful_material_only_old: Unable to match the following pattern against the program's output:\nmisc/check_error.bad_stateful_material_only_old: \nmisc/check_error.bad_stateful_material_only_old: One or more Material Properties were not supplied on block\nmisc/check_error.bad_stateful_material_only_old: \nmisc/check_error.bad_stateful_material_only_old: ################################################################################\nmisc/check_error.bad_stateful_material_only_old: Tester failed, reason: EXPECTED ERROR MISSING\nmisc/check_error.bad_stateful_material_only_old: \nmisc/check_error.bad_stateful_material_only_old .............................. FAILED (EXPECTED ERROR MISSING)\nmisc/check_error.add_aux_variable_multiple_test: Working Directory: /home/julian/projects/moose/test/tests/misc/check_error\nmisc/check_error.add_aux_variable_multiple_test: Running command: /home/julian/projects/moose/test/moose_test-opt -i add_aux_variable_multiple_test.i --error --error-override --libtorch-device cpu\nmisc/check_error.add_aux_variable_multiple_test: ################################################################################\nmisc/check_error.add_aux_variable_multiple_test: \nmisc/check_error.add_aux_variable_multiple_test: Unable to match the following pattern against the program's output:\nmisc/check_error.add_aux_variable_multiple_test: \nmisc/check_error.add_aux_variable_multiple_test: AuxVariable with name 'q' already exists but is of a differing type!\nmisc/check_error.add_aux_variable_multiple_test: \nmisc/check_error.add_aux_variable_multiple_test: ################################################################################\nmisc/check_error.add_aux_variable_multiple_test: Tester failed, reason: EXPECTED ERROR MISSING\nmisc/check_error.add_aux_variable_multiple_test: \nmisc/check_error.add_aux_variable_multiple_test .............................. FAILED (EXPECTED ERROR MISSING)\nmisc/check_error.nan_no_trap_fpe_test: Working Directory: /home/julian/projects/moose/test/tests/misc/check_error\nmisc/check_error.nan_no_trap_fpe_test: Running command: /home/julian/projects/moose/test/moose_test-opt -i nan_test.i --no-trap-fpe --error --error-override --libtorch-device cpu\nmisc/check_error.nan_no_trap_fpe_test: ################################################################################\nmisc/check_error.nan_no_trap_fpe_test: \nmisc/check_error.nan_no_trap_fpe_test: Unable to match the following pattern against the program's output:\nmisc/check_error.nan_no_trap_fpe_test: \nmisc/check_error.nan_no_trap_fpe_test: Solve Did NOT Converge\nmisc/check_error.nan_no_trap_fpe_test: \nmisc/check_error.nan_no_trap_fpe_test: ################################################################################\nmisc/check_error.nan_no_trap_fpe_test: Tester failed, reason: EXPECTED OUTPUT MISSING\nmisc/check_error.nan_no_trap_fpe_test: \nmisc/check_error.nan_no_trap_fpe_test ....................................... FAILED (EXPECTED OUTPUT MISSING)\nmisc/check_error.aux_kernel_with_var: Working Directory: /home/julian/projects/moose/test/tests/misc/check_error\nmisc/check_error.aux_kernel_with_var: Running command: /home/julian/projects/moose/test/moose_test-opt -i aux_kernel_with_var.i --error --error-override --libtorch-device cpu\nmisc/check_error.aux_kernel_with_var: ################################################################################\nmisc/check_error.aux_kernel_with_var: \nmisc/check_error.aux_kernel_with_var: Unable to match the following pattern against the program's output:\nmisc/check_error.aux_kernel_with_var: \nmisc/check_error.aux_kernel_with_var: Variable 'u' does not exist in this system\nmisc/check_error.aux_kernel_with_var: \nmisc/check_error.aux_kernel_with_var: ################################################################################\nmisc/check_error.aux_kernel_with_var: Tester failed, reason: EXPECTED ERROR MISSING\nmisc/check_error.aux_kernel_with_var: \nmisc/check_error.aux_kernel_with_var ......................................... FAILED (EXPECTED ERROR MISSING)\nmisc/check_error.function_file_test1: Working Directory: /home/julian/projects/moose/test/tests/misc/check_error\nmisc/check_error.function_file_test1: Running command: /home/julian/projects/moose/test/moose_test-opt -i function_file_test1.i --error --error-override --libtorch-device cpu\nmisc/check_error.function_file_test1: ################################################################################\nmisc/check_error.function_file_test1: \nmisc/check_error.function_file_test1: Unable to match the following pattern against the program's output:\nmisc/check_error.function_file_test1: \nmisc/check_error.function_file_test1: In \\S+: Read more than two rows of data from file '\\S+'.  Did you mean to use \"format = columns\" or set \"xy_in_file_only\" to false?\nmisc/check_error.function_file_test1: \nmisc/check_error.function_file_test1: ################################################################################\nmisc/check_error.function_file_test1: Tester failed, reason: EXPECTED ERROR MISSING\nmisc/check_error.function_file_test1: \nmisc/check_error.function_file_test1 ......................................... FAILED (EXPECTED ERROR MISSING)\nmisc/check_error.unused_param_test_warn: Working Directory: /home/julian/projects/moose/test/tests/misc/check_error\nmisc/check_error.unused_param_test_warn: Running command: /home/julian/projects/moose/test/moose_test-opt -i unused_param_test.i --error --allow-unused --error-override --libtorch-device cpu\nmisc/check_error.unused_param_test_warn: ################################################################################\nmisc/check_error.unused_param_test_warn: \nmisc/check_error.unused_param_test_warn: Unable to match the following pattern against the program's output:\nmisc/check_error.unused_param_test_warn: \nmisc/check_error.unused_param_test_warn: unused parameter 'Mesh/unused_param'\nmisc/check_error.unused_param_test_warn: \nmisc/check_error.unused_param_test_warn: ################################################################################\nmisc/check_error.unused_param_test_warn: Tester failed, reason: EXPECTED OUTPUT MISSING\nmisc/check_error.unused_param_test_warn: \nmisc/check_error.unused_param_test_warn ..................................... FAILED (EXPECTED OUTPUT MISSING)\nmisc/check_error.dot_integrity_check: Working Directory: /home/julian/projects/moose/test/tests/misc/check_error\nmisc/check_error.dot_integrity_check: Running command: /home/julian/projects/moose/test/moose_test-opt -i dot_integrity_check.i --error --error-override --libtorch-device cpu\nmisc/check_error.dot_integrity_check: ################################################################################\nmisc/check_error.dot_integrity_check: \nmisc/check_error.dot_integrity_check: Unable to match the following pattern against the program's output:\nmisc/check_error.dot_integrity_check: \nmisc/check_error.dot_integrity_check: Calling \"coupled\\[Vector\\]\\[Gradient/Dot\\]Old\\[er\\]\" on variable \"\\S+\" when using a \\\"Steady\\\" executioner is not allowed. This value is available only in transient simulations.\nmisc/check_error.dot_integrity_check: \nmisc/check_error.dot_integrity_check: ################################################################################\nmisc/check_error.dot_integrity_check: Tester failed, reason: EXPECTED ERROR MISSING\nmisc/check_error.dot_integrity_check: \nmisc/check_error.dot_integrity_check ......................................... FAILED (EXPECTED ERROR MISSING)\nmisc/check_error.function_file_test11: Working Directory: /home/julian/projects/moose/test/tests/misc/check_error\nmisc/check_error.function_file_test11: Running command: /home/julian/projects/moose/test/moose_test-opt -i function_file_test11.i --error --error-override --libtorch-device cpu\nmisc/check_error.function_file_test11: ################################################################################\nmisc/check_error.function_file_test11: \nmisc/check_error.function_file_test11: Unable to match the following pattern against the program's output:\nmisc/check_error.function_file_test11: \nmisc/check_error.function_file_test11: In \\S+: Read more than two columns of data from file '\\S+'.  Did you mean to use \"format = rows\" or set \"xy_in_file_only\" to false?\nmisc/check_error.function_file_test11: \nmisc/check_error.function_file_test11: ################################################################################\nmisc/check_error.function_file_test11: Tester failed, reason: EXPECTED ERROR MISSING\nmisc/check_error.function_file_test11: \nmisc/check_error.function_file_test11 ........................................ FAILED (EXPECTED ERROR MISSING)\nmisc/check_error.coupled_nodal_for_non_nodal_variable: Working Directory: /home/julian/projects/moose/test/tests/misc/check_error\nmisc/check_error.coupled_nodal_for_non_nodal_variable: Running command: /home/julian/projects/moose/test/moose_test-opt -i coupled_nodal_for_non_nodal_variable.i --error --error-override --libtorch-device cpu\nmisc/check_error.coupled_nodal_for_non_nodal_variable: ################################################################################\nmisc/check_error.coupled_nodal_for_non_nodal_variable: \nmisc/check_error.coupled_nodal_for_non_nodal_variable: Unable to match the following pattern against the program's output:\nmisc/check_error.coupled_nodal_for_non_nodal_variable: \nmisc/check_error.coupled_nodal_for_non_nodal_variable: m: Trying to get nodal values of variable 'v', but it is not nodal.\nmisc/check_error.coupled_nodal_for_non_nodal_variable: \nmisc/check_error.coupled_nodal_for_non_nodal_variable: ################################################################################\nmisc/check_error.coupled_nodal_for_non_nodal_variable: Tester failed, reason: EXPECTED ERROR MISSING\nmisc/check_error.coupled_nodal_for_non_nodal_variable: \nmisc/check_error.coupled_nodal_for_non_nodal_variable ........................ FAILED (EXPECTED ERROR MISSING)\nmisc/check_error.incomplete_fvkernel_variable_coverage_test: Working Directory: /home/julian/projects/moose/test/tests/misc/check_error\nmisc/check_error.incomplete_fvkernel_variable_coverage_test: Running command: /home/julian/projects/moose/test/moose_test-opt -i incomplete_fvkernel_variable_coverage_test.i --error --error-override --libtorch-device cpu\nmisc/check_error.incomplete_fvkernel_variable_coverage_test: ################################################################################\nmisc/check_error.incomplete_fvkernel_variable_coverage_test: \nmisc/check_error.incomplete_fvkernel_variable_coverage_test: Unable to match the following pattern against the program's output:\nmisc/check_error.incomplete_fvkernel_variable_coverage_test: \nmisc/check_error.incomplete_fvkernel_variable_coverage_test: The following variable\\(s\\) lack an active kernel:\nmisc/check_error.incomplete_fvkernel_variable_coverage_test: \nmisc/check_error.incomplete_fvkernel_variable_coverage_test: ################################################################################\nmisc/check_error.incomplete_fvkernel_variable_coverage_test: Tester failed, reason: EXPECTED ERROR MISSING\nmisc/check_error.incomplete_fvkernel_variable_coverage_test: \nmisc/check_error.incomplete_fvkernel_variable_coverage_test .................. FAILED (EXPECTED ERROR MISSING)\nmisc/check_error.bad_number: Working Directory: /home/julian/projects/moose/test/tests/misc/check_error\nmisc/check_error.bad_number: Running command: /home/julian/projects/moose/test/moose_test-opt -i bad_number.i --error --error-override --libtorch-device cpu\nmisc/check_error.bad_number: ################################################################################\nmisc/check_error.bad_number: \nmisc/check_error.bad_number: Unable to match the following pattern against the program's output:\nmisc/check_error.bad_number: \nmisc/check_error.bad_number: invalid float syntax for parameter: BCs/right/value\nmisc/check_error.bad_number: \nmisc/check_error.bad_number: ################################################################################\nmisc/check_error.bad_number: Tester failed, reason: EXPECTED ERROR MISSING\nmisc/check_error.bad_number: \nmisc/check_error.bad_number .................................................. FAILED (EXPECTED ERROR MISSING)\nmisc/check_error.bad_stateful_material_only_older: Working Directory: /home/julian/projects/moose/test/tests/misc/check_error\nmisc/check_error.bad_stateful_material_only_older: Running command: /home/julian/projects/moose/test/moose_test-opt -i bad_stateful_material.i Materials/stateful_mat/get_older=true --error --error-override --libtorch-device cpu\nmisc/check_error.bad_stateful_material_only_older: ################################################################################\nmisc/check_error.bad_stateful_material_only_older: \nmisc/check_error.bad_stateful_material_only_older: Unable to match the following pattern against the program's output:\nmisc/check_error.bad_stateful_material_only_older: \nmisc/check_error.bad_stateful_material_only_older: One or more Material Properties were not supplied on block\nmisc/check_error.bad_stateful_material_only_older: \nmisc/check_error.bad_stateful_material_only_older: ################################################################################\nmisc/check_error.bad_stateful_material_only_older: Tester failed, reason: EXPECTED ERROR MISSING\nmisc/check_error.bad_stateful_material_only_older: \nmisc/check_error.bad_stateful_material_only_older ............................ FAILED (EXPECTED ERROR MISSING)\nmisc/check_error.add_aux_scalar_variable_multiple_test: Working Directory: /home/julian/projects/moose/test/tests/misc/check_error\nmisc/check_error.add_aux_scalar_variable_multiple_test: Running command: /home/julian/projects/moose/test/moose_test-opt -i add_aux_variable_multiple_test.i Variables/q/family=SCALAR MoreAuxVariables/q/family=SCALAR --error --error-override --libtorch-device cpu\nmisc/check_error.add_aux_scalar_variable_multiple_test: ################################################################################\nmisc/check_error.add_aux_scalar_variable_multiple_test: \nmisc/check_error.add_aux_scalar_variable_multiple_test: Unable to match the following pattern against the program's output:\nmisc/check_error.add_aux_scalar_variable_multiple_test: \nmisc/check_error.add_aux_scalar_variable_multiple_test: AuxVariable with name 'q' already exists but is of a differing type!\nmisc/check_error.add_aux_scalar_variable_multiple_test: \nmisc/check_error.add_aux_scalar_variable_multiple_test: ################################################################################\nmisc/check_error.add_aux_scalar_variable_multiple_test: Tester failed, reason: EXPECTED ERROR MISSING\nmisc/check_error.add_aux_scalar_variable_multiple_test: \nmisc/check_error.add_aux_scalar_variable_multiple_test ....................... FAILED (EXPECTED ERROR MISSING)\nmisc/check_error.nan_no_trap_fpe_test_trans: Working Directory: /home/julian/projects/moose/test/tests/misc/check_error\nmisc/check_error.nan_no_trap_fpe_test_trans: Running command: /home/julian/projects/moose/test/moose_test-opt -i nan_test_transient.i --no-trap-fpe --error --error-override --libtorch-device cpu\nmisc/check_error.nan_no_trap_fpe_test_trans: ################################################################################\nmisc/check_error.nan_no_trap_fpe_test_trans: \nmisc/check_error.nan_no_trap_fpe_test_trans: Unable to match the following pattern against the program's output:\nmisc/check_error.nan_no_trap_fpe_test_trans: \nmisc/check_error.nan_no_trap_fpe_test_trans: Solve Did NOT Converge\nmisc/check_error.nan_no_trap_fpe_test_trans: \nmisc/check_error.nan_no_trap_fpe_test_trans: ################################################################################\nmisc/check_error.nan_no_trap_fpe_test_trans: Tester failed, reason: EXPECTED ERROR MISSING\nmisc/check_error.nan_no_trap_fpe_test_trans: \nmisc/check_error.nan_no_trap_fpe_test_trans .................................. FAILED (EXPECTED ERROR MISSING)\nmisc/check_error.scalar_kernel_with_var: Working Directory: /home/julian/projects/moose/test/tests/misc/check_error\nmisc/check_error.scalar_kernel_with_var: Running command: /home/julian/projects/moose/test/moose_test-opt -i scalar_kernel_with_var.i --error --error-override --libtorch-device cpu\nmisc/check_error.scalar_kernel_with_var: ################################################################################\nmisc/check_error.scalar_kernel_with_var: \nmisc/check_error.scalar_kernel_with_var: Unable to match the following pattern against the program's output:\nmisc/check_error.scalar_kernel_with_var: \nmisc/check_error.scalar_kernel_with_var: Scalar variable 'u' does not exist in this system\nmisc/check_error.scalar_kernel_with_var: \nmisc/check_error.scalar_kernel_with_var: ################################################################################\nmisc/check_error.scalar_kernel_with_var: Tester failed, reason: EXPECTED ERROR MISSING\nmisc/check_error.scalar_kernel_with_var: \nmisc/check_error.scalar_kernel_with_var ...................................... FAILED (EXPECTED ERROR MISSING)\nmisc/check_error.deprecated_block_test: Working Directory: /home/julian/projects/moose/test/tests/misc/check_error\nmisc/check_error.deprecated_block_test: Running command: /home/julian/projects/moose/test/moose_test-opt -i deprecated_block_test.i --error --error-override --libtorch-device cpu\nmisc/check_error.deprecated_block_test: ################################################################################\nmisc/check_error.deprecated_block_test: \nmisc/check_error.deprecated_block_test: Unable to match the following pattern against the program's output:\nmisc/check_error.deprecated_block_test: \nmisc/check_error.deprecated_block_test: Input file block '\\S+' has been deprecated.\nmisc/check_error.deprecated_block_test: \nmisc/check_error.deprecated_block_test: ################################################################################\nmisc/check_error.deprecated_block_test: Tester failed, reason: EXPECTED ERROR MISSING\nmisc/check_error.deprecated_block_test: \nmisc/check_error.deprecated_block_test ....................................... FAILED (EXPECTED ERROR MISSING)\nmisc/check_error.function_file_test2: Working Directory: /home/julian/projects/moose/test/tests/misc/check_error\nmisc/check_error.function_file_test2: Running command: /home/julian/projects/moose/test/moose_test-opt -i function_file_test2.i --error --error-override --libtorch-device cpu\nmisc/check_error.function_file_test2: ################################################################################\nmisc/check_error.function_file_test2: \nmisc/check_error.function_file_test2: Unable to match the following pattern against the program's output:\nmisc/check_error.function_file_test2: \nmisc/check_error.function_file_test2: In \\S+: Read more than two columns of data from file '\\S+'.  Did you mean to use \"format = rows\"?\nmisc/check_error.function_file_test2: \nmisc/check_error.function_file_test2: ################################################################################\nmisc/check_error.function_file_test2: Tester failed, reason: EXPECTED ERROR MISSING\nmisc/check_error.function_file_test2: \nmisc/check_error.function_file_test2 ......................................... FAILED (EXPECTED ERROR MISSING)\nmisc/check_error.unused_param_test_warn_cli: Working Directory: /home/julian/projects/moose/test/tests/misc/check_error\nmisc/check_error.unused_param_test_warn_cli: Running command: /home/julian/projects/moose/test/moose_test-opt -i unused_param_test.i --allow-unused --error --error-override --libtorch-device cpu\nmisc/check_error.unused_param_test_warn_cli: ################################################################################\nmisc/check_error.unused_param_test_warn_cli: \nmisc/check_error.unused_param_test_warn_cli: Unable to match the following pattern against the program's output:\nmisc/check_error.unused_param_test_warn_cli: \nmisc/check_error.unused_param_test_warn_cli: unused parameter 'Mesh/unused_param'\nmisc/check_error.unused_param_test_warn_cli: \nmisc/check_error.unused_param_test_warn_cli: ################################################################################\nmisc/check_error.unused_param_test_warn_cli: Tester failed, reason: EXPECTED OUTPUT MISSING\nmisc/check_error.unused_param_test_warn_cli: \nmisc/check_error.unused_param_test_warn_cli ................................. FAILED (EXPECTED OUTPUT MISSING)\nmisc/check_error.scalar_old_integrity_check: Working Directory: /home/julian/projects/moose/test/tests/misc/check_error\nmisc/check_error.scalar_old_integrity_check: Running command: /home/julian/projects/moose/test/moose_test-opt -i scalar_old_integrity_check.i --error --error-override --libtorch-device cpu\nmisc/check_error.scalar_old_integrity_check: ################################################################################\nmisc/check_error.scalar_old_integrity_check: \nmisc/check_error.scalar_old_integrity_check: Unable to match the following pattern against the program's output:\nmisc/check_error.scalar_old_integrity_check: \nmisc/check_error.scalar_old_integrity_check: Calling 'coupledScalarValueOld' on variable \\S+ when using a \\\"Steady\\\" executioner is not allowed. This value is available only in transient simulations.\nmisc/check_error.scalar_old_integrity_check: \nmisc/check_error.scalar_old_integrity_check: ################################################################################\nmisc/check_error.scalar_old_integrity_check: Tester failed, reason: EXPECTED ERROR MISSING\nmisc/check_error.scalar_old_integrity_check: \nmisc/check_error.scalar_old_integrity_check .................................. FAILED (EXPECTED ERROR MISSING)\nmisc/check_error.coupled_nodal_for_non_nodal_variable_old: Working Directory: /home/julian/projects/moose/test/tests/misc/check_error\nmisc/check_error.coupled_nodal_for_non_nodal_variable_old: Running command: /home/julian/projects/moose/test/moose_test-opt -i coupled_nodal_for_non_nodal_variable.i Materials/m/lag=OLD --error --error-override --libtorch-device cpu\nmisc/check_error.coupled_nodal_for_non_nodal_variable_old: ################################################################################\nmisc/check_error.coupled_nodal_for_non_nodal_variable_old: \nmisc/check_error.coupled_nodal_for_non_nodal_variable_old: Unable to match the following pattern against the program's output:\nmisc/check_error.coupled_nodal_for_non_nodal_variable_old: \nmisc/check_error.coupled_nodal_for_non_nodal_variable_old: m: Trying to get old nodal values of variable 'v', but it is not nodal.\nmisc/check_error.coupled_nodal_for_non_nodal_variable_old: \nmisc/check_error.coupled_nodal_for_non_nodal_variable_old: ################################################################################\nmisc/check_error.coupled_nodal_for_non_nodal_variable_old: Tester failed, reason: EXPECTED ERROR MISSING\nmisc/check_error.coupled_nodal_for_non_nodal_variable_old: \nmisc/check_error.coupled_nodal_for_non_nodal_variable_old .................... FAILED (EXPECTED ERROR MISSING)\nmisc/check_error.function_file_test12: Working Directory: /home/julian/projects/moose/test/tests/misc/check_error\nmisc/check_error.function_file_test12: Running command: /home/julian/projects/moose/test/moose_test-opt -i function_file_test12.i --error --error-override --libtorch-device cpu\nmisc/check_error.function_file_test12: ################################################################################\nmisc/check_error.function_file_test12: \nmisc/check_error.function_file_test12: Unable to match the following pattern against the program's output:\nmisc/check_error.function_file_test12: \nmisc/check_error.function_file_test12: Index out-of-range of the available data in '\\S+', which contains 3 columns of data.\nmisc/check_error.function_file_test12: \nmisc/check_error.function_file_test12: ################################################################################\nmisc/check_error.function_file_test12: Tester failed, reason: EXPECTED ERROR MISSING\nmisc/check_error.function_file_test12: \nmisc/check_error.function_file_test12 ........................................ FAILED (EXPECTED ERROR MISSING)\nmisc/check_error.invalid_elemental_to_nodal_couple_test: Working Directory: /home/julian/projects/moose/test/tests/misc/check_error\nmisc/check_error.invalid_elemental_to_nodal_couple_test: Running command: /home/julian/projects/moose/test/moose_test-opt -i invalid_aux_coupling_test.i --error --error-override --libtorch-device cpu\nmisc/check_error.invalid_elemental_to_nodal_couple_test: ################################################################################\nmisc/check_error.invalid_elemental_to_nodal_couple_test: \nmisc/check_error.invalid_elemental_to_nodal_couple_test: Unable to match the following pattern against the program's output:\nmisc/check_error.invalid_elemental_to_nodal_couple_test: \nmisc/check_error.invalid_elemental_to_nodal_couple_test: cannot couple elemental variables into nodal objects\nmisc/check_error.invalid_elemental_to_nodal_couple_test: \nmisc/check_error.invalid_elemental_to_nodal_couple_test: ################################################################################\nmisc/check_error.invalid_elemental_to_nodal_couple_test: Tester failed, reason: EXPECTED ERROR MISSING\nmisc/check_error.invalid_elemental_to_nodal_couple_test: \nmisc/check_error.invalid_elemental_to_nodal_couple_test ...................... FAILED (EXPECTED ERROR MISSING)\nmisc/check_error.coupling_field_into_scalar: Working Directory: /home/julian/projects/moose/test/tests/misc/check_error\nmisc/check_error.coupling_field_into_scalar: Running command: /home/julian/projects/moose/test/moose_test-opt -i coupling_field_into_scalar.i --error --error-override --libtorch-device cpu\nmisc/check_error.coupling_field_into_scalar: ################################################################################\nmisc/check_error.coupling_field_into_scalar: \nmisc/check_error.coupling_field_into_scalar: Unable to match the following pattern against the program's output:\nmisc/check_error.coupling_field_into_scalar: \nmisc/check_error.coupling_field_into_scalar: slm: Trying to couple a field variable where scalar variable is expected, 'lambda = v'\nmisc/check_error.coupling_field_into_scalar: \nmisc/check_error.coupling_field_into_scalar: ################################################################################\nmisc/check_error.coupling_field_into_scalar: Tester failed, reason: EXPECTED ERROR MISSING\nmisc/check_error.coupling_field_into_scalar: \nmisc/check_error.coupling_field_into_scalar .................................. FAILED (EXPECTED ERROR MISSING)\nmisc/check_error.missing_mesh_test: Working Directory: /home/julian/projects/moose/test/tests/misc/check_error\nmisc/check_error.missing_mesh_test: Running command: /home/julian/projects/moose/test/moose_test-opt -i missing_mesh_test.i --error --error-override --libtorch-device cpu\nmisc/check_error.missing_mesh_test: ################################################################################\nmisc/check_error.missing_mesh_test: \nmisc/check_error.missing_mesh_test: Unable to match the following pattern against the program's output:\nmisc/check_error.missing_mesh_test: \nmisc/check_error.missing_mesh_test: Unable to open file \\S+\nmisc/check_error.missing_mesh_test: \nmisc/check_error.missing_mesh_test: ################################################################################\nmisc/check_error.missing_mesh_test: Tester failed, reason: EXPECTED ERROR MISSING\nmisc/check_error.missing_mesh_test: \nmisc/check_error.missing_mesh_test ........................................... FAILED (EXPECTED ERROR MISSING)\nmisc/check_error.bad_bc_test: Working Directory: /home/julian/projects/moose/test/tests/misc/check_error\nmisc/check_error.bad_bc_test: Running command: /home/julian/projects/moose/test/moose_test-opt -i bad_bc_test.i --error --error-override --libtorch-device cpu\nmisc/check_error.bad_bc_test: ################################################################################\nmisc/check_error.bad_bc_test: \nmisc/check_error.bad_bc_test: Unable to match the following pattern against the program's output:\nmisc/check_error.bad_bc_test: \nmisc/check_error.bad_bc_test: A '\\w+' is not a registered object\nmisc/check_error.bad_bc_test: \nmisc/check_error.bad_bc_test: ################################################################################\nmisc/check_error.bad_bc_test: Tester failed, reason: EXPECTED ERROR MISSING\nmisc/check_error.bad_bc_test: \nmisc/check_error.bad_bc_test ................................................. FAILED (EXPECTED ERROR MISSING)\nmisc/check_error.nodal_kernel_with_aux_var: Working Directory: /home/julian/projects/moose/test/tests/misc/check_error\nmisc/check_error.nodal_kernel_with_aux_var: Running command: /home/julian/projects/moose/test/moose_test-opt -i nodal_kernel_with_aux_var.i --error --error-override --libtorch-device cpu\nmisc/check_error.nodal_kernel_with_aux_var: ################################################################################\nmisc/check_error.nodal_kernel_with_aux_var: \nmisc/check_error.nodal_kernel_with_aux_var: Unable to match the following pattern against the program's output:\nmisc/check_error.nodal_kernel_with_aux_var: \nmisc/check_error.nodal_kernel_with_aux_var: No solver variable named v found. Did you specify an auxiliary variable when you meant to specify a solver variable\nmisc/check_error.nodal_kernel_with_aux_var: \nmisc/check_error.nodal_kernel_with_aux_var: ################################################################################\nmisc/check_error.nodal_kernel_with_aux_var: Tester failed, reason: EXPECTED ERROR MISSING\nmisc/check_error.nodal_kernel_with_aux_var: \nmisc/check_error.nodal_kernel_with_aux_var ................................... FAILED (EXPECTED ERROR MISSING)\nmisc/check_error.nodal_material_test: Working Directory: /home/julian/projects/moose/test/tests/misc/check_error\nmisc/check_error.nodal_material_test: Running command: /home/julian/projects/moose/test/moose_test-opt -i nodal_material_test.i --error --error-override --libtorch-device cpu\nmisc/check_error.nodal_material_test: ################################################################################\nmisc/check_error.nodal_material_test: \nmisc/check_error.nodal_material_test: Unable to match the following pattern against the program's output:\nmisc/check_error.nodal_material_test: \nmisc/check_error.nodal_material_test: Nodal AuxKernel '\\w+' attempted to reference material property '\\w+'\nmisc/check_error.nodal_material_test: \nmisc/check_error.nodal_material_test: ################################################################################\nmisc/check_error.nodal_material_test: Tester failed, reason: EXPECTED ERROR MISSING\nmisc/check_error.nodal_material_test: \nmisc/check_error.nodal_material_test ......................................... FAILED (EXPECTED ERROR MISSING)\nmisc/check_error.deprecated_param_default: Working Directory: /home/julian/projects/moose/test/tests/misc/check_error\nmisc/check_error.deprecated_param_default: Running command: /home/julian/projects/moose/test/moose_test-opt -i deprecated_param_test.i Kernels/nan/deprecated_default=1 Outputs/exodus=false --error --error-override --libtorch-device cpu\nmisc/check_error.deprecated_param_default: ################################################################################\nmisc/check_error.deprecated_param_default: \nmisc/check_error.deprecated_param_default: Unable to match the following pattern against the program's output:\nmisc/check_error.deprecated_param_default: \nmisc/check_error.deprecated_param_default: The parameter '\\w+' is deprecated.\nmisc/check_error.deprecated_param_default: \nmisc/check_error.deprecated_param_default: ################################################################################\nmisc/check_error.deprecated_param_default: Tester failed, reason: EXPECTED OUTPUT MISSING\nmisc/check_error.deprecated_param_default: \nmisc/check_error.deprecated_param_default ................................... FAILED (EXPECTED OUTPUT MISSING)\nmisc/check_error.scalar_dot_integrity_check: Working Directory: /home/julian/projects/moose/test/tests/misc/check_error\nmisc/check_error.scalar_dot_integrity_check: Running command: /home/julian/projects/moose/test/moose_test-opt -i scalar_dot_integrity_check.i --error --error-override --libtorch-device cpu\nmisc/check_error.scalar_dot_integrity_check: ################################################################################\nmisc/check_error.scalar_dot_integrity_check: \nmisc/check_error.scalar_dot_integrity_check: Unable to match the following pattern against the program's output:\nmisc/check_error.scalar_dot_integrity_check: \nmisc/check_error.scalar_dot_integrity_check: Calling 'coupledScalarDot' on variable \\S+ when using a \\\"Steady\\\" executioner is not allowed. This value is available only in transient simulations.\nmisc/check_error.scalar_dot_integrity_check: \nmisc/check_error.scalar_dot_integrity_check: ################################################################################\nmisc/check_error.scalar_dot_integrity_check: Tester failed, reason: EXPECTED ERROR MISSING\nmisc/check_error.scalar_dot_integrity_check: \nmisc/check_error.scalar_dot_integrity_check .................................. FAILED (EXPECTED ERROR MISSING)\nmisc/check_error.function_file_test3: Working Directory: /home/julian/projects/moose/test/tests/misc/check_error\nmisc/check_error.function_file_test3: Running command: /home/julian/projects/moose/test/moose_test-opt -i function_file_test3.i --error --error-override --libtorch-device cpu\nmisc/check_error.function_file_test3: ################################################################################\nmisc/check_error.function_file_test3: \nmisc/check_error.function_file_test3: Unable to match the following pattern against the program's output:\nmisc/check_error.function_file_test3: \nmisc/check_error.function_file_test3: In \\S+: Lengths of x and y data do not match.\nmisc/check_error.function_file_test3: \nmisc/check_error.function_file_test3: ################################################################################\nmisc/check_error.function_file_test3: Tester failed, reason: EXPECTED ERROR MISSING\nmisc/check_error.function_file_test3: \nmisc/check_error.function_file_test3 ......................................... FAILED (EXPECTED ERROR MISSING)\n\n\nFinal Test Results:\n--------------------------------------------------------------------------------------------------------------\nmisc/check_error.bad_second_order_test .................................................... [METHOD!=DBG] SKIP\nmisc/check_error.node_value_off_block ..................................................... [METHOD!=DBG] SKIP\noutputs/format.tecplot_bin_test ......................................................... [TECPLOT!=TRUE] SKIP\nsamplers/base.errors/setNumberOfRows ............................................... [METHOD!=DBG, DEVEL] SKIP\nsamplers/base.errors/setNumberOfCols ............................................... [METHOD!=DBG, DEVEL] SKIP\nauxkernels/solution_aux.aux_nonlinear_solution/from_xdr ........................ [--with-dof-id-bytes!=4] SKIP\nproblems/eigen_problem/eigensolvers.no_slepc ............................................. [SLEPC!=FALSE] SKIP\nuserobjects/element_subdomain_modifier.error-distributed ....................... [MESH_MODE!=DISTRIBUTED] SKIP\nmortar/continuity-3d-non-conforming.continuity_tet10 [Minimum AD size 100 needed, but MOOSE is config...] SKIP\nmortar/continuity-3d-non-conforming.continuity_sphere_hex27 [Minimum AD size 200 needed, but MOOSE is...] SKIP\nmortar/continuity-3d-non-conforming.continuity_tet14 [Minimum AD size 100 needed, but MOOSE is config...] SKIP\nmortar/continuity-3d-non-conforming.continuity_sphere_hex27-debug-mesh [Minimum AD size 200 needed, b...] SKIP\nmortar/continuity-3d-non-conforming.continuity_sphere_hex20 [Minimum AD size 200 needed, but MOOSE is...] SKIP\nsystem_interfaces.thread/pthread .................................................. [THREADING!=PTHREADS] SKIP\nsystem_interfaces.libraries/boost ......................................................... [BOOST!=TRUE] SKIP\nsystem_interfaces.partitioner/chaco ....................................................... [CHACO!=TRUE] SKIP\nsystem_interfaces.partitioner/party ....................................................... [PARTY!=TRUE] SKIP\nsystem_interfaces.compiler/clang ...................................................... [COMPILER!=CLANG] SKIP\nfvkernels/mms/advective-outflow.QUICKLimiter .................................................... [HEAVY] SKIP\nutils/libtorch_nn/ann.libtorch-nn-errors/wrong-optimizer ............................... [LIBTORCH!=TRUE] SKIP\nutils/libtorch_nn/ann.libtorch-nn-optimizer/rmsprop .................................... [LIBTORCH!=TRUE] SKIP\nutils/libtorch_nn/ann.libtorch-nn-errors/wrong-activation .............................. [LIBTORCH!=TRUE] SKIP\nutils/libtorch_nn/ann.libtorch-nn-activation/linear .................................... [LIBTORCH!=TRUE] SKIP\nutils/libtorch_nn/ann.libtorch-nn-activation/sigmoid ................................... [LIBTORCH!=TRUE] SKIP\nutils/libtorch_nn/ann.libtorch-nn-activation/elu ....................................... [LIBTORCH!=TRUE] SKIP\nutils/libtorch_nn/ann.libtorch-nn-optimizer/adam ....................................... [LIBTORCH!=TRUE] SKIP\nutils/libtorch_nn/ann.libtorch-nn-errors/wrong-activation-number ....................... [LIBTORCH!=TRUE] SKIP\nutils/libtorch_nn/ann.libtorch-nn-activation/relu ...................................... [LIBTORCH!=TRUE] SKIP\nutils/libtorch_nn/ann.libtorch-nn-optimizer/sgd ........................................ [LIBTORCH!=TRUE] SKIP\nutils/libtorch_nn/ann.libtorch-nn-optimizer/adagrad .................................... [LIBTORCH!=TRUE] SKIP\nutils/libtorch_nn/ann.libtorch-nn-activation/gelu ...................................... [LIBTORCH!=TRUE] SKIP\nmesh/splitting.meshgenerators_acting_on_split .................................. [MESH_MODE!=DISTRIBUTED] SKIP\nmesh/splitting.split_with_distributed_error .................................... [MESH_MODE!=DISTRIBUTED] SKIP\ndgkernels/2d_diffusion_dg.no_additional_rms_distributed ........................ [MESH_MODE!=DISTRIBUTED] SKIP\ndgkernels/2d_diffusion_dg.proper_ghosting_with_action_parallel_distributed ..... [MESH_MODE!=DISTRIBUTED] SKIP\ndgkernels/2d_diffusion_dg.proper_ghosting_with_action_serial_distributed ....... [MESH_MODE!=DISTRIBUTED] SKIP\npartitioners/petsc_partitioner.party ...................................................... [PARTY!=TRUE] SKIP\npartitioners/petsc_partitioner.chaco ............ [PLATFORM!=DARWIN, CHACO!=TRUE, --with-dof-id-bytes!=4] SKIP\nmortar/periodic_segmental_constraint.penalty_periodic_simple3d [Minimum AD size 100 needed, but MOOSE...] SKIP\nmortar/periodic_segmental_constraint.periodic_aux2d [Minimum AD size 100 needed, but MOOSE is configu...] SKIP\nmortar/periodic_segmental_constraint.penalty_periodic_split [Minimum AD size 100 needed, but MOOSE is...] SKIP\nmortar/periodic_segmental_constraint.periodic_simple2d [Minimum AD size 100 needed, but MOOSE is conf...] SKIP\nmortar/periodic_segmental_constraint.periodic_simple3d [Minimum AD size 100 needed, but MOOSE is conf...] SKIP\nmisc/jacobian.inf_nan ................................................. [using PETSc 3.20.3 REQ: <3.19.3] SKIP\nmisc/signal_handler.test_signal_recover_exodiff_debug .................. [METHOD!=DBG,skipped dependency] SKIP\nmisc/signal_handler.test_signal_recover_debug .......................... [METHOD!=DBG,skipped dependency] SKIP\nmisc/signal_handler.test_signal_debug ..................................................... [METHOD!=DBG] SKIP\nmeshgenerators/sideset_around_subdomain_generator.group/adjacent_to_boundary ... [MESH_MODE!=DISTRIBUTED] SKIP\ncontrols/error.tid_warehouse_error ........................................................ [METHOD!=DBG] SKIP\nmeshgenerators/block_to_mesh_converter_generator.errors/distributed ............ [MESH_MODE!=DISTRIBUTED] SKIP\nmortar/convergence-studies/continuity-3d.p2p1 [Minimum AD size 100 needed, but MOOSE is configured wi...] SKIP\nmortar/convergence-studies/continuity-3d.p1p1 ................................................... [HEAVY] SKIP\nmortar/convergence-studies/continuity-3d.p2p0 [Minimum AD size 100 needed, but MOOSE is configured wi...] SKIP\nmortar/convergence-studies/continuity-3d.p2p2 [Minimum AD size 100 needed, but MOOSE is configured wi...] SKIP\nmortar/convergence-studies/continuity-3d.p1p1dual ............................................... [HEAVY] SKIP\nmortar/convergence-studies/continuity-3d.p1p0 ................................................... [HEAVY] SKIP\nmortar/ad_periodic_segmental_constraint.periodic_simple2d [Minimum AD size 100 needed, but MOOSE is c...] SKIP\nmortar/ad_periodic_segmental_constraint.penalty_periodic_simple3d [Minimum AD size 100 needed, but MO...] SKIP\nmortar/ad_periodic_segmental_constraint.periodic_simple3d [Minimum AD size 100 needed, but MOOSE is c...] SKIP\noutputs/vtk.solution/diff_parallel_mesh ................................. [#6149, MESH_MODE!=DISTRIBUTED] SKIP\noutputs/nemesis.nemesis_scalar_distributed ..................................... [MESH_MODE!=DISTRIBUTED] SKIP\noutputs/nemesis.nemesis_elemental_distributed .................................. [MESH_MODE!=DISTRIBUTED] SKIP\nperformance.os/macOS ................................................................. [PLATFORM!=DARWIN] SKIP\nperformance.os/linux ................................................................. [PLATFORM!=DARWIN] SKIP\nmortar/convergence-studies/gap-conductance.p2p2 ................................................. [HEAVY] SKIP\nmortar/convergence-studies/gap-conductance.p1p0 ................................................. [HEAVY] SKIP\nmortar/convergence-studies/gap-conductance.p2p1 ................................................. [HEAVY] SKIP\nmortar/convergence-studies/gap-conductance.p1p1 ................................................. [HEAVY] SKIP\nmortar/convergence-studies/gap-conductance.p2p0 ................................................. [HEAVY] SKIP\nmortar/convergence-studies/solution-continuity.p2p2 ............................................. [HEAVY] SKIP\nmortar/convergence-studies/solution-continuity.p2p0 ............................................. [HEAVY] SKIP\nmortar/convergence-studies/solution-continuity.p2p1 ............................................. [HEAVY] SKIP\nmortar/convergence-studies/solution-continuity.p1p0 ............................................. [HEAVY] SKIP\nmortar/convergence-studies/solution-continuity.p1p1 ............................................. [HEAVY] SKIP\nfvkernels/fv_adapt.steady-mms ................................................................... [HEAVY] SKIP\nparser/param_substitution.debug_units ..................................................... [METHOD!=DBG] SKIP\npartitioners/block_weighted_partitioner.tests/distributed_mesh ................. [MESH_MODE!=DISTRIBUTED] SKIP\ncontrols/libtorch_nn_control.run-torch-script .......................................... [LIBTORCH!=TRUE] SKIP\ncontrols/libtorch_nn_control.run-with-torch-parameters ................................. [LIBTORCH!=TRUE] SKIP\ncontrols/libtorch_nn_control.run-without-nn ............................................ [LIBTORCH!=TRUE] SKIP\ncontrols/libtorch_nn_control.invalid-torchscript-error ................................. [LIBTORCH!=TRUE] SKIP\nfunctions/image_function/error.errors/no_vtk ............................................... [VTK!=FALSE] SKIP\ntransfers/multiapp_interpolation_transfer.fromsub_restricted ......................... [PLATFORM!=DARWIN] SKIP\noutputs/png.image_tests/wedge ............................................................ [LIBPNG!=TRUE] SKIP\noutputs/png.image_tests/adv_diff_reaction ................................................ [LIBPNG!=TRUE] SKIP\noutputs/png.image_tests/square_domain .................................................... [LIBPNG!=TRUE] SKIP\noutputs/tecplot.test_binary ............................................................. [TECPLOT!=TRUE] SKIP\nfvkernels/mms/non-orthogonal.compact ............................................................ [HEAVY] SKIP\nfvkernels/mms/non-orthogonal.extended ................................................... [#20953, HEAVY] SKIP\nvectorpostprocessors/work_balance.work_balance/distributed ..................... [MESH_MODE!=DISTRIBUTED] SKIP\nrelationship_managers/two_rm.evaluable_neighbors/distributed ................... [MESH_MODE!=DISTRIBUTED] SKIP\nrelationship_managers/two_rm.evaluable_neighbors/replicated .................... [--with-dof-id-bytes!=4] SKIP\nutils/libtorch_nn/torch_script.libtorch-torch-script ................................... [LIBTORCH!=TRUE] SKIP\nmisc/check_error.unused_param_test ........................................... FAILED (EXPECTED ERROR MISSING)\nmisc/check_error.kernel_with_aux_var ......................................... FAILED (EXPECTED ERROR MISSING)\nmisc/check_error.dynamic_check_name_boundary_test ............................ FAILED (EXPECTED ERROR MISSING)\nmisc/check_error.function_file_test9 ......................................... FAILED (EXPECTED ERROR MISSING)\nmisc/check_error.ic_bnd_for_non_nodal ........................................ FAILED (EXPECTED ERROR MISSING)\nmisc/check_error.incomplete_kernel_variable_coverage_test .................... FAILED (EXPECTED ERROR MISSING)\nmisc/check_error.vector_kernel_with_standard_var ............................. FAILED (EXPECTED ERROR MISSING)\nmisc/check_error.missing_material_prop_test2 ................................. FAILED (EXPECTED ERROR MISSING)\nmisc/check_error.wrong_displacement_order .................................... FAILED (EXPECTED ERROR MISSING)\nmisc/check_error.checked_pointer_param_test .................................. FAILED (EXPECTED ERROR MISSING)\nmisc/check_error.multi_precond_test .......................................... FAILED (EXPECTED ERROR MISSING)\nmisc/check_error.bad_parsed_function_vars_test ............................... FAILED (EXPECTED ERROR MISSING)\nmisc/check_error.bc_with_aux_var ............................................. FAILED (EXPECTED ERROR MISSING)\nmisc/check_error.linear_interp_material_check ................................ FAILED (EXPECTED ERROR MISSING)\nmisc/check_error.unused_param_test_cli ....................................... FAILED (EXPECTED ERROR MISSING)\nmisc/check_error.old_integrity_check ......................................... FAILED (EXPECTED ERROR MISSING)\nmisc/check_error.function_file_test10 ........................................ FAILED (EXPECTED ERROR MISSING)\nmisc/check_error.kernel_with_vector_var ...................................... FAILED (EXPECTED ERROR MISSING)\nmisc/check_error.incomplete_fvkernel_block_coverage_test ..................... FAILED (EXPECTED ERROR MISSING)\nmisc/check_error.function_conflict .......................................... FAILED (EXPECTED OUTPUT MISSING)\nmisc/check_error.bad_stateful_material_only_old .............................. FAILED (EXPECTED ERROR MISSING)\nmisc/check_error.add_aux_variable_multiple_test .............................. FAILED (EXPECTED ERROR MISSING)\nmisc/check_error.nan_no_trap_fpe_test ....................................... FAILED (EXPECTED OUTPUT MISSING)\nmisc/check_error.aux_kernel_with_var ......................................... FAILED (EXPECTED ERROR MISSING)\nmisc/check_error.function_file_test1 ......................................... FAILED (EXPECTED ERROR MISSING)\nmisc/check_error.unused_param_test_warn ..................................... FAILED (EXPECTED OUTPUT MISSING)\nmisc/check_error.dot_integrity_check ......................................... FAILED (EXPECTED ERROR MISSING)\nmisc/check_error.function_file_test11 ........................................ FAILED (EXPECTED ERROR MISSING)\nmisc/check_error.coupled_nodal_for_non_nodal_variable ........................ FAILED (EXPECTED ERROR MISSING)\nmisc/check_error.incomplete_fvkernel_variable_coverage_test .................. FAILED (EXPECTED ERROR MISSING)\nmisc/check_error.bad_number .................................................. FAILED (EXPECTED ERROR MISSING)\nmisc/check_error.bad_stateful_material_only_older ............................ FAILED (EXPECTED ERROR MISSING)\nmisc/check_error.add_aux_scalar_variable_multiple_test ....................... FAILED (EXPECTED ERROR MISSING)\nmisc/check_error.nan_no_trap_fpe_test_trans .................................. FAILED (EXPECTED ERROR MISSING)\nmisc/check_error.scalar_kernel_with_var ...................................... FAILED (EXPECTED ERROR MISSING)\nmisc/check_error.deprecated_block_test ....................................... FAILED (EXPECTED ERROR MISSING)\nmisc/check_error.function_file_test2 ......................................... FAILED (EXPECTED ERROR MISSING)\nmisc/check_error.unused_param_test_warn_cli ................................. FAILED (EXPECTED OUTPUT MISSING)\nmisc/check_error.scalar_old_integrity_check .................................. FAILED (EXPECTED ERROR MISSING)\nmisc/check_error.coupled_nodal_for_non_nodal_variable_old .................... FAILED (EXPECTED ERROR MISSING)\nmisc/check_error.function_file_test12 ........................................ FAILED (EXPECTED ERROR MISSING)\nmisc/check_error.invalid_elemental_to_nodal_couple_test ...................... FAILED (EXPECTED ERROR MISSING)\nmisc/check_error.coupling_field_into_scalar .................................. FAILED (EXPECTED ERROR MISSING)\nmisc/check_error.missing_mesh_test ........................................... FAILED (EXPECTED ERROR MISSING)\nmisc/check_error.bad_bc_test ................................................. FAILED (EXPECTED ERROR MISSING)\nmisc/check_error.nodal_kernel_with_aux_var ................................... FAILED (EXPECTED ERROR MISSING)\nmisc/check_error.nodal_material_test ......................................... FAILED (EXPECTED ERROR MISSING)\nmisc/check_error.deprecated_param_default ................................... FAILED (EXPECTED OUTPUT MISSING)\nmisc/check_error.scalar_dot_integrity_check .................................. FAILED (EXPECTED ERROR MISSING)\nmisc/check_error.function_file_test3 ......................................... FAILED (EXPECTED ERROR MISSING)\n--------------------------------------------------------------------------------------------------------------\nRan 50 tests in 58.7 seconds. Average test time 3.1 seconds, maximum test time 3.6 seconds.\n0 passed, 93 skipped, 0 pending, 50 FAILED\nMAX FAILURES REACHED\nEncountering Errors? Please include diagnostic output\n(moose) julian@julian:~/projects/moose$ scripts/diagnostics.sh\n\n##################################################################################################\nInfluential Environment Variables\n\nCC_FOR_BUILD=/home/julian/miniforge/envs/moose/bin/x86_64-conda-linux-gnu-cc\nCC=mpicc\nCFLAGS=-march=nocona -mtune=haswell -ftree-vectorize -fPIC -fstack-protector-strong -fno-plt -O2 -ffunction-sections -pipe -isystem /home/julian/miniforge/envs/moose/include\nCONDA_BUILD_SYSROOT=/home/julian/miniforge/envs/moose/x86_64-conda-linux-gnu/sysroot\nCONDA_CHANNEL=https://conda.software.inl.gov/public\nCONDA_DEFAULT_ENV=moose\nCONDA_EXE=/home/julian/miniforge/bin/conda\nCONDA_PREFIX_1=/home/julian/miniforge\nCONDA_PREFIX=/home/julian/miniforge/envs/moose\nCONDA_PROMPT_MODIFIER=(moose) \nCONDA_PYTHON_EXE=/home/julian/miniforge/bin/python\nCONDA_SHLVL=2\nCONDA_TOOLCHAIN_BUILD=x86_64-conda-linux-gnu\nCONDA_TOOLCHAIN_HOST=x86_64-conda-linux-gnu\nCPPFLAGS=-DNDEBUG -D_FORTIFY_SOURCE=2 -O2 -isystem /home/julian/miniforge/envs/moose/include\nCPP=/home/julian/miniforge/envs/moose/bin/x86_64-conda-linux-gnu-cpp\nCURL_CA_BUNDLE=\nCXXFILT=/home/julian/miniforge/envs/moose/bin/x86_64-conda-linux-gnu-c++filt\nCXXFLAGS=-fvisibility-inlines-hidden -fmessage-length=0 -march=nocona -mtune=haswell -ftree-vectorize -fPIC -fstack-protector-strong -fno-plt -O2 -ffunction-sections -pipe -isystem /home/julian/miniforge/envs/moose/include -std=c++17\nCXX_FOR_BUILD=/home/julian/miniforge/envs/moose/bin/x86_64-conda-linux-gnu-c++\nCXX=mpicxx\nF77=mpif77\nF90=mpif90\nF95=/home/julian/miniforge/envs/moose/bin/x86_64-conda-linux-gnu-f95\nFC_FOR_BUILD=/home/julian/miniforge/envs/moose/bin/x86_64-conda-linux-gnu-gfortran\nFC=mpif90\nFFLAGS=-march=nocona -mtune=haswell -ftree-vectorize -fPIC -fstack-protector-strong -fno-plt -O2 -ffunction-sections -pipe -isystem /home/julian/miniforge/envs/moose/include\nFI_PROVIDER=tcp\nHDF5_DIR=/home/julian/miniforge/envs/moose\nLDFLAGS=-Wl,-O2 -Wl,--sort-common -Wl,--as-needed -Wl,-z,relro -Wl,-z,now -Wl,--disable-new-dtags -Wl,--gc-sections -Wl,--allow-shlib-undefined -Wl,-rpath,/home/julian/miniforge/envs/moose/lib -Wl,-rpath-link,/home/julian/miniforge/envs/moose/lib -L/home/julian/miniforge/envs/moose/lib\nLD_GOLD=/home/julian/miniforge/envs/moose/bin/x86_64-conda-linux-gnu-ld.gold\nLD=/home/julian/miniforge/envs/moose/bin/x86_64-conda-linux-gnu-ld\nLIBMESH_DIR=/home/julian/miniforge/envs/moose/libmesh\nMOOSE_JOBS=6\nMOOSE_NO_CODESIGN=true\nPATH=/home/julian/miniforge/envs/moose/bin:/home/julian/miniforge/condabin:/usr/local/sbin:/usr/local/bin:/usr/sbin:/usr/bin:/sbin:/bin:/usr/games:/usr/local/games:/snap/bin:/snap/bin:/home/julian/miniforge/envs/moose/wasp/bin:/home/julian/miniforge/envs/moose/wasp/bin:/home/julian/miniforge/envs/moose/wasp/bin\nPETSC_DIR=/home/julian/miniforge/envs/moose/petsc\nREQUESTS_CA_BUNDLE=\nSSL_CERT_FILE=\nWASP_DIR=/home/julian/miniforge/envs/moose/wasp\n\n##################################################################################################\nCompiler(s) (CC CXX FC F77 F90):\n\nCC=/home/julian/miniforge/envs/moose/bin/mpicc\nCC -show:\nx86_64-conda-linux-gnu-cc -I/home/julian/miniforge/envs/moose/include -I/home/julian/miniforge/envs/moose/include -L/home/julian/miniforge/envs/moose/lib -Wl,-rpath,/home/julian/miniforge/envs/moose/lib -I/home/julian/miniforge/envs/moose/include -L/home/julian/miniforge/envs/moose/lib -Wl,-rpath -Wl,/home/julian/miniforge/envs/moose/lib -Wl,--enable-new-dtags -lmpi\nCC version:\tx86_64-conda-linux-gnu-cc (conda-forge gcc 12.3.0-13) 12.3.0\n\nCXX=/home/julian/miniforge/envs/moose/bin/mpicxx\nCXX -show:\nx86_64-conda-linux-gnu-c++ -I/home/julian/miniforge/envs/moose/include -I/home/julian/miniforge/envs/moose/include -L/home/julian/miniforge/envs/moose/lib -Wl,-rpath,/home/julian/miniforge/envs/moose/lib -I/home/julian/miniforge/envs/moose/include -L/home/julian/miniforge/envs/moose/lib -lmpicxx -Wl,-rpath -Wl,/home/julian/miniforge/envs/moose/lib -Wl,--enable-new-dtags -lmpi\nCXX version:\tx86_64-conda-linux-gnu-c++ (conda-forge gcc 12.3.0-13) 12.3.0\n\nFC=/home/julian/miniforge/envs/moose/bin/mpif90\nFC -show:\nx86_64-conda-linux-gnu-gfortran -I/home/julian/miniforge/envs/moose/include -L/home/julian/miniforge/envs/moose/lib -Wl,-rpath,/home/julian/miniforge/envs/moose/lib -I/home/julian/miniforge/envs/moose/include -I/home/julian/miniforge/envs/moose/include -L/home/julian/miniforge/envs/moose/lib -lmpifort -Wl,-rpath -Wl,/home/julian/miniforge/envs/moose/lib -Wl,--enable-new-dtags -lmpi\nFC version:\tGNU Fortran (conda-forge gcc 12.3.0-7) 12.3.0\n\nF77=/home/julian/miniforge/envs/moose/bin/mpif77\nF77 -show:\nx86_64-conda-linux-gnu-gfortran -I/home/julian/miniforge/envs/moose/include -fallow-argument-mismatch -L/home/julian/miniforge/envs/moose/lib -Wl,-rpath,/home/julian/miniforge/envs/moose/lib -I/home/julian/miniforge/envs/moose/include -I/home/julian/miniforge/envs/moose/include -L/home/julian/miniforge/envs/moose/lib -lmpifort -Wl,-rpath -Wl,/home/julian/miniforge/envs/moose/lib -Wl,--enable-new-dtags -lmpi\nF77 version:\tGNU Fortran (conda-forge gcc 12.3.0-7) 12.3.0\n\nF90=/home/julian/miniforge/envs/moose/bin/mpif90\nF90 -show:\nx86_64-conda-linux-gnu-gfortran -I/home/julian/miniforge/envs/moose/include -L/home/julian/miniforge/envs/moose/lib -Wl,-rpath,/home/julian/miniforge/envs/moose/lib -I/home/julian/miniforge/envs/moose/include -I/home/julian/miniforge/envs/moose/include -L/home/julian/miniforge/envs/moose/lib -lmpifort -Wl,-rpath -Wl,/home/julian/miniforge/envs/moose/lib -Wl,--enable-new-dtags -lmpi\nF90 version:\tGNU Fortran (conda-forge gcc 12.3.0-7) 12.3.0\n\nOK\n\n##################################################################################################\nPython Sanity Checks\n\nVerify `/usr/bin/env python3 --version` (reporting as: Python 3.11.8),\nmatches versions for: `which python3 && which python`\n\nOK\n\n##################################################################################################\nPython Modules (TestHarness, run-ability)\n\nOK\n\n##################################################################################################\nCONDA MOOSE Packages\n\nmoose-dev                 2024.07.27                mpich    https://conda.software.inl.gov/public\nmoose-libmesh             2024.07.27              mpich_0    https://conda.software.inl.gov/public\nmoose-libmesh-vtk         9.3.0                   mpich_0    https://conda.software.inl.gov/public\nmoose-mpi                 2024.07.10                mpich    https://conda.software.inl.gov/public\nmoose-peacock             2024.07.10              mpich_0    https://conda.software.inl.gov/public\nmoose-petsc               3.20.3                  mpich_1    https://conda.software.inl.gov/public\nmoose-tools               2024.07.19      py311h6612bce_0    https://conda.software.inl.gov/public\nmoose-wasp                2024.05.08              build_0    https://conda.software.inl.gov/public\n\nFAIL: moose-dev/repository version mismatch\n\nYour MOOSE repository requires moose-dev:\t\nwhile your Conda environment has moose-dev:\t2024.07.27\n\nThere are two ways to fix this:\n\n1.  To install the required Conda package version:\n\n\tconda install moose-dev=\n\n2.  Or adjust your repository to be in sync with moose-dev Conda package.",
          "url": "https://github.com/idaholab/moose/discussions/28329",
          "updatedAt": "2025-02-17T21:33:39Z",
          "publishedAt": "2024-08-07T15:37:35Z",
          "category": {
            "name": "Q&A Getting Started"
          },
          "comments": {
            "edges": [
              {
                "node": {
                  "author": {
                    "login": "milljm"
                  },
                  "bodyText": "I would find it hard to believe you ran out of memory, and I don't see a single test that actually launched. Can you try the following:\ncd /home/julian/projects/moose/test/tests/kernels/simple_diffusion\n../../../moose_test-opt -i simple_diffusion.i",
                  "url": "https://github.com/idaholab/moose/discussions/28329#discussioncomment-10266985",
                  "updatedAt": "2024-08-07T16:56:52Z",
                  "publishedAt": "2024-08-07T16:56:51Z",
                  "isAnswer": false,
                  "replies": {
                    "edges": [
                      {
                        "node": {
                          "author": {
                            "login": "julianseb"
                          },
                          "bodyText": "Thanks for your reply.\nThat is the result i get:\n(moose) julian@julian:~/projects/moose/test/tests/kernels/simple_diffusion$ moose_test-opt -i simple_diffusion.i\nmoose_test-opt: Befehl nicht gefunden.\n(moose) julian@julian:~/projects/moose/test/tests/kernels/simple_diffusion$ cd /home/julian/projects/moose/test/tests/kernels/simple_diffusion\n../../../moose_test-opt -i simple_diffusion.i\nUng\u00fcltiger Maschinenbefehl (Speicherabzug geschrieben)\n(moose) julian@julian:~/projects/moose/test/tests/kernels/simple_diffusion$ moose_test-opt -i simple_diffusion.i\nmoose_test-opt: Befehl nicht gefunden.\n\nSo it says command not found.",
                          "url": "https://github.com/idaholab/moose/discussions/28329#discussioncomment-10273823",
                          "updatedAt": "2024-08-08T10:03:41Z",
                          "publishedAt": "2024-08-08T10:03:40Z",
                          "isAnswer": false
                        }
                      },
                      {
                        "node": {
                          "author": {
                            "login": "GiudGiud"
                          },
                          "bodyText": "You need to compile an executable. Go in tests and type make -j6",
                          "url": "https://github.com/idaholab/moose/discussions/28329#discussioncomment-10275125",
                          "updatedAt": "2024-08-08T12:22:20Z",
                          "publishedAt": "2024-08-08T12:22:19Z",
                          "isAnswer": false
                        }
                      },
                      {
                        "node": {
                          "author": {
                            "login": "julianseb"
                          },
                          "bodyText": "So i ran it in test, but still got the same result. And when i tried running make -j 3 or make -j 6 it in tests it said there is no make file.\nSo it does not run the build and compile an executable in test, like in the getting started guide, what does that mean?\nI don't understand why it would not build/compile again.\n(moose) julian@julian:~/projects/moose/test$ make -j3\n(moose) julian@julian:~/projects/moose/test$ cd /home/julian/projects/moose/test/tests/kernels/simple_diffusion\n(moose) julian@julian:~/projects/moose/test/tests/kernels/simple_diffusion$ moose_test-opt -i simple_diffusion.i\nmoose_test-opt: command not found\n(moose) julian@julian:~/projects/moose/test/tests/kernels/simple_diffusion$ cd ~/projects/moose/test/tests\n(moose) julian@julian:~/projects/moose/test/tests$ make -j3\nmake: *** No targets specified and no makefile found.  Stop.",
                          "url": "https://github.com/idaholab/moose/discussions/28329#discussioncomment-10275370",
                          "updatedAt": "2024-08-08T13:34:41Z",
                          "publishedAt": "2024-08-08T12:50:03Z",
                          "isAnswer": false
                        }
                      },
                      {
                        "node": {
                          "author": {
                            "login": "milljm"
                          },
                          "bodyText": "You can't run moose_test-opt without telling the machine where it is. You can do that by way of ../ (relative path) or ~/projects/moose/test (absolute path).\nThe binary moose_test-opt resides here:\n~/projects/moose/test/moose_test-opt\n\nSo if you were to cd here:\ncd /home/julian/projects/moose/test/tests/kernels/simple_diffusion\nthen moose_test-opt resides either back three directories (relatively):\n/home/julian/projects/moose/test/tests/kernels/simple_diffusion\n                                ^../  ^../    ^../ like so:\n../../../moose_test-opt\nor, always at the absolute path:\n~/projects/moose/test/moose_test-opt\nEither way works. If its easier to always supply the sometimes longer and more time consuming to type absolute path, which is why many of us learn to use relative paths then do it this way:\ncd /home/julian/projects/moose/test/tests/kernels/simple_diffusion\n~/projects/moose/test/moose_test-opt -i simple_diffusion.i",
                          "url": "https://github.com/idaholab/moose/discussions/28329#discussioncomment-10276193",
                          "updatedAt": "2024-08-08T14:10:57Z",
                          "publishedAt": "2024-08-08T14:10:52Z",
                          "isAnswer": false
                        }
                      },
                      {
                        "node": {
                          "author": {
                            "login": "julianseb"
                          },
                          "bodyText": "Alright, thank you for your reply.\nI compiled with make -j 3 and then ran the two lines of code.\nThen i get this result\n(moose) julian@julian:~/projects/moose/test$ make -j 3\n(moose) julian@julian:~/projects/moose/test$ cd /home/julian/projects/moose/test/tests/kernels/simple_diffusion\n~/projects/moose/test/moose_test-opt -i simple_diffusion.i \nIllegal instruction (core dumped)",
                          "url": "https://github.com/idaholab/moose/discussions/28329#discussioncomment-10278093",
                          "updatedAt": "2024-08-08T17:06:56Z",
                          "publishedAt": "2024-08-08T17:06:56Z",
                          "isAnswer": false
                        }
                      },
                      {
                        "node": {
                          "author": {
                            "login": "milljm"
                          },
                          "bodyText": "I am guessing when you first ran make days ago, you have a different environment now, when running it. Performing make for something that has already been made, does not \"re-make\" it. You have to clean it first, then run make anew. Before we do that, I am curious what the current moose_test-opt binary has to say for itself, how it was linked.\nCan you perform and report the following:\nldd ~/projects/moose/test/moose_test-opt",
                          "url": "https://github.com/idaholab/moose/discussions/28329#discussioncomment-10278218",
                          "updatedAt": "2024-08-08T17:22:58Z",
                          "publishedAt": "2024-08-08T17:22:15Z",
                          "isAnswer": false
                        }
                      },
                      {
                        "node": {
                          "author": {
                            "login": "julianseb"
                          },
                          "bodyText": "Thank you,\nalso for the explanation for the \"make\".\nThat's the result:\n(moose) julian@julian:~/projects/moose/test$ ldd moose_test-opt\n\tlinux-vdso.so.1 (0x00007fffca75e000)\n\tlibmoose-opt.so.0 => /home/julian/projects/moose/framework/libmoose-opt.so.0 (0x0000721be1800000)\n\tlibpcre-opt.so.0 => /home/julian/projects/moose/framework/contrib/pcre/libpcre-opt.so.0 (0x0000721be45c2000)\n\tlibhit-opt.so.0 => /home/julian/projects/moose/framework/contrib/hit/libhit-opt.so.0 (0x0000721be4551000)\n\tlibmoose_test-opt.so.0 => /home/julian/projects/moose/test/lib/libmoose_test-opt.so.0 (0x0000721be0a00000)\n\tlibwaspcore.so.04 => /home/julian/miniforge/envs/moose/wasp/lib/libwaspcore.so.04 (0x0000721be452c000)\n\tlibwaspddi.so.04 => /home/julian/miniforge/envs/moose/wasp/lib/libwaspddi.so.04 (0x0000721be450d000)\n\tlibwaspexpr.so.04 => /home/julian/miniforge/envs/moose/wasp/lib/libwaspexpr.so.04 (0x0000721be44d9000)\n\tlibwasphalite.so.04 => /home/julian/miniforge/envs/moose/wasp/lib/libwasphalite.so.04 (0x0000721be4481000)\n\tlibwasphit.so.04 => /home/julian/miniforge/envs/moose/wasp/lib/libwasphit.so.04 (0x0000721be4431000)\n\tlibwasphive.so.04 => /home/julian/miniforge/envs/moose/wasp/lib/libwasphive.so.04 (0x0000721be4427000)\n\tlibwaspjson.so.04 => /home/julian/miniforge/envs/moose/wasp/lib/libwaspjson.so.04 (0x0000721be17bc000)\n\tlibwasplsp.so.04 => /home/julian/miniforge/envs/moose/wasp/lib/libwasplsp.so.04 (0x0000721be177c000)\n\tlibwaspsiren.so.04 => /home/julian/miniforge/envs/moose/wasp/lib/libwaspsiren.so.04 (0x0000721be1760000)\n\tlibwaspson.so.04 => /home/julian/miniforge/envs/moose/wasp/lib/libwaspson.so.04 (0x0000721be1712000)\n\tlibmesh_opt.so.0 => /home/julian/miniforge/envs/moose/libmesh/lib/libmesh_opt.so.0 (0x0000721bdf200000)\n\tlibtimpi_opt.so.11 => /home/julian/miniforge/envs/moose/libmesh/lib/libtimpi_opt.so.11 (0x0000721be1703000)\n\tlibvtkIOCore-9.3.so.1 => /home/julian/miniforge/envs/moose/libmesh-vtk/lib/libvtkIOCore-9.3.so.1 (0x0000721bdf177000)\n\tlibvtkCommonCore-9.3.so.1 => /home/julian/miniforge/envs/moose/libmesh-vtk/lib/libvtkCommonCore-9.3.so.1 (0x0000721bddc00000)\n\tlibvtkCommonDataModel-9.3.so.1 => /home/julian/miniforge/envs/moose/libmesh-vtk/lib/libvtkCommonDataModel-9.3.so.1 (0x0000721bdd600000)\n\tlibvtkFiltersCore-9.3.so.1 => /home/julian/miniforge/envs/moose/libmesh-vtk/lib/libvtkFiltersCore-9.3.so.1 (0x0000721bdca00000)\n\tlibvtkIOXML-9.3.so.1 => /home/julian/miniforge/envs/moose/libmesh-vtk/lib/libvtkIOXML-9.3.so.1 (0x0000721bdf05a000)\n\tlibvtkImagingCore-9.3.so.1 => /home/julian/miniforge/envs/moose/libmesh-vtk/lib/libvtkImagingCore-9.3.so.1 (0x0000721bdc600000)\n\tlibvtkIOImage-9.3.so.1 => /home/julian/miniforge/envs/moose/libmesh-vtk/lib/libvtkIOImage-9.3.so.1 (0x0000721bdc429000)\n\tlibvtkImagingMath-9.3.so.1 => /home/julian/miniforge/envs/moose/libmesh-vtk/lib/libvtkImagingMath-9.3.so.1 (0x0000721be16b9000)\n\tlibvtkIOParallelXML-9.3.so.1 => /home/julian/miniforge/envs/moose/libmesh-vtk/lib/libvtkIOParallelXML-9.3.so.1 (0x0000721be09b8000)\n\tlibvtkParallelMPI-9.3.so.1 => /home/julian/miniforge/envs/moose/libmesh-vtk/lib/libvtkParallelMPI-9.3.so.1 (0x0000721be099c000)\n\tlibvtkParallelCore-9.3.so.1 => /home/julian/miniforge/envs/moose/libmesh-vtk/lib/libvtkParallelCore-9.3.so.1 (0x0000721bddb98000)\n\tlibvtkCommonExecutionModel-9.3.so.1 => /home/julian/miniforge/envs/moose/libmesh-vtk/lib/libvtkCommonExecutionModel-9.3.so.1 (0x0000721bdd502000)\n\tlibvtksys-9.3.so.1 => /home/julian/miniforge/envs/moose/libmesh-vtk/lib/libvtksys-9.3.so.1 (0x0000721bdd4b1000)\n\tlibnglib.so => /home/julian/miniforge/envs/moose/libmesh/lib/libnglib.so (0x0000721bdbe00000)\n\tlibngcore.so => /home/julian/miniforge/envs/moose/libmesh/lib/libngcore.so (0x0000721bdc96b000)\n\tlibz.so.1 => /home/julian/miniforge/envs/moose/lib/libz.so.1 (0x0000721bdf03f000)\n\tlibslepc.so.3.20 => /home/julian/miniforge/envs/moose/petsc/lib/libslepc.so.3.20 (0x0000721bdba00000)\n\tlibpetsc.so.3.20 => /home/julian/miniforge/envs/moose/petsc/lib/libpetsc.so.3.20 (0x0000721bd9e00000)\n\tlibHYPRE-2.29.0.so => /home/julian/miniforge/envs/moose/petsc/lib/libHYPRE-2.29.0.so (0x0000721bd9800000)\n\tlibstrumpack.so.7.1 => /home/julian/miniforge/envs/moose/petsc/lib/libstrumpack.so.7.1 (0x0000721bd8600000)\n\tlibscalapack.so.2.2 => /home/julian/miniforge/envs/moose/petsc/lib/libscalapack.so.2.2 (0x0000721bd7e00000)\n\tlibsuperlu_dist.so.8 => /home/julian/miniforge/envs/moose/petsc/lib/libsuperlu_dist.so.8 (0x0000721bd9672000)\n\tlibpthread.so.0 => /lib/x86_64-linux-gnu/libpthread.so.0 (0x0000721be0987000)\n\tlibparmetis.so => /home/julian/miniforge/envs/moose/petsc/lib/libparmetis.so (0x0000721bdd46f000)\n\tlibmetis.so => /home/julian/miniforge/envs/moose/petsc/lib/libmetis.so (0x0000721bdc8ff000)\n\tlibhdf5_hl.so.310 => /home/julian/miniforge/envs/moose/lib/libhdf5_hl.so.310 (0x0000721bdc8db000)\n\tlibhdf5.so.310 => /home/julian/miniforge/envs/moose/lib/libhdf5.so.310 (0x0000721bd7800000)\n\tlibmpifort.so.12 => /home/julian/miniforge/envs/moose/lib/libmpifort.so.12 (0x0000721bdc311000)\n\tlibgfortran.so.5 => /home/julian/miniforge/envs/moose/lib/libgfortran.so.5 (0x0000721bd7655000)\n\tlibgcc_s.so.1 => /home/julian/miniforge/envs/moose/lib/libgcc_s.so.1 (0x0000721bdc2f2000)\n\tlibquadmath.so.0 => /home/julian/miniforge/envs/moose/lib/libquadmath.so.0 (0x0000721bdc2ba000)\n\tlibstdc++.so.6 => /home/julian/miniforge/envs/moose/lib/libstdc++.so.6 (0x0000721bd7472000)\n\tlibrt.so.1 => /lib/x86_64-linux-gnu/librt.so.1 (0x0000721bdf03a000)\n\tlibdl.so.2 => /lib/x86_64-linux-gnu/libdl.so.2 (0x0000721bdf035000)\n\tlibmpi.so.12 => /home/julian/miniforge/envs/moose/lib/libmpi.so.12 (0x0000721bd4200000)\n\tlibmpicxx.so.12 => /home/julian/miniforge/envs/moose/lib/libmpicxx.so.12 (0x0000721bdd451000)\n\tlibm.so.6 => /lib/x86_64-linux-gnu/libm.so.6 (0x0000721bdb917000)\n\tlibgomp.so.1 => /home/julian/miniforge/envs/moose/lib/libgomp.so.1 (0x0000721bdbdc1000)\n\tlibc.so.6 => /lib/x86_64-linux-gnu/libc.so.6 (0x0000721bd3e00000)\n\t/lib64/ld-linux-x86-64.so.2 (0x0000721be45f8000)\n\tlibnetcdf.so.13 => /home/julian/miniforge/envs/moose/libmesh/lib/./libnetcdf.so.13 (0x0000721bd9cee000)\n\tlibvtkdoubleconversion-9.3.so.1 => /home/julian/miniforge/envs/moose/libmesh-vtk/lib/./libvtkdoubleconversion-9.3.so.1 (0x0000721bddb87000)\n\tlibvtklz4-9.3.so.1 => /home/julian/miniforge/envs/moose/libmesh-vtk/lib/./libvtklz4-9.3.so.1 (0x0000721bdb8df000)\n\tlibvtklzma-9.3.so.1 => /home/julian/miniforge/envs/moose/libmesh-vtk/lib/./libvtklzma-9.3.so.1 (0x0000721bdb8b2000)\n\tlibvtkzlib-9.3.so.1 => /home/julian/miniforge/envs/moose/libmesh-vtk/lib/./libvtkzlib-9.3.so.1 (0x0000721bdb894000)\n\tlibvtkloguru-9.3.so.1 => /home/julian/miniforge/envs/moose/libmesh-vtk/lib/./libvtkloguru-9.3.so.1 (0x0000721bdc8c7000)\n\tlibvtkCommonTransforms-9.3.so.1 => /home/julian/miniforge/envs/moose/libmesh-vtk/lib/./libvtkCommonTransforms-9.3.so.1 (0x0000721bd9caf000)\n\tlibvtkCommonMisc-9.3.so.1 => /home/julian/miniforge/envs/moose/libmesh-vtk/lib/./libvtkCommonMisc-9.3.so.1 (0x0000721bd3800000)\n\tlibvtkCommonSystem-9.3.so.1 => /home/julian/miniforge/envs/moose/libmesh-vtk/lib/./libvtkCommonSystem-9.3.so.1 (0x0000721bd9c91000)\n\tlibvtkpugixml-9.3.so.1 => /home/julian/miniforge/envs/moose/libmesh-vtk/lib/./libvtkpugixml-9.3.so.1 (0x0000721bd85c3000)\n\tlibvtkCommonMath-9.3.so.1 => /home/julian/miniforge/envs/moose/libmesh-vtk/lib/./libvtkCommonMath-9.3.so.1 (0x0000721bd859a000)\n\tlibvtkIOXMLParser-9.3.so.1 => /home/julian/miniforge/envs/moose/libmesh-vtk/lib/./libvtkIOXMLParser-9.3.so.1 (0x0000721bdb87b000)\n\tlibvtkDICOMParser-9.3.so.1 => /home/julian/miniforge/envs/moose/libmesh-vtk/lib/./libvtkDICOMParser-9.3.so.1 (0x0000721bd857c000)\n\tlibvtkmetaio-9.3.so.1 => /home/julian/miniforge/envs/moose/libmesh-vtk/lib/./libvtkmetaio-9.3.so.1 (0x0000721bd7d5d000)\n\tlibvtkpng-9.3.so.1 => /home/julian/miniforge/envs/moose/libmesh-vtk/lib/./libvtkpng-9.3.so.1 (0x0000721bd8534000)\n\tlibvtktiff-9.3.so.1 => /home/julian/miniforge/envs/moose/libmesh-vtk/lib/./libvtktiff-9.3.so.1 (0x0000721bd7cd9000)\n\tlibvtkjpeg-9.3.so.1 => /home/julian/miniforge/envs/moose/libmesh-vtk/lib/./libvtkjpeg-9.3.so.1 (0x0000721bd4186000)\n\tlibvtkIOLegacy-9.3.so.1 => /home/julian/miniforge/envs/moose/libmesh-vtk/lib/./libvtkIOLegacy-9.3.so.1 (0x0000721bd40c9000)\n\tlibzfp.so.0 => /home/julian/miniforge/envs/moose/petsc/lib/../../lib/libzfp.so.0 (0x0000721bd7c85000)\n\tlibcrypto.so.3 => /home/julian/miniforge/envs/moose/lib/./libcrypto.so.3 (0x0000721bd3200000)\n\tlibcurl.so.4 => /home/julian/miniforge/envs/moose/lib/./libcurl.so.4 (0x0000721bd3d37000)\n\tlibsz.so.2 => /home/julian/miniforge/envs/moose/lib/./libsz.so.2 (0x0000721bdc2ad000)\n\tlibatomic.so.1 => /home/julian/miniforge/envs/moose/lib/./libatomic.so.1 (0x0000721bd9c86000)\n\tlibvtkkissfft-9.3.so.1 => /home/julian/miniforge/envs/moose/libmesh-vtk/lib/././libvtkkissfft-9.3.so.1 (0x0000721bdc8c0000)\n\tlibvtkexpat-9.3.so.1 => /home/julian/miniforge/envs/moose/libmesh-vtk/lib/././libvtkexpat-9.3.so.1 (0x0000721bd8506000)\n\tlibnghttp2.so.14 => /home/julian/miniforge/envs/moose/lib/././libnghttp2.so.14 (0x0000721bd7446000)\n\tlibssh2.so.1 => /home/julian/miniforge/envs/moose/lib/././libssh2.so.1 (0x0000721bd4084000)\n\tlibssl.so.3 => /home/julian/miniforge/envs/moose/lib/././libssl.so.3 (0x0000721bd3c47000)\n\tlibgssapi_krb5.so.2 => /home/julian/miniforge/envs/moose/lib/././libgssapi_krb5.so.2 (0x0000721bd4031000)\n\tlibzstd.so.1 => /home/julian/miniforge/envs/moose/lib/././libzstd.so.1 (0x0000721bd30ec000)\n\tlibkrb5.so.3 => /home/julian/miniforge/envs/moose/lib/./././libkrb5.so.3 (0x0000721bd3016000)\n\tlibk5crypto.so.3 => /home/julian/miniforge/envs/moose/lib/./././libk5crypto.so.3 (0x0000721bd965a000)\n\tlibcom_err.so.3 => /home/julian/miniforge/envs/moose/lib/./././libcom_err.so.3 (0x0000721bdbdbb000)\n\tlibkrb5support.so.0 => /home/julian/miniforge/envs/moose/lib/./././libkrb5support.so.0 (0x0000721bd7c77000)\n\tlibkeyutils.so.1 => /home/julian/miniforge/envs/moose/lib/./././libkeyutils.so.1 (0x0000721bd9c7f000)\n\tlibresolv.so.2 => /lib/x86_64-linux-gnu/libresolv.so.2 (0x0000721bd7c64000)",
                          "url": "https://github.com/idaholab/moose/discussions/28329#discussioncomment-10278444",
                          "updatedAt": "2024-08-08T17:35:09Z",
                          "publishedAt": "2024-08-08T17:35:09Z",
                          "isAnswer": false
                        }
                      },
                      {
                        "node": {
                          "author": {
                            "login": "milljm"
                          },
                          "bodyText": "Hmm. I see a few link lines pointing to somewhere outside the miniforge area. Not sure about some of them. But thanks for the info! Edit: Actually, your link lines are identical to mine on my test Linux machine.\nCan you tell us what type of CPU you are running on?\nlscpu",
                          "url": "https://github.com/idaholab/moose/discussions/28329#discussioncomment-10278708",
                          "updatedAt": "2024-08-08T18:20:29Z",
                          "publishedAt": "2024-08-08T18:18:34Z",
                          "isAnswer": false
                        }
                      },
                      {
                        "node": {
                          "author": {
                            "login": "julianseb"
                          },
                          "bodyText": "Sure. Its:\nArchitecture:             x86_64\n  CPU op-mode(s):         32-bit, 64-bit\n  Address sizes:          39 bits physical, 48 bits virtual\n  Byte Order:             Little Endian\nCPU(s):                   3\n  On-line CPU(s) list:    0-2\nVendor ID:                GenuineIntel\n  Model name:             Intel(R) Core(TM) i7-7500U CPU @ 2.70GHz\n    CPU family:           6\n    Model:                142\n    Thread(s) per core:   1\n    Core(s) per socket:   3\n    Socket(s):            1\n    Stepping:             9\n    BogoMIPS:             5807.99\n    Flags:                fpu vme de pse tsc msr pae mce cx8 apic sep mtrr pge m\n                          ca cmov pat pse36 clflush mmx fxsr sse sse2 ht syscall\n                           nx rdtscp lm constant_tsc rep_good nopl xtopology non\n                          stop_tsc cpuid tsc_known_freq pni pclmulqdq ssse3 cx16\n                           pcid sse4_1 sse4_2 movbe popcnt aes rdrand hypervisor\n                           lahf_lm abm 3dnowprefetch pti fsgsbase bmi1 bmi2 invp\n                          cid rdseed clflushopt arat md_clear flush_l1d arch_cap\n                          abilities\nVirtualization features:  \n  Hypervisor vendor:      KVM\n  Virtualization type:    full\nCaches (sum of all):      \n  L1d:                    96 KiB (3 instances)\n  L1i:                    96 KiB (3 instances)\n  L2:                     768 KiB (3 instances)\n  L3:                     12 MiB (3 instances)\nNUMA:                     \n  NUMA node(s):           1\n  NUMA node0 CPU(s):      0-2\nVulnerabilities:          \n  Gather data sampling:   Not affected\n  Itlb multihit:          KVM: Mitigation: VMX unsupported\n  L1tf:                   Mitigation; PTE Inversion\n  Mds:                    Mitigation; Clear CPU buffers; SMT Host state unknown\n  Meltdown:               Mitigation; PTI\n  Mmio stale data:        Mitigation; Clear CPU buffers; SMT Host state unknown\n  Reg file data sampling: Not affected\n  Retbleed:               Vulnerable\n  Spec rstack overflow:   Not affected\n  Spec store bypass:      Vulnerable\n  Spectre v1:             Mitigation; usercopy/swapgs barriers and __user pointe\n                          r sanitization\n  Spectre v2:             Mitigation; Retpolines; STIBP disabled; RSB filling; P\n                          BRSB-eIBRS Not affected; BHI Retpoline\n  Srbds:                  Unknown: Dependent on hypervisor status\n  Tsx async abort:        Not affected",
                          "url": "https://github.com/idaholab/moose/discussions/28329#discussioncomment-10280054",
                          "updatedAt": "2024-08-08T21:27:43Z",
                          "publishedAt": "2024-08-08T21:27:42Z",
                          "isAnswer": false
                        }
                      },
                      {
                        "node": {
                          "author": {
                            "login": "milljm"
                          },
                          "bodyText": "This all looks fine to me. I think we need to rebuild in debug mode, so we can try to capture a backtrace.\ncd ~/projects/moose/test\nMETHOD=dbg make -j 3\n./moose_test-dbg\nJust to see what happens. If it errors, lets attempt to get a backtrace:\n$> gdb -- ./moose_test-dbg\n(gdb) r\n(gdb) bt",
                          "url": "https://github.com/idaholab/moose/discussions/28329#discussioncomment-10314094",
                          "updatedAt": "2024-08-12T12:47:47Z",
                          "publishedAt": "2024-08-12T12:47:46Z",
                          "isAnswer": false
                        }
                      }
                    ]
                  }
                }
              }
            ]
          }
        }
      },
      {
        "node": {
          "title": "Compilation error: Killed signal terminated program cc1plus",
          "author": {
            "login": "rayaprolu143"
          },
          "bodyText": "Check these boxes if you have followed the posting rules.\n\n I have consulted the Posting Guidelines.\n I have searched the Discussions Forum and MOOSE Framework Troubleshooting and have not found what I was looking for\n Q&A Getting Started is the most appropriate category for my question (trouble installing, beginner user, ...)\n\nIssue or question about MOOSE\n\nHi,\nI have attached a screenshot showing the error I received when tried to compile the makefile in moose/test folder using \"make -j 6\". However, the error does not show up when compiled with \"make -j 1\". Kindly let me know if there is anything wrong I am doing here.\nSreekar\n(Optional) code in question / simulation log / errors\nNo response\nEncountering Errors? Please include diagnostic output\n##################################################################################################\nInfluential Environment Variables\n\nAPPTAINER_UNSHARE_IPC=1\nCC=mpicc\nCONDA_CHANNEL=https://conda.software.inl.gov/public\nCURL_CA_BUNDLE=\nCXX=mpiCC\nF77=mpif77\nF90=mpif90\nF95=/apps/spack/negishi/apps/gcc/12.2.0-gcc-8.5.0-27t2zcj/bin/gfortran\nFC=mpif90\nLD_LIBRARY_PATH=/apps/spack/negishi/apps/openmpi/4.1.4-gcc-12.2.0-aqmmssy/lib:/apps/spack/negishi/apps/numactl/2.0.14-gcc-12.2.0-pavd247/lib:/apps/spack/negishi/apps/gcc/12.2.0-gcc-8.5.0-27t2zcj/lib64:/apps/spack/negishi/apps/gcc/12.2.0-gcc-8.5.0-27t2zcj/lib:/apps/spack/negishi/apps/zlib/1.2.13-gcc-12.2.0-lcttzi4/lib:/apps/spack/negishi/apps/mpc/1.1.0-gcc-8.5.0-rmvlya2/lib:/apps/spack/negishi/apps/mpfr/4.0.2-gcc-12.2.0-ceitkks/lib:/apps/spack/negishi/apps/gmp/6.2.1-gcc-12.2.0-o4alg4g/lib\nLD_PRELOAD=/apps/external/apps/xalt3/xalt/xalt/lib64/libxalt_init.so\nMODULESHOME=/opt/lmod/lmod\nMOOSE_JOBS=6\nPATH=/apps/external/apps/xalt3/xalt/xalt/bin:/apps/spack/negishi/apps/openmpi/4.1.4-gcc-12.2.0-aqmmssy/bin:/apps/spack/negishi/apps/numactl/2.0.14-gcc-12.2.0-pavd247/bin:/apps/spack/negishi/apps/gcc/12.2.0-gcc-8.5.0-27t2zcj/bin:/home/arayapro/bin:/home/arayapro/.local/bin:/usr/local/bin:/usr/bin:/usr/local/sbin:/usr/sbin:/opt/hpss/bin:/opt/hsi/bin:/opt/puppetlabs/bin:/usr/site/rcac/sbin:/usr/site/rcac/bin:/usr/site/rcac/scripts:/opt/thinlinc/bin:/opt/thinlinc/sbin\nREQUESTS_CA_BUNDLE=\nSSL_CERT_FILE=\n\n##################################################################################################\nCompiler(s) (CC CXX FC F77 F90):\n\nCC=/apps/spack/negishi/apps/openmpi/4.1.4-gcc-12.2.0-aqmmssy/bin/mpicc\nCC -show:\n/apps/spack/negishi/apps/gcc/12.2.0-gcc-8.5.0-27t2zcj/bin/gcc -I/apps/spack/negishi/apps/openmpi/4.1.4-gcc-12.2.0-aqmmssy/include -fexceptions -pthread -L/apps/spack/negishi/apps/openmpi/4.1.4-gcc-12.2.0-aqmmssy/lib -L/apps/spack/negishi/apps/hwloc/2.8.0-gcc-12.2.0-37auxcx/lib -L/apps/spack/negishi/apps/libevent/2.1.12-gcc-12.2.0-fxhhv5n/lib -L/apps/spack/negishi/apps/pmix/4.1.2-gcc-12.2.0-husqypr/lib -Wl,-rpath,/apps/spack/negishi/apps/gcc/12.2.0-gcc-8.5.0-27t2zcj/lib/gcc/x86_64-pc-linux-gnu/12.2.0 -Wl,-rpath,/apps/spack/negishi/apps/gcc/12.2.0-gcc-8.5.0-27t2zcj/lib64 -Wl,-rpath -Wl,/apps/spack/negishi/apps/openmpi/4.1.4-gcc-12.2.0-aqmmssy/lib -Wl,-rpath -Wl,/apps/spack/negishi/apps/hwloc/2.8.0-gcc-12.2.0-37auxcx/lib -Wl,-rpath -Wl,/apps/spack/negishi/apps/libevent/2.1.12-gcc-12.2.0-fxhhv5n/lib -Wl,-rpath -Wl,/apps/spack/negishi/apps/pmix/4.1.2-gcc-12.2.0-husqypr/lib -lmpi\nCC version:     gcc (Spack GCC) 12.2.0\n\nCXX=/apps/spack/negishi/apps/openmpi/4.1.4-gcc-12.2.0-aqmmssy/bin/mpiCC\nCXX -show:\n/apps/spack/negishi/apps/gcc/12.2.0-gcc-8.5.0-27t2zcj/bin/g++ -I/apps/spack/negishi/apps/openmpi/4.1.4-gcc-12.2.0-aqmmssy/include -fexceptions -pthread -L/apps/spack/negishi/apps/openmpi/4.1.4-gcc-12.2.0-aqmmssy/lib -L/apps/spack/negishi/apps/hwloc/2.8.0-gcc-12.2.0-37auxcx/lib -L/apps/spack/negishi/apps/libevent/2.1.12-gcc-12.2.0-fxhhv5n/lib -L/apps/spack/negishi/apps/pmix/4.1.2-gcc-12.2.0-husqypr/lib -Wl,-rpath,/apps/spack/negishi/apps/gcc/12.2.0-gcc-8.5.0-27t2zcj/lib/gcc/x86_64-pc-linux-gnu/12.2.0 -Wl,-rpath,/apps/spack/negishi/apps/gcc/12.2.0-gcc-8.5.0-27t2zcj/lib64 -Wl,-rpath -Wl,/apps/spack/negishi/apps/openmpi/4.1.4-gcc-12.2.0-aqmmssy/lib -Wl,-rpath -Wl,/apps/spack/negishi/apps/hwloc/2.8.0-gcc-12.2.0-37auxcx/lib -Wl,-rpath -Wl,/apps/spack/negishi/apps/libevent/2.1.12-gcc-12.2.0-fxhhv5n/lib -Wl,-rpath -Wl,/apps/spack/negishi/apps/pmix/4.1.2-gcc-12.2.0-husqypr/lib -lmpi_cxx -lmpi\nCXX version:    g++ (Spack GCC) 12.2.0\n\nFC=/apps/spack/negishi/apps/openmpi/4.1.4-gcc-12.2.0-aqmmssy/bin/mpif90\nFC -show:\n/apps/spack/negishi/apps/gcc/12.2.0-gcc-8.5.0-27t2zcj/bin/gfortran -I/apps/spack/negishi/apps/openmpi/4.1.4-gcc-12.2.0-aqmmssy/include -fexceptions -pthread -I/apps/spack/negishi/apps/openmpi/4.1.4-gcc-12.2.0-aqmmssy/lib -L/apps/spack/negishi/apps/openmpi/4.1.4-gcc-12.2.0-aqmmssy/lib -L/apps/spack/negishi/apps/hwloc/2.8.0-gcc-12.2.0-37auxcx/lib -L/apps/spack/negishi/apps/libevent/2.1.12-gcc-12.2.0-fxhhv5n/lib -L/apps/spack/negishi/apps/pmix/4.1.2-gcc-12.2.0-husqypr/lib -Wl,-rpath,/apps/spack/negishi/apps/gcc/12.2.0-gcc-8.5.0-27t2zcj/lib/gcc/x86_64-pc-linux-gnu/12.2.0 -Wl,-rpath,/apps/spack/negishi/apps/gcc/12.2.0-gcc-8.5.0-27t2zcj/lib64 -Wl,-rpath -Wl,/apps/spack/negishi/apps/openmpi/4.1.4-gcc-12.2.0-aqmmssy/lib -Wl,-rpath -Wl,/apps/spack/negishi/apps/hwloc/2.8.0-gcc-12.2.0-37auxcx/lib -Wl,-rpath -Wl,/apps/spack/negishi/apps/libevent/2.1.12-gcc-12.2.0-fxhhv5n/lib -Wl,-rpath -Wl,/apps/spack/negishi/apps/pmix/4.1.2-gcc-12.2.0-husqypr/lib -lmpi_usempif08 -lmpi_usempi_ignore_tkr -lmpi_mpifh -lmpi\nFC version:     GNU Fortran (Spack GCC) 12.2.0\n\nF77=/apps/spack/negishi/apps/openmpi/4.1.4-gcc-12.2.0-aqmmssy/bin/mpif77\nF77 -show:\n/apps/spack/negishi/apps/gcc/12.2.0-gcc-8.5.0-27t2zcj/bin/gfortran -I/apps/spack/negishi/apps/openmpi/4.1.4-gcc-12.2.0-aqmmssy/include -fexceptions -pthread -I/apps/spack/negishi/apps/openmpi/4.1.4-gcc-12.2.0-aqmmssy/lib -L/apps/spack/negishi/apps/openmpi/4.1.4-gcc-12.2.0-aqmmssy/lib -L/apps/spack/negishi/apps/hwloc/2.8.0-gcc-12.2.0-37auxcx/lib -L/apps/spack/negishi/apps/libevent/2.1.12-gcc-12.2.0-fxhhv5n/lib -L/apps/spack/negishi/apps/pmix/4.1.2-gcc-12.2.0-husqypr/lib -Wl,-rpath,/apps/spack/negishi/apps/gcc/12.2.0-gcc-8.5.0-27t2zcj/lib/gcc/x86_64-pc-linux-gnu/12.2.0 -Wl,-rpath,/apps/spack/negishi/apps/gcc/12.2.0-gcc-8.5.0-27t2zcj/lib64 -Wl,-rpath -Wl,/apps/spack/negishi/apps/openmpi/4.1.4-gcc-12.2.0-aqmmssy/lib -Wl,-rpath -Wl,/apps/spack/negishi/apps/hwloc/2.8.0-gcc-12.2.0-37auxcx/lib -Wl,-rpath -Wl,/apps/spack/negishi/apps/libevent/2.1.12-gcc-12.2.0-fxhhv5n/lib -Wl,-rpath -Wl,/apps/spack/negishi/apps/pmix/4.1.2-gcc-12.2.0-husqypr/lib -lmpi_usempif08 -lmpi_usempi_ignore_tkr -lmpi_mpifh -lmpi\nF77 version:    GNU Fortran (Spack GCC) 12.2.0\n\nF90=/apps/spack/negishi/apps/openmpi/4.1.4-gcc-12.2.0-aqmmssy/bin/mpif90\nF90 -show:\n/apps/spack/negishi/apps/gcc/12.2.0-gcc-8.5.0-27t2zcj/bin/gfortran -I/apps/spack/negishi/apps/openmpi/4.1.4-gcc-12.2.0-aqmmssy/include -fexceptions -pthread -I/apps/spack/negishi/apps/openmpi/4.1.4-gcc-12.2.0-aqmmssy/lib -L/apps/spack/negishi/apps/openmpi/4.1.4-gcc-12.2.0-aqmmssy/lib -L/apps/spack/negishi/apps/hwloc/2.8.0-gcc-12.2.0-37auxcx/lib -L/apps/spack/negishi/apps/libevent/2.1.12-gcc-12.2.0-fxhhv5n/lib -L/apps/spack/negishi/apps/pmix/4.1.2-gcc-12.2.0-husqypr/lib -Wl,-rpath,/apps/spack/negishi/apps/gcc/12.2.0-gcc-8.5.0-27t2zcj/lib/gcc/x86_64-pc-linux-gnu/12.2.0 -Wl,-rpath,/apps/spack/negishi/apps/gcc/12.2.0-gcc-8.5.0-27t2zcj/lib64 -Wl,-rpath -Wl,/apps/spack/negishi/apps/openmpi/4.1.4-gcc-12.2.0-aqmmssy/lib -Wl,-rpath -Wl,/apps/spack/negishi/apps/hwloc/2.8.0-gcc-12.2.0-37auxcx/lib -Wl,-rpath -Wl,/apps/spack/negishi/apps/libevent/2.1.12-gcc-12.2.0-fxhhv5n/lib -Wl,-rpath -Wl,/apps/spack/negishi/apps/pmix/4.1.2-gcc-12.2.0-husqypr/lib -lmpi_usempif08 -lmpi_usempi_ignore_tkr -lmpi_mpifh -lmpi\nF90 version:    GNU Fortran (Spack GCC) 12.2.0\n\nOK\n\n##################################################################################################\nPython Sanity Checks\n\nVerify `/usr/bin/env python3 --version` (reporting as: Python 3.6.8),\nmatches versions for: `which python3 && which python`\n\n/usr/bin/which: no python in (/apps/external/apps/xalt3/xalt/xalt/bin:/apps/spack/negishi/apps/openmpi/4.1.4-gcc-12.2.0-aqmmssy/bin:/apps/spack/negishi/apps/numactl/2.0.14-gcc-12.2.0-pavd247/bin:/apps/spack/negishi/apps/gcc/12.2.0-gcc-8.5.0-27t2zcj/bin:/home/arayapro/bin:/home/arayapro/.local/bin:/usr/local/bin:/usr/bin:/usr/local/sbin:/usr/sbin:/opt/hpss/bin:/opt/hsi/bin:/opt/puppetlabs/bin:/usr/site/rcac/sbin:/usr/site/rcac/bin:/usr/site/rcac/scripts:/opt/thinlinc/bin:/opt/thinlinc/sbin)\n\nWARNING: `python` does not exist\nThis does not mean there will be a failure, but some shebangs in some python\nfiles may still be relying on calling: `/usr/bin/env python` (Python 2.x era)\nOK\n\n##################################################################################################\nPython Modules (TestHarness, run-ability)\n\nFAIL:    python module: `packaging` not available\nWARNING: python module: `jinja2` not available\n\nFailing Python packages will prevent you from building MOOSE.\nWarning Python packages may cause miscellaneous runtime issues.\n\nEither install the above packages, or perhaps you have yet to activate your\nmoose environment: `conda activate moose`.",
          "url": "https://github.com/idaholab/moose/discussions/28409",
          "updatedAt": "2024-08-17T12:33:43Z",
          "publishedAt": "2024-08-16T22:16:44Z",
          "category": {
            "name": "Q&A Getting Started"
          },
          "comments": {
            "edges": [
              {
                "node": {
                  "author": {
                    "login": "GiudGiud"
                  },
                  "bodyText": "hello\ncould you please try to use less processors for building? for example\nmake -j 2\nor even\nmake -j 1\nthis will reduce the memory usage when building the code\nGUillaume",
                  "url": "https://github.com/idaholab/moose/discussions/28409#discussioncomment-10363338",
                  "updatedAt": "2024-08-16T22:36:20Z",
                  "publishedAt": "2024-08-16T22:36:19Z",
                  "isAnswer": false,
                  "replies": {
                    "edges": [
                      {
                        "node": {
                          "author": {
                            "login": "rayaprolu143"
                          },
                          "bodyText": "I did, and it worked, as I have mentioned in the post.\nSo, it is failing because of the memory issue. Is there anything that I could do on my end to increase the memory usage limit?\nSreekar",
                          "url": "https://github.com/idaholab/moose/discussions/28409#discussioncomment-10363354",
                          "updatedAt": "2024-08-16T22:40:00Z",
                          "publishedAt": "2024-08-16T22:39:59Z",
                          "isAnswer": false
                        }
                      },
                      {
                        "node": {
                          "author": {
                            "login": "GiudGiud"
                          },
                          "bodyText": "my bad I did not see that sentence.\nOk so either:\n\ncompile with minimal memory usage with\n\nMOOSE_UNITY=false make -j1\n\nor find a machine with more memory. how much do you have access to on this one?",
                          "url": "https://github.com/idaholab/moose/discussions/28409#discussioncomment-10363390",
                          "updatedAt": "2024-08-16T22:46:47Z",
                          "publishedAt": "2024-08-16T22:46:47Z",
                          "isAnswer": true
                        }
                      }
                    ]
                  }
                }
              }
            ]
          }
        }
      },
      {
        "node": {
          "title": "Using Div.(Grad v) term in derivativeparsedmaterial",
          "author": {
            "login": "vermaprk"
          },
          "bodyText": "Check these boxes if you have followed the posting rules.\n\n Q&A General is the most appropriate section for my question\n I have consulted the posting Guidelines on the Discussions front page\n I have searched the Discussions forum and my question has not been asked before\n I have searched the MOOSE website and the documentation does not answer my question\n I have formatted my post following the posting guidelines (screenshots as a last resort, triple back quotes around pasted text)\n\nQuestion\nHello\nI need to insert the diffusion term value (Div.Grad v)/|Grad v| in the derivativeparsedmaterial. Here is my approach:\nI crearted a kernel that calculates (Div.Grad v)/|Grad v| where v is the coupled variable and the kernel variable is defined as curr.\nNow I am using curr as a coupled_variable in the DerivativeParsedmaterial to evaluate the material.\nCouple of questions:\nIs this the right approach?  I tried using only material to calculate the (Div.Grad v)/|Grad v|. However, I could not find the way to resolve the divergence part as there is no test function.\nI also tried using auxvariable but was not able to do this.\nThanks",
          "url": "https://github.com/idaholab/moose/discussions/28385",
          "updatedAt": "2024-08-16T19:01:56Z",
          "publishedAt": "2024-08-15T07:40:53Z",
          "category": {
            "name": "Q&A General"
          },
          "comments": {
            "edges": [
              {
                "node": {
                  "author": {
                    "login": "GiudGiud"
                  },
                  "bodyText": "Hello\n\nI crearted a kernel that calculates (Div.Grad v)/|Grad v| where v is the coupled variable and the kernel variable is defined as curr.\n\ndo you mean an auxiliary kernel (auxkernel)? Kernels compute contributions to the residual, only auxkernels can set variable values\n\nHowever, I could not find the way to resolve the divergence part as there is no test function.\n\nwhy do you need the test function?",
                  "url": "https://github.com/idaholab/moose/discussions/28385#discussioncomment-10348928",
                  "updatedAt": "2024-08-15T15:03:23Z",
                  "publishedAt": "2024-08-15T15:03:22Z",
                  "isAnswer": false,
                  "replies": {
                    "edges": [
                      {
                        "node": {
                          "author": {
                            "login": "vermaprk"
                          },
                          "bodyText": "why do you need the test function?\n\nDiv.Grad v is there that means double differentiation. So, I was thinking if I can write this as auxkernel  as\nreturn - (_grad_test[_i][_qp] * _grad_v[_qp])/_grad_v[_qp].norm();\nHowever, as computeQpResidual() does not work for auxkernel like the kernel system. I was wondering if there was some way out.\nOtherwise how to get double differentiation in auxkernel.\n_gradient(coupledGradient(\"gradient_variable\")) only differentiates once. Please provide the syntax to get a double differential\nThanks",
                          "url": "https://github.com/idaholab/moose/discussions/28385#discussioncomment-10349565",
                          "updatedAt": "2024-08-15T15:54:46Z",
                          "publishedAt": "2024-08-15T15:53:44Z",
                          "isAnswer": false
                        }
                      },
                      {
                        "node": {
                          "author": {
                            "login": "GiudGiud"
                          },
                          "bodyText": "coupledSecond gets you the double derivatives\nin the Coupleable interface (coupleable.h), same as coupledGradient\nhttps://mooseframework.inl.gov/source/interfaces/Coupleable.html",
                          "url": "https://github.com/idaholab/moose/discussions/28385#discussioncomment-10350877",
                          "updatedAt": "2024-08-15T17:46:28Z",
                          "publishedAt": "2024-08-15T17:45:50Z",
                          "isAnswer": false
                        }
                      },
                      {
                        "node": {
                          "author": {
                            "login": "vermaprk"
                          },
                          "bodyText": "OK as per your suggestion I tried:\nReal\nEgCurvatureValue::computeValue()\n{\n  return _grad2[_qp](0,0);\n}\n\nSo this should return d2v/dx2 as I assume (0,0) means differentiating w.r.t x and x. But I don't get the required solution. I have tested this for steady-state diffusion problems with source term 1. I should get 1 as an answer, but I am getting 0.\nMy .C file is as follow:\n#include \"EgCurvatureValue.h\"\n\nregisterMooseObject(\"goldfishApp\", EgCurvatureValue);\n\nInputParameters\nEgCurvatureValue::validParams()\n{\n  InputParameters params = AuxKernel::validParams();\n  params.addClassDescription(\n      \"Creates a field consisting of one component of the gradient of a coupled variable.\");\n  params.addRequiredCoupledVar(\"gradient_variable\",\n                               \"The variable from which to compute the gradient component\");\n  return params;\n}\n\nEgCurvatureValue::EgCurvatureValue(const InputParameters & parameters)\n  : AuxKernel(parameters),\n    _grad(coupledGradient(\"gradient_variable\")),\n    _grad2(coupledSecond(\"gradient_variable\"))\n{\n}\n\nReal\nEgCurvatureValue::computeValue()\n{\n  return _grad2[_qp](0,0);\n}\n\nThanks",
                          "url": "https://github.com/idaholab/moose/discussions/28385#discussioncomment-10361147",
                          "updatedAt": "2024-08-16T16:42:55Z",
                          "publishedAt": "2024-08-16T16:42:53Z",
                          "isAnswer": false
                        }
                      },
                      {
                        "node": {
                          "author": {
                            "login": "GiudGiud"
                          },
                          "bodyText": "what finite element fammily are you using?\nanything first order has a second derivative of 0\nyou'll need to go higher order, (or code a multi-element stencil, difficult) to get non-zero second derivatives",
                          "url": "https://github.com/idaholab/moose/discussions/28385#discussioncomment-10361275",
                          "updatedAt": "2024-08-16T16:58:59Z",
                          "publishedAt": "2024-08-16T16:58:58Z",
                          "isAnswer": false
                        }
                      }
                    ]
                  }
                }
              },
              {
                "node": {
                  "author": {
                    "login": "vermaprk"
                  },
                  "bodyText": "I am using second order monomial variable.\nI have tried going higher order but still getting zero.\nINPUT FILE\n[Mesh]\n  type = GeneratedMesh\n  dim = 1\n  nx = 100\n  xmax =100\n[]\n\n[Variables]\n  [./diffused]\n    order = FIRST\n    family = LAGRANGE\n  [../]\n[]\n\n[AuxVariables]\n  [./prad]\n    order = SECOND\n    family = MONOMIAL\n  [../]\n[]\n\n[Kernels]\n  [./diff]\n    type = Diffusion\n    variable = diffused\n  [../]\n   [./body_force]\n    type = BodyForce\n    variable = diffused\n    value = -1\n  [../]\n[]\n[AuxKernels]\n  [./prad]\n    type = EgCurvatureValue\n    variable = prad\n    gradient_variable = diffused\n  [../]\n[]\n\n\n[BCs]\n  [./left]\n    type = DirichletBC\n    variable = diffused\n    boundary = 'left'\n    value = 0\n  [../]\n\n  [./right]\n    type = DirichletBC\n    variable = diffused\n    boundary = 'right'\n    value = 0\n  [../]\n[]\n\n[Executioner]\n  type = Steady\n  solve_type = 'PJFNK'\n[]\n\n[Outputs]\n  execute_on = 'FINAL'\n  exodus = true\n[]",
                  "url": "https://github.com/idaholab/moose/discussions/28385#discussioncomment-10361401",
                  "updatedAt": "2024-08-16T17:22:20Z",
                  "publishedAt": "2024-08-16T17:11:36Z",
                  "isAnswer": false,
                  "replies": {
                    "edges": [
                      {
                        "node": {
                          "author": {
                            "login": "GiudGiud"
                          },
                          "bodyText": "can you paste your header here?\nI want to make sure you are capturing these as references",
                          "url": "https://github.com/idaholab/moose/discussions/28385#discussioncomment-10361473",
                          "updatedAt": "2024-08-16T17:21:06Z",
                          "publishedAt": "2024-08-16T17:21:05Z",
                          "isAnswer": false
                        }
                      },
                      {
                        "node": {
                          "author": {
                            "login": "vermaprk"
                          },
                          "bodyText": "Framework Information:\nMOOSE Version:           git commit 30fe3abb9c on 2024-07-31\nLibMesh Version:         \nPETSc Version:           3.20.3\nSLEPc Version:           3.20.1\nCurrent Time:            Fri Aug 16 22:51:20 2024\nExecutable Timestamp:    Fri Aug 16 22:34:47 2024\n\nCheckpoint:\n  Wall Time Interval:      Every 3600.000000 s\n  User Checkpoint:         Disabled\n  # Checkpoints Kept:      2\n  Execute On:              TIMESTEP_END \n\nParallelism:\n  Num Processors:          1\n  Num Threads:             1\n\nMesh: \n  Parallel Type:           replicated\n  Mesh Dimension:          1\n  Spatial Dimension:       1\n  Nodes:                   101\n  Elems:                   100\n  Num Subdomains:          1\n\nNonlinear System:\n  Num DOFs:                101\n  Num Local DOFs:          101\n  Variables:               \"diffused\" \n  Finite Element Types:    \"LAGRANGE\" \n  Approximation Orders:    \"FIRST\" \n\nAuxiliary System:\n  Num DOFs:                300\n  Num Local DOFs:          300\n  Variables:               \"prad\" \n  Finite Element Types:    \"MONOMIAL\" \n  Approximation Orders:    \"SECOND\" \n\nExecution Information:\n  Executioner:             Steady\n  Solver Mode:             Preconditioned JFNK",
                          "url": "https://github.com/idaholab/moose/discussions/28385#discussioncomment-10361519",
                          "updatedAt": "2024-08-16T17:26:34Z",
                          "publishedAt": "2024-08-16T17:26:33Z",
                          "isAnswer": false
                        }
                      },
                      {
                        "node": {
                          "author": {
                            "login": "GiudGiud"
                          },
                          "bodyText": "the header as in the .h file please. Though I understand this is the simulation header.\n  Variables:               \"diffused\" \n  Finite Element Types:    \"LAGRANGE\" \n  Approximation Orders:    \"FIRST\" \n\nthre source variable is first order.  This one will need to be second order too",
                          "url": "https://github.com/idaholab/moose/discussions/28385#discussioncomment-10361646",
                          "updatedAt": "2024-08-16T17:40:19Z",
                          "publishedAt": "2024-08-16T17:40:18Z",
                          "isAnswer": false
                        }
                      },
                      {
                        "node": {
                          "author": {
                            "login": "vermaprk"
                          },
                          "bodyText": "here is the header file\n#pragma once\n\n// MOOSE includes\n#include \"AuxKernel.h\"\n\n/**\n * Extract a component from the gradient of a variable\n */\nclass EgCurvatureValue : public AuxKernel\n{\npublic:\n  static InputParameters validParams();\n\n  /**\n   * Class constructor\n   * @param parameters Input parameters for the object\n   */\n  EgCurvatureValue(const InputParameters & parameters);\n\nprotected:\n  virtual Real computeValue() override;\n\nprivate:\n  /// Reference to the gradient of the coupled variable\n  const VariableGradient & _grad;\n  const VariableSecond & _grad2;\n};\n\nsecond order lagrange has issues:\n*** ERROR ***\nERROR: Bad ElemType = EDGE2 for SECOND order approximation!\nStack frames: 18\n0: libMesh::print_trace(std::ostream&)\n1: libMesh::MacroFunctions::report_error(char const*, int, char const*, char const*, std::ostream&)\n2: /home/prk/miniforge/envs/moose/libmesh/lib/libmesh_opt.so.0(+0x8902d9) [0x7fd05c0912d9]\n3: libMesh::DofMap::reinit(libMesh::MeshBase&)\n4: libMesh::DofMap::distribute_dofs(libMesh::MeshBase&)\n5: libMesh::System::init_data()\n6: libMesh::System::init()\n7: libMesh::EquationSystems::init()\n8: FEProblemBase::init()\n9: Action::timedAct()\n10: ActionWarehouse::executeActionsWithAction(std::__cxx11::basic_string<char, std::char_traits<char>, std::allocator<char> > const&)\n11: ActionWarehouse::executeAllActions()\n12: MooseApp::runInputFile()\n13: MooseApp::run()\n14: main\n15: /lib/x86_64-linux-gnu/libc.so.6(+0x29d90) [0x7fd050a49d90]\n16: __libc_start_main\n17: ./goldfish-opt(+0x33ef) [0x7fd061fad3ef]\n[0] ../src/fe/fe_lagrange.C, line 789, compiled Jul 30 2024 at 17:35:57",
                          "url": "https://github.com/idaholab/moose/discussions/28385#discussioncomment-10361698",
                          "updatedAt": "2024-08-16T17:49:35Z",
                          "publishedAt": "2024-08-16T17:49:34Z",
                          "isAnswer": false
                        }
                      },
                      {
                        "node": {
                          "author": {
                            "login": "GiudGiud"
                          },
                          "bodyText": "in the [Mesh] block, add second_order = true",
                          "url": "https://github.com/idaholab/moose/discussions/28385#discussioncomment-10362094",
                          "updatedAt": "2024-08-16T18:44:30Z",
                          "publishedAt": "2024-08-16T18:44:29Z",
                          "isAnswer": true
                        }
                      }
                    ]
                  }
                }
              }
            ]
          }
        }
      },
      {
        "node": {
          "title": "Additional energy term in TotalFreeEnergy",
          "author": {
            "login": "rnpratoori"
          },
          "bodyText": "Hello team,\nI need to calculate the total energy of the system for a phase separation in diblock copolymers. The energy function has an additional term compared to what is described here. I feel utilizing the additional_free_energy option in TotalFreeEnergy is the easiest way.\nThe additional term is of the form $$\\int_\\Omega G(x,y)(u(x)-m)dy$$. Here, both $$x$$ and $$y$$ are the position vectors not just coordinates. $$x$$ is the Quadrature point at which the integral has to be calculated to contribute to the free energy.\nNow, how can this be written most efficiently?",
          "url": "https://github.com/idaholab/moose/discussions/28369",
          "updatedAt": "2024-08-16T15:30:14Z",
          "publishedAt": "2024-08-14T16:52:56Z",
          "category": {
            "name": "Q&A Modules: Phase field"
          },
          "comments": {
            "edges": [
              {
                "node": {
                  "author": {
                    "login": "GiudGiud"
                  },
                  "bodyText": "Hello\nSo this integral is being computed over the whole volume?\nAnd are you missing a dx in there? Or is the \"x\" the currentl location (e.g. this term is a field not a single value)\nGuillaume",
                  "url": "https://github.com/idaholab/moose/discussions/28369#discussioncomment-10339783",
                  "updatedAt": "2024-08-14T17:04:29Z",
                  "publishedAt": "2024-08-14T17:04:27Z",
                  "isAnswer": false,
                  "replies": {
                    "edges": [
                      {
                        "node": {
                          "author": {
                            "login": "rnpratoori"
                          },
                          "bodyText": "@GiudGiud Sorry for the confusion. I edited the expression. The integral is part of another integral (also over the whole domain) which is with dx.\nYes, the integral is over the whole volume.\nYes, the \"x\" is the current location. So, this integral has to be calculated at each quadrature point (\"x\") for the whole volume.",
                          "url": "https://github.com/idaholab/moose/discussions/28369#discussioncomment-10339878",
                          "updatedAt": "2024-08-14T17:18:50Z",
                          "publishedAt": "2024-08-14T17:18:49Z",
                          "isAnswer": false
                        }
                      },
                      {
                        "node": {
                          "author": {
                            "login": "GiudGiud"
                          },
                          "bodyText": "So it seems we need some sort of sweeping step to compute this integral over the entire mesh.\n@dschwen @laagesen @jessecarterMOOSE",
                          "url": "https://github.com/idaholab/moose/discussions/28369#discussioncomment-10340098",
                          "updatedAt": "2024-08-14T17:40:33Z",
                          "publishedAt": "2024-08-14T17:40:33Z",
                          "isAnswer": false
                        }
                      }
                    ]
                  }
                }
              },
              {
                "node": {
                  "author": {
                    "login": "laagesen"
                  },
                  "bodyText": "I don't think we have a way to do this currently, unless there is something similar from the Rigid Body Motion work that was done several years ago, can you comment on this @SudiptaBiswas?",
                  "url": "https://github.com/idaholab/moose/discussions/28369#discussioncomment-10360428",
                  "updatedAt": "2024-08-16T15:30:14Z",
                  "publishedAt": "2024-08-16T15:30:14Z",
                  "isAnswer": false,
                  "replies": {
                    "edges": []
                  }
                }
              }
            ]
          }
        }
      },
      {
        "node": {
          "title": "ERROR : Could not find nodes!",
          "author": {
            "login": "UraniumCakes"
          },
          "bodyText": "Check these boxes if you have followed the posting rules.\n\n I have consulted the Posting Guidelines.\n I have searched the Discussions Forum and MOOSE Framework Troubleshooting and have not found what I was looking for\n Q&A Getting Started is the most appropriate category for my question (trouble installing, beginner user, ...)\n\nIssue or question about MOOSE\nHi everyone, I've been having a lot of trouble with MOOSE recently. I'm a beginner and I am trying to get MOOSE to read a file with a mesh but I keep getting an error saying that the nodes can't be found. However, I know that the unv file has nodes and a mesh so I don't understand why this is happening. I don't think it's an issue from my input file because my colleague can't seem to find anything wrong with it. Has this ever happened to anyone? If so how have you fixed the issue? Any help would be greatly appreciated, thank you.\n(Optional) code in question / simulation log / errors\n*** ERROR ***\nERROR: Could not find nodes!\nStack frames: 18\n0: libMesh::print_trace(std::ostream&)\n1: libMesh::MacroFunctions::report_error(char const*, int, char const*, char const*, std::ostream&)\n2: libMesh::UNVIO::read_implementation(std::istream&)\n3: libMesh::UNVIO::read(std::__cxx11::basic_string<char, std::char_traits<char>, std::allocator<char> > const&)\n4: libMesh::NameBasedIO::read(std::__cxx11::basic_string<char, std::char_traits<char>, std::allocator<char> > const&)\n5: libMesh::UnstructuredMesh::read(std::__cxx11::basic_string<char, std::char_traits<char>, std::allocator<char> > const&, void*, bool, bool)\n6: FileMeshGenerator::generate()\n7: MeshGenerator::generateInternal()\n8: MeshGeneratorSystem::executeMeshGenerators()\n9: Action::timedAct()\n10: ActionWarehouse::executeActionsWithAction(std::__cxx11::basic_string<char, std::char_traits<char>, std::allocator<char> > const&)\n11: ActionWarehouse::executeAllActions()\n12: MooseApp::runInputFile()\n13: MooseApp::run()\n14: ./navier_stokes-opt(+0x30ea) [0x55667674a0ea]\n15: main\n16: __libc_start_main\n17: ./navier_stokes-opt(+0x338b) [0x55667674a38b]\n[0] ../src/mesh/unv_io.C, line 218, compiled Jul 19 2024 at 13:32:04\nEncountering Errors? Please include diagnostic output\nNo response",
          "url": "https://github.com/idaholab/moose/discussions/28371",
          "updatedAt": "2024-08-14T19:38:14Z",
          "publishedAt": "2024-08-14T18:52:10Z",
          "category": {
            "name": "Q&A Getting Started"
          },
          "comments": {
            "edges": [
              {
                "node": {
                  "author": {
                    "login": "GiudGiud"
                  },
                  "bodyText": "Hello\nThe .unv file must not be read properly. Or it is nor formatted as expected.\nHow did you generate it?\nCan Paraview read it?",
                  "url": "https://github.com/idaholab/moose/discussions/28371#discussioncomment-10340909",
                  "updatedAt": "2024-08-14T19:18:25Z",
                  "publishedAt": "2024-08-14T19:18:24Z",
                  "isAnswer": false,
                  "replies": {
                    "edges": [
                      {
                        "node": {
                          "author": {
                            "login": "UraniumCakes"
                          },
                          "bodyText": "[Mesh]\n    [mesh]\n      type = FileMeshGenerator\n      file = 'HYLIFE_II_2D_medium.unv'\n    []\n     [merge]\n       type = RenameBlockGenerator\n       input = mesh\n       old_block = 'Solid_1 Solid_2'\n       new_block = '0 0'\n      []\n      construct_side_list_from_node_list=true        \n\nThis is how I generated the mesh in moose, I created the mesh from salome though. I'm having a bit of trouble reading it in paraview because there are no local readers for a unv format.",
                          "url": "https://github.com/idaholab/moose/discussions/28371#discussioncomment-10341027",
                          "updatedAt": "2024-08-14T21:48:13Z",
                          "publishedAt": "2024-08-14T19:35:45Z",
                          "isAnswer": false
                        }
                      },
                      {
                        "node": {
                          "author": {
                            "login": "GiudGiud"
                          },
                          "bodyText": ".unv is for\nI-deas Universal format\nis that what salome is creating?\nwhat is the list of options in salome?\nall the ones we can read are there:\nhttps://mooseframework.inl.gov/source/meshgenerators/FileMeshGenerator.html",
                          "url": "https://github.com/idaholab/moose/discussions/28371#discussioncomment-10341039",
                          "updatedAt": "2024-08-14T19:38:14Z",
                          "publishedAt": "2024-08-14T19:38:14Z",
                          "isAnswer": false
                        }
                      }
                    ]
                  }
                }
              }
            ]
          }
        }
      },
      {
        "node": {
          "title": "Multiple components with 2 phase flow?",
          "author": {
            "login": "JonathanEdelmanS"
          },
          "bodyText": "What would be the best way to model a pipe being used to pump liquid CO2 into a porous rock with brine? We want simple fluid dynamics in the pipe, but it seems the THM module's components only has support for one phase flow at the moment.",
          "url": "https://github.com/idaholab/moose/discussions/28370",
          "updatedAt": "2024-08-14T18:50:42Z",
          "publishedAt": "2024-08-14T17:09:06Z",
          "category": {
            "name": "Q&A Modules: Porous Flow"
          },
          "comments": {
            "edges": [
              {
                "node": {
                  "author": {
                    "login": "GiudGiud"
                  },
                  "bodyText": "Hello\nThere are some examples in the porous_flow module for this problem.\nTHM is mainly designed for nuclear engineering flow loops at this point.\nEDIT: this is arguable. Let's say that it is designed for single phase compressible fluids.\nGuillaume",
                  "url": "https://github.com/idaholab/moose/discussions/28370#discussioncomment-10340131",
                  "updatedAt": "2024-08-14T17:56:05Z",
                  "publishedAt": "2024-08-14T17:45:01Z",
                  "isAnswer": false,
                  "replies": {
                    "edges": [
                      {
                        "node": {
                          "author": {
                            "login": "JonathanEdelmanS"
                          },
                          "bodyText": "Hello Guillaume\nWhich examples consider the fluid flow in the pipe as well as the rock?\nJonathan",
                          "url": "https://github.com/idaholab/moose/discussions/28370#discussioncomment-10340332",
                          "updatedAt": "2024-08-14T18:09:27Z",
                          "publishedAt": "2024-08-14T18:09:27Z",
                          "isAnswer": false
                        }
                      },
                      {
                        "node": {
                          "author": {
                            "login": "GiudGiud"
                          },
                          "bodyText": "@cpgr are there any?",
                          "url": "https://github.com/idaholab/moose/discussions/28370#discussioncomment-10340672",
                          "updatedAt": "2024-08-14T18:50:42Z",
                          "publishedAt": "2024-08-14T18:50:41Z",
                          "isAnswer": false
                        }
                      }
                    ]
                  }
                }
              }
            ]
          }
        }
      },
      {
        "node": {
          "title": "Time to NodalValueSampler",
          "author": {
            "login": "agniksr"
          },
          "bodyText": "Check these boxes if you have followed the posting rules.\n\n Q&A General is the most appropriate section for my question\n I have consulted the posting Guidelines on the Discussions front page\n I have searched the Discussions forum and my question has not been asked before\n I have searched the MOOSE website and the documentation does not answer my question\n I have formatted my post following the posting guidelines (screenshots as a last resort, triple back quotes around pasted text)\n\nQuestion\nSo i am trying to output the temperature at certain nodes in my mesh file as below, for n timesteps. To get all the data in one file, i used contains_complete_history = true.  I want to plot the Temperature vs time for 4 or 5 radii (x^2+y^2), for a fixed z (= 0 8 16 24 32 40).\nHowever, when i open the csv file, the same node id is not present 10 times, for instance the node id 2 is only present once. Is the node id updated after every iteration?\nAny idea how i can obtain the time along with the other vpp values, so that it is easier to identify the state of the nodes at a certain timestep\n[VectorPostprocessors]\n   [./AllElementTemp]\n     type = NodalValueSampler\n     variable = 'T'\n     sort_by = id\n     contains_complete_history = true\n     use_displaced_mesh = true\n     boundary = 'bottom z8 z16 z24 z32 top'\n   [../]\n[]",
          "url": "https://github.com/idaholab/moose/discussions/27944",
          "updatedAt": "2024-08-14T17:33:53Z",
          "publishedAt": "2024-06-19T07:53:14Z",
          "category": {
            "name": "Q&A General"
          },
          "comments": {
            "edges": [
              {
                "node": {
                  "author": {
                    "login": "GiudGiud"
                  },
                  "bodyText": "Is the node id updated after every iteration?\n\nThis is not the case by default, but you are using displaced meshes so that could happen if repartitioning and consequently re-numbering happened in parallel.\n\n contains_complete_history = true\n\n\nUsing different files, one for each time step, is less messy than this option.\nEspecially sorting by id rather than than time, I don't know what the output will be ordered like",
                  "url": "https://github.com/idaholab/moose/discussions/27944#discussioncomment-9818494",
                  "updatedAt": "2024-06-19T14:26:25Z",
                  "publishedAt": "2024-06-19T14:26:24Z",
                  "isAnswer": false,
                  "replies": {
                    "edges": [
                      {
                        "node": {
                          "author": {
                            "login": "agniksr"
                          },
                          "bodyText": "Okay thank you for the answer. I changed it to false and made a script file to sort through the multiple files.",
                          "url": "https://github.com/idaholab/moose/discussions/27944#discussioncomment-9820634",
                          "updatedAt": "2024-06-19T17:59:41Z",
                          "publishedAt": "2024-06-19T17:59:41Z",
                          "isAnswer": false
                        }
                      }
                    ]
                  }
                }
              },
              {
                "node": {
                  "author": {
                    "login": "jessecarterMOOSE"
                  },
                  "bodyText": "@GiudGiud Is there a way to get time to be output to the VPPfile?",
                  "url": "https://github.com/idaholab/moose/discussions/27944#discussioncomment-10337207",
                  "updatedAt": "2024-08-14T13:01:02Z",
                  "publishedAt": "2024-08-14T13:01:02Z",
                  "isAnswer": false,
                  "replies": {
                    "edges": [
                      {
                        "node": {
                          "author": {
                            "login": "GiudGiud"
                          },
                          "bodyText": "not that I can see.\nthe timestep is in the name of the csv\notherwise you can add time as an auxvariable\n[AuxVariables/time]\n[]\n[AuxKernels/set_time]\n  type = ParsedAux\n  expression = 't'\nuse_xyzt = true\n[]",
                          "url": "https://github.com/idaholab/moose/discussions/27944#discussioncomment-10337915",
                          "updatedAt": "2024-08-14T14:05:02Z",
                          "publishedAt": "2024-08-14T14:05:00Z",
                          "isAnswer": false
                        }
                      },
                      {
                        "node": {
                          "author": {
                            "login": "jessecarterMOOSE"
                          },
                          "bodyText": "Yeah I'm after time not timestep. The AuxVariable worked \ud83d\udc4d",
                          "url": "https://github.com/idaholab/moose/discussions/27944#discussioncomment-10340043",
                          "updatedAt": "2024-08-14T17:33:54Z",
                          "publishedAt": "2024-08-14T17:33:53Z",
                          "isAnswer": false
                        }
                      }
                    ]
                  }
                }
              }
            ]
          }
        }
      },
      {
        "node": {
          "title": "TimeRampFunction is not a registered object",
          "author": {
            "login": "AntNewm"
          },
          "bodyText": "Check these boxes if you have followed the posting rules.\n\n I have consulted the Posting Guidelines.\n I have searched the Discussions Forum and MOOSE Framework Troubleshooting and have not found what I was looking for\n Q&A Getting Started is the most appropriate category for my question (trouble installing, beginner user, ...)\n\nIssue or question about MOOSE\nI have successfully created and run a thermal hydraulics based script in the thermal hydraulics module of moose (projects/moose/modules/thermal_hydraulics/) to produce results etc. I would like to run it in my own application that I have created so that I can expand to use other modules. I made the application and enabled the modules I want in the makefile and then rebuilt the app. When I run the script it says 'A 'TimeRampFunction' is not a registered object'.\nAny help would be greatly appreciated!\n(I am working on the HPC sawtooth interactive desktop.)\n(Optional) code in question / simulation log / errors\nNo response\nEncountering Errors? Please include diagnostic output\nNo response",
          "url": "https://github.com/idaholab/moose/discussions/28365",
          "updatedAt": "2024-08-14T12:47:37Z",
          "publishedAt": "2024-08-14T10:15:55Z",
          "category": {
            "name": "Q&A Getting Started"
          },
          "comments": {
            "edges": [
              {
                "node": {
                  "author": {
                    "login": "GiudGiud"
                  },
                  "bodyText": "Hello\nSave all your work then git clean -xfD both moose/ and your application then recompile\nGuillaume",
                  "url": "https://github.com/idaholab/moose/discussions/28365#discussioncomment-10337076",
                  "updatedAt": "2024-08-14T12:47:38Z",
                  "publishedAt": "2024-08-14T12:47:37Z",
                  "isAnswer": false,
                  "replies": {
                    "edges": []
                  }
                }
              }
            ]
          }
        }
      },
      {
        "node": {
          "title": "Integration",
          "author": {
            "login": "yiyi1683"
          },
          "bodyText": "",
          "url": "https://github.com/idaholab/moose/discussions/28360",
          "updatedAt": "2024-08-13T14:07:15Z",
          "publishedAt": "2024-08-13T10:41:43Z",
          "category": {
            "name": "Q&A Modules: General"
          },
          "comments": {
            "edges": [
              {
                "node": {
                  "author": {
                    "login": "yiyi1683"
                  },
                  "bodyText": "Solved. THX!",
                  "url": "https://github.com/idaholab/moose/discussions/28360#discussioncomment-10326526",
                  "updatedAt": "2024-08-13T14:05:27Z",
                  "publishedAt": "2024-08-13T14:05:25Z",
                  "isAnswer": false,
                  "replies": {
                    "edges": []
                  }
                }
              }
            ]
          }
        }
      }
    ]
  }
}