{
  "discussions": {
    "pageInfo": {
      "hasNextPage": true,
      "endCursor": "Y3Vyc29yOnYyOpK5MjAyNC0wOC0zMFQxMjo1Mzo1Ni0wNjowMM4AVlyk"
    },
    "edges": [
      {
        "node": {
          "title": "A WARNING with ADKernel",
          "author": {
            "login": "wangzhaohao"
          },
          "bodyText": "Check these boxes if you have followed the posting rules.\n\n Q&A General is the most appropriate section for my question\n I have consulted the posting Guidelines on the Discussions front page\n I have searched the Discussions forum and my question has not been asked before\n I have searched the MOOSE website and the documentation does not answer my question\n I have formatted my post following the posting guidelines (screenshots as a last resort, triple back quotes around pasted text)\n\nQuestion\nHi, there is a custom Diffusion Kernel. Seems all is right, because it's quite simple.\n#pragma once\n\n#include \"GenericKernel.h\"\n\ntemplate <bool is_ad>\nclass OxygenDiffusionTempl : public GenericKernel<is_ad>\n{\npublic:\n  static InputParameters validParams();\n  OxygenDiffusionTempl(const InputParameters & parameters);\n\nprotected:\n  virtual GenericReal<is_ad> computeQpResidual() override;\n  virtual Real computeQpJacobian() override;\n\n  const VariableValue & _temperature; //[K]\n  usingGenericKernelMembers;\n  using GenericKernel<is_ad>::_grad_test;\n  using GenericKernel<is_ad>::_grad_u;\n  using GenericKernel<is_ad>::_grad_phi;\nprivate:\n  Real _oxygen_diffusion_coeff; //[m^2/s]\n};\n\ntypedef OxygenDiffusionTempl<false> OxygenDiffusion;\ntypedef OxygenDiffusionTempl<true> ADOxygenDiffusion;\n#include \"OxygenDiffusion.h\"\n\nregisterMooseObject(\"MiracleApp\", OxygenDiffusion);\nregisterMooseObject(\"MiracleApp\", ADOxygenDiffusion);\n\ntemplate <bool is_ad>\nInputParameters OxygenDiffusionTempl<is_ad>::validParams()\n{\n  InputParameters params = GenericKernel<is_ad>::validParams();\n  params.addCoupledVar(\"temperature\", \"the temperature of the MOX or UO2 fuel in K\");\n  params.addClassDescription(\"Compute the oxygen diffusion term in MOX fuel.\");\n  return params;\n}\n\ntemplate <bool is_ad>\nOxygenDiffusionTempl<is_ad>::OxygenDiffusionTempl(const InputParameters & parameters)\n: GenericKernel<is_ad>(parameters),\n_temperature(this->coupledValue(\"temperature\"))\n{\n}\n\ntemplate <bool is_ad>\nGenericReal<is_ad> OxygenDiffusionTempl<is_ad>::computeQpResidual()\n{\n  _oxygen_diffusion_coeff = 3.5e-9 * std::exp(-7500. / _temperature[_qp]);// modifyed according FEAST_OXIDAL paper  \n  return _oxygen_diffusion_coeff * _grad_test[_i][_qp] * _grad_u[_qp];\n}\n\ntemplate <bool is_ad>\nReal OxygenDiffusionTempl<is_ad>::computeQpJacobian()\n{\n  if constexpr (!is_ad)\n  return _oxygen_diffusion_coeff * _grad_test[_i][_qp] * _grad_phi[_j][_qp];\n  else\n  mooseError(\"In ADOxygenDiffusion, computeQpJacobian should  not be called!\");\n}\n\ntemplate class OxygenDiffusionTempl<false>;\ntemplate class OxygenDiffusionTempl<true>;\nThe Miracle is myself AppName, when I test the Kernel, with this input file.\n[Mesh]\n  type = GeneratedMesh\n  dim = 2\n  nx = 10\n  ny = 10\n[]\n\n[Variables]\n  [u]\n  []\n[]\n[AuxVariables/temperature]\n  initial_condition = 1000\n[]\n\n[AuxKernels]\n  [temperature]\n    type = ConstantAux\n    variable = temperature\n    value = 1000\n  []\n[]\n\n[Kernels]\n  [diff]\n    type = ADOxygenDiffusion\n    variable = u\n    temperature = temperature\n  []\n[]\n\n[BCs]\n  [left]\n    type = ADDirichletBC\n    variable = u\n    boundary = left\n    value = 0\n  []\n  [right]\n    type = ADDirichletBC\n    variable = u\n    boundary = right\n    value = 1\n  []\n[]\n\n[Executioner]\n  type = Transient\n  dt = 1\n  end_time = 10\n  solve_type = 'PJFNK'\n#  petsc_options_iname = '-pc_type -pc_hypre_type'\n#  petsc_options_value = 'hypre boomeramg'\n  nl_abs_tol = 1e-10\n[]\n\n[Outputs]\n  exodus = true\n[]\nthere is a WARNING\nWARNING! There are options you set that were not used!\nWARNING! could be spelling mistake, etc!\nThere is one unused database option. It is:\nOption left: name:-ksp_converged_reason value: ::failed source: code\nAlthought There output exodus looks right, I want to remove this WARNING. So could you give me some help, Thanks!!!\nZhaohao Wang",
          "url": "https://github.com/idaholab/moose/discussions/28527",
          "updatedAt": "2024-09-03T14:38:32Z",
          "publishedAt": "2024-09-03T02:55:41Z",
          "category": {
            "name": "Q&A General"
          },
          "comments": {
            "edges": [
              {
                "node": {
                  "author": {
                    "login": "wangzhaohao"
                  },
                  "bodyText": "There is my MOOSE Version.\nMOOSE Version:           git commit dfb9763289 on 2024-07-15\nLibMesh Version:         \nPETSc Version:           3.20.3\nSLEPc Version:           3.20.1\nCurrent Time:            Tue Sep  3 10:46:54 2024\nExecutable Timestamp:    Tue Sep  3 10:46:42 2024\nand my workstation is\n\u2588\u2588\u2588\u2588\u2588\u2588\u2588\u2588\u2588\u2588\u2588\u2588\u2588\u2588\u2588\u2588\u2588\u2588  \u2588\u2588\u2588\u2588\u2588\u2588\u2588\u2588     wang@wang-x11dain\n\u2588\u2588\u2588\u2588\u2588\u2588\u2588\u2588\u2588\u2588\u2588\u2588\u2588\u2588\u2588\u2588\u2588\u2588  \u2588\u2588\u2588\u2588\u2588\u2588\u2588\u2588     OS: Manjaro 24.0.7 Wynsdey\n\u2588\u2588\u2588\u2588\u2588\u2588\u2588\u2588\u2588\u2588\u2588\u2588\u2588\u2588\u2588\u2588\u2588\u2588  \u2588\u2588\u2588\u2588\u2588\u2588\u2588\u2588     Kernel: x86_64 Linux 6.5.13-7-MANJARO\n\u2588\u2588\u2588\u2588\u2588\u2588\u2588\u2588\u2588\u2588\u2588\u2588\u2588\u2588\u2588\u2588\u2588\u2588  \u2588\u2588\u2588\u2588\u2588\u2588\u2588\u2588     Uptime: 8d 2h 3m\n\u2588\u2588\u2588\u2588\u2588\u2588\u2588\u2588                             \u2588\u2588\u2588\u2588\u2588\u2588\u2588\u2588     Packages: 1679\n\u2588\u2588\u2588\u2588\u2588\u2588\u2588\u2588  \u2588\u2588\u2588\u2588\u2588\u2588\u2588\u2588     \u2588\u2588\u2588\u2588\u2588\u2588\u2588\u2588     Shell: zsh 5.9\n\u2588\u2588\u2588\u2588\u2588\u2588\u2588\u2588  \u2588\u2588\u2588\u2588\u2588\u2588\u2588\u2588     \u2588\u2588\u2588\u2588\u2588\u2588\u2588\u2588     Resolution: 3000x2560\n\u2588\u2588\u2588\u2588\u2588\u2588\u2588\u2588  \u2588\u2588\u2588\u2588\u2588\u2588\u2588\u2588     \u2588\u2588\u2588\u2588\u2588\u2588\u2588\u2588     DE: KDE\n\u2588\u2588\u2588\u2588\u2588\u2588\u2588\u2588  \u2588\u2588\u2588\u2588\u2588\u2588\u2588\u2588     \u2588\u2588\u2588\u2588\u2588\u2588\u2588\u2588     WM: KWin\n\u2588\u2588\u2588\u2588\u2588\u2588\u2588\u2588  \u2588\u2588\u2588\u2588\u2588\u2588\u2588\u2588     \u2588\u2588\u2588\u2588\u2588\u2588\u2588\u2588     GTK Theme: Breeze [GTK2/3]\n\u2588\u2588\u2588\u2588\u2588\u2588\u2588\u2588  \u2588\u2588\u2588\u2588\u2588\u2588\u2588\u2588     \u2588\u2588\u2588\u2588\u2588\u2588\u2588\u2588     Icon Theme: Tela\n\u2588\u2588\u2588\u2588\u2588\u2588\u2588\u2588  \u2588\u2588\u2588\u2588\u2588\u2588\u2588\u2588     \u2588\u2588\u2588\u2588\u2588\u2588\u2588\u2588     Disk: 161G / 505G (34%)\n\u2588\u2588\u2588\u2588\u2588\u2588\u2588\u2588  \u2588\u2588\u2588\u2588\u2588\u2588\u2588\u2588     \u2588\u2588\u2588\u2588\u2588\u2588\u2588\u2588     CPU: Intel Xeon Gold 6148 @ 80x 3.7GHz [37.0\u00b0C]\n\u2588\u2588\u2588\u2588\u2588\u2588\u2588\u2588  \u2588\u2588\u2588\u2588\u2588\u2588\u2588\u2588     \u2588\u2588\u2588\u2588\u2588\u2588\u2588\u2588     GPU: NVIDIA GeForce GTX 1050\nRAM: 18681MiB / 96296MiB",
                  "url": "https://github.com/idaholab/moose/discussions/28527#discussioncomment-10526617",
                  "updatedAt": "2024-09-03T03:01:24Z",
                  "publishedAt": "2024-09-03T03:01:23Z",
                  "isAnswer": false,
                  "replies": {
                    "edges": []
                  }
                }
              },
              {
                "node": {
                  "author": {
                    "login": "GiudGiud"
                  },
                  "bodyText": "Thank you for reporting.\n@pbehne has been removing superfluous petsc options warnings / making it as accurate as possible. He will be able to help you though there might be a delay as the end of the financial year is a busier period\nIn the meantime, this is just a warning and you can ignore it.",
                  "url": "https://github.com/idaholab/moose/discussions/28527#discussioncomment-10526665",
                  "updatedAt": "2024-09-03T03:10:47Z",
                  "publishedAt": "2024-09-03T03:10:47Z",
                  "isAnswer": true,
                  "replies": {
                    "edges": []
                  }
                }
              },
              {
                "node": {
                  "author": {
                    "login": "pbehne"
                  },
                  "bodyText": "Are there any nonlinear iterations in your solve? If not, you are likely encountering this. This issue has been fixed in PETSc, we are just waiting for the next petsc submodule update.\nIf you MUST turn the warning off, you can supply -options-left 0 on the command line. I wouldn't recommend doing this, as it will turn off ALL warnings about unused options. But, if you are sure, go for it.",
                  "url": "https://github.com/idaholab/moose/discussions/28527#discussioncomment-10533136",
                  "updatedAt": "2024-09-03T14:38:34Z",
                  "publishedAt": "2024-09-03T14:38:32Z",
                  "isAnswer": false,
                  "replies": {
                    "edges": []
                  }
                }
              }
            ]
          }
        }
      },
      {
        "node": {
          "title": "Parametric Sweep on a Boundary Condition",
          "author": {
            "login": "jsevic"
          },
          "bodyText": "Check these boxes if you have followed the posting rules.\n\n Q&A General is the most appropriate section for my question\n I have consulted the posting Guidelines on the Discussions front page\n I have searched the Discussions forum and my question has not been asked before\n I have searched the MOOSE website and the documentation does not answer my question\n I have formatted my post following the posting guidelines (screenshots as a last resort, triple back quotes around pasted text)\n\nQuestion\nIs there a means of implementing a parametric sweep in MOOSE, specifically parametrizing a boundary condition and then running a Newton transient simulation to steady-state.\nWhat I would like to do is step voltage, a boundary condition, from say 0 V to 1.0 V in steps of 0.1 V and at each voltage step run the executioner with a Netwon transient simulation. Each voltage step would use the previous voltage step as the initial condition.\nI can do this manually, it would be nice to automate it.\nThank you.\nJohn Sevic",
          "url": "https://github.com/idaholab/moose/discussions/28525",
          "updatedAt": "2024-09-03T12:10:14Z",
          "publishedAt": "2024-09-02T20:55:34Z",
          "category": {
            "name": "Q&A General"
          },
          "comments": {
            "edges": [
              {
                "node": {
                  "author": {
                    "login": "GiudGiud"
                  },
                  "bodyText": "Hello\nYou can do that with the tools in stochastic tools, or in the optimization module\nhttps://mooseframework.inl.gov/syntax/ParameterStudy/index.html",
                  "url": "https://github.com/idaholab/moose/discussions/28525#discussioncomment-10525342",
                  "updatedAt": "2024-09-02T22:18:50Z",
                  "publishedAt": "2024-09-02T22:18:49Z",
                  "isAnswer": true,
                  "replies": {
                    "edges": [
                      {
                        "node": {
                          "author": {
                            "login": "jsevic"
                          },
                          "bodyText": "Great this is exactly what we were looking for thx!",
                          "url": "https://github.com/idaholab/moose/discussions/28525#discussioncomment-10531409",
                          "updatedAt": "2024-09-03T12:10:14Z",
                          "publishedAt": "2024-09-03T12:10:14Z",
                          "isAnswer": false
                        }
                      }
                    ]
                  }
                }
              }
            ]
          }
        }
      },
      {
        "node": {
          "title": "Definition of a 2 materials sample (elastic+viscoelastic)",
          "author": {
            "login": "AlexSacMorane"
          },
          "bodyText": "Dear all,\nI would like to model with MOOSE a 2 materials sample. This one is divided into one elastic part and one viscoelastic part.\nThanks to the tutorials, I have successfully run simulations with an elastic material only and with a viscoelastic material only. Nevertheless, I have not, combining the two.\nThe script I am using now is the following or in the attachments Elastic_ViscoElastic_Parallel_Materials.txt.\n\n[Mesh]\n[generated]\ntype = GeneratedMeshGenerator\ndim = 2\nnx = 10\nny = 10\nxmin = -0.5\nxmax =  0.5\nymin = -0.5\nymax =  0.5\n[]\n[elastic]\ntype = SubdomainBoundingBoxGenerator\ninput = generated\nblock_id = 1\nbottom_left = '-0.5 -0.5 0'\ntop_right = '0 0.5 0'\n[]\n[viscoelastic]\ntype = SubdomainBoundingBoxGenerator\ninput = elastic\nblock_id = 2\nbottom_left = '0 -0.5 0'\ntop_right = '0.5 0.5 0'\n[]\n[]\n[GlobalParams]\ndisplacements = 'disp_x disp_y'\n[]\n[Modules/TensorMechanics/Master]\nadd_variables = true\ngenerate_output = 'stress_xx stress_xy stress_yx stress_yy strain_xx strain_xy strain_yx strain_yy'\n[./block1]\nblock = 1\n[../]\n[./block2]\nblock = 2\n[../]\n[]\n[BCs]\ninactive = top_y\n[bottom_x]\ntype = DirichletBC\nvariable = disp_x\nboundary = bottom\nvalue = 0\n[]\n[bottom_y]\ntype = DirichletBC\nvariable = disp_y\nboundary = bottom\nvalue = 0\n[]\n[top_x]\ntype = FunctionDirichletBC\nvariable = disp_x\nboundary = top\nfunction = 1t\n[]\n[top_y]\ntype = FunctionDirichletBC\nvariable = disp_y\nboundary = top\nfunction = 0.5t\n[]\n[./Periodic]\n[./per_x_x]\nvariable = disp_x\nauto_direction = 'x'\n[../]\n[./per_y_x]\nvariable = disp_y\nauto_direction = 'x'\n[../]\n[../]\n[]\n[Materials]\n[./elasticity_tensor]\ntype = ComputeIsotropicElasticityTensor\nyoungs_modulus = 1e9\npoissons_ratio = 0.3\nbloc = 1\n[../]\n[./kelvin_voigt]\ntype = GeneralizedKelvinVoigtModel\ncreep_modulus = '1e9'\ncreep_viscosity = '1'\npoisson_ratio = 0.3\nyoung_modulus = 1e9\nbloc = 2\n[../]\n[./stress_elastic]\ntype = ComputeLinearElasticStress\nblock = 1\n[../]\n[./stress_viscoelastic]\ntype = ComputeLinearViscoelasticStress\nbloc = 2\n[../]\n[]\n[UserObjects]\n[./update]\ntype = LinearViscoelasticityManager\nviscoelastic_model = kelvin_voigt\nbloc = 2\n[../]\n[]\n[Preconditioning]\n[SMP]\ntype = SMP\nfull = true\n[]\n[]\n[Executioner]\ntype = Transient\nl_max_its  = 100\nl_tol      = 1e-8\nnl_max_its = 50\nnl_rel_tol = 1e-8\nnl_abs_tol = 1e-8\npetsc_options_iname = '-pc_type'\npetsc_options_value = 'lu'\nend_time = 1\ndt = 0.01\n[]\n[Outputs]\nexodus = true\n[console]\ntype = Console\nexecute_on = 'nonlinear'\n[]\n[]\n\nThe output I get is the following:\n\n*** ERROR ***\nThe following error occurred in the object \"MOOSE Problem\", of type \"FEProblem\".\nThe following material properties are declared on block 1 by multiple materials:\nMaterial Property             Material Objects\neffective_stiffness           block1_strain elasticity_tensor kelvin_voigt stress_elastic stress_viscoelastic\nelasticity_tensor             block1_strain elasticity_tensor kelvin_voigt stress_elastic stress_viscoelastic\n\nI am using an old version of Moose, the module is named tensor_mechanics. I am unsure about where the problem comes from. Is there someone able to help me?\nRegards\nAlexandre",
          "url": "https://github.com/idaholab/moose/discussions/28524",
          "updatedAt": "2024-09-02T20:04:06Z",
          "publishedAt": "2024-09-02T19:48:36Z",
          "category": {
            "name": "Q&A Modules: Solid mechanics"
          },
          "comments": {
            "edges": [
              {
                "node": {
                  "author": {
                    "login": "GiudGiud"
                  },
                  "bodyText": "Hello\nMaterials can be block restricted, which you almost have working.\nInstead of bloc = 1 you want block = 1 in the elasticity_tensor material.\nSame for the others.\nI think the 'unused parameter warning' would have helped you, but maybe it did not show because of the error",
                  "url": "https://github.com/idaholab/moose/discussions/28524#discussioncomment-10524710",
                  "updatedAt": "2024-09-02T20:01:13Z",
                  "publishedAt": "2024-09-02T20:01:11Z",
                  "isAnswer": true,
                  "replies": {
                    "edges": [
                      {
                        "node": {
                          "author": {
                            "login": "AlexSacMorane"
                          },
                          "bodyText": "Thank you, it was indeed an error because of that. I was not aware. Have a great day and thanks for your time.",
                          "url": "https://github.com/idaholab/moose/discussions/28524#discussioncomment-10524724",
                          "updatedAt": "2024-09-02T20:04:06Z",
                          "publishedAt": "2024-09-02T20:04:06Z",
                          "isAnswer": false
                        }
                      }
                    ]
                  }
                }
              }
            ]
          }
        }
      },
      {
        "node": {
          "title": "Max failures reached in installing MOOSE.",
          "author": {
            "login": "zuckarm"
          },
          "bodyText": "Check these boxes if you have followed the posting rules.\n\n Q&A General is the most appropriate section for my question\n I have consulted the posting Guidelines on the Discussions front page\n I have searched the Discussions forum and my question has not been asked before\n I have searched the MOOSE website and the documentation does not answer my question\n I have formatted my post following the posting guidelines (screenshots as a last resort, triple back quotes around pasted text)\n\nQuestion\ni am facing the following errors in installing MOOSE. can anyone please guide me?\n./run_tests -j 2\nmisc/check_error.node_value_off_block ..................................................... [METHOD!=DBG] SKIP\nmisc/check_error.bad_second_order_test .................................................... [METHOD!=DBG] SKIP\noutputs/format.tecplot_bin_test ......................................................... [TECPLOT!=TRUE] SKIP\nsamplers/base.errors/setNumberOfRows ............................................... [METHOD!=DEVEL, DBG] SKIP\nsamplers/base.errors/setNumberOfCols ............................................... [METHOD!=DEVEL, DBG] SKIP\nauxkernels/solution_aux.aux_nonlinear_solution/from_xdr ........................ [--with-dof-id-bytes!=4] SKIP\nproblems/eigen_problem/eigensolvers.no_slepc ............................................. [SLEPC!=FALSE] SKIP\nmeshmodifiers/element_subdomain_modifier.error-distributed ..................... [MESH_MODE!=DISTRIBUTED] SKIP\nmortar/continuity-3d-non-conforming.continuity_tet14 [Minimum AD size 100 needed, but MOOSE is config...] SKIP\nmortar/continuity-3d-non-conforming.continuity_sphere_hex20 [Minimum AD size 200 needed, but MOOSE is...] SKIP\nmortar/continuity-3d-non-conforming.continuity_sphere_hex27-debug-mesh [Minimum AD size 200 needed, b...] SKIP\nmortar/continuity-3d-non-conforming.continuity_tet10 [Minimum AD size 100 needed, but MOOSE is config...] SKIP\nmortar/continuity-3d-non-conforming.continuity_sphere_hex27 [Minimum AD size 200 needed, but MOOSE is...] SKIP\nsystem_interfaces.thread/pthread .................................................. [THREADING!=PTHREADS] SKIP\nsystem_interfaces.partitioner/chaco ....................................................... [CHACO!=TRUE] SKIP\nsystem_interfaces.partitioner/party ....................................................... [PARTY!=TRUE] SKIP\nsystem_interfaces.compiler/clang ...................................................... [COMPILER!=CLANG] SKIP\nsystem_interfaces.libraries/boost ......................................................... [BOOST!=TRUE] SKIP\nfvkernels/mms/advective-outflow.QUICKLimiter .................................................... [HEAVY] SKIP\nutils/libtorch_nn/ann.libtorch-nn-activation/linear .................................... [LIBTORCH!=TRUE] SKIP\nutils/libtorch_nn/ann.libtorch-nn-optimizer/adam ....................................... [LIBTORCH!=TRUE] SKIP\nutils/libtorch_nn/ann.libtorch-nn-errors/wrong-activation-number ....................... [LIBTORCH!=TRUE] SKIP\nutils/libtorch_nn/ann.libtorch-nn-activation/relu ...................................... [LIBTORCH!=TRUE] SKIP\nutils/libtorch_nn/ann.libtorch-nn-activation/elu ....................................... [LIBTORCH!=TRUE] SKIP\nutils/libtorch_nn/ann.libtorch-nn-optimizer/sgd ........................................ [LIBTORCH!=TRUE] SKIP\nutils/libtorch_nn/ann.libtorch-nn-optimizer/adagrad .................................... [LIBTORCH!=TRUE] SKIP\nutils/libtorch_nn/ann.libtorch-nn-errors/wrong-optimizer ............................... [LIBTORCH!=TRUE] SKIP\nutils/libtorch_nn/ann.libtorch-nn-activation/gelu ...................................... [LIBTORCH!=TRUE] SKIP\nutils/libtorch_nn/ann.libtorch-nn-optimizer/rmsprop .................................... [LIBTORCH!=TRUE] SKIP\nutils/libtorch_nn/ann.libtorch-nn-errors/wrong-activation .............................. [LIBTORCH!=TRUE] SKIP\nutils/libtorch_nn/ann.libtorch-nn-activation/sigmoid ................................... [LIBTORCH!=TRUE] SKIP\nmesh/splitting.meshgenerators_acting_on_split .................................. [MESH_MODE!=DISTRIBUTED] SKIP\nmesh/splitting.split_with_distributed_error .................................... [MESH_MODE!=DISTRIBUTED] SKIP\npartitioners/petsc_partitioner.party ...................................................... [PARTY!=TRUE] SKIP\npartitioners/petsc_partitioner.chaco ............ [PLATFORM!=DARWIN, CHACO!=TRUE, --with-dof-id-bytes!=4] SKIP\nmortar/periodic_segmental_constraint.penalty_periodic_split [Minimum AD size 100 needed, but MOOSE is...] SKIP\nmortar/periodic_segmental_constraint.periodic_simple2d [Minimum AD size 100 needed, but MOOSE is conf...] SKIP\nmortar/periodic_segmental_constraint.periodic_aux2d [Minimum AD size 100 needed, but MOOSE is configu...] SKIP\nmortar/periodic_segmental_constraint.periodic_simple3d [Minimum AD size 100 needed, but MOOSE is conf...] SKIP\nmortar/periodic_segmental_constraint.penalty_periodic_simple3d [Minimum AD size 100 needed, but MOOSE...] SKIP\ndgkernels/2d_diffusion_dg.proper_ghosting_with_action_parallel_distributed ..... [MESH_MODE!=DISTRIBUTED] SKIP\ndgkernels/2d_diffusion_dg.no_additional_rms_distributed ........................ [MESH_MODE!=DISTRIBUTED] SKIP\ndgkernels/2d_diffusion_dg.proper_ghosting_with_action_serial_distributed ....... [MESH_MODE!=DISTRIBUTED] SKIP\nmisc/jacobian.inf_nan ................................................. [using PETSc 3.21.4 REQ: <3.19.3] SKIP\nmisc/signal_handler.test_signal_debug ..................................................... [METHOD!=DBG] SKIP\nmisc/signal_handler.test_signal_recover_debug .......................... [METHOD!=DBG,skipped dependency] SKIP\nmisc/signal_handler.test_signal_recover_exodiff_debug .................. [METHOD!=DBG,skipped dependency] SKIP\nmeshgenerators/sideset_around_subdomain_generator.group/adjacent_to_boundary ... [MESH_MODE!=DISTRIBUTED] SKIP\nmortar/convergence-studies/continuity-3d.p2p2 [Minimum AD size 100 needed, but MOOSE is configured wi...] SKIP\nmortar/convergence-studies/continuity-3d.p1p1dual ............................................... [HEAVY] SKIP\nmortar/convergence-studies/continuity-3d.p1p1 ................................................... [HEAVY] SKIP\nmortar/convergence-studies/continuity-3d.p1p0 ................................................... [HEAVY] SKIP\nmortar/convergence-studies/continuity-3d.p2p1 [Minimum AD size 100 needed, but MOOSE is configured wi...] SKIP\nmortar/convergence-studies/continuity-3d.p2p0 [Minimum AD size 100 needed, but MOOSE is configured wi...] SKIP\nmortar/ad_periodic_segmental_constraint.penalty_periodic_simple3d [Minimum AD size 100 needed, but MO...] SKIP\nmortar/ad_periodic_segmental_constraint.periodic_simple2d [Minimum AD size 100 needed, but MOOSE is c...] SKIP\nmortar/ad_periodic_segmental_constraint.periodic_simple3d [Minimum AD size 100 needed, but MOOSE is c...] SKIP\nmeshgenerators/block_to_mesh_converter_generator.errors/distributed ............ [MESH_MODE!=DISTRIBUTED] SKIP\ncontrols/error.tid_warehouse_error ........................................................ [METHOD!=DBG] SKIP\noutputs/nemesis.nemesis_scalar_distributed ..................................... [MESH_MODE!=DISTRIBUTED] SKIP outputs/nemesis.nemesis_elemental_distributed .................................. [MESH_MODE!=DISTRIBUTED] SKIP outputs/vtk.solution/diff_parallel_mesh ................................. [#6149, MESH_MODE!=DISTRIBUTED] SKIP performance.os/linux ................................................................. [PLATFORM!=DARWIN] SKIP performance.os/macOS ................................................................. [PLATFORM!=DARWIN] SKIP mortar/convergence-studies/solution-continuity.p1p0 ............................................. [HEAVY] SKIP mortar/convergence-studies/solution-continuity.p2p2 ............................................. [HEAVY] SKIP mortar/convergence-studies/solution-continuity.p1p1 ............................................. [HEAVY] SKIP mortar/convergence-studies/solution-continuity.p2p1 ............................................. [HEAVY] SKIP mortar/convergence-studies/solution-continuity.p2p0 ............................................. [HEAVY] SKIP mortar/convergence-studies/gap-conductance.p2p0 ................................................. [HEAVY] SKIP mortar/convergence-studies/gap-conductance.p2p2 ................................................. [HEAVY] SKIP mortar/convergence-studies/gap-conductance.p1p0 ................................................. [HEAVY] SKIP mortar/convergence-studies/gap-conductance.p2p1 ................................................. [HEAVY] SKIP mortar/convergence-studies/gap-conductance.p1p1 ................................................. [HEAVY] SKIP misc/check_error.uo_pps_name_collision_test: Working Directory: /home/osboxes/projects/moose/test/tests/misc/check_error misc/check_error.uo_pps_name_collision_test: Running command: /home/osboxes/projects/moose/test/moose_test-opt -i uo_pps_name_collision_test.i --error --error-override --libtorch-device cpu\nmisc/check_error.uo_pps_name_collision_test: ################################################################################ misc/check_error.uo_pps_name_collision_test:  misc/check_error.uo_pps_name_collision_test: Unable to match the following pattern against the program's output: misc/check_error.uo_pps_name_collision_test:  misc/check_error.uo_pps_name_collision_test: A UserObject with the name \"\\w+\" already exists misc/check_error.uo_pps_name_collision_test:  misc/check_error.uo_pps_name_collision_test: ################################################################################ misc/check_error.uo_pps_name_collision_test: Tester failed, reason: EXPECTED ERROR MISSING misc/check_error.uo_pps_name_collision_test:  misc/check_error.uo_pps_name_collision_test .................................. FAILED (EXPECTED ERROR MISSING) misc/check_error.function_file_test3: Working Directory: /home/osboxes/projects/moose/test/tests/misc/check_error misc/check_error.function_file_test3: Running command: /home/osboxes/projects/moose/test/moose_test-opt -i function_file_test3.i --error --error-override --libtorch-device cpu misc/check_error.function_file_test3: ################################################################################ misc/check_error.function_file_test3:  misc/check_error.function_file_test3: Unable to match the following pattern against the program's output: misc/check_error.function_file_test3:  misc/check_error.function_file_test3: In \\S+: Lengths of x and y data do not match. misc/check_error.function_file_test3:  misc/check_error.function_file_test3: ################################################################################ misc/check_error.function_file_test3: Tester failed, reason: EXPECTED ERROR MISSING misc/check_error.function_file_test3:  misc/check_error.function_file_test3 ......................................... FAILED (EXPECTED ERROR MISSING) parser/param_substitution.debug_units ..................................................... [METHOD!=DBG] SKIP partitioners/block_weighted_partitioner.tests/distributed_mesh ................. [MESH_MODE!=DISTRIBUTED] SKIP fvkernels/fv_adapt.steady-mms ................................................................... [HEAVY] SKIP functions/image_function/error.errors/no_vtk ............................................... [VTK!=FALSE] SKIP controls/libtorch_nn_control.run-torch-script .......................................... [LIBTORCH!=TRUE] SKIP controls/libtorch_nn_control.invalid-torchscript-error ................................. [LIBTORCH!=TRUE] SKIP controls/libtorch_nn_control.run-with-torch-parameters ................................. [LIBTORCH!=TRUE] SKIP controls/libtorch_nn_control.run-without-nn ............................................ [LIBTORCH!=TRUE] SKIP transfers/multiapp_interpolation_transfer.fromsub_restricted ......................... [PLATFORM!=DARWIN] SKIP outputs/png.image_tests/square_domain .................................................... [LIBPNG!=TRUE] SKIP outputs/png.image_tests/wedge ............................................................ [LIBPNG!=TRUE] SKIP outputs/png.image_tests/adv_diff_reaction ................................................ [LIBPNG!=TRUE] SKIP outputs/tecplot.test_binary ............................................................. [TECPLOT!=TRUE] SKIP vectorpostprocessors/work_balance.work_balance/distributed ..................... [MESH_MODE!=DISTRIBUTED] SKIP misc/check_error.coupled_nodal_for_non_nodal_variable_older: Working Directory: /home/osboxes/projects/moose/test/tests/misc/check_error misc/check_error.coupled_nodal_for_non_nodal_variable_older: Running command: /home/osboxes/projects/moose/test/moose_test-opt -i coupled_nodal_for_non_nodal_variable.i Materials/m/lag=OLDER --error --error-override --libtorch-device cpu misc/check_error.coupled_nodal_for_non_nodal_variable_older: ################################################################################ misc/check_error.coupled_nodal_for_non_nodal_variable_older:  misc/check_error.coupled_nodal_for_non_nodal_variable_older: Unable to match the following pattern against the program's output: misc/check_error.coupled_nodal_for_non_nodal_variable_older:  misc/check_error.coupled_nodal_for_non_nodal_variable_older: m: Trying to get older nodal values of variable 'v', but it is not nodal. misc/check_error.coupled_nodal_for_non_nodal_variable_older:  misc/check_error.coupled_nodal_for_non_nodal_variable_older: ################################################################################ misc/check_error.coupled_nodal_for_non_nodal_variable_older: Tester failed, reason: EXPECTED ERROR MISSING misc/check_error.coupled_nodal_for_non_nodal_variable_older:  misc/check_error.coupled_nodal_for_non_nodal_variable_older .................. FAILED (EXPECTED ERROR MISSING) fvkernels/mms/non-orthogonal.compact ............................................................ [HEAVY] SKIP fvkernels/mms/non-orthogonal.extended ................................................... [#20953, HEAVY] SKIP misc/check_error.function_file_test13: Working Directory: /home/osboxes/projects/moose/test/tests/misc/check_error misc/check_error.function_file_test13: Running command: /home/osboxes/projects/moose/test/moose_test-opt -i function_file_test13.i --error --error-override --libtorch-device cpu misc/check_error.function_file_test13: ################################################################################ misc/check_error.function_file_test13:  misc/check_error.function_file_test13: Unable to match the following pattern against the program's output: misc/check_error.function_file_test13:  misc/check_error.function_file_test13: Index out-of-range of the available data in '\\S+', which contains 3 columns of data. misc/check_error.function_file_test13:  misc/check_error.function_file_test13: ################################################################################ misc/check_error.function_file_test13: Tester failed, reason: EXPECTED ERROR MISSING misc/check_error.function_file_test13:  misc/check_error.function_file_test13 ........................................ FAILED (EXPECTED ERROR MISSING) relationship_managers/two_rm.evaluable_neighbors/distributed ................... [MESH_MODE!=DISTRIBUTED] SKIP relationship_managers/two_rm.evaluable_neighbors/replicated .................... [--with-dof-id-bytes!=4] SKIP utils/libtorch_nn/torch_script.libtorch-torch-script ................................... [LIBTORCH!=TRUE] SKIP misc/check_error.coupling_scalar_into_field: Working Directory: /home/osboxes/projects/moose/test/tests/misc/check_error misc/check_error.coupling_scalar_into_field: Running command: /home/osboxes/projects/moose/test/moose_test-opt -i coupling_scalar_into_field.i --error --error-override --libtorch-device cpu misc/check_error.coupling_scalar_into_field: ################################################################################ misc/check_error.coupling_scalar_into_field:  misc/check_error.coupling_scalar_into_field: Unable to match the following pattern against the program's output: misc/check_error.coupling_scalar_into_field:  misc/check_error.coupling_scalar_into_field: cannot couple 'v' to a scalar variable \\( a\\) where field variable is expected misc/check_error.coupling_scalar_into_field:  misc/check_error.coupling_scalar_into_field: ################################################################################ misc/check_error.coupling_scalar_into_field: Tester failed, reason: EXPECTED ERROR MISSING misc/check_error.coupling_scalar_into_field:  misc/check_error.coupling_scalar_into_field .................................. FAILED (EXPECTED ERROR MISSING) misc/check_error.missing_active_section_test: Working Directory: /home/osboxes/projects/moose/test/tests/misc/check_error misc/check_error.missing_active_section_test: Running command: /home/osboxes/projects/moose/test/moose_test-opt -i missing_active_section.i --error --error-override --libtorch-device cpu misc/check_error.missing_active_section_test: ################################################################################ misc/check_error.missing_active_section_test:  misc/check_error.missing_active_section_test: Unable to match the following pattern against the program's output: misc/check_error.missing_active_section_test:  misc/check_error.missing_active_section_test: variables listed as active misc/check_error.missing_active_section_test:  misc/check_error.missing_active_section_test: ################################################################################ misc/check_error.missing_active_section_test: Tester failed, reason: EXPECTED ERROR MISSING misc/check_error.missing_active_section_test:  misc/check_error.missing_active_section_test ................................. FAILED (EXPECTED ERROR MISSING) misc/check_error.constraint_with_aux_var: Working Directory: /home/osboxes/projects/moose/test/tests/misc/check_error misc/check_error.constraint_with_aux_var: Running command: /home/osboxes/projects/moose/test/moose_test-opt -i constraint_with_aux_var.i --error --error-override --libtorch-device cpu misc/check_error.constraint_with_aux_var: ################################################################################ misc/check_error.constraint_with_aux_var:  misc/check_error.constraint_with_aux_var: Unable to match the following pattern against the program's output: misc/check_error.constraint_with_aux_var:  misc/check_error.constraint_with_aux_var: No solver variable named v found. Did you specify an auxiliary variable when you meant to specify a solver variable misc/check_error.constraint_with_aux_var:  misc/check_error.constraint_with_aux_var: ################################################################################ misc/check_error.constraint_with_aux_var: Tester failed, reason: EXPECTED ERROR MISSING misc/check_error.constraint_with_aux_var:  misc/check_error.constraint_with_aux_var ..................................... FAILED (EXPECTED ERROR MISSING) misc/check_error.missing_req_par_action_obj_test: Working Directory: /home/osboxes/projects/moose/test/tests/misc/check_error misc/check_error.missing_req_par_action_obj_test: Running command: /home/osboxes/projects/moose/test/moose_test-opt -i missing_req_par_action_obj_test.i --error --error-override --libtorch-device cpu misc/check_error.missing_req_par_action_obj_test: ################################################################################ misc/check_error.missing_req_par_action_obj_test:  misc/check_error.missing_req_par_action_obj_test: Unable to match the following pattern against the program's output: misc/check_error.missing_req_par_action_obj_test:  misc/check_error.missing_req_par_action_obj_test: missing required parameter 'ConvectionDiffusion/variables' misc/check_error.missing_req_par_action_obj_test:  misc/check_error.missing_req_par_action_obj_test: ################################################################################ misc/check_error.missing_req_par_action_obj_test: Tester failed, reason: EXPECTED ERROR MISSING misc/check_error.missing_req_par_action_obj_test:  misc/check_error.missing_req_par_action_obj_test ............................. FAILED (EXPECTED ERROR MISSING) misc/check_error.deprecated_param_no_default: Working Directory: /home/osboxes/projects/moose/test/tests/misc/check_error misc/check_error.deprecated_param_no_default: Running command: /home/osboxes/projects/moose/test/moose_test-opt -i deprecated_param_test.i Kernels/nan/deprecated_no_default=1 Outputs/exodus=false --error --error-override --libtorch-device cpu misc/check_error.deprecated_param_no_default: ################################################################################ misc/check_error.deprecated_param_no_default:  misc/check_error.deprecated_param_no_default: Unable to match the following pattern against the program's output: misc/check_error.deprecated_param_no_default:  misc/check_error.deprecated_param_no_default: The parameter '\\w+' is deprecated. misc/check_error.deprecated_param_no_default:  misc/check_error.deprecated_param_no_default: ################################################################################ misc/check_error.deprecated_param_no_default: Tester failed, reason: EXPECTED OUTPUT MISSING misc/check_error.deprecated_param_no_default:  misc/check_error.deprecated_param_no_default ................................ FAILED (EXPECTED OUTPUT MISSING) misc/check_error.override_name_variable_test: Working Directory: /home/osboxes/projects/moose/test/tests/misc/check_error misc/check_error.override_name_variable_test: Running command: /home/osboxes/projects/moose/test/moose_test-opt -i override_name_variable_test.i --error-override --libtorch-device cpu misc/check_error.override_name_variable_test: ################################################################################ misc/check_error.override_name_variable_test:  misc/check_error.override_name_variable_test: Unable to match the following pattern against the program's output: misc/check_error.override_name_variable_test:  misc/check_error.override_name_variable_test: supplied multiple times misc/check_error.override_name_variable_test:  misc/check_error.override_name_variable_test: ################################################################################ misc/check_error.override_name_variable_test: Tester failed, reason: EXPECTED ERROR MISSING misc/check_error.override_name_variable_test:  misc/check_error.override_name_variable_test ................................. FAILED (EXPECTED ERROR MISSING) misc/check_error.coupled_constant_yet_needs_name: Working Directory: /home/osboxes/projects/moose/test/tests/misc/check_error misc/check_error.coupled_constant_yet_needs_name: Running command: /home/osboxes/projects/moose/test/moose_test-opt -i coupled_nodal_for_non_nodal_variable.i Materials/m/type=MaterialDerivativeTestMaterial Materials/m/var1=1 Materials/m/var2=2 --error --error-override --libtorch-device cpu misc/check_error.coupled_constant_yet_needs_name: ################################################################################ misc/check_error.coupled_constant_yet_needs_name:  misc/check_error.coupled_constant_yet_needs_name: Unable to match the following pattern against the program's output: misc/check_error.coupled_constant_yet_needs_name:  misc/check_error.coupled_constant_yet_needs_name: a variable name was queried but a constant misc/check_error.coupled_constant_yet_needs_name:  misc/check_error.coupled_constant_yet_needs_name: ################################################################################ misc/check_error.coupled_constant_yet_needs_name: Tester failed, reason: EXPECTED ERROR MISSING misc/check_error.coupled_constant_yet_needs_name:  misc/check_error.coupled_constant_yet_needs_name ............................. FAILED (EXPECTED ERROR MISSING) misc/check_error.uo_vector_pps_name_collision_test: Working Directory: /home/osboxes/projects/moose/test/tests/misc/check_error misc/check_error.uo_vector_pps_name_collision_test: Running command: /home/osboxes/projects/moose/test/moose_test-opt -i uo_vector_pps_name_collision_test.i --error --error-override --libtorch-device cpu misc/check_error.uo_vector_pps_name_collision_test: ################################################################################ misc/check_error.uo_vector_pps_name_collision_test:  misc/check_error.uo_vector_pps_name_collision_test: Unable to match the following pattern against the program's output: misc/check_error.uo_vector_pps_name_collision_test:  misc/check_error.uo_vector_pps_name_collision_test: A UserObject with the name \"\\w+\" already exists misc/check_error.uo_vector_pps_name_collision_test:  misc/check_error.uo_vector_pps_name_collision_test: ################################################################################ misc/check_error.uo_vector_pps_name_collision_test: Tester failed, reason: EXPECTED ERROR MISSING misc/check_error.uo_vector_pps_name_collision_test:  misc/check_error.uo_vector_pps_name_collision_test ........................... FAILED (EXPECTED ERROR MISSING) misc/check_error.function_file_test14: Working Directory: /home/osboxes/projects/moose/test/tests/misc/check_error misc/check_error.function_file_test14: Running command: /home/osboxes/projects/moose/test/moose_test-opt -i function_file_test14.i --error --error-override --libtorch-device cpu misc/check_error.function_file_test14: ################################################################################ misc/check_error.function_file_test14:  misc/check_error.function_file_test14: Unable to match the following pattern against the program's output: misc/check_error.function_file_test14:  misc/check_error.function_file_test14: In \\S+: Read more than two rows of data from file '\\S+'.  Did you mean to use \"format = columns\" or set \"xy_in_file_only\" to false? misc/check_error.function_file_test14:  misc/check_error.function_file_test14: ################################################################################ misc/check_error.function_file_test14: Tester failed, reason: EXPECTED ERROR MISSING misc/check_error.function_file_test14:  misc/check_error.function_file_test14 ........................................ FAILED (EXPECTED ERROR MISSING) misc/check_error.function_file_test4: Working Directory: /home/osboxes/projects/moose/test/tests/misc/check_error misc/check_error.function_file_test4: Running command: /home/osboxes/projects/moose/test/moose_test-opt -i function_file_test4.i --error --error-override --libtorch-device cpu misc/check_error.function_file_test4: ################################################################################ misc/check_error.function_file_test4:  misc/check_error.function_file_test4: Unable to match the following pattern against the program's output: misc/check_error.function_file_test4:  misc/check_error.function_file_test4: Invalid option \"rowls\" in MooseEnum.\\s+Valid options \\(not case-sensitive\\) are \"columns rows\" misc/check_error.function_file_test4:  misc/check_error.function_file_test4: ################################################################################ misc/check_error.function_file_test4: Tester failed, reason: EXPECTED ERROR MISSING misc/check_error.function_file_test4:  misc/check_error.function_file_test4 ......................................... FAILED (EXPECTED ERROR MISSING) misc/check_error.missing_coupled_mat_prop_test: Working Directory: /home/osboxes/projects/moose/test/tests/misc/check_error misc/check_error.missing_coupled_mat_prop_test: Running command: /home/osboxes/projects/moose/test/moose_test-opt -i missing_coupled_mat_prop_test.i --error --error-override --libtorch-device cpu misc/check_error.missing_coupled_mat_prop_test: ################################################################################ misc/check_error.missing_coupled_mat_prop_test:  misc/check_error.missing_coupled_mat_prop_test: Unable to match the following pattern against the program's output: misc/check_error.missing_coupled_mat_prop_test:  misc/check_error.missing_coupled_mat_prop_test: Material property 'mp1', requested by 'mat_global' misc/check_error.missing_coupled_mat_prop_test:  misc/check_error.missing_coupled_mat_prop_test: ################################################################################ misc/check_error.missing_coupled_mat_prop_test: Tester failed, reason: EXPECTED ERROR MISSING misc/check_error.missing_coupled_mat_prop_test:  misc/check_error.missing_coupled_mat_prop_test ............................... FAILED (EXPECTED ERROR MISSING) misc/check_error.coupling_nonexistent_field: Working Directory: /home/osboxes/projects/moose/test/tests/misc/check_error misc/check_error.coupling_nonexistent_field: Running command: /home/osboxes/projects/moose/test/moose_test-opt -i coupling_nonexistent_field.i --error --error-override --libtorch-device cpu misc/check_error.coupling_nonexistent_field: ################################################################################ misc/check_error.coupling_nonexistent_field:  misc/check_error.coupling_nonexistent_field: Unable to match the following pattern against the program's output: misc/check_error.coupling_nonexistent_field:  misc/check_error.coupling_nonexistent_field: coupled variable 'a' was not found misc/check_error.coupling_nonexistent_field:  misc/check_error.coupling_nonexistent_field: ################################################################################ misc/check_error.coupling_nonexistent_field: Tester failed, reason: EXPECTED ERROR MISSING misc/check_error.coupling_nonexistent_field:  misc/check_error.coupling_nonexistent_field .................................. FAILED (EXPECTED ERROR MISSING) misc/check_error.missing_req_par_mesh_block_test: Working Directory: /home/osboxes/projects/moose/test/tests/misc/check_error misc/check_error.missing_req_par_mesh_block_test: Running command: /home/osboxes/projects/moose/test/moose_test-opt -i missing_req_par_mesh_block_test.i --error --error-override --libtorch-device cpu misc/check_error.missing_req_par_mesh_block_test: ################################################################################ misc/check_error.missing_req_par_mesh_block_test:  misc/check_error.missing_req_par_mesh_block_test: Unable to match the following pattern against the program's output: misc/check_error.missing_req_par_mesh_block_test:  misc/check_error.missing_req_par_mesh_block_test: missing required parameter 'Mesh/stripes' misc/check_error.missing_req_par_mesh_block_test:  misc/check_error.missing_req_par_mesh_block_test: ################################################################################ misc/check_error.missing_req_par_mesh_block_test: Tester failed, reason: EXPECTED ERROR MISSING misc/check_error.missing_req_par_mesh_block_test:  misc/check_error.missing_req_par_mesh_block_test ............................. FAILED (EXPECTED ERROR MISSING) misc/check_error.scalar_aux_kernel_with_var: Working Directory: /home/osboxes/projects/moose/test/tests/misc/check_error misc/check_error.scalar_aux_kernel_with_var: Running command: /home/osboxes/projects/moose/test/moose_test-opt -i scalar_aux_kernel_with_var.i --error --error-override --libtorch-device cpu misc/check_error.scalar_aux_kernel_with_var: ################################################################################ misc/check_error.scalar_aux_kernel_with_var:  misc/check_error.scalar_aux_kernel_with_var: Unable to match the following pattern against the program's output: misc/check_error.scalar_aux_kernel_with_var:  misc/check_error.scalar_aux_kernel_with_var: Scalar variable 'u' does not exist in this system misc/check_error.scalar_aux_kernel_with_var:  misc/check_error.scalar_aux_kernel_with_var: ################################################################################ misc/check_error.scalar_aux_kernel_with_var: Tester failed, reason: EXPECTED ERROR MISSING misc/check_error.scalar_aux_kernel_with_var:  misc/check_error.scalar_aux_kernel_with_var .................................. FAILED (EXPECTED ERROR MISSING) misc/check_error.bad_enum_test: Working Directory: /home/osboxes/projects/moose/test/tests/misc/check_error misc/check_error.bad_enum_test: Running command: /home/osboxes/projects/moose/test/moose_test-opt -i bad_enum_test.i --error --error-override --libtorch-device cpu misc/check_error.bad_enum_test: ################################################################################ misc/check_error.bad_enum_test:  misc/check_error.bad_enum_test: Unable to match the following pattern against the program's output: misc/check_error.bad_enum_test:  misc/check_error.bad_enum_test: Invalid option \"\\w+\" in MooseEnum. misc/check_error.bad_enum_test:  misc/check_error.bad_enum_test: ################################################################################ misc/check_error.bad_enum_test: Tester failed, reason: EXPECTED ERROR MISSING misc/check_error.bad_enum_test:  misc/check_error.bad_enum_test ............................................... FAILED (EXPECTED ERROR MISSING) misc/check_error.double_restrict_uo_test: Working Directory: /home/osboxes/projects/moose/test/tests/misc/check_error misc/check_error.double_restrict_uo_test: Running command: /home/osboxes/projects/moose/test/moose_test-opt -i double_restrict_uo.i --error --error-override --libtorch-device cpu misc/check_error.double_restrict_uo_test: ################################################################################ misc/check_error.double_restrict_uo_test:  misc/check_error.double_restrict_uo_test: Unable to match the following pattern against the program's output: misc/check_error.double_restrict_uo_test:  misc/check_error.double_restrict_uo_test: Attempted to restrict the object '\\S+' to a boundary, but the object is already restricted misc/check_error.double_restrict_uo_test:  misc/check_error.double_restrict_uo_test: ################################################################################ misc/check_error.double_restrict_uo_test: Tester failed, reason: EXPECTED ERROR MISSING misc/check_error.double_restrict_uo_test:  misc/check_error.double_restrict_uo_test ..................................... FAILED (EXPECTED ERROR MISSING) misc/check_error.rz_3d_error_check_test: Working Directory: /home/osboxes/projects/moose/test/tests/misc/check_error misc/check_error.rz_3d_error_check_test: Running command: /home/osboxes/projects/moose/test/moose_test-opt -i 3D_RZ_error_check.i --error --error-override --libtorch-device cpu misc/check_error.rz_3d_error_check_test: ################################################################################ misc/check_error.rz_3d_error_check_test:  misc/check_error.rz_3d_error_check_test: Unable to match the following pattern against the program's output: misc/check_error.rz_3d_error_check_test:  misc/check_error.rz_3d_error_check_test: An RZ coordinate system was requested for subdomain \\d+ which contains 3D elements misc/check_error.rz_3d_error_check_test:  misc/check_error.rz_3d_error_check_test: ################################################################################ misc/check_error.rz_3d_error_check_test: Tester failed, reason: EXPECTED ERROR MISSING misc/check_error.rz_3d_error_check_test:  misc/check_error.rz_3d_error_check_test ...................................... FAILED (EXPECTED ERROR MISSING) misc/check_error.check_syntax_ok: Working Directory: /home/osboxes/projects/moose/test/tests/misc/check_error misc/check_error.check_syntax_ok: Running command: /home/osboxes/projects/moose/test/moose_test-opt -i check_syntax_ok.i --check-input --error --error-override --libtorch-device cpu misc/check_error.check_syntax_ok: ################################################################################ misc/check_error.check_syntax_ok:  misc/check_error.check_syntax_ok: Unable to match the following pattern against the program's output: misc/check_error.check_syntax_ok:  misc/check_error.check_syntax_ok: Syntax OK misc/check_error.check_syntax_ok:  misc/check_error.check_syntax_ok: ################################################################################ misc/check_error.check_syntax_ok: Tester failed, reason: EXPECTED OUTPUT MISSING misc/check_error.check_syntax_ok:  misc/check_error.check_syntax_ok ............................................ FAILED (EXPECTED OUTPUT MISSING) misc/check_error.missing_executioner: Working Directory: /home/osboxes/projects/moose/test/tests/misc/check_error misc/check_error.missing_executioner: Running command: /home/osboxes/projects/moose/test/moose_test-opt -i missing_executioner.i --error --error-override --libtorch-device cpu misc/check_error.missing_executioner: ################################################################################ misc/check_error.missing_executioner:  misc/check_error.missing_executioner: Unable to match the following pattern against the program's output: misc/check_error.missing_executioner:  misc/check_error.missing_executioner: Executioner\" does not exis misc/check_error.missing_executioner:  misc/check_error.missing_executioner: ################################################################################ misc/check_error.missing_executioner: Tester failed, reason: EXPECTED ERROR MISSING misc/check_error.missing_executioner:  misc/check_error.missing_executioner ......................................... FAILED (EXPECTED ERROR MISSING) misc/check_error.wrong_object_test: Working Directory: /home/osboxes/projects/moose/test/tests/misc/check_error misc/check_error.wrong_object_test: Running command: /home/osboxes/projects/moose/test/moose_test-opt -i wrong_moose_object_test.i --error --error-override --libtorch-device cpu misc/check_error.wrong_object_test: ################################################################################ misc/check_error.wrong_object_test:  misc/check_error.wrong_object_test: Unable to match the following pattern against the program's output: misc/check_error.wrong_object_test:  misc/check_error.wrong_object_test: Task \\w+ is not registered to build \\w+ derived objects misc/check_error.wrong_object_test:  misc/check_error.wrong_object_test: ################################################################################ misc/check_error.wrong_object_test: Tester failed, reason: EXPECTED ERROR MISSING misc/check_error.wrong_object_test:  misc/check_error.wrong_object_test ........................................... FAILED (EXPECTED ERROR MISSING) misc/check_error.function_file_test5: Working Directory: /home/osboxes/projects/moose/test/tests/misc/check_error misc/check_error.function_file_test5: Running command: /home/osboxes/projects/moose/test/moose_test-opt -i function_file_test5.i --error --error-override --libtorch-device cpu misc/check_error.function_file_test5: ################################################################################ misc/check_error.function_file_test5:  misc/check_error.function_file_test5: Unable to match the following pattern against the program's output: misc/check_error.function_file_test5:  misc/check_error.function_file_test5: Either 'data_file' or 'json_uo' or 'x' and 'y' or 'xy_data' must be specified exclusively. misc/check_error.function_file_test5:  misc/check_error.function_file_test5: ################################################################################ misc/check_error.function_file_test5: Tester failed, reason: EXPECTED ERROR MISSING misc/check_error.function_file_test5:  misc/check_error.function_file_test5 ......................................... FAILED (EXPECTED ERROR MISSING) misc/check_error.coupling_nonexistent_scalar: Working Directory: /home/osboxes/projects/moose/test/tests/misc/check_error misc/check_error.coupling_nonexistent_scalar: Running command: /home/osboxes/projects/moose/test/moose_test-opt -i coupling_nonexistent_scalar.i --error --error-override --libtorch-device cpu misc/check_error.coupling_nonexistent_scalar: ################################################################################ misc/check_error.coupling_nonexistent_scalar:  misc/check_error.coupling_nonexistent_scalar: Unable to match the following pattern against the program's output: misc/check_error.coupling_nonexistent_scalar:  misc/check_error.coupling_nonexistent_scalar: coupled variable 'b' was not found misc/check_error.coupling_nonexistent_scalar:  misc/check_error.coupling_nonexistent_scalar: ################################################################################ misc/check_error.coupling_nonexistent_scalar: Tester failed, reason: EXPECTED ERROR MISSING misc/check_error.coupling_nonexistent_scalar:  misc/check_error.coupling_nonexistent_scalar ................................. FAILED (EXPECTED ERROR MISSING) misc/check_error.function_file_test15: Working Directory: /home/osboxes/projects/moose/test/tests/misc/check_error misc/check_error.function_file_test15: Running command: /home/osboxes/projects/moose/test/moose_test-opt -i function_file_test15.i --error --error-override --libtorch-device cpu misc/check_error.function_file_test15: ################################################################################ misc/check_error.function_file_test15:  misc/check_error.function_file_test15: Unable to match the following pattern against the program's output: misc/check_error.function_file_test15:  misc/check_error.function_file_test15: Index out-of-range of the available data in '\\S+', which contains 3 rows of data. misc/check_error.function_file_test15:  misc/check_error.function_file_test15: ################################################################################ misc/check_error.function_file_test15: Tester failed, reason: EXPECTED ERROR MISSING misc/check_error.function_file_test15:  misc/check_error.function_file_test15 ........................................ FAILED (EXPECTED ERROR MISSING) misc/check_error.coupled_grad_without_declare: Working Directory: /home/osboxes/projects/moose/test/tests/misc/check_error misc/check_error.coupled_grad_without_declare: Running command: /home/osboxes/projects/moose/test/moose_test-opt -i coupled_grad_without_declare.i --error --error-override --libtorch-device cpu misc/check_error.coupled_grad_without_declare: ################################################################################ misc/check_error.coupled_grad_without_declare:  misc/check_error.coupled_grad_without_declare: Unable to match the following pattern against the program's output: misc/check_error.coupled_grad_without_declare:  misc/check_error.coupled_grad_without_declare: The coupled variable \"\\w+\" was never added to this object's InputParameters misc/check_error.coupled_grad_without_declare:  misc/check_error.coupled_grad_without_declare: ################################################################################ misc/check_error.coupled_grad_without_declare: Tester failed, reason: EXPECTED ERROR MISSING misc/check_error.coupled_grad_without_declare:  misc/check_error.coupled_grad_without_declare ................................ FAILED (EXPECTED ERROR MISSING) misc/check_error.dirac_kernel_with_aux_var: Working Directory: /home/osboxes/projects/moose/test/tests/misc/check_error misc/check_error.dirac_kernel_with_aux_var: Running command: /home/osboxes/projects/moose/test/moose_test-opt -i dirac_kernel_with_aux_var.i --error --error-override --libtorch-device cpu misc/check_error.dirac_kernel_with_aux_var: ################################################################################ misc/check_error.dirac_kernel_with_aux_var:  misc/check_error.dirac_kernel_with_aux_var: Unable to match the following pattern against the program's output: misc/check_error.dirac_kernel_with_aux_var:  misc/check_error.dirac_kernel_with_aux_var: No solver variable named v found. Did you specify an auxiliary variable when you meant to specify a solver variable misc/check_error.dirac_kernel_with_aux_var:  misc/check_error.dirac_kernel_with_aux_var: ################################################################################ misc/check_error.dirac_kernel_with_aux_var: Tester failed, reason: EXPECTED ERROR MISSING misc/check_error.dirac_kernel_with_aux_var:  misc/check_error.dirac_kernel_with_aux_var ................................... FAILED (EXPECTED ERROR MISSING) misc/check_error.bad_executioner_test: Working Directory: /home/osboxes/projects/moose/test/tests/misc/check_error misc/check_error.bad_executioner_test: Running command: /home/osboxes/projects/moose/test/moose_test-opt -i bad_executioner_test.i --error --error-override --libtorch-device cpu misc/check_error.bad_executioner_test: ################################################################################ misc/check_error.bad_executioner_test:  misc/check_error.bad_executioner_test: Unable to match the following pattern against the program's output: misc/check_error.bad_executioner_test:  misc/check_error.bad_executioner_test: A '\\w+' is not a registered object misc/check_error.bad_executioner_test:  misc/check_error.bad_executioner_test: ################################################################################ misc/check_error.bad_executioner_test: Tester failed, reason: EXPECTED ERROR MISSING misc/check_error.bad_executioner_test:  misc/check_error.bad_executioner_test ........................................ FAILED (EXPECTED ERROR MISSING) misc/check_error.missing_req_par_moose_obj_test: Working Directory: /home/osboxes/projects/moose/test/tests/misc/check_error misc/check_error.missing_req_par_moose_obj_test: Running command: /home/osboxes/projects/moose/test/moose_test-opt -i missing_req_par_moose_obj_test.i --error --error-override --libtorch-device cpu misc/check_error.missing_req_par_moose_obj_test: ################################################################################ misc/check_error.missing_req_par_moose_obj_test:  misc/check_error.missing_req_par_moose_obj_test: Unable to match the following pattern against the program's output: misc/check_error.missing_req_par_moose_obj_test:  misc/check_error.missing_req_par_moose_obj_test: missing required parameter 'Kernels/diff/type' misc/check_error.missing_req_par_moose_obj_test:  misc/check_error.missing_req_par_moose_obj_test: ################################################################################ misc/check_error.missing_req_par_moose_obj_test: Tester failed, reason: EXPECTED ERROR MISSING misc/check_error.missing_req_par_moose_obj_test:  misc/check_error.missing_req_par_moose_obj_test .............................. FAILED (EXPECTED ERROR MISSING) misc/check_error.check_syntax_error: Working Directory: /home/osboxes/projects/moose/test/tests/misc/check_error misc/check_error.check_syntax_error: Running command: /home/osboxes/projects/moose/test/moose_test-opt -i check_syntax_error.i --check-input --error --error-override --libtorch-device cpu misc/check_error.check_syntax_error: ################################################################################ misc/check_error.check_syntax_error:  misc/check_error.check_syntax_error: Unable to match the following pattern against the program's output: misc/check_error.check_syntax_error:  misc/check_error.check_syntax_error: invalid number of nodes: want 2, got 3 misc/check_error.check_syntax_error:  misc/check_error.check_syntax_error: ################################################################################ misc/check_error.check_syntax_error: Tester failed, reason: EXPECTED ERROR MISSING misc/check_error.check_syntax_error:  misc/check_error.check_syntax_error .......................................... FAILED (EXPECTED ERROR MISSING) misc/check_error.dynamic_check_name_block_mismatch_test: Working Directory: /home/osboxes/projects/moose/test/tests/misc/check_error misc/check_error.dynamic_check_name_block_mismatch_test: Running command: /home/osboxes/projects/moose/test/moose_test-opt -i check_dynamic_name_block_mismatch.i --error --error-override --libtorch-device cpu misc/check_error.dynamic_check_name_block_mismatch_test: ################################################################################ misc/check_error.dynamic_check_name_block_mismatch_test:  misc/check_error.dynamic_check_name_block_mismatch_test: Unable to match the following pattern against the program's output: misc/check_error.dynamic_check_name_block_mismatch_test:  misc/check_error.dynamic_check_name_block_mismatch_test: You must supply the same number of block ids and names parameters misc/check_error.dynamic_check_name_block_mismatch_test:  misc/check_error.dynamic_check_name_block_mismatch_test: ################################################################################ misc/check_error.dynamic_check_name_block_mismatch_test: Tester failed, reason: EXPECTED ERROR MISSING misc/check_error.dynamic_check_name_block_mismatch_test:  misc/check_error.dynamic_check_name_block_mismatch_test ...................... FAILED (EXPECTED ERROR MISSING) misc/check_error.same_name_variable_test: Working Directory: /home/osboxes/projects/moose/test/tests/misc/check_error misc/check_error.same_name_variable_test: Running command: /home/osboxes/projects/moose/test/moose_test-opt -i same_name_variable_test.i --error --error-override --libtorch-device cpu misc/check_error.same_name_variable_test: ################################################################################ misc/check_error.same_name_variable_test:  misc/check_error.same_name_variable_test: Unable to match the following pattern against the program's output: misc/check_error.same_name_variable_test:  misc/check_error.same_name_variable_test: Cannot have an auxiliary variable and a solver variable with the same name misc/check_error.same_name_variable_test:  misc/check_error.same_name_variable_test: ################################################################################ misc/check_error.same_name_variable_test: Tester failed, reason: EXPECTED ERROR MISSING misc/check_error.same_name_variable_test:  misc/check_error.same_name_variable_test ..................................... FAILED (EXPECTED ERROR MISSING) misc/check_error.wrong_action_spelling: Working Directory: /home/osboxes/projects/moose/test/tests/misc/check_error misc/check_error.wrong_action_spelling: Running command: /home/osboxes/projects/moose/test/moose_test-opt -i wrong_moose_object_test.i AAAKErnels/type=Diffusion BCs/active='' --error --error-override --libtorch-device cpu misc/check_error.wrong_action_spelling: ################################################################################ misc/check_error.wrong_action_spelling:  misc/check_error.wrong_action_spelling: Unable to match the following pattern against the program's output: misc/check_error.wrong_action_spelling:  misc/check_error.wrong_action_spelling: section '\\[AAAKErnels\\]' does not have an associated \"Action\" misc/check_error.wrong_action_spelling:  misc/check_error.wrong_action_spelling: ################################################################################ misc/check_error.wrong_action_spelling: Tester failed, reason: EXPECTED ERROR MISSING misc/check_error.wrong_action_spelling:  misc/check_error.wrong_action_spelling ....................................... FAILED (EXPECTED ERROR MISSING) misc/check_error.nodal_bc_on_elemental_var: Working Directory: /home/osboxes/projects/moose/test/tests/misc/check_error misc/check_error.nodal_bc_on_elemental_var: Running command: /home/osboxes/projects/moose/test/moose_test-opt -i nodal_bc_on_elemental_var.i --error --error-override --libtorch-device cpu misc/check_error.nodal_bc_on_elemental_var: ################################################################################ misc/check_error.nodal_bc_on_elemental_var:  misc/check_error.nodal_bc_on_elemental_var: Unable to match the following pattern against the program's output: misc/check_error.nodal_bc_on_elemental_var:  misc/check_error.nodal_bc_on_elemental_var: Trying to use nodal boundary condition 'bcs' on a non-nodal variable 'u' misc/check_error.nodal_bc_on_elemental_var:  misc/check_error.nodal_bc_on_elemental_var: ################################################################################ misc/check_error.nodal_bc_on_elemental_var: Tester failed, reason: EXPECTED ERROR MISSING misc/check_error.nodal_bc_on_elemental_var:  misc/check_error.nodal_bc_on_elemental_var ................................... FAILED (EXPECTED ERROR MISSING) misc/check_error.function_file_test6: Working Directory: /home/osboxes/projects/moose/test/tests/misc/check_error misc/check_error.function_file_test6: Running command: /home/osboxes/projects/moose/test/moose_test-opt -i function_file_test6.i --error --error-override --libtorch-device cpu misc/check_error.function_file_test6: ################################################################################ misc/check_error.function_file_test6:  misc/check_error.function_file_test6: Unable to match the following pattern against the program's output: misc/check_error.function_file_test6:  misc/check_error.function_file_test6: Either 'data_file' or 'json_uo' or 'x' and 'y' or 'xy_data' must be specified exclusively. misc/check_error.function_file_test6:  misc/check_error.function_file_test6: ################################################################################ misc/check_error.function_file_test6: Tester failed, reason: EXPECTED ERROR MISSING misc/check_error.function_file_test6:  misc/check_error.function_file_test6 ......................................... FAILED (EXPECTED ERROR MISSING) misc/check_error.coupling_itself: Working Directory: /home/osboxes/projects/moose/test/tests/misc/check_error misc/check_error.coupling_itself: Running command: /home/osboxes/projects/moose/test/moose_test-opt -i coupling_itself.i --error --error-override --libtorch-device cpu misc/check_error.coupling_itself: ################################################################################ misc/check_error.coupling_itself:  misc/check_error.coupling_itself: Unable to match the following pattern against the program's output: misc/check_error.coupling_itself:  misc/check_error.coupling_itself: Coupled variable 'v' needs to be different from 'variable' with CoupledForce misc/check_error.coupling_itself:  misc/check_error.coupling_itself: ################################################################################ misc/check_error.coupling_itself: Tester failed, reason: EXPECTED ERROR MISSING misc/check_error.coupling_itself:  misc/check_error.coupling_itself ............................................. FAILED (EXPECTED ERROR MISSING) misc/check_error.function_file_test16: Working Directory: /home/osboxes/projects/moose/test/tests/misc/check_error misc/check_error.function_file_test16: Running command: /home/osboxes/projects/moose/test/moose_test-opt -i function_file_test16.i --error --error-override --libtorch-device cpu misc/check_error.function_file_test16: ################################################################################ misc/check_error.function_file_test16:  misc/check_error.function_file_test16: Unable to match the following pattern against the program's output: misc/check_error.function_file_test16:  misc/check_error.function_file_test16: Index out-of-range of the available data in '\\S+', which contains 3 rows of data. misc/check_error.function_file_test16:  misc/check_error.function_file_test16: ################################################################################ misc/check_error.function_file_test16: Tester failed, reason: EXPECTED ERROR MISSING misc/check_error.function_file_test16:  misc/check_error.function_file_test16 ........................................ FAILED (EXPECTED ERROR MISSING) misc/check_error.missing_function_file_test: Working Directory: /home/osboxes/projects/moose/test/tests/misc/check_error misc/check_error.missing_function_file_test: Running command: /home/osboxes/projects/moose/test/moose_test-opt -i missing_function_file_test.i --error --error-override --libtorch-device cpu misc/check_error.missing_function_file_test: ################################################################################ misc/check_error.missing_function_file_test:  misc/check_error.missing_function_file_test: Unable to match the following pattern against the program's output: misc/check_error.missing_function_file_test:  misc/check_error.missing_function_file_test: Unable to open file \\S+. Check to make sure that it exists and that you have read permission. misc/check_error.missing_function_file_test:  misc/check_error.missing_function_file_test: ################################################################################ misc/check_error.missing_function_file_test: Tester failed, reason: EXPECTED ERROR MISSING misc/check_error.missing_function_file_test:  misc/check_error.missing_function_file_test .................................. FAILED (EXPECTED ERROR MISSING) misc/check_error.dg_kernel_with_aux_var: Working Directory: /home/osboxes/projects/moose/test/tests/misc/check_error misc/check_error.dg_kernel_with_aux_var: Running command: /home/osboxes/projects/moose/test/moose_test-opt -i dg_kernel_with_aux_var.i --error --error-override --libtorch-device cpu misc/check_error.dg_kernel_with_aux_var: ################################################################################ misc/check_error.dg_kernel_with_aux_var:  misc/check_error.dg_kernel_with_aux_var: Unable to match the following pattern against the program's output: misc/check_error.dg_kernel_with_aux_var:  misc/check_error.dg_kernel_with_aux_var: No solver variable named v found. Did you specify an auxiliary variable when you meant to specify a solver variable misc/check_error.dg_kernel_with_aux_var:  misc/check_error.dg_kernel_with_aux_var: ################################################################################ misc/check_error.dg_kernel_with_aux_var: Tester failed, reason: EXPECTED ERROR MISSING misc/check_error.dg_kernel_with_aux_var:  misc/check_error.dg_kernel_with_aux_var ...................................... FAILED (EXPECTED ERROR MISSING) misc/check_error.missing_required_param_in_kernel_test: Working Directory: /home/osboxes/projects/moose/test/tests/misc/check_error misc/check_error.missing_required_param_in_kernel_test: Running command: /home/osboxes/projects/moose/test/moose_test-opt -i missing_required_parameter_moose_obj_test.i --error --error-override --libtorch-device cpu misc/check_error.missing_required_param_in_kernel_test: ################################################################################ misc/check_error.missing_required_param_in_kernel_test:  misc/check_error.missing_required_param_in_kernel_test: Unable to match the following pattern against the program's output: misc/check_error.missing_required_param_in_kernel_test:  misc/check_error.missing_required_param_in_kernel_test: missing required parameter 'Kernels/diff/tensor_coeff' misc/check_error.missing_required_param_in_kernel_test:  misc/check_error.missing_required_param_in_kernel_test: ################################################################################ misc/check_error.missing_required_param_in_kernel_test: Tester failed, reason: EXPECTED ERROR MISSING misc/check_error.missing_required_param_in_kernel_test:  misc/check_error.missing_required_param_in_kernel_test ....................... FAILED (EXPECTED ERROR MISSING) misc/check_error.bad_kernel_test: Working Directory: /home/osboxes/projects/moose/test/tests/misc/check_error misc/check_error.bad_kernel_test: Running command: /home/osboxes/projects/moose/test/moose_test-opt -i bad_kernel_test.i --error --error-override --libtorch-device cpu misc/check_error.bad_kernel_test: ################################################################################ misc/check_error.bad_kernel_test:  misc/check_error.bad_kernel_test: Unable to match the following pattern against the program's output: misc/check_error.bad_kernel_test:  misc/check_error.bad_kernel_test: A '\\w+' is not a registered object misc/check_error.bad_kernel_test:  misc/check_error.bad_kernel_test: ################################################################################ misc/check_error.bad_kernel_test: Tester failed, reason: EXPECTED ERROR MISSING misc/check_error.bad_kernel_test:  misc/check_error.bad_kernel_test ............................................. FAILED (EXPECTED ERROR MISSING) misc/check_error.check_syntax_no_input: Working Directory: /home/osboxes/projects/moose/test/tests/misc/check_error misc/check_error.check_syntax_no_input: Running command: /home/osboxes/projects/moose/test/moose_test-opt --check-input Foo --error --error-override --libtorch-device cpu misc/check_error.check_syntax_no_input: ################################################################################ misc/check_error.check_syntax_no_input:  misc/check_error.check_syntax_no_input: Unable to match the following pattern against the program's output: misc/check_error.check_syntax_no_input:  misc/check_error.check_syntax_no_input: You specified --check-input, but did not provide an input file. Add -i <inputfile> to your command line. misc/check_error.check_syntax_no_input:  misc/check_error.check_syntax_no_input: ################################################################################ misc/check_error.check_syntax_no_input: Tester failed, reason: EXPECTED ERROR MISSING misc/check_error.check_syntax_no_input:  misc/check_error.check_syntax_no_input ....................................... FAILED (EXPECTED ERROR MISSING) misc/check_error.check_git_lfs_pointer: Working Directory: /home/osboxes/projects/moose/test/tests/misc/check_error misc/check_error.check_git_lfs_pointer: Running command: /home/osboxes/projects/moose/test/moose_test-opt -i mesh_pointer_error_check.i Mesh/file=mesh_pointer.e --error --error-override --libtorch-device cpu misc/check_error.check_git_lfs_pointer: ################################################################################ misc/check_error.check_git_lfs_pointer:  misc/check_error.check_git_lfs_pointer: Unable to match the following pattern against the program's output: misc/check_error.check_git_lfs_pointer:  misc/check_error.check_git_lfs_pointer: appears to be a Git-LFS pointer misc/check_error.check_git_lfs_pointer:  misc/check_error.check_git_lfs_pointer: ################################################################################ misc/check_error.check_git_lfs_pointer: Tester failed, reason: EXPECTED ERROR MISSING misc/check_error.check_git_lfs_pointer:  misc/check_error.check_git_lfs_pointer ....................................... FAILED (EXPECTED ERROR MISSING) misc/check_error.subdomain_restricted_auxkernel_test: Working Directory: /home/osboxes/projects/moose/test/tests/misc/check_error misc/check_error.subdomain_restricted_auxkernel_test: Running command: /home/osboxes/projects/moose/test/moose_test-opt -i subdomain_restricted_auxkernel_mismatch.i --error --error-override --libtorch-device cpu misc/check_error.subdomain_restricted_auxkernel_test: ################################################################################ misc/check_error.subdomain_restricted_auxkernel_test:  misc/check_error.subdomain_restricted_auxkernel_test: Unable to match the following pattern against the program's output: misc/check_error.subdomain_restricted_auxkernel_test:  misc/check_error.subdomain_restricted_auxkernel_test: The 'block' parameter of the object 'foo' must be a subset of the 'block' parameter of the variable 'foo' misc/check_error.subdomain_restricted_auxkernel_test:  misc/check_error.subdomain_restricted_auxkernel_test: ################################################################################ misc/check_error.subdomain_restricted_auxkernel_test: Tester failed, reason: EXPECTED ERROR MISSING misc/check_error.subdomain_restricted_auxkernel_test:  misc/check_error.subdomain_restricted_auxkernel_test ......................... FAILED (EXPECTED ERROR MISSING) misc/check_error.dynamic_check_name_block_test: Working Directory: /home/osboxes/projects/moose/test/tests/misc/check_error misc/check_error.dynamic_check_name_block_test: Running command: /home/osboxes/projects/moose/test/moose_test-opt -i check_dynamic_name_block.i --error --error-override --libtorch-device cpu misc/check_error.dynamic_check_name_block_test: ################################################################################ misc/check_error.dynamic_check_name_block_test:  misc/check_error.dynamic_check_name_block_test: Unable to match the following pattern against the program's output: misc/check_error.dynamic_check_name_block_test:  misc/check_error.dynamic_check_name_block_test: The following dynamic block name is not unique: \\w+ misc/check_error.dynamic_check_name_block_test:  misc/check_error.dynamic_check_name_block_test: ################################################################################ misc/check_error.dynamic_check_name_block_test: Tester failed, reason: EXPECTED ERROR MISSING misc/check_error.dynamic_check_name_block_test:  misc/check_error.dynamic_check_name_block_test ............................... FAILED (EXPECTED ERROR MISSING) misc/check_error.coupling_itself_ad: Working Directory: /home/osboxes/projects/moose/test/tests/misc/check_error misc/check_error.coupling_itself_ad: Running command: /home/osboxes/projects/moose/test/moose_test-opt -i coupling_itself.i Kernels/coupled/type=ADCoupledForce --error --error-override --libtorch-device cpu misc/check_error.coupling_itself_ad: ################################################################################ misc/check_error.coupling_itself_ad:  misc/check_error.coupling_itself_ad: Unable to match the following pattern against the program's output: misc/check_error.coupling_itself_ad:  misc/check_error.coupling_itself_ad: Coupled variable 'v' needs to be different from 'variable' with CoupledForce / ADCoupledForce misc/check_error.coupling_itself_ad:  misc/check_error.coupling_itself_ad: ################################################################################ misc/check_error.coupling_itself_ad: Tester failed, reason: EXPECTED ERROR MISSING misc/check_error.coupling_itself_ad:  misc/check_error.coupling_itself_ad .......................................... FAILED (EXPECTED ERROR MISSING) misc/check_error.wrong_input_switch: Working Directory: /home/osboxes/projects/moose/test/tests/misc/check_error misc/check_error.wrong_input_switch: Running command: /home/osboxes/projects/moose/test/moose_test-opt -m Foo --error --error-override --libtorch-device cpu misc/check_error.wrong_input_switch: ################################################################################ misc/check_error.wrong_input_switch:  misc/check_error.wrong_input_switch: Unable to match the following pattern against the program's output: misc/check_error.wrong_input_switch:  misc/check_error.wrong_input_switch: ^Usage: misc/check_error.wrong_input_switch:  misc/check_error.wrong_input_switch: ################################################################################ misc/check_error.wrong_input_switch: Tester failed, reason: EXPECTED OUTPUT MISSING misc/check_error.wrong_input_switch:  misc/check_error.wrong_input_switch ......................................... FAILED (EXPECTED OUTPUT MISSING) misc/check_error.function_file_test17: Working Directory: /home/osboxes/projects/moose/test/tests/misc/check_error misc/check_error.function_file_test17: Running command: /home/osboxes/projects/moose/test/moose_test-opt -i function_file_test17.i --error --error-override --libtorch-device cpu misc/check_error.function_file_test17: ################################################################################ misc/check_error.function_file_test17:  misc/check_error.function_file_test17: Unable to match the following pattern against the program's output: misc/check_error.function_file_test17:  misc/check_error.function_file_test17: In \\S+: 'x_index_in_file' and 'y_index_in_file' are set to the same value. misc/check_error.function_file_test17:  misc/check_error.function_file_test17: ################################################################################\nmisc/check_error.function_file_test17: Tester failed, reason: EXPECTED ERROR MISSING misc/check_error.function_file_test17:  misc/check_error.function_file_test17 ........................................ FAILED (EXPECTED ERROR MISSING) runWorker Exception: Traceback (most recent call last): File \"/home/osboxes/projects/moose/python/TestHarness/schedulers/Scheduler.py\", line 456, in runJob self.queueJobs(jobs, j_lock) File \"/home/osboxes/projects/moose/python/TestHarness/schedulers/Scheduler.py\", line 257, in queueJobs self.status_pool.apply_async(self.jobStatus, (job, jobs, j_lock)) File \"/home/osboxes/miniforge/envs/moose/lib/python3.11/multiprocessing/pool.py\", line 458, in apply_async self._check_running() File \"/home/osboxes/miniforge/envs/moose/lib/python3.11/multiprocessing/pool.py\", line 353, in _check_running raise ValueError(\"Pool not running\") ValueError: Pool not running\nFinal Test Results:\n--------------------------------------------------------------------------------------------------------------\nmisc/check_error.node_value_off_block ..................................................... [METHOD!=DBG] SKIP misc/check_error.bad_second_order_test .................................................... [METHOD!=DBG] SKIP outputs/format.tecplot_bin_test ......................................................... [TECPLOT!=TRUE] SKIP samplers/base.errors/setNumberOfRows ............................................... [METHOD!=DEVEL, DBG] SKIP samplers/base.errors/setNumberOfCols ............................................... [METHOD!=DEVEL, DBG] SKIP auxkernels/solution_aux.aux_nonlinear_solution/from_xdr ........................ [--with-dof-id-bytes!=4] SKIP problems/eigen_problem/eigensolvers.no_slepc ............................................. [SLEPC!=FALSE] SKIP meshmodifiers/element_subdomain_modifier.error-distributed ..................... [MESH_MODE!=DISTRIBUTED] SKIP mortar/continuity-3d-non-conforming.continuity_tet14 [Minimum AD size 100 needed, but MOOSE is config...] SKIP mortar/continuity-3d-non-conforming.continuity_sphere_hex20 [Minimum AD size 200 needed, but MOOSE is...] SKIP mortar/continuity-3d-non-conforming.continuity_sphere_hex27-debug-mesh [Minimum AD size 200 needed, b...] SKIP mortar/continuity-3d-non-conforming.continuity_tet10 [Minimum AD size 100 needed, but MOOSE is config...] SKIP mortar/continuity-3d-non-conforming.continuity_sphere_hex27 [Minimum AD size 200 needed, but MOOSE is...] SKIP system_interfaces.thread/pthread .................................................. [THREADING!=PTHREADS] SKIP system_interfaces.partitioner/chaco ....................................................... [CHACO!=TRUE] SKIP system_interfaces.partitioner/party ....................................................... [PARTY!=TRUE] SKIP system_interfaces.compiler/clang ...................................................... [COMPILER!=CLANG] SKIP system_interfaces.libraries/boost ......................................................... [BOOST!=TRUE] SKIP fvkernels/mms/advective-outflow.QUICKLimiter .................................................... [HEAVY] SKIP utils/libtorch_nn/ann.libtorch-nn-activation/linear .................................... [LIBTORCH!=TRUE] SKIP utils/libtorch_nn/ann.libtorch-nn-optimizer/adam ....................................... [LIBTORCH!=TRUE] SKIP utils/libtorch_nn/ann.libtorch-nn-errors/wrong-activation-number ....................... [LIBTORCH!=TRUE] SKIP utils/libtorch_nn/ann.libtorch-nn-activation/relu ...................................... [LIBTORCH!=TRUE] SKIP utils/libtorch_nn/ann.libtorch-nn-activation/elu ....................................... [LIBTORCH!=TRUE] SKIP utils/libtorch_nn/ann.libtorch-nn-optimizer/sgd ........................................ [LIBTORCH!=TRUE] SKIP utils/libtorch_nn/ann.libtorch-nn-optimizer/adagrad .................................... [LIBTORCH!=TRUE] SKIP utils/libtorch_nn/ann.libtorch-nn-errors/wrong-optimizer ............................... [LIBTORCH!=TRUE] SKIP utils/libtorch_nn/ann.libtorch-nn-activation/gelu ...................................... [LIBTORCH!=TRUE] SKIP utils/libtorch_nn/ann.libtorch-nn-optimizer/rmsprop .................................... [LIBTORCH!=TRUE] SKIP utils/libtorch_nn/ann.libtorch-nn-errors/wrong-activation .............................. [LIBTORCH!=TRUE] SKIP utils/libtorch_nn/ann.libtorch-nn-activation/sigmoid ................................... [LIBTORCH!=TRUE] SKIP mesh/splitting.meshgenerators_acting_on_split .................................. [MESH_MODE!=DISTRIBUTED] SKIP mesh/splitting.split_with_distributed_error .................................... [MESH_MODE!=DISTRIBUTED] SKIP partitioners/petsc_partitioner.party ...................................................... [PARTY!=TRUE] SKIP partitioners/petsc_partitioner.chaco ............ [PLATFORM!=DARWIN, CHACO!=TRUE, --with-dof-id-bytes!=4] SKIP mortar/periodic_segmental_constraint.penalty_periodic_split [Minimum AD size 100 needed, but MOOSE is...] SKIP mortar/periodic_segmental_constraint.periodic_simple2d [Minimum AD size 100 needed, but MOOSE is conf...] SKIP mortar/periodic_segmental_constraint.periodic_aux2d [Minimum AD size 100 needed, but MOOSE is configu...] SKIP mortar/periodic_segmental_constraint.periodic_simple3d [Minimum AD size 100 needed, but MOOSE is conf...] SKIP mortar/periodic_segmental_constraint.penalty_periodic_simple3d [Minimum AD size 100 needed, but MOOSE...] SKIP dgkernels/2d_diffusion_dg.proper_ghosting_with_action_parallel_distributed ..... [MESH_MODE!=DISTRIBUTED] SKIP dgkernels/2d_diffusion_dg.no_additional_rms_distributed ........................ [MESH_MODE!=DISTRIBUTED] SKIP dgkernels/2d_diffusion_dg.proper_ghosting_with_action_serial_distributed ....... [MESH_MODE!=DISTRIBUTED] SKIP misc/jacobian.inf_nan ................................................. [using PETSc 3.21.4 REQ: <3.19.3] SKIP misc/signal_handler.test_signal_debug ..................................................... [METHOD!=DBG] SKIP misc/signal_handler.test_signal_recover_debug .......................... [METHOD!=DBG,skipped dependency] SKIP misc/signal_handler.test_signal_recover_exodiff_debug .................. [METHOD!=DBG,skipped dependency] SKIP meshgenerators/sideset_around_subdomain_generator.group/adjacent_to_boundary ... [MESH_MODE!=DISTRIBUTED] SKIP mortar/convergence-studies/continuity-3d.p2p2 [Minimum AD size 100 needed, but MOOSE is configured wi...] SKIP mortar/convergence-studies/continuity-3d.p1p1dual ............................................... [HEAVY] SKIP mortar/convergence-studies/continuity-3d.p1p1 ................................................... [HEAVY] SKIP mortar/convergence-studies/continuity-3d.p1p0 ................................................... [HEAVY] SKIP mortar/convergence-studies/continuity-3d.p2p1 [Minimum AD size 100 needed, but MOOSE is configured wi...] SKIP mortar/convergence-studies/continuity-3d.p2p0 [Minimum AD size 100 needed, but MOOSE is configured wi...] SKIP mortar/ad_periodic_segmental_constraint.penalty_periodic_simple3d [Minimum AD size 100 needed, but MO...] SKIP mortar/ad_periodic_segmental_constraint.periodic_simple2d [Minimum AD size 100 needed, but MOOSE is c...] SKIP mortar/ad_periodic_segmental_constraint.periodic_simple3d [Minimum AD size 100 needed, but MOOSE is c...] SKIP meshgenerators/block_to_mesh_converter_generator.errors/distributed ............ [MESH_MODE!=DISTRIBUTED] SKIP controls/error.tid_warehouse_error ........................................................ [METHOD!=DBG] SKIP outputs/nemesis.nemesis_scalar_distributed ..................................... [MESH_MODE!=DISTRIBUTED] SKIP outputs/nemesis.nemesis_elemental_distributed .................................. [MESH_MODE!=DISTRIBUTED] SKIP outputs/vtk.solution/diff_parallel_mesh ................................. [#6149, MESH_MODE!=DISTRIBUTED] SKIP performance.os/linux ................................................................. [PLATFORM!=DARWIN] SKIP performance.os/macOS ................................................................. [PLATFORM!=DARWIN] SKIP mortar/convergence-studies/solution-continuity.p1p0 ............................................. [HEAVY] SKIP mortar/convergence-studies/solution-continuity.p2p2 ............................................. [HEAVY] SKIP mortar/convergence-studies/solution-continuity.p1p1 ............................................. [HEAVY] SKIP mortar/convergence-studies/solution-continuity.p2p1 ............................................. [HEAVY] SKIP mortar/convergence-studies/solution-continuity.p2p0 ............................................. [HEAVY] SKIP mortar/convergence-studies/gap-conductance.p2p0 ................................................. [HEAVY] SKIP mortar/convergence-studies/gap-conductance.p2p2 ................................................. [HEAVY] SKIP mortar/convergence-studies/gap-conductance.p1p0 ................................................. [HEAVY] SKIP mortar/convergence-studies/gap-conductance.p2p1 ................................................. [HEAVY] SKIP mortar/convergence-studies/gap-conductance.p1p1 ................................................. [HEAVY] SKIP parser/param_substitution.debug_units ..................................................... [METHOD!=DBG] SKIP partitioners/block_weighted_partitioner.tests/distributed_mesh ................. [MESH_MODE!=DISTRIBUTED] SKIP fvkernels/fv_adapt.steady-mms ................................................................... [HEAVY] SKIP functions/image_function/error.errors/no_vtk ............................................... [VTK!=FALSE] SKIP controls/libtorch_nn_control.run-torch-script .......................................... [LIBTORCH!=TRUE] SKIP controls/libtorch_nn_control.invalid-torchscript-error ................................. [LIBTORCH!=TRUE] SKIP controls/libtorch_nn_control.run-with-torch-parameters ................................. [LIBTORCH!=TRUE] SKIP controls/libtorch_nn_control.run-without-nn ............................................ [LIBTORCH!=TRUE] SKIP transfers/multiapp_interpolation_transfer.fromsub_restricted ......................... [PLATFORM!=DARWIN] SKIP outputs/png.image_tests/square_domain .................................................... [LIBPNG!=TRUE] SKIP outputs/png.image_tests/wedge ............................................................ [LIBPNG!=TRUE] SKIP outputs/png.image_tests/adv_diff_reaction ................................................ [LIBPNG!=TRUE] SKIP outputs/tecplot.test_binary ............................................................. [TECPLOT!=TRUE] SKIP vectorpostprocessors/work_balance.work_balance/distributed ..................... [MESH_MODE!=DISTRIBUTED] SKIP fvkernels/mms/non-orthogonal.compact ............................................................ [HEAVY] SKIP fvkernels/mms/non-orthogonal.extended ................................................... [#20953, HEAVY] SKIP relationship_managers/two_rm.evaluable_neighbors/distributed ................... [MESH_MODE!=DISTRIBUTED] SKIP relationship_managers/two_rm.evaluable_neighbors/replicated .................... [--with-dof-id-bytes!=4] SKIP utils/libtorch_nn/torch_script.libtorch-torch-script ................................... [LIBTORCH!=TRUE] SKIP misc/check_error.uo_pps_name_collision_test .................................. FAILED (EXPECTED ERROR MISSING) misc/check_error.function_file_test3 ......................................... FAILED (EXPECTED ERROR MISSING) misc/check_error.coupled_nodal_for_non_nodal_variable_older .................. FAILED (EXPECTED ERROR MISSING) misc/check_error.function_file_test13 ........................................ FAILED (EXPECTED ERROR MISSING) misc/check_error.coupling_scalar_into_field .................................. FAILED (EXPECTED ERROR MISSING) misc/check_error.missing_active_section_test ................................. FAILED (EXPECTED ERROR MISSING) misc/check_error.constraint_with_aux_var ..................................... FAILED (EXPECTED ERROR MISSING) misc/check_error.missing_req_par_action_obj_test ............................. FAILED (EXPECTED ERROR MISSING) misc/check_error.deprecated_param_no_default ................................ FAILED (EXPECTED OUTPUT MISSING) misc/check_error.override_name_variable_test ................................. FAILED (EXPECTED ERROR MISSING) misc/check_error.coupled_constant_yet_needs_name ............................. FAILED (EXPECTED ERROR MISSING) misc/check_error.uo_vector_pps_name_collision_test ........................... FAILED (EXPECTED ERROR MISSING) misc/check_error.function_file_test14 ........................................ FAILED (EXPECTED ERROR MISSING) misc/check_error.function_file_test4 ......................................... FAILED (EXPECTED ERROR MISSING) misc/check_error.missing_coupled_mat_prop_test ............................... FAILED (EXPECTED ERROR MISSING) misc/check_error.coupling_nonexistent_field .................................. FAILED (EXPECTED ERROR MISSING) misc/check_error.missing_req_par_mesh_block_test ............................. FAILED (EXPECTED ERROR MISSING) misc/check_error.scalar_aux_kernel_with_var .................................. FAILED (EXPECTED ERROR MISSING) misc/check_error.bad_enum_test ............................................... FAILED (EXPECTED ERROR MISSING) misc/check_error.double_restrict_uo_test ..................................... FAILED (EXPECTED ERROR MISSING) misc/check_error.rz_3d_error_check_test ...................................... FAILED (EXPECTED ERROR MISSING) misc/check_error.check_syntax_ok ............................................ FAILED (EXPECTED OUTPUT MISSING) misc/check_error.missing_executioner ......................................... FAILED (EXPECTED ERROR MISSING) misc/check_error.wrong_object_test ........................................... FAILED (EXPECTED ERROR MISSING) misc/check_error.function_file_test5 ......................................... FAILED (EXPECTED ERROR MISSING) misc/check_error.coupling_nonexistent_scalar ................................. FAILED (EXPECTED ERROR MISSING) misc/check_error.function_file_test15 ........................................ FAILED (EXPECTED ERROR MISSING) misc/check_error.coupled_grad_without_declare ................................ FAILED (EXPECTED ERROR MISSING) misc/check_error.dirac_kernel_with_aux_var ................................... FAILED (EXPECTED ERROR MISSING) misc/check_error.bad_executioner_test ........................................ FAILED (EXPECTED ERROR MISSING) misc/check_error.missing_req_par_moose_obj_test .............................. FAILED (EXPECTED ERROR MISSING) misc/check_error.check_syntax_error .......................................... FAILED (EXPECTED ERROR MISSING) misc/check_error.dynamic_check_name_block_mismatch_test ...................... FAILED (EXPECTED ERROR MISSING) misc/check_error.same_name_variable_test ..................................... FAILED (EXPECTED ERROR MISSING) misc/check_error.wrong_action_spelling ....................................... FAILED (EXPECTED ERROR MISSING) misc/check_error.nodal_bc_on_elemental_var ................................... FAILED (EXPECTED ERROR MISSING) misc/check_error.function_file_test6 ......................................... FAILED (EXPECTED ERROR MISSING) misc/check_error.coupling_itself ............................................. FAILED (EXPECTED ERROR MISSING) misc/check_error.function_file_test16 ........................................ FAILED (EXPECTED ERROR MISSING) misc/check_error.missing_function_file_test .................................. FAILED (EXPECTED ERROR MISSING) misc/check_error.dg_kernel_with_aux_var ...................................... FAILED (EXPECTED ERROR MISSING) misc/check_error.missing_required_param_in_kernel_test ....................... FAILED (EXPECTED ERROR MISSING) misc/check_error.bad_kernel_test ............................................. FAILED (EXPECTED ERROR MISSING) misc/check_error.check_syntax_no_input ....................................... FAILED (EXPECTED ERROR MISSING) misc/check_error.check_git_lfs_pointer ....................................... FAILED (EXPECTED ERROR MISSING) misc/check_error.subdomain_restricted_auxkernel_test ......................... FAILED (EXPECTED ERROR MISSING) misc/check_error.dynamic_check_name_block_test ............................... FAILED (EXPECTED ERROR MISSING) misc/check_error.coupling_itself_ad .......................................... FAILED (EXPECTED ERROR MISSING) misc/check_error.wrong_input_switch ......................................... FAILED (EXPECTED OUTPUT MISSING) misc/check_error.function_file_test17 ........................................ FAILED (EXPECTED ERROR MISSING) --------------------------------------------------------------------------------------------------------------\nRan 50 tests in 20.5 seconds. Average test time 0.6 seconds, maximum test time 1.2 seconds.\n0 passed, 93 skipped, 0 pending, 50 FAILED MAX FAILURES REACHED",
          "url": "https://github.com/idaholab/moose/discussions/28523",
          "updatedAt": "2024-09-03T04:38:21Z",
          "publishedAt": "2024-09-02T03:16:27Z",
          "category": {
            "name": "Q&A General"
          },
          "comments": {
            "edges": [
              {
                "node": {
                  "author": {
                    "login": "GiudGiud"
                  },
                  "bodyText": "Hello\nThere is an ongoing known failure. See #28494\nFor now the solution is to revert to an older conda package or build from source\nGuillaume",
                  "url": "https://github.com/idaholab/moose/discussions/28523#discussioncomment-10520158",
                  "updatedAt": "2024-09-02T11:57:33Z",
                  "publishedAt": "2024-09-02T11:57:33Z",
                  "isAnswer": true,
                  "replies": {
                    "edges": []
                  }
                }
              }
            ]
          }
        }
      },
      {
        "node": {
          "title": "Question about coupling external codes in MOOSE",
          "author": {
            "login": "Ethan-xj"
          },
          "bodyText": "Check these boxes if you have followed the posting rules.\n\n Q&A General is the most appropriate section for my question\n I have consulted the posting Guidelines on the Discussions front page\n I have searched the Discussions forum and my question has not been asked before\n I have searched the MOOSE website and the documentation does not answer my question\n I have formatted my post following the posting guidelines (screenshots as a last resort, triple back quotes around pasted text)\n\nQuestion\nHello everyone, I'm doing some coupling works based on MOOSE. In detail, I'm coupling two external codes and they are solved by their own solvers. If I want to use MOOSE to control the coupling and solving of external programs, which features of MOOSE should I utilize? Could you provide some recommendations? Thank you very much.\nEthan",
          "url": "https://github.com/idaholab/moose/discussions/28287",
          "updatedAt": "2024-09-02T11:54:26Z",
          "publishedAt": "2024-08-02T08:24:00Z",
          "category": {
            "name": "Q&A General"
          },
          "comments": {
            "edges": [
              {
                "node": {
                  "author": {
                    "login": "GiudGiud"
                  },
                  "bodyText": "Hello\nOne of the ways to do this is to use the ExternalProblem class. There are not very many examples outside of moose.\nI think Cardinal used to use an external problem",
                  "url": "https://github.com/idaholab/moose/discussions/28287#discussioncomment-10222286",
                  "updatedAt": "2024-08-02T10:24:55Z",
                  "publishedAt": "2024-08-02T10:24:54Z",
                  "isAnswer": false,
                  "replies": {
                    "edges": [
                      {
                        "node": {
                          "author": {
                            "login": "Ethan-xj"
                          },
                          "bodyText": "OK Giud. But Cardinal doesn't have many documents about the code structure. So it's a bit hard for me to understand the coupling strategy of Cardinal.",
                          "url": "https://github.com/idaholab/moose/discussions/28287#discussioncomment-10228431",
                          "updatedAt": "2024-08-03T01:53:55Z",
                          "publishedAt": "2024-08-03T01:53:55Z",
                          "isAnswer": false
                        }
                      },
                      {
                        "node": {
                          "author": {
                            "login": "GiudGiud"
                          },
                          "bodyText": "The main idea is that it is creating a new Problem class to order the solve steps\nhttps://github.com/neams-th-coe/cardinal/blob/devel/src/base/CardinalProblem.C\nThen there is custom data mappings between Nek/OpenMC data and MOOSE, which is passed between codes using user objects\nhttps://github.com/neams-th-coe/cardinal/blob/devel/src/userobjects/NekBinnedSideIntegral.C\nAn alternate example is the Petsc external problem. This is a lot more hard-coded for a specific PETSc solve (which is arguably not the best practice)\nThere too a new Problem class orders the solve\nhttps://github.com/idaholab/moose/blob/next/modules/external_petsc_solver/src/problems/ExternalPETScProblem.C",
                          "url": "https://github.com/idaholab/moose/discussions/28287#discussioncomment-10230736",
                          "updatedAt": "2024-08-03T13:54:11Z",
                          "publishedAt": "2024-08-03T13:48:01Z",
                          "isAnswer": true
                        }
                      },
                      {
                        "node": {
                          "author": {
                            "login": "Ethan-xj"
                          },
                          "bodyText": "Thanks and I will take it as refer!",
                          "url": "https://github.com/idaholab/moose/discussions/28287#discussioncomment-10472247",
                          "updatedAt": "2024-08-28T08:27:49Z",
                          "publishedAt": "2024-08-28T08:27:48Z",
                          "isAnswer": false
                        }
                      },
                      {
                        "node": {
                          "author": {
                            "login": "Ethan-xj"
                          },
                          "bodyText": "@GiudGiud Hi Giud. I have some other questions. Can MOOSE run an external program through a static library, or must it be done through a dynamic library? Currently, I have two external programs that need to run, but they have different compilation environments, and I'm not sure how to resolve this issue.\nEthan",
                          "url": "https://github.com/idaholab/moose/discussions/28287#discussioncomment-10515771",
                          "updatedAt": "2024-09-02T02:40:59Z",
                          "publishedAt": "2024-09-02T02:40:58Z",
                          "isAnswer": false
                        }
                      },
                      {
                        "node": {
                          "author": {
                            "login": "GiudGiud"
                          },
                          "bodyText": "Both external problems need to couple in memory? You can't call them in a script?\nI think both are options. Dynamic is definitely easier if they are moose apps",
                          "url": "https://github.com/idaholab/moose/discussions/28287#discussioncomment-10515915",
                          "updatedAt": "2024-09-02T03:10:12Z",
                          "publishedAt": "2024-09-02T03:10:11Z",
                          "isAnswer": false
                        }
                      },
                      {
                        "node": {
                          "author": {
                            "login": "Ethan-xj"
                          },
                          "bodyText": "Yes in memory. I want to use MOOSE to control the transient solution for two programs.\nAnd they are not moose apps. So, I am wondering if static libraries are less dependent on the environment at runtime, which might make them easier to use.",
                          "url": "https://github.com/idaholab/moose/discussions/28287#discussioncomment-10516039",
                          "updatedAt": "2024-09-02T03:29:56Z",
                          "publishedAt": "2024-09-02T03:29:56Z",
                          "isAnswer": false
                        }
                      },
                      {
                        "node": {
                          "author": {
                            "login": "GiudGiud"
                          },
                          "bodyText": "Static libraries will grow the executable. I'm not sure if there are much differences with regards to depending on the environment. Do you mean you plan to compile on one machine and run on another?\nI think standard practice in moose is to build and link dynamic libraries. You will find more examples for dynamic libraries",
                          "url": "https://github.com/idaholab/moose/discussions/28287#discussioncomment-10520113",
                          "updatedAt": "2024-09-02T11:54:27Z",
                          "publishedAt": "2024-09-02T11:54:26Z",
                          "isAnswer": false
                        }
                      }
                    ]
                  }
                }
              }
            ]
          }
        }
      },
      {
        "node": {
          "title": "Raytracing for powder bed absorptivity calculations",
          "author": {
            "login": "B09di"
          },
          "bodyText": "Hello MOOSE community.\nI'm interested in implementing raytracing in MOOSE to calculate Absorptivity of powder bed in the context of Laser Powder Bed Fusion/Selective Laser Sintering  for some configuration/microstructure I have which uses diffuse interface. If anyone has a clue how to implement it in MOOSE, please share the idea or an input file for a similar problem. Any help is highly appreciated.",
          "url": "https://github.com/idaholab/moose/discussions/20098",
          "updatedAt": "2024-09-01T20:53:46Z",
          "publishedAt": "2022-01-21T12:41:38Z",
          "category": {
            "name": "Q&A General"
          },
          "comments": {
            "edges": [
              {
                "node": {
                  "author": {
                    "login": "GiudGiud"
                  },
                  "bodyText": "Hello\nHow is the powder going to be represented in the model exactly?\nGuillaume",
                  "url": "https://github.com/idaholab/moose/discussions/20098#discussioncomment-2016416",
                  "updatedAt": "2022-09-14T03:55:27Z",
                  "publishedAt": "2022-01-21T15:37:30Z",
                  "isAnswer": true,
                  "replies": {
                    "edges": [
                      {
                        "node": {
                          "author": {
                            "login": "B09di"
                          },
                          "bodyText": "Hello Guillaume. Thank you for your response.\nFirst of all, we generated powder bed using GeoDict allowing for point contact between the particles. We then ran PhaseField sintering simulations on it to allow for some neck growth between the particles. we have the resultant microstructure for which we want to determine the absorptivity. We want to represent the resultant microstructure/powder bed using unstructured finite element mesh in the model.",
                          "url": "https://github.com/idaholab/moose/discussions/20098#discussioncomment-2017156",
                          "updatedAt": "2022-09-14T03:55:29Z",
                          "publishedAt": "2022-01-21T17:07:12Z",
                          "isAnswer": false
                        }
                      },
                      {
                        "node": {
                          "author": {
                            "login": "GiudGiud"
                          },
                          "bodyText": "so you have an explicitly heterogeneous geometry?\nand you have volumetric properties for laser absorption, and reflectivity for the surfaces?\nhow big is the laser compared to the particles?",
                          "url": "https://github.com/idaholab/moose/discussions/20098#discussioncomment-2017712",
                          "updatedAt": "2022-09-14T03:55:30Z",
                          "publishedAt": "2022-01-21T18:15:16Z",
                          "isAnswer": false
                        }
                      },
                      {
                        "node": {
                          "author": {
                            "login": "GiudGiud"
                          },
                          "bodyText": "@B09di any news on this?",
                          "url": "https://github.com/idaholab/moose/discussions/20098#discussioncomment-2281711",
                          "updatedAt": "2022-09-14T03:55:31Z",
                          "publishedAt": "2022-03-02T16:25:57Z",
                          "isAnswer": false
                        }
                      },
                      {
                        "node": {
                          "author": {
                            "login": "liang-tech"
                          },
                          "bodyText": "I have the same idea as B09di. The powder bed has many particles/spheres that can absorb  the energy of laser and reflect the laser. In phase field, we can use an order parameter c to represent solid/particle (c =1) and gas (c = 0). Therefore, the laser can transport in the gas and be absorbed by the solid surface. For the question \"how big is the laser compared to the particles?\", the particles and the laser have the same radius. The laser beam should be splited into many parts due to heterogeneity power.",
                          "url": "https://github.com/idaholab/moose/discussions/20098#discussioncomment-10500007",
                          "updatedAt": "2024-08-30T14:37:46Z",
                          "publishedAt": "2024-08-30T14:37:46Z",
                          "isAnswer": false
                        }
                      },
                      {
                        "node": {
                          "author": {
                            "login": "GiudGiud"
                          },
                          "bodyText": "so you are envisioning this as a ray tracing problem? Or should you be capturing diffraction?",
                          "url": "https://github.com/idaholab/moose/discussions/20098#discussioncomment-10508163",
                          "updatedAt": "2024-08-31T17:49:32Z",
                          "publishedAt": "2024-08-31T17:49:31Z",
                          "isAnswer": false
                        }
                      },
                      {
                        "node": {
                          "author": {
                            "login": "liang-tech"
                          },
                          "bodyText": "I think it is more like a problem about geometrical optics. We need to track the path of laser beam and find the area absorbing the energy from laser. (Reference:  Zhou Xu, Wang Ze-kun, Liu Peng Hu Mou-bin. Discrepancies between Gaussian surface heat source model and ray tracing heat source model for numerical simulation of selective laser melting. Comput Mech 2022. Doi: 10.1007/s00466-022-02235-1.)",
                          "url": "https://github.com/idaholab/moose/discussions/20098#discussioncomment-10511006",
                          "updatedAt": "2024-09-01T08:47:20Z",
                          "publishedAt": "2024-09-01T08:47:19Z",
                          "isAnswer": false
                        }
                      },
                      {
                        "node": {
                          "author": {
                            "login": "GiudGiud"
                          },
                          "bodyText": "If you can make it work with ray tracing or finite elements feel free to try. Otherwise I think moose won't be the right tool",
                          "url": "https://github.com/idaholab/moose/discussions/20098#discussioncomment-10514533",
                          "updatedAt": "2024-09-01T20:53:47Z",
                          "publishedAt": "2024-09-01T20:53:46Z",
                          "isAnswer": false
                        }
                      }
                    ]
                  }
                }
              }
            ]
          }
        }
      },
      {
        "node": {
          "title": "make a MooseApp use another MooseApp",
          "author": {
            "login": "jmeier"
          },
          "bodyText": "Check these boxes if you have followed the posting rules.\n\n I have consulted the Posting Guidelines.\n I have searched the Discussions Forum and MOOSE Framework Troubleshooting and have not found what I was looking for\n Q&A Getting Started is the most appropriate category for my question (trouble installing, beginner user, ...)\n\nIssue or question about MOOSE\nDear Moose-Community,\nAfter creating my moose-app, I can select the modules to be used in the Makefile. Now I like to add my own module. But I want to create my own module not below moose/modules but in a own \"library-\"MooseApp. Then my regular MooseApp should use the official Moose folder and pull in my \"library-\"MooseApp.\nBackground: I'd like to avoid to copy&paste the C++ code of my \"library-\"MooseApp to all of my regular MooseApps.\nI think I'm missing the right words and terms here - but I hope you can guess my desire.\nIs there an \"official\" way to have my MooseApp using the regular Moose in its own untouched folder side by side with an \"library-\"MooseApp?\nJ\u00f6rg\n(Optional) code in question / simulation log / errors\nNo response\nEncountering Errors? Please include diagnostic output\nNo response",
          "url": "https://github.com/idaholab/moose/discussions/28445",
          "updatedAt": "2024-09-01T20:52:50Z",
          "publishedAt": "2024-08-21T12:53:36Z",
          "category": {
            "name": "Q&A Getting Started"
          },
          "comments": {
            "edges": [
              {
                "node": {
                  "author": {
                    "login": "GiudGiud"
                  },
                  "bodyText": "Hello\nYou can link moose apps together. There are examples in Cardinal and in FENIX\nIt's mostly modifications to the Makefile and to the XYZApp file in base/\nCasey is doing this in this PR\nidaholab/fenix#53\nThere are also examples in Cardinal for linking in Griffin, bison etc",
                  "url": "https://github.com/idaholab/moose/discussions/28445#discussioncomment-10409142",
                  "updatedAt": "2024-08-21T15:01:17Z",
                  "publishedAt": "2024-08-21T15:01:16Z",
                  "isAnswer": true,
                  "replies": {
                    "edges": [
                      {
                        "node": {
                          "author": {
                            "login": "jmeier"
                          },
                          "bodyText": "Dear Guillaume,\nThanks for the links and references. It looks promising, what they are doing.\nWhile working on this I realized I should change my question a bit:\nFor most of my use-cases here I do not need a full grown libraray-MooseApp on the other end. It would be sufficient if I only have a folder (e.g. /contrib/bla/) containing the source files in the subfolders /contrib/bla/src and /contrib/bla/include to be also considered when compiling my moose app. Now the idea is to provide /contrib/bla/ as a git-submodule. The modifications to the users MooseApp should be as minimal as possibe (beside adding a git-submodule in /contrib).\nTherefore, I'd like to rephrase my question: How to make Moose consider the files in /contrib/bla/src and /contrib/bla/include in addition to the files located in /src and /include of my MooseApp when compiling?\nMy current progress is as follows:\n\n\nI have a github repository to be added as a git submodule to a user-MooseApp under /contrib to be found here:\nhttps://github.com/jmeier/moose-code-plugin\n\n\nIn addition to clone my repo as a submodule, the user has to add the following lines to the end of his MooseApp-Makefile\ncontrib_mk := $(shell find $(CURDIR)/contrib/ -name \"*.mk\")\ninclude $(contrib_mk)\n\n\n\nThe user is also asked to provide a AppName.h file containing his app name. Using this const I can provide functions, userobjectes, etc. registered to his app (e.g. registerMooseObject(APPNAME, StepFunction);). By the way: this should be standard for MooseApps to have its own name as a const. The content of AppName.h should be something like:\n#pragma once\ninline constexpr char APPNAME[] = \"NameOfYourApp\";\n\n\n\nMy submodule brings its own Makefile and should tell the MooseApp to also consider the submodule source files when compiling.\n\n\nThe last step does not seem to work. Currently, moose-code-plugin/codeplugin.mk looks like:\n# what is the path of the dir we are in?\nmkfile_path := $(abspath $(lastword $(MAKEFILE_LIST)))\ncurrent_dir := $(shell dirname $(mkfile_path))\n\nADDITIONAL_CPPFLAGS += $(foreach i, $(shell find $(current_dir)/include -type d), -I $(i))\n\nfragment_srcfiles := $(shell find $(current_dir)/src -name \"*.C\")\nfragment_objs := $(patsubst %.C, %.$(obj-suffix), $(fragment_srcfiles))\ninclude $(fragment_objs)\n\nADDITIONAL_APP_OBJECTS += $(fragment_objs)\n\nWhen compiling the users MooseApp, the source file names are mentioned on the console output (Compiling C++ ...) and the MooseApp executable is created. But when I try to use the functions/userobjects/etc. defined inside  /contrib/bla/src and /contrib/bla/include in an Moose-input-file, Moose tells me the objects are not registerd.\nMy assumption is: I'm compiling the files, but they dont get linked.\nOne more question: I've seen that Moose is compiling the users code in MooseApp/src and MooseApp/include in a \"unity\" build. My codeplugin.mk seems not to do a unity build. Is this also part of my problem?\n\n  \n    \n      moose/framework/app.mk\n    \n    \n        Lines 70 to 113\n      in\n      307442a\n    \n  \n  \n    \n\n        \n          \n           ### Unity Build ### \n        \n\n        \n          \n           ifeq ($(MOOSE_UNITY),true) \n        \n\n        \n          \n            \n        \n\n        \n          \n           unity_src_dir := $(APPLICATION_DIR)/build/unity_src \n        \n\n        \n          \n            \n        \n\n        \n          \n           # Build unity buiild directory \n        \n\n        \n          \n           $(eval $(call unity_dir_rule, $(unity_src_dir))) \n        \n\n        \n          \n            \n        \n\n        \n          \n           # Exclude .libs... but also: exclude unity building src. \n        \n\n        \n          \n           # The idea here is that if all they have is src then it's a big jumble of stuff \n        \n\n        \n          \n           # that won't benefit from unity building \n        \n\n        \n          \n           # Also, exclude the base directory by default because it's another big jumble \n        \n\n        \n          \n           # of unrelated stuff. \n        \n\n        \n          \n           non_unity_dirs := %.libs %/src $(app_non_unity_dirs) \n        \n\n        \n          \n            \n        \n\n        \n          \n           # Find all of the top-level subdirectories in our src folder(s) \n        \n\n        \n          \n           # We will create a Unity file for each individual subdirectory \n        \n\n        \n          \n           # The idea is that files grouped withing a subdirectory are closely related \n        \n\n        \n          \n           # and will benefit from a Unity build \n        \n\n        \n          \n           srcsubdirs := $(shell find $(APPLICATION_DIR)/src -maxdepth 1 -type d -not -path '*/.libs*') \n        \n\n        \n          \n           allsrcsubdirs := $(shell find $(APPLICATION_DIR)/src -type d -not -path '*/.libs*') \n        \n\n        \n          \n            \n        \n\n        \n          \n           # Filter out the paths we don't want to Unity build \n        \n\n        \n          \n           unity_srcsubdirs := $(filter-out $(non_unity_dirs), $(srcsubdirs)) \n        \n\n        \n          \n           non_unity_srcsubdirs := $(filter $(non_unity_dirs), $(allsrcsubdirs)) \n        \n\n        \n          \n            \n        \n\n        \n          \n           # This is a biggie \n        \n\n        \n          \n           # Loop over the subdirectories, creating a rule to create the Unity source file \n        \n\n        \n          \n           # for each subdirectory.  To do that we need to create a unique name using the \n        \n\n        \n          \n           # full hierarchy of the path underneath src \n        \n\n        \n          \n           $(foreach srcsubdir,$(unity_srcsubdirs),$(eval $(call unity_file_rule,$(call unity_unique_name,$(unity_src_dir),$(APPLICATION_DIR),$(srcsubdir)),$(shell find $(srcsubdir) \\( -type f -o -type l \\) -regex \"[^\\#~]*\\.C\"),$(srcsubdir),$(unity_src_dir)))) \n        \n\n        \n          \n            \n        \n\n        \n          \n           # This creates the whole list of Unity source files so we can use it as a dependency \n        \n\n        \n          \n           app_unity_srcfiles := $(foreach srcsubdir,$(unity_srcsubdirs),$(call unity_unique_name,$(unity_src_dir),$(APPLICATION_DIR),$(srcsubdir))) \n        \n\n        \n          \n            \n        \n\n        \n          \n           # Add to the global list of unity source files \n        \n\n        \n          \n           unity_srcfiles += $(app_unity_srcfiles) \n        \n\n        \n          \n            \n        \n\n        \n          \n           # Pick up all of the additional files in the src directory since we're not unity building those \n        \n\n        \n          \n           app_non_unity_srcfiles := $(shell find $(non_unity_srcsubdirs) -maxdepth 1 \\( -type f -o -type l \\) -regex \"[^\\#~]*\\.C\" $(find_excludes)) \n        \n\n        \n          \n            \n        \n\n        \n          \n           # Override srcfiles \n        \n\n        \n          \n           srcfiles    := $(app_unity_srcfiles) $(app_non_unity_srcfiles) \n        \n\n        \n          \n           endif",
                          "url": "https://github.com/idaholab/moose/discussions/28445#discussioncomment-10426233",
                          "updatedAt": "2024-08-23T05:33:57Z",
                          "publishedAt": "2024-08-23T05:33:56Z",
                          "isAnswer": false
                        }
                      },
                      {
                        "node": {
                          "author": {
                            "login": "GiudGiud"
                          },
                          "bodyText": "If you do a syntax dump with  --json &> dump\ndo you find your objects?\nDid you remember to re-register the contrib source files? By default they are registered to the app in the contrib I imagine, not the app you are using. So you would need to add some code in MainApp.C to register the contrib app. See Cardinal or FENIX again for examples of doing that",
                          "url": "https://github.com/idaholab/moose/discussions/28445#discussioncomment-10431479",
                          "updatedAt": "2024-08-23T14:35:47Z",
                          "publishedAt": "2024-08-23T14:35:46Z",
                          "isAnswer": false
                        }
                      },
                      {
                        "node": {
                          "author": {
                            "login": "jmeier"
                          },
                          "bodyText": "If you do a syntax dump with --json &> dump\ndo you find your objects?\n\nI did some testing:\n\n\nFirst I have all my code in MyApp/include and MyApp/src and I compiled my app. This is the test-case without the desired usage of the contrib folder\n\n\nDoing now --dump MyObjectName shows my objects. And the objects can be used in my Moose simulation.\n\n\nNow I move my code into MyApp/contrib/MyFragment/include and MyApp/contrib/MyFragment/src and having my codeplugin.mk in place.\n\n\nNow I compile my app using make -j 32 (please note: without -B): make does not realize my missing source files and quits immediately and tells me its done. --> this alone is not good\n\n\nDoing now --dump MyObjectName still shows my object. And the objects can be used in my Moose simulation.\n\n\nNow I compile my app using make -j 32 -B (please note: with -B): make does all the compiling and linking sucessfully.\nIn the output I can see Compiling C++ (in opt mode) /home/USERNAME/projects/MyApp/contrib/MyFragment/src/MyObjectName.C... as one of the first files to be compiled. Before all the stuff in moose/framework\n\n\nNow I cannot use my objects anymore in a Moose simulation. Doing now --dump MyObjectName does NOT find my object and shows this error:\n*** ERROR ***\n[json.exception.type_error.305] cannot use operator[] with a string argument with null\n\n\n\n\nDid you remember to re-register the contrib source files?\n\nAs written above, the stuff in contrib is not a fully grown moose app. Its just a bunch of *.C and *.h files.\nRegistering of the objects is done for the user's app (APPNAME is a inline constexpr char):\nregisterMooseObject(APPNAME, OpalinusEigenstrainFromInitialStress);",
                          "url": "https://github.com/idaholab/moose/discussions/28445#discussioncomment-10432301",
                          "updatedAt": "2024-08-23T15:52:21Z",
                          "publishedAt": "2024-08-23T15:50:17Z",
                          "isAnswer": false
                        }
                      },
                      {
                        "node": {
                          "author": {
                            "login": "GiudGiud"
                          },
                          "bodyText": "Thanks this is plenty of information.\nYou are probably on the right track that they are not being linked.\nUsing make -n (makes it very verbose) what do you see for the linker commands?",
                          "url": "https://github.com/idaholab/moose/discussions/28445#discussioncomment-10432688",
                          "updatedAt": "2024-08-23T16:32:08Z",
                          "publishedAt": "2024-08-23T16:32:07Z",
                          "isAnswer": false
                        }
                      },
                      {
                        "node": {
                          "author": {
                            "login": "jmeier"
                          },
                          "bodyText": "The parameter -n yields 36 calls to libtool with --mode=link.\nNone of them contains the filename of one of my source files in /home/USERNAME/projects/MyApp/contrib/MyFragment\nOther code files located in MyApp/src show up in the 33rd \"linking\" ending with libmodule_loader_with_cr_em_eps_fp_fet_gc_ls_ray_rdg_rct_rich_st_ht_sp_sm_ns_con_fsi_misc_opt_pd_pf_pflow_th_st_xfem_comb-opt.la (what in turn is then used in the subsequent \"linkings\")\nMy obvious next question is now: How do I get my files into the 33rd linking?",
                          "url": "https://github.com/idaholab/moose/discussions/28445#discussioncomment-10433799",
                          "updatedAt": "2024-08-23T19:00:23Z",
                          "publishedAt": "2024-08-23T19:00:22Z",
                          "isAnswer": false
                        }
                      },
                      {
                        "node": {
                          "author": {
                            "login": "GiudGiud"
                          },
                          "bodyText": "It s got to be through one of these _src_files variables in the Makefile.\nI'm on travel. I won't sleuth through the Makefile until Monday.\nWhat you are doing is pretty unconventional imo. You might as well nest a contrib src folder under src/ and a contrib include folder under include/. Even though that won't leverage git submodules it should let the app see the code as its own",
                          "url": "https://github.com/idaholab/moose/discussions/28445#discussioncomment-10434417",
                          "updatedAt": "2024-08-23T20:40:16Z",
                          "publishedAt": "2024-08-23T20:40:15Z",
                          "isAnswer": false
                        }
                      },
                      {
                        "node": {
                          "author": {
                            "login": "jmeier"
                          },
                          "bodyText": "It would be great if you could check the makefiles next week. Thanks in advance.\nAs a further test I tried to create a symlinks to the contrib-folder (what does also not seem to work):\n\n\nIn MyApp/src to /contrib/MyFragment/src (while in MyApp/src):\n ls ../contrib/MyFragment/src MyFragment\n\n\nAnd the same for the include folder to create a symlink in MyApp/include to /contrib/MyFragment/include (while in MyApp/include):\n ls ../contrib/MyFragment/include MyFragment\n\n\nAfter compiling, my MooseApp still does not know anything about my UserObjects in /contrib/MyFragment. Make seems to ignore (and not to follow) my symlinked directory. So not an option either (and a bit hacky anyway).\nBTW: I'd also like to avoid sparse checkouts with git.",
                          "url": "https://github.com/idaholab/moose/discussions/28445#discussioncomment-10437329",
                          "updatedAt": "2024-08-24T11:30:24Z",
                          "publishedAt": "2024-08-24T11:30:23Z",
                          "isAnswer": false
                        }
                      },
                      {
                        "node": {
                          "author": {
                            "login": "GiudGiud"
                          },
                          "bodyText": "I should have time tomorrow to find how to do this",
                          "url": "https://github.com/idaholab/moose/discussions/28445#discussioncomment-10481487",
                          "updatedAt": "2024-08-29T02:00:19Z",
                          "publishedAt": "2024-08-29T02:00:18Z",
                          "isAnswer": false
                        }
                      },
                      {
                        "node": {
                          "author": {
                            "login": "jmeier"
                          },
                          "bodyText": "Thats great!\nWhile we are on this: Why dont we have -DMOOSEAPPNAME=$(APPLICATION_NAME)? Wouldn't that allow us to do something like this:\nregisterMooseObject(MOOSEAPPNAME, MyFancyMooseObject);",
                          "url": "https://github.com/idaholab/moose/discussions/28445#discussioncomment-10482726",
                          "updatedAt": "2024-08-29T05:47:23Z",
                          "publishedAt": "2024-08-29T05:47:23Z",
                          "isAnswer": false
                        }
                      },
                      {
                        "node": {
                          "author": {
                            "login": "GiudGiud"
                          },
                          "bodyText": "even when we have\nregisterMooseObject(SomeOtherApp, MyFancyMooseObject);\n\nwe can still register all the objects of SomeOtherApp to your current app, so it's not really needed.\nBut you can do this locally in your app, this is what the ADDITIONAL_CPPFLAGS variable in the Makefile is for",
                          "url": "https://github.com/idaholab/moose/discussions/28445#discussioncomment-10485418",
                          "updatedAt": "2024-08-29T10:02:25Z",
                          "publishedAt": "2024-08-29T10:02:25Z",
                          "isAnswer": false
                        }
                      }
                    ]
                  }
                }
              }
            ]
          }
        }
      },
      {
        "node": {
          "title": "Jacobian Analyzer Error",
          "author": {
            "login": "pj131611"
          },
          "bodyText": "Greetings!\nI just build and compiled Moose on a new laptop and everything works out well untill I tried \"analyzejacobian.py\". As far as I remember, all I need to do is \"analyzejacobian.py file.i\", then it will automatically output a json file that contains the jacobian. But it failed. The best I can get is when I do:\nanalyzejacobian.py -e main-opt -i main.i\nand I got:\nError executing moose based application to gather DOF map.\nI also tried main-opt -i main.i --ksp_view_mat with solve_type = NEWTON, and I got\n\nWARNING! There are options you set that were not used!\nWARNING! could be spelling mistake, etc!\nThere is one unused database option. It is:\nOption left: name:--ksp_view_mat (no value) source: command line\n\nSo I'm pretty stuck at this point. Can anyone help me out? Thanks in advance.",
          "url": "https://github.com/idaholab/moose/discussions/28520",
          "updatedAt": "2024-09-02T12:23:57Z",
          "publishedAt": "2024-08-31T09:25:15Z",
          "category": {
            "name": "Q&A Tools"
          },
          "comments": {
            "edges": [
              {
                "node": {
                  "author": {
                    "login": "GiudGiud"
                  },
                  "bodyText": "Hello\nIn main.i you can add\n[Executioner]\n  petsc_options = '-ksp_view_mat'\n[]\n\nyou might also be able to pass -ksp_view_mat on the command line, with a single dash",
                  "url": "https://github.com/idaholab/moose/discussions/28520#discussioncomment-10507484",
                  "updatedAt": "2024-08-31T15:02:06Z",
                  "publishedAt": "2024-08-31T15:02:05Z",
                  "isAnswer": true,
                  "replies": {
                    "edges": [
                      {
                        "node": {
                          "author": {
                            "login": "pj131611"
                          },
                          "bodyText": "I see, thanks! What about residuals vector?",
                          "url": "https://github.com/idaholab/moose/discussions/28520#discussioncomment-10509812",
                          "updatedAt": "2024-09-01T02:45:12Z",
                          "publishedAt": "2024-09-01T02:45:11Z",
                          "isAnswer": false
                        }
                      },
                      {
                        "node": {
                          "author": {
                            "login": "GiudGiud"
                          },
                          "bodyText": "You can print those with either a DebugResidualAux auxkernel\nOr there is an option in the Debug block iirc",
                          "url": "https://github.com/idaholab/moose/discussions/28520#discussioncomment-10509980",
                          "updatedAt": "2024-09-01T03:43:12Z",
                          "publishedAt": "2024-09-01T03:43:11Z",
                          "isAnswer": false
                        }
                      }
                    ]
                  }
                }
              }
            ]
          }
        }
      },
      {
        "node": {
          "title": "Subdomain modification",
          "author": {
            "login": "PEI0214"
          },
          "bodyText": "Check these boxes if you have followed the posting rules.\n\n Q&A General is the most appropriate section for my question\n I have consulted the posting Guidelines on the Discussions front page\n I have searched the Discussions forum and my question has not been asked before\n I have searched the MOOSE website and the documentation does not answer my question\n I have formatted my post following the posting guidelines (screenshots as a last resort, triple back quotes around pasted text)\n\nQuestion\nHello\nWhen I modified the subdomain using TimedSubdomainModifier, the displacement continued to increase at each time step. When I use CoupledVarThresholdElementSubdomainModifier modify domain, this will not happen. What causes this? Do you have any good suggestions? The input file and the results are as follows:\n\nTest1.i\n[Problem]\n  kernel_coverage_check = false\n  material_coverage_check = false\n[]\n\nBox1_inactive_id = '2'\ninactive_domain_block_ids = '${Box1_inactive_id}'\n\n[Mesh]\n  [BaseMesh]\n    type = GeneratedMeshGenerator\n    dim = 3\n    nx = 10\n    ny = 10\n    nz = 30\n    xmin = -0.5\n    xmax = +0.5\n    ymin = -0.5\n    ymax = +0.5\n    zmin = 0\n    zmax = +3\n  []\n\n  add_subdomain_ids = ${inactive_domain_block_ids}\n[]\n\n[GlobalParams]\n  displacements = 'disp_x disp_y disp_z'\n  use_displaced_mesh = false\n[]\n\n[Variables]\n  [disp_x]\n    block = '0 ${inactive_domain_block_ids}'\n  []\n  [disp_y]\n    block = '0 ${inactive_domain_block_ids}'\n  []\n  [disp_z]\n    block = '0 ${inactive_domain_block_ids}'\n  []\n[]\n\n[Physics]\n  [SolidMechanics]\n    [QuasiStatic]\n      [all]\n        strain = finite\n        add_variables = true\n        generate_output = 'stress_xx stress_yy stress_zz stress_xz strain_xx strain_yy strain_zz'\n        block = ${inactive_domain_block_ids}\n      []\n    []\n  []\n[]\n\n# ===== Gravity =====\n[Kernels]\n  [Gravity1]\n    type = Gravity\n    block = ${inactive_domain_block_ids}\n    use_displaced_mesh = false\n    variable = disp_z\n    value = -10\n  []\n[]\n\n# ===== Boundary Conditions =====\n[BCs]\n  [archor_x]\n    type = DirichletBC\n    boundary = 'back'\n    variable = disp_x\n    value = 0\n  []\n\n  [archor_y]\n    type = DirichletBC\n    boundary = 'back'\n    variable = disp_y\n    value = 0\n  []\n\n  [archor_z]\n    type = DirichletBC\n    boundary = 'back'\n    variable = disp_z\n    value = 0\n  []\n[]\n\n# ===== Materials (linear-elastic to keep it simple) =====\n[Materials]\n  [elasticity_tensor1]\n    type = ComputeIsotropicElasticityTensor\n    youngs_modulus = 50E6 # 50 MPa\n    poissons_ratio = 0.3\n    block = ${inactive_domain_block_ids}\n  []\n\n  [stress]\n    type = ComputeFiniteStrainElasticStress\n    block = ${inactive_domain_block_ids}\n  []\n\n  [density1]\n    type = GenericConstantMaterial\n    prop_names = density\n    prop_values = 2000\n    block = ${inactive_domain_block_ids}\n  []\n[]\n\n[UserObjects]\n  [GlobalSubdomainModifier]\n    type = TimedSubdomainModifier\n    times = '2'\n    blocks_from = '0'\n    blocks_to = '2'\n    execute_on = 'INITIAL TIMESTEP_BEGIN'\n  []\n[]\n\n# ===== Executioner =====\n[Executioner]\n  type = Transient\n  # automatic_scaling = true\n\n  end_time = 5\n  dt = 1\n\n  solve_type = 'PJFNK'\n  petsc_options = '-snes_converged_reason'\n  petsc_options_iname = '-pc_type -pc_factor_mat_solver_package'\n  petsc_options_value = ' lu       mumps'\n\n  nl_abs_tol = 1E-3\n  nl_max_its = 400\n\n  l_tol = 1E-3\n  l_max_its = 200\n[]\n\n[Outputs]\n  exodus = true\n[]\n\n[Debug]\n  show_var_residual_norms = true\n[]\n\n\n  \n    \n    \n\n    test1.mp4\n    \n  \n\n  \n\n  \n\n\n\n\nTest2.i\n[Problem]\n  kernel_coverage_check = false\n  material_coverage_check = false\n[]\n\nBox1_inactive_id = '2'\ninactive_domain_block_ids = '${Box1_inactive_id}'\n\n[Mesh]\n  [BaseMesh]\n    type = GeneratedMeshGenerator\n    dim = 3\n    nx = 10\n    ny = 10\n    nz = 30\n    xmin = -0.5\n    xmax = +0.5\n    ymin = -0.5\n    ymax = +0.5\n    zmin = 0\n    zmax = +3\n  []\n\n  add_subdomain_ids = ${inactive_domain_block_ids}\n[]\n\n[GlobalParams]\n  displacements = 'disp_x disp_y disp_z'\n  use_displaced_mesh = false\n[]\n\n[Variables]\n  [disp_x]\n    block = '0 ${inactive_domain_block_ids}'\n  []\n  [disp_y]\n    block = '0 ${inactive_domain_block_ids}'\n  []\n  [disp_z]\n    block = '0 ${inactive_domain_block_ids}'\n  []\n[]\n\n[Physics]\n  [SolidMechanics]\n    [QuasiStatic]\n      [all]\n        strain = finite\n        add_variables = true\n        generate_output = 'stress_xx stress_yy stress_zz stress_xz strain_xx strain_yy strain_zz'\n        block = ${inactive_domain_block_ids}\n      []\n    []\n  []\n[]\n\n# ===== Gravity =====\n[Kernels]\n  [Gravity1]\n    type = Gravity\n    block = ${inactive_domain_block_ids}\n    use_displaced_mesh = false\n    variable = disp_z\n    value = -10\n  []\n[]\n\n# ===== Boundary Conditions =====\n[BCs]\n  [archor_x]\n    type = DirichletBC\n    boundary = 'back'\n    variable = disp_x\n    value = 0\n  []\n\n  [archor_y]\n    type = DirichletBC\n    boundary = 'back'\n    variable = disp_y\n    value = 0\n  []\n\n  [archor_z]\n    type = DirichletBC\n    boundary = 'back'\n    variable = disp_z\n    value = 0\n  []\n[]\n\n# ===== Materials (linear-elastic to keep it simple) =====\n[Materials]\n  [elasticity_tensor1]\n    type = ComputeIsotropicElasticityTensor\n    youngs_modulus = 50E6 # 50 MPa\n    poissons_ratio = 0.3\n    block = ${inactive_domain_block_ids}\n  []\n\n  [stress]\n    type = ComputeFiniteStrainElasticStress\n    block = ${inactive_domain_block_ids}\n  []\n\n  [density1]\n    type = GenericConstantMaterial\n    prop_names = density\n    prop_values = 2000\n    block = ${inactive_domain_block_ids}\n  []\n[]\n\n\n# ===== Block Activation/Deactivation =====\n[Functions]\n  [Box1_ActivationStateFunction]\n    type = PiecewiseConstant\n    direction = left\n    xy_data = '0  1\n               1  1\n               2  0\n               5  0'\n  []\n[]\n\n[AuxVariables]\n  [Box1_Activation_AuxVariable]\n    family = MONOMIAL\n    order = CONSTANT\n  []\n[]\n\n[AuxKernels]\n  [Box1_Activation_FunctionAux]\n    type = FunctionAux\n    variable = 'Box1_Activation_AuxVariable'\n    function = 'Box1_ActivationStateFunction'\n    execute_on = 'INITIAL TIMESTEP_BEGIN'\n  []\n[]\n\n[UserObjects]\n  [Box1_SubdomainModifier]\n    type = CoupledVarThresholdElementSubdomainModifier\n    coupled_var = 'Box1_Activation_AuxVariable'\n    criterion_type = ABOVE\n    threshold = 0.5\n    block = 0\n    subdomain_id = 0\n    complement_subdomain_id = ${Box1_inactive_id}\n    execute_on = 'INITIAL TIMESTEP_BEGIN'\n  []\n[]\n\n# ===== Executioner =====\n[Executioner]\n  type = Transient\n  # automatic_scaling = true\n\n  end_time = 5\n  dt = 1\n\n  solve_type = 'PJFNK'\n  petsc_options = '-snes_converged_reason'\n  petsc_options_iname = '-pc_type -pc_factor_mat_solver_package'\n  petsc_options_value = ' lu       mumps'\n\n  nl_abs_tol = 1E-3\n  nl_max_its = 400\n\n  l_tol = 1E-3\n  l_max_its = 200\n[]\n\n[Outputs]\n  exodus = true\n[]\n\n[Debug]\n  show_var_residual_norms = true\n[]\n\n\n  \n    \n    \n\n    test2.mp4",
          "url": "https://github.com/idaholab/moose/discussions/28519",
          "updatedAt": "2024-08-31T15:00:39Z",
          "publishedAt": "2024-08-31T07:36:16Z",
          "category": {
            "name": "Q&A Meshing"
          },
          "comments": {
            "edges": [
              {
                "node": {
                  "author": {
                    "login": "GiudGiud"
                  },
                  "bodyText": "Duplicate post of #28521",
                  "url": "https://github.com/idaholab/moose/discussions/28519#discussioncomment-10507478",
                  "updatedAt": "2024-08-31T15:00:40Z",
                  "publishedAt": "2024-08-31T15:00:39Z",
                  "isAnswer": false,
                  "replies": {
                    "edges": []
                  }
                }
              }
            ]
          }
        }
      },
      {
        "node": {
          "title": "Thermal hydraulic model long initialisation times",
          "author": {
            "login": "jvwilliams23"
          },
          "bodyText": "Hi,\nI am running a thermal hydraulic analysis of a coolant system. The graph has about 808 FlowChannels and 557 VolumeJunctions to connect them.\nThe issue I am having is when I begin to run the simulation (using the 'combined' module solver) it takes a long time at the setup stage of \"Initializing Equation Systems\". To do this, it takes 5000 seconds and uses 814 MB memory. The mesh only has 3232 nodes and 2424 elements. I have noticed this time increases when I use more elements and also more VolumeJunctions (if I use JunctionOneToOne1Phase for all junctions with 1 inlet and 1 outlet, it takes like 300 seconds to initialise, which is still quite long).\nIs there any way to avoid this? It seems there is a variable created for every \"junction\" (also these show up in paraview as individual variables), which must cause the issue. I have attached a log file below.\nBest wishes,\nJosh\n--------------------------------------------\nSetting Up\n  Finished Setting Up Options                                                            [  5.94 s] [  186 MB]\n\n\n*** Info ***\nProjection lowers order, please expect a loss of accuracy\nStill Setting Up......\n  Initializing\n    Initializing Equation Systems........................................................................................................................................................................................................................................................................................................................................................................................................................................................................................................................................................................................................................................................................................................................................................................................................................................................................................................................................................................................................................................... [5027.27 s] [  814 MB]\n  Finished Initializing                                                                  [5030.18 s] [ 2804 MB]\nFinished Setting Up                                                                      [5079.07 s] [ 2341 MB]\n\nFramework Information:\nMOOSE Version:           git commit a643d739e2 on 2023-06-26\nLibMesh Version:\nPETSc Version:           3.16.6\nSLEPc Version:           3.16.2\nCurrent Time:            Fri Sep 22 11:07:09 2023\nExecutable Timestamp:    Tue Sep 12 15:36:10 2023\n\nParallelism:\n  Num Processors:          1\n  Num Threads:             1\n\nMesh:\n  Parallel Type:           replicated\n  Mesh Dimension:          1\n  Spatial Dimension:       3\n  Nodes:                   3232\n  Elems:                   2424\n  Num Subdomains:          808\n\nNonlinear System:\n  Num DOFs:                10057\n  Num Local DOFs:          10057\n  Variables:               { \"junction-0:rhoEV\" \"junction-0:rhoV\" \"junction-0:rhouV\" \"junction-0:rhovV\"\n                             \"junction-0:rhowV\" ... \"junction-99:rhoEV\" \"junction-99:rhoV\" \"junction-99:rhouV\"\n                             \"junction-99:rhovV\" \"junction-99:rhowV\" } { \"rhoA\" \"rhoEA\" \"rhouA\" }\n  Finite Element Types:    \"SCALAR\" \"MONOMIAL\"\n  Approximation Orders:    \"FIRST\" \"CONSTANT\"\n\nAuxiliary System:\n  Num DOFs:                34799\n  Num Local DOFs:          34799\n  Variables:               \"A\" \"A_linear\" { \"H\" \"P_hf\" \"T\" } \"T_wall\" \"e\" { \"junction-0:T\" \"junction-0:p\"\n                             \"junction-0:vel\" \"junction-100:T\" \"junction-100:p\" ... \"junction-97:p\" \"junction-97:vel\"\n                             \"junction-99:T\" \"junction-99:p\" \"junction-99:vel\" } { \"p\" \"rho\" \"v\" \"vel_x\"\n                             \"vel_y\" \"vel_z\" }\n  Finite Element Types:    \"MONOMIAL\" \"LAGRANGE\" \"MONOMIAL\" \"LAGRANGE\" \"MONOMIAL\" \"SCALAR\" \"MONOMIAL\"\n\n  Approximation Orders:    \"CONSTANT\" \"FIRST\" \"CONSTANT\" \"FIRST\" \"CONSTANT\" \"FIRST\" \"CONSTANT\"\n\nExecution Information:\n  Executioner:             Transient\n  TimeStepper:             ConstantDT\n  TimeIntegrator:          ImplicitEuler\n  Solver Mode:             NEWTON\n  MOOSE Preconditioner:    SMP (auto)",
          "url": "https://github.com/idaholab/moose/discussions/25555",
          "updatedAt": "2024-11-21T16:35:23Z",
          "publishedAt": "2023-09-22T14:54:02Z",
          "category": {
            "name": "Q&A Modules: Thermal Hydraulics"
          },
          "comments": {
            "edges": [
              {
                "node": {
                  "author": {
                    "login": "GiudGiud"
                  },
                  "bodyText": "Hello\n@joshuahansel will have more insights but I think the prime way to accelerate these things is to move from having one object per flow channel and junction to a single vectorized object adding all these components. This will take a little bit of reworking the code, and we typically only do that if we have a need for a faster simulation.\nThere might also be trivial slow downs of the code. If you profile the code we may just be able to fix them. Please see this page for profiling techniques:\nhttps://mooseframework.inl.gov/application_development/profiling.html\nGuillaume",
                  "url": "https://github.com/idaholab/moose/discussions/25555#discussioncomment-7085720",
                  "updatedAt": "2023-09-22T20:55:34Z",
                  "publishedAt": "2023-09-22T20:55:33Z",
                  "isAnswer": false,
                  "replies": {
                    "edges": [
                      {
                        "node": {
                          "author": {
                            "login": "jvwilliams23"
                          },
                          "bodyText": "Hi\nI tried PerfGraph to profile, it just said the whole time is on EquationSystems::Init. I found this pretty much just calls libMesh. I then profiled using gperftools. Showing the top 12 most time consuming actions below:\n\nJosh",
                          "url": "https://github.com/idaholab/moose/discussions/25555#discussioncomment-7102521",
                          "updatedAt": "2023-09-25T14:27:04Z",
                          "publishedAt": "2023-09-25T14:27:04Z",
                          "isAnswer": false
                        }
                      },
                      {
                        "node": {
                          "author": {
                            "login": "GiudGiud"
                          },
                          "bodyText": "@lindsayad knows this code better than I do.\nIs there a way to bypass the API and provide the sparsity pattern?",
                          "url": "https://github.com/idaholab/moose/discussions/25555#discussioncomment-7102561",
                          "updatedAt": "2023-09-25T14:31:11Z",
                          "publishedAt": "2023-09-25T14:31:10Z",
                          "isAnswer": false
                        }
                      },
                      {
                        "node": {
                          "author": {
                            "login": "lindsayad"
                          },
                          "bodyText": "It would be helpful to see the call graph as well which you can create with svg > foo.svg or png > foo.png. We spent quite a bit of time trying to improve this for finite volume simulations in libMesh/libmesh#3422. However, the scalar variables here are another wrinkle as they are not conceptually covered by our GhostingFunctor::map_type whose keys are elements. Off the top of my head I do not know at what point we handle the sparsity from scalar variables but @roystgnr probably would. It would be nice to see an annotation of lines in handle_vi_vj to know what lines are the expensive ones in there. I'm guessing it's just sort_row at the end of the method that is taking all the time",
                          "url": "https://github.com/idaholab/moose/discussions/25555#discussioncomment-7104281",
                          "updatedAt": "2023-09-25T17:03:13Z",
                          "publishedAt": "2023-09-25T17:03:13Z",
                          "isAnswer": false
                        }
                      },
                      {
                        "node": {
                          "author": {
                            "login": "jvwilliams23"
                          },
                          "bodyText": "Hi, here is the png (had issues with svg in github).",
                          "url": "https://github.com/idaholab/moose/discussions/25555#discussioncomment-7114116",
                          "updatedAt": "2023-09-26T15:14:00Z",
                          "publishedAt": "2023-09-26T15:12:03Z",
                          "isAnswer": false
                        }
                      },
                      {
                        "node": {
                          "author": {
                            "login": "lindsayad"
                          },
                          "bodyText": "Can you run\nlist handle_vi_vj",
                          "url": "https://github.com/idaholab/moose/discussions/25555#discussioncomment-7114549",
                          "updatedAt": "2023-09-26T15:55:55Z",
                          "publishedAt": "2023-09-26T15:55:54Z",
                          "isAnswer": false
                        }
                      },
                      {
                        "node": {
                          "author": {
                            "login": "roystgnr"
                          },
                          "bodyText": "A SCALAR variable, for data at a pipe junction?  Is that really how we do it?  A SCALAR variable is one whose value is meaningful on every element in your mesh (or at least every element in the subdomain on which it's defined).  Five variables for each of a hundred junctions means, for instance, that an EDGE2 connected to one junction wouldn't have an 11x11 element matrix (3 Lagrange variables on each of 2 nodes, plus 5 for the neighboring junction), it would have a 506x506 element matrix.\nIf that's really what we want to do, there's probably still room to optimize it (we could handle the 6x6 and 500x6 and 6x500 blocks separately on each element, then only work on the 500x500 block once at the end?), but I'm skeptical that this is really what we want to do.  I'd have thought we'd want a NodeElem for each junction's variables, to get the sparsity pattern right.",
                          "url": "https://github.com/idaholab/moose/discussions/25555#discussioncomment-7115180",
                          "updatedAt": "2023-09-26T17:04:44Z",
                          "publishedAt": "2023-09-26T17:04:43Z",
                          "isAnswer": false
                        }
                      },
                      {
                        "node": {
                          "author": {
                            "login": "jvwilliams23"
                          },
                          "bodyText": "@lindsayad  I get:\n(pprof) list handle_vi_vj\nTotal: 111.61s\nNo source information for libMesh::SparsityPattern::Build::handle_vi_vj\n\nsorry not much help",
                          "url": "https://github.com/idaholab/moose/discussions/25555#discussioncomment-7115329",
                          "updatedAt": "2023-09-26T17:31:15Z",
                          "publishedAt": "2023-09-26T17:23:42Z",
                          "isAnswer": false
                        }
                      },
                      {
                        "node": {
                          "author": {
                            "login": "jvwilliams23"
                          },
                          "bodyText": "@roystgnr Yeah I do not understand why a SCALAR variable is needed for each junction.\nI am working on MOOSE for a nuclear-related project, but my background is biological flows. I would like to do 1D modelling of flow in biomedical geometries in a future project, but the number of junctions will be over 10,000 easily (maybe approaching 100,000). So with the current VolumeJunction this will not be possible.",
                          "url": "https://github.com/idaholab/moose/discussions/25555#discussioncomment-7115380",
                          "updatedAt": "2023-09-26T17:30:05Z",
                          "publishedAt": "2023-09-26T17:30:04Z",
                          "isAnswer": false
                        }
                      },
                      {
                        "node": {
                          "author": {
                            "login": "lindsayad"
                          },
                          "bodyText": "That's ok. You've already gone above and beyond with doing any profiling! It's much appreciated. It might be helpful to have your input file so we can do our own profiling, but I think we can also make significant progress by changing the variable type for the junction. @joshuahansel do you want me to create an issue for this, or do you want to?",
                          "url": "https://github.com/idaholab/moose/discussions/25555#discussioncomment-7115389",
                          "updatedAt": "2023-09-26T17:31:04Z",
                          "publishedAt": "2023-09-26T17:31:03Z",
                          "isAnswer": false
                        }
                      },
                      {
                        "node": {
                          "author": {
                            "login": "joshuahansel"
                          },
                          "bodyText": "do you want me to create an issue for this, or do you want to?\n\nI'd like you to have that honor.",
                          "url": "https://github.com/idaholab/moose/discussions/25555#discussioncomment-7116910",
                          "updatedAt": "2023-09-26T20:51:02Z",
                          "publishedAt": "2023-09-26T20:51:01Z",
                          "isAnswer": false
                        }
                      }
                    ]
                  }
                }
              },
              {
                "node": {
                  "author": {
                    "login": "joshuahansel"
                  },
                  "bodyText": "@licharlot You have some experience with large numbers of components. We've already applied that dependency resolution fix, right?",
                  "url": "https://github.com/idaholab/moose/discussions/25555#discussioncomment-7101583",
                  "updatedAt": "2023-09-25T13:04:13Z",
                  "publishedAt": "2023-09-25T13:04:12Z",
                  "isAnswer": false,
                  "replies": {
                    "edges": [
                      {
                        "node": {
                          "author": {
                            "login": "licharlot"
                          },
                          "bodyText": "Yes, the dependency resolution fix is in (otherwise, that problem would take several days or weeks to initialize). I did use large numbers of channels, but never with a very large number of volume junctions. The increased number of variables is probably slowing things down.",
                          "url": "https://github.com/idaholab/moose/discussions/25555#discussioncomment-7102236",
                          "updatedAt": "2023-09-25T14:04:22Z",
                          "publishedAt": "2023-09-25T14:04:21Z",
                          "isAnswer": false
                        }
                      },
                      {
                        "node": {
                          "author": {
                            "login": "jvwilliams23"
                          },
                          "bodyText": "Hi @licharlot. Yes definitely the number of variables. What did you use to connect the channels if not VolumeJunctions? I need to impose some source term at the connections for form loss. The ElbowPipe1Phase is not really suitable on geometries with complex bends.",
                          "url": "https://github.com/idaholab/moose/discussions/25555#discussioncomment-7102466",
                          "updatedAt": "2023-09-25T14:22:38Z",
                          "publishedAt": "2023-09-25T14:22:37Z",
                          "isAnswer": false
                        }
                      },
                      {
                        "node": {
                          "author": {
                            "login": "licharlot"
                          },
                          "bodyText": "I was modeling a full reactor core, so I had a large number of parallel channels connected together at each end using a volume junction. So large number of channels, but only 2 huge volume junctions. Could you use the FormLossFromFunction1Phase component to apply the form losses? Another possible way would be to use a fancy friction factor.",
                          "url": "https://github.com/idaholab/moose/discussions/25555#discussioncomment-7102844",
                          "updatedAt": "2023-09-25T14:55:03Z",
                          "publishedAt": "2023-09-25T14:55:02Z",
                          "isAnswer": false
                        }
                      },
                      {
                        "node": {
                          "author": {
                            "login": "jvwilliams23"
                          },
                          "bodyText": "Thanks! For one-to-one junctions I will just use a higher friction factor on the adjacent pipes as a form loss for now (will move to FormLossFromFunction1Phase later).\nSo the number of junctions is now approximately 68, and initialisation takes 100 seconds.\nWhen I increase the number of elements per flowchannel from 3 to 20, it takes around 600 seconds.",
                          "url": "https://github.com/idaholab/moose/discussions/25555#discussioncomment-7103276",
                          "updatedAt": "2023-09-25T15:29:58Z",
                          "publishedAt": "2023-09-25T15:29:57Z",
                          "isAnswer": false
                        }
                      },
                      {
                        "node": {
                          "author": {
                            "login": "joshuahansel"
                          },
                          "bodyText": "And to be clear, JunctionParallelChannels1Phase has a form loss option, so that can be used for any case where the connected channels are parallel.",
                          "url": "https://github.com/idaholab/moose/discussions/25555#discussioncomment-7103767",
                          "updatedAt": "2023-09-25T16:10:05Z",
                          "publishedAt": "2023-09-25T16:10:05Z",
                          "isAnswer": false
                        }
                      },
                      {
                        "node": {
                          "author": {
                            "login": "NorthMagic"
                          },
                          "bodyText": "I have a similar problem with THM initialization out of time especailly with multi-cpu cores/threads parallel computing. I tried to simulate a full core with hundreds of parallel 1D flow channels and without junctions, it takes more than 300 s to finish the initialization. Moreover, I found that the initialization time increased greatly with the number of used cpu cores and threads, which was unacceptable for doing simulations.\nFrom my understanding to the mentioned answers above, a long-time initialization was cuased by too many variables which did not exist in my simulation.  More impotantly, the initialization time increased with used cpu cores. Could you please give me some suggestions?",
                          "url": "https://github.com/idaholab/moose/discussions/25555#discussioncomment-9801139",
                          "updatedAt": "2024-06-18T03:39:03Z",
                          "publishedAt": "2024-06-18T03:34:27Z",
                          "isAnswer": false
                        }
                      },
                      {
                        "node": {
                          "author": {
                            "login": "joshuahansel"
                          },
                          "bodyText": "Ok so you're saying your simulation does not have junctions, so you shouldn't have the same issue. Can you also profile your simulation? https://mooseframework.inl.gov/application_development/profiling.html",
                          "url": "https://github.com/idaholab/moose/discussions/25555#discussioncomment-9805740",
                          "updatedAt": "2024-06-18T12:19:30Z",
                          "publishedAt": "2024-06-18T12:19:29Z",
                          "isAnswer": false
                        }
                      },
                      {
                        "node": {
                          "author": {
                            "login": "NorthMagic"
                          },
                          "bodyText": "Sorry, I have never used this profiling tool. I need more time to install and profile my simulation. I put some new testing outputs in Discussion #27941 and the input file for running THM was posted.",
                          "url": "https://github.com/idaholab/moose/discussions/25555#discussioncomment-9813531",
                          "updatedAt": "2024-06-19T05:58:50Z",
                          "publishedAt": "2024-06-19T05:58:50Z",
                          "isAnswer": false
                        }
                      }
                    ]
                  }
                }
              }
            ]
          }
        }
      }
    ]
  }
}